2024-10-30 17:38:50,690 - INFO - Connection established with server.
2024-10-30 17:38:50,912 - INFO - Received and acknowledged packet with seq_num 0
2024-10-30 17:38:51,133 - INFO - Received and acknowledged packet with seq_num 1400
2024-10-30 17:38:51,134 - INFO - Received and acknowledged packet with seq_num 2800
2024-10-30 17:38:51,355 - INFO - Received and acknowledged packet with seq_num 4200
2024-10-30 17:38:51,355 - INFO - Received and acknowledged packet with seq_num 5600
2024-10-30 17:38:51,356 - INFO - Received and acknowledged packet with seq_num 7000
2024-10-30 17:38:51,356 - INFO - Received and acknowledged packet with seq_num 8400
2024-10-30 17:38:51,576 - INFO - Received and acknowledged packet with seq_num 9800
2024-10-30 17:38:51,577 - INFO - Received and acknowledged packet with seq_num 11200
2024-10-30 17:38:51,577 - INFO - Received and acknowledged packet with seq_num 12600
2024-10-30 17:38:51,577 - INFO - Received and acknowledged packet with seq_num 14000
2024-10-30 17:38:51,578 - INFO - Received and acknowledged packet with seq_num 15400
2024-10-30 17:38:51,578 - INFO - Received and acknowledged packet with seq_num 16800
2024-10-30 17:38:51,579 - INFO - Received and acknowledged packet with seq_num 18200
2024-10-30 17:38:51,579 - INFO - Received and acknowledged packet with seq_num 19600
2024-10-30 17:38:51,798 - INFO - Received and acknowledged packet with seq_num 21000
2024-10-30 17:38:51,798 - INFO - Received and acknowledged packet with seq_num 22400
2024-10-30 17:38:51,799 - INFO - Received and acknowledged packet with seq_num 23800
2024-10-30 17:38:51,799 - INFO - Received and acknowledged packet with seq_num 25200
2024-10-30 17:38:51,800 - INFO - Received and acknowledged packet with seq_num 26600
2024-10-30 17:38:51,801 - INFO - Received and acknowledged packet with seq_num 28000
2024-10-30 17:38:51,802 - INFO - Received and acknowledged packet with seq_num 29400
2024-10-30 17:38:51,802 - INFO - Received and acknowledged packet with seq_num 30800
2024-10-30 17:38:51,803 - INFO - Received and acknowledged packet with seq_num 32200
2024-10-30 17:38:51,804 - INFO - Received and acknowledged packet with seq_num 33600
2024-10-30 17:38:51,805 - INFO - Received and acknowledged packet with seq_num 35000
2024-10-30 17:38:51,805 - INFO - Received and acknowledged packet with seq_num 36400
2024-10-30 17:38:51,806 - INFO - Received and acknowledged packet with seq_num 37800
2024-10-30 17:38:51,806 - INFO - Received and acknowledged packet with seq_num 39200
2024-10-30 17:38:51,807 - INFO - Received and acknowledged packet with seq_num 40600
2024-10-30 17:38:51,807 - INFO - Received and acknowledged packet with seq_num 42000
2024-10-30 17:38:52,019 - INFO - Received and acknowledged packet with seq_num 43400
2024-10-30 17:38:52,020 - INFO - Received and acknowledged packet with seq_num 44800
2024-10-30 17:38:52,020 - INFO - Received and acknowledged packet with seq_num 46200
2024-10-30 17:38:52,021 - INFO - Received and acknowledged packet with seq_num 47600
2024-10-30 17:38:52,021 - INFO - Received and acknowledged packet with seq_num 49000
2024-10-30 17:38:52,022 - INFO - Received and acknowledged packet with seq_num 50400
2024-10-30 17:38:52,022 - INFO - Received and acknowledged packet with seq_num 51800
2024-10-30 17:38:52,023 - INFO - Received and acknowledged packet with seq_num 53200
2024-10-30 17:38:52,024 - INFO - Received and acknowledged packet with seq_num 54600
2024-10-30 17:38:52,025 - INFO - Received and acknowledged packet with seq_num 56000
2024-10-30 17:38:52,026 - INFO - Received and acknowledged packet with seq_num 57400
2024-10-30 17:38:52,026 - INFO - Received and acknowledged packet with seq_num 58800
2024-10-30 17:38:52,027 - INFO - Received and acknowledged packet with seq_num 60200
2024-10-30 17:38:52,027 - INFO - Received and acknowledged packet with seq_num 61600
2024-10-30 17:38:52,028 - INFO - Received and acknowledged packet with seq_num 63000
2024-10-30 17:38:52,028 - INFO - Received and acknowledged packet with seq_num 64400
2024-10-30 17:38:52,029 - INFO - Received and acknowledged packet with seq_num 65800
2024-10-30 17:38:52,030 - INFO - Received and acknowledged packet with seq_num 67200
2024-10-30 17:38:52,030 - INFO - Received and acknowledged packet with seq_num 68600
2024-10-30 17:38:52,030 - INFO - Received and acknowledged packet with seq_num 70000
2024-10-30 17:38:52,031 - INFO - Received and acknowledged packet with seq_num 71400
2024-10-30 17:38:52,032 - INFO - Received and acknowledged packet with seq_num 72800
2024-10-30 17:38:52,032 - INFO - Received and acknowledged packet with seq_num 74200
2024-10-30 17:38:52,033 - INFO - Received and acknowledged packet with seq_num 75600
2024-10-30 17:38:52,034 - INFO - Received and acknowledged packet with seq_num 77000
2024-10-30 17:38:52,034 - INFO - Received and acknowledged packet with seq_num 78400
2024-10-30 17:38:52,035 - INFO - Received and acknowledged packet with seq_num 79800
2024-10-30 17:38:52,035 - INFO - Received and acknowledged packet with seq_num 81200
2024-10-30 17:38:52,036 - INFO - Received and acknowledged packet with seq_num 82600
2024-10-30 17:38:52,036 - INFO - Received and acknowledged packet with seq_num 84000
2024-10-30 17:38:52,037 - INFO - Received and acknowledged packet with seq_num 85400
2024-10-30 17:38:52,037 - INFO - Received and acknowledged packet with seq_num 86800
2024-10-30 17:38:52,241 - INFO - Received and acknowledged packet with seq_num 88200
2024-10-30 17:38:52,241 - INFO - Received and acknowledged packet with seq_num 89600
2024-10-30 17:38:52,242 - INFO - Received and acknowledged packet with seq_num 91000
2024-10-30 17:38:52,242 - INFO - Received and acknowledged packet with seq_num 92400
2024-10-30 17:38:52,243 - INFO - Received and acknowledged packet with seq_num 93800
2024-10-30 17:38:52,243 - INFO - Received and acknowledged packet with seq_num 95200
2024-10-30 17:38:52,244 - INFO - Received and acknowledged packet with seq_num 96600
2024-10-30 17:38:52,244 - INFO - Received and acknowledged packet with seq_num 98000
2024-10-30 17:38:52,245 - INFO - Received and acknowledged packet with seq_num 99400
2024-10-30 17:38:52,245 - INFO - Received and acknowledged packet with seq_num 100800
2024-10-30 17:38:52,246 - INFO - Received and acknowledged packet with seq_num 102200
2024-10-30 17:38:52,246 - INFO - Received and acknowledged packet with seq_num 103600
2024-10-30 17:38:52,247 - INFO - Received and acknowledged packet with seq_num 105000
2024-10-30 17:38:52,247 - INFO - Received and acknowledged packet with seq_num 106400
2024-10-30 17:38:52,248 - INFO - Received and acknowledged packet with seq_num 107800
2024-10-30 17:38:52,249 - INFO - Received and acknowledged packet with seq_num 109200
2024-10-30 17:38:52,249 - INFO - Received and acknowledged packet with seq_num 110600
2024-10-30 17:38:52,250 - INFO - Received and acknowledged packet with seq_num 112000
2024-10-30 17:38:52,250 - INFO - Received and acknowledged packet with seq_num 113400
2024-10-30 17:38:52,251 - INFO - Received and acknowledged packet with seq_num 114800
2024-10-30 17:38:52,251 - INFO - Received and acknowledged packet with seq_num 116200
2024-10-30 17:38:52,252 - INFO - Received and acknowledged packet with seq_num 117600
2024-10-30 17:38:52,253 - INFO - Received and acknowledged packet with seq_num 119000
2024-10-30 17:38:52,254 - INFO - Received and acknowledged packet with seq_num 120400
2024-10-30 17:38:52,254 - INFO - Received and acknowledged packet with seq_num 121800
2024-10-30 17:38:52,254 - INFO - Received and acknowledged packet with seq_num 123200
2024-10-30 17:38:52,255 - INFO - Received and acknowledged packet with seq_num 124600
2024-10-30 17:38:52,255 - INFO - Received and acknowledged packet with seq_num 126000
2024-10-30 17:38:52,256 - INFO - Received and acknowledged packet with seq_num 127400
2024-10-30 17:38:52,257 - INFO - Received and acknowledged packet with seq_num 128800
2024-10-30 17:38:52,257 - INFO - Received and acknowledged packet with seq_num 130200
2024-10-30 17:38:52,258 - INFO - Received and acknowledged packet with seq_num 131600
2024-10-30 17:38:52,258 - INFO - Received and acknowledged packet with seq_num 133000
2024-10-30 17:38:52,259 - INFO - Received and acknowledged packet with seq_num 134400
2024-10-30 17:38:52,259 - INFO - Received and acknowledged packet with seq_num 135800
2024-10-30 17:38:52,260 - INFO - Received and acknowledged packet with seq_num 137200
2024-10-30 17:38:52,260 - INFO - Received and acknowledged packet with seq_num 138600
2024-10-30 17:38:52,261 - INFO - Received and acknowledged packet with seq_num 140000
2024-10-30 17:38:52,261 - INFO - Received and acknowledged packet with seq_num 141400
2024-10-30 17:38:52,262 - INFO - Received and acknowledged packet with seq_num 142800
2024-10-30 17:38:52,262 - INFO - Received and acknowledged packet with seq_num 144200
2024-10-30 17:38:52,263 - INFO - Received and acknowledged packet with seq_num 145600
2024-10-30 17:38:52,263 - INFO - Received and acknowledged packet with seq_num 147000
2024-10-30 17:38:52,264 - INFO - Received and acknowledged packet with seq_num 148400
2024-10-30 17:38:52,264 - INFO - Received and acknowledged packet with seq_num 149800
2024-10-30 17:38:52,265 - INFO - Received and acknowledged packet with seq_num 151200
2024-10-30 17:38:52,265 - INFO - Received and acknowledged packet with seq_num 152600
2024-10-30 17:38:52,266 - INFO - Received and acknowledged packet with seq_num 154000
2024-10-30 17:38:52,266 - INFO - Received and acknowledged packet with seq_num 155400
2024-10-30 17:38:52,267 - INFO - Received and acknowledged packet with seq_num 156800
2024-10-30 17:38:52,267 - INFO - Received and acknowledged packet with seq_num 158200
2024-10-30 17:38:52,268 - INFO - Received and acknowledged packet with seq_num 159600
2024-10-30 17:38:52,268 - INFO - Received and acknowledged packet with seq_num 161000
2024-10-30 17:38:52,269 - INFO - Received and acknowledged packet with seq_num 162400
2024-10-30 17:38:52,269 - INFO - Received and acknowledged packet with seq_num 163800
2024-10-30 17:38:52,269 - INFO - Received and acknowledged packet with seq_num 165200
2024-10-30 17:38:52,270 - INFO - Received and acknowledged packet with seq_num 166600
2024-10-30 17:38:52,270 - INFO - Received and acknowledged packet with seq_num 168000
2024-10-30 17:38:52,271 - INFO - Received and acknowledged packet with seq_num 169400
2024-10-30 17:38:52,271 - INFO - Received and acknowledged packet with seq_num 170800
2024-10-30 17:38:52,272 - INFO - Received and acknowledged packet with seq_num 172200
2024-10-30 17:38:52,273 - INFO - Received and acknowledged packet with seq_num 173600
2024-10-30 17:38:52,273 - INFO - Received and acknowledged packet with seq_num 175000
2024-10-30 17:38:52,273 - INFO - Received and acknowledged packet with seq_num 176400
2024-10-30 17:38:52,462 - INFO - Received and acknowledged packet with seq_num 177800
2024-10-30 17:38:52,462 - INFO - Received and acknowledged packet with seq_num 179200
2024-10-30 17:38:52,463 - INFO - Received and acknowledged packet with seq_num 180600
2024-10-30 17:38:52,464 - INFO - Received and acknowledged packet with seq_num 182000
2024-10-30 17:38:52,685 - INFO - Received FIN from server.
2024-10-30 17:38:52,685 - INFO - Sent FIN to server.
2024-10-30 17:38:52,906 - INFO - Received ACK from server. Connection closed.
2024-10-30 17:38:52,907 - INFO - File '2received_file.txt' received successfully.
