2024-10-30 17:38:50,305 - INFO - Connection established with server.
2024-10-30 17:38:50,340 - INFO - Received and acknowledged packet with seq_num 0
2024-10-30 17:38:50,371 - INFO - Received and acknowledged packet with seq_num 1400
2024-10-30 17:38:50,372 - INFO - Received and acknowledged packet with seq_num 2800
2024-10-30 17:38:50,403 - INFO - Received and acknowledged packet with seq_num 4200
2024-10-30 17:38:50,403 - INFO - Received and acknowledged packet with seq_num 5600
2024-10-30 17:38:50,404 - INFO - Received and acknowledged packet with seq_num 7000
2024-10-30 17:38:50,404 - INFO - Received and acknowledged packet with seq_num 8400
2024-10-30 17:38:50,434 - INFO - Received and acknowledged packet with seq_num 9800
2024-10-30 17:38:50,434 - INFO - Received and acknowledged packet with seq_num 11200
2024-10-30 17:38:50,435 - INFO - Received and acknowledged packet with seq_num 12600
2024-10-30 17:38:50,435 - INFO - Received and acknowledged packet with seq_num 14000
2024-10-30 17:38:50,435 - INFO - Received and acknowledged packet with seq_num 15400
2024-10-30 17:38:50,436 - INFO - Received and acknowledged packet with seq_num 16800
2024-10-30 17:38:50,436 - INFO - Received and acknowledged packet with seq_num 18200
2024-10-30 17:38:50,436 - INFO - Received and acknowledged packet with seq_num 19600
2024-10-30 17:38:50,465 - INFO - Received and acknowledged packet with seq_num 21000
2024-10-30 17:38:50,466 - INFO - Received and acknowledged packet with seq_num 22400
2024-10-30 17:38:50,466 - INFO - Received and acknowledged packet with seq_num 23800
2024-10-30 17:38:50,467 - INFO - Received and acknowledged packet with seq_num 25200
2024-10-30 17:38:50,468 - INFO - Received and acknowledged packet with seq_num 26600
2024-10-30 17:38:50,469 - INFO - Received and acknowledged packet with seq_num 28000
2024-10-30 17:38:50,469 - INFO - Received and acknowledged packet with seq_num 29400
2024-10-30 17:38:50,469 - INFO - Received and acknowledged packet with seq_num 30800
2024-10-30 17:38:50,470 - INFO - Received and acknowledged packet with seq_num 32200
2024-10-30 17:38:50,471 - INFO - Received and acknowledged packet with seq_num 33600
2024-10-30 17:38:50,472 - INFO - Received and acknowledged packet with seq_num 35000
2024-10-30 17:38:50,473 - INFO - Received and acknowledged packet with seq_num 36400
2024-10-30 17:38:50,474 - INFO - Received and acknowledged packet with seq_num 37800
2024-10-30 17:38:50,474 - INFO - Received and acknowledged packet with seq_num 39200
2024-10-30 17:38:50,475 - INFO - Received and acknowledged packet with seq_num 40600
2024-10-30 17:38:50,475 - INFO - Received and acknowledged packet with seq_num 42000
2024-10-30 17:38:50,497 - INFO - Received and acknowledged packet with seq_num 43400
2024-10-30 17:38:50,497 - INFO - Received and acknowledged packet with seq_num 44800
2024-10-30 17:38:50,498 - INFO - Received and acknowledged packet with seq_num 46200
2024-10-30 17:38:50,498 - INFO - Received and acknowledged packet with seq_num 47600
2024-10-30 17:38:50,499 - INFO - Received and acknowledged packet with seq_num 49000
2024-10-30 17:38:50,499 - INFO - Received and acknowledged packet with seq_num 50400
2024-10-30 17:38:50,499 - INFO - Received and acknowledged packet with seq_num 51800
2024-10-30 17:38:50,500 - INFO - Received and acknowledged packet with seq_num 53200
2024-10-30 17:38:50,500 - INFO - Received and acknowledged packet with seq_num 54600
2024-10-30 17:38:50,502 - INFO - Received and acknowledged packet with seq_num 56000
2024-10-30 17:38:50,502 - INFO - Received and acknowledged packet with seq_num 57400
2024-10-30 17:38:50,502 - INFO - Received and acknowledged packet with seq_num 58800
2024-10-30 17:38:50,503 - INFO - Received and acknowledged packet with seq_num 60200
2024-10-30 17:38:50,503 - INFO - Received and acknowledged packet with seq_num 61600
2024-10-30 17:38:50,504 - INFO - Received and acknowledged packet with seq_num 63000
2024-10-30 17:38:50,505 - INFO - Received and acknowledged packet with seq_num 64400
2024-10-30 17:38:50,506 - INFO - Received and acknowledged packet with seq_num 65800
2024-10-30 17:38:50,507 - INFO - Received and acknowledged packet with seq_num 67200
2024-10-30 17:38:50,508 - INFO - Received and acknowledged packet with seq_num 68600
2024-10-30 17:38:50,508 - INFO - Received and acknowledged packet with seq_num 70000
2024-10-30 17:38:50,509 - INFO - Received and acknowledged packet with seq_num 71400
2024-10-30 17:38:50,509 - INFO - Received and acknowledged packet with seq_num 72800
2024-10-30 17:38:50,510 - INFO - Received and acknowledged packet with seq_num 74200
2024-10-30 17:38:50,510 - INFO - Received and acknowledged packet with seq_num 75600
2024-10-30 17:38:50,511 - INFO - Received and acknowledged packet with seq_num 77000
2024-10-30 17:38:50,511 - INFO - Received and acknowledged packet with seq_num 78400
2024-10-30 17:38:50,513 - INFO - Received and acknowledged packet with seq_num 79800
2024-10-30 17:38:50,514 - INFO - Received and acknowledged packet with seq_num 81200
2024-10-30 17:38:50,520 - INFO - Received and acknowledged packet with seq_num 82600
2024-10-30 17:38:50,521 - INFO - Received and acknowledged packet with seq_num 84000
2024-10-30 17:38:50,521 - INFO - Received and acknowledged packet with seq_num 85400
2024-10-30 17:38:50,521 - INFO - Received and acknowledged packet with seq_num 86800
2024-10-30 17:38:50,529 - INFO - Received and acknowledged packet with seq_num 88200
2024-10-30 17:38:50,529 - INFO - Received and acknowledged packet with seq_num 89600
2024-10-30 17:38:50,532 - INFO - Received and acknowledged packet with seq_num 91000
2024-10-30 17:38:50,533 - INFO - Received and acknowledged packet with seq_num 92400
2024-10-30 17:38:50,533 - INFO - Received and acknowledged packet with seq_num 93800
2024-10-30 17:38:50,534 - INFO - Received and acknowledged packet with seq_num 95200
2024-10-30 17:38:50,534 - INFO - Received and acknowledged packet with seq_num 96600
2024-10-30 17:38:50,535 - INFO - Received and acknowledged packet with seq_num 98000
2024-10-30 17:38:50,536 - INFO - Received and acknowledged packet with seq_num 99400
2024-10-30 17:38:50,536 - INFO - Received and acknowledged packet with seq_num 100800
2024-10-30 17:38:50,537 - INFO - Received and acknowledged packet with seq_num 102200
2024-10-30 17:38:50,537 - INFO - Received and acknowledged packet with seq_num 103600
2024-10-30 17:38:50,538 - INFO - Received and acknowledged packet with seq_num 105000
2024-10-30 17:38:50,538 - INFO - Received and acknowledged packet with seq_num 106400
2024-10-30 17:38:50,538 - INFO - Received and acknowledged packet with seq_num 107800
2024-10-30 17:38:50,539 - INFO - Received and acknowledged packet with seq_num 109200
2024-10-30 17:38:50,539 - INFO - Received and acknowledged packet with seq_num 110600
2024-10-30 17:38:50,539 - INFO - Received and acknowledged packet with seq_num 112000
2024-10-30 17:38:50,540 - INFO - Received and acknowledged packet with seq_num 113400
2024-10-30 17:38:50,540 - INFO - Received and acknowledged packet with seq_num 114800
2024-10-30 17:38:50,541 - INFO - Received and acknowledged packet with seq_num 116200
2024-10-30 17:38:50,541 - INFO - Received and acknowledged packet with seq_num 117600
2024-10-30 17:38:50,542 - INFO - Received and acknowledged packet with seq_num 119000
2024-10-30 17:38:50,542 - INFO - Received and acknowledged packet with seq_num 120400
2024-10-30 17:38:50,543 - INFO - Received and acknowledged packet with seq_num 121800
2024-10-30 17:38:50,543 - INFO - Received and acknowledged packet with seq_num 123200
2024-10-30 17:38:50,544 - INFO - Received and acknowledged packet with seq_num 124600
2024-10-30 17:38:50,544 - INFO - Received and acknowledged packet with seq_num 126000
2024-10-30 17:38:50,545 - INFO - Received and acknowledged packet with seq_num 127400
2024-10-30 17:38:50,545 - INFO - Received and acknowledged packet with seq_num 128800
2024-10-30 17:38:50,545 - INFO - Received and acknowledged packet with seq_num 130200
2024-10-30 17:38:50,546 - INFO - Received and acknowledged packet with seq_num 131600
2024-10-30 17:38:50,546 - INFO - Received and acknowledged packet with seq_num 133000
2024-10-30 17:38:50,547 - INFO - Received and acknowledged packet with seq_num 134400
2024-10-30 17:38:50,547 - INFO - Received and acknowledged packet with seq_num 135800
2024-10-30 17:38:50,547 - INFO - Received and acknowledged packet with seq_num 137200
2024-10-30 17:38:50,548 - INFO - Received and acknowledged packet with seq_num 138600
2024-10-30 17:38:50,548 - INFO - Received and acknowledged packet with seq_num 140000
2024-10-30 17:38:50,548 - INFO - Received and acknowledged packet with seq_num 141400
2024-10-30 17:38:50,549 - INFO - Received and acknowledged packet with seq_num 142800
2024-10-30 17:38:50,549 - INFO - Received and acknowledged packet with seq_num 144200
2024-10-30 17:38:50,549 - INFO - Received and acknowledged packet with seq_num 145600
2024-10-30 17:38:50,550 - INFO - Received and acknowledged packet with seq_num 147000
2024-10-30 17:38:50,550 - INFO - Received and acknowledged packet with seq_num 148400
2024-10-30 17:38:50,551 - INFO - Received and acknowledged packet with seq_num 149800
2024-10-30 17:38:50,552 - INFO - Received and acknowledged packet with seq_num 151200
2024-10-30 17:38:50,552 - INFO - Received and acknowledged packet with seq_num 152600
2024-10-30 17:38:50,552 - INFO - Received and acknowledged packet with seq_num 154000
2024-10-30 17:38:50,553 - INFO - Received and acknowledged packet with seq_num 155400
2024-10-30 17:38:50,553 - INFO - Received and acknowledged packet with seq_num 156800
2024-10-30 17:38:50,553 - INFO - Received and acknowledged packet with seq_num 158200
2024-10-30 17:38:50,553 - INFO - Received and acknowledged packet with seq_num 159600
2024-10-30 17:38:50,554 - INFO - Received and acknowledged packet with seq_num 161000
2024-10-30 17:38:50,554 - INFO - Received and acknowledged packet with seq_num 162400
2024-10-30 17:38:50,554 - INFO - Received and acknowledged packet with seq_num 163800
2024-10-30 17:38:50,555 - INFO - Received and acknowledged packet with seq_num 165200
2024-10-30 17:38:50,555 - INFO - Received and acknowledged packet with seq_num 166600
2024-10-30 17:38:50,555 - INFO - Received and acknowledged packet with seq_num 168000
2024-10-30 17:38:50,555 - INFO - Received and acknowledged packet with seq_num 169400
2024-10-30 17:38:50,555 - INFO - Received and acknowledged packet with seq_num 170800
2024-10-30 17:38:50,556 - INFO - Received and acknowledged packet with seq_num 172200
2024-10-30 17:38:50,556 - INFO - Received and acknowledged packet with seq_num 173600
2024-10-30 17:38:50,556 - INFO - Received and acknowledged packet with seq_num 175000
2024-10-30 17:38:50,556 - INFO - Received and acknowledged packet with seq_num 176400
2024-10-30 17:38:50,560 - INFO - Received and acknowledged packet with seq_num 177800
2024-10-30 17:38:50,561 - INFO - Received and acknowledged packet with seq_num 179200
2024-10-30 17:38:50,561 - INFO - Received and acknowledged packet with seq_num 180600
2024-10-30 17:38:50,563 - INFO - Received and acknowledged packet with seq_num 182000
2024-10-30 17:38:50,594 - INFO - Received FIN from server.
2024-10-30 17:38:50,594 - INFO - Sent FIN to server.
2024-10-30 17:38:50,626 - INFO - Received ACK from server. Connection closed.
2024-10-30 17:38:50,626 - INFO - File '1received_file.txt' received successfully.
