2024-10-30 16:42:58,004 - INFO - Connection established with server.
2024-10-30 16:42:58,046 - INFO - Received and acknowledged packet with seq_num 0
2024-10-30 16:42:58,088 - INFO - Received and acknowledged packet with seq_num 1400
2024-10-30 16:42:58,088 - INFO - Received and acknowledged packet with seq_num 2800
2024-10-30 16:42:58,129 - INFO - Received and acknowledged packet with seq_num 4200
2024-10-30 16:42:58,130 - INFO - Received and acknowledged packet with seq_num 5600
2024-10-30 16:42:58,131 - INFO - Received and acknowledged packet with seq_num 7000
2024-10-30 16:42:58,131 - INFO - Received and acknowledged packet with seq_num 8400
2024-10-30 16:42:58,171 - INFO - Received and acknowledged packet with seq_num 9800
2024-10-30 16:42:58,171 - INFO - Received and acknowledged packet with seq_num 11200
2024-10-30 16:42:58,173 - INFO - Received and acknowledged packet with seq_num 12600
2024-10-30 16:42:58,174 - INFO - Received and acknowledged packet with seq_num 14000
2024-10-30 16:42:58,175 - INFO - Received and acknowledged packet with seq_num 15400
2024-10-30 16:42:58,176 - INFO - Received and acknowledged packet with seq_num 16800
2024-10-30 16:42:58,177 - INFO - Received out-of-order packet with seq_num 19600, expected 18200
2024-10-30 16:42:58,213 - INFO - Received out-of-order packet with seq_num 21000, expected 18200
2024-10-30 16:42:58,213 - INFO - Received out-of-order packet with seq_num 22400, expected 18200
2024-10-30 16:42:58,215 - INFO - Received out-of-order packet with seq_num 23800, expected 18200
2024-10-30 16:42:58,215 - INFO - Received out-of-order packet with seq_num 25200, expected 18200
2024-10-30 16:42:58,217 - INFO - Received out-of-order packet with seq_num 26600, expected 18200
2024-10-30 16:42:58,217 - INFO - Received out-of-order packet with seq_num 28000, expected 18200
2024-10-30 16:42:58,219 - INFO - Received out-of-order packet with seq_num 29400, expected 18200
2024-10-30 16:42:58,219 - INFO - Received out-of-order packet with seq_num 30800, expected 18200
2024-10-30 16:42:58,220 - INFO - Received out-of-order packet with seq_num 32200, expected 18200
2024-10-30 16:42:58,220 - INFO - Received out-of-order packet with seq_num 33600, expected 18200
2024-10-30 16:42:58,221 - INFO - Received out-of-order packet with seq_num 35000, expected 18200
2024-10-30 16:42:58,221 - INFO - Received out-of-order packet with seq_num 36400, expected 18200
2024-10-30 16:42:58,254 - INFO - Received and acknowledged packet with seq_num 18200
2024-10-30 16:42:58,255 - INFO - Received duplicate packet with seq_num 18200
2024-10-30 16:42:58,256 - INFO - Received duplicate packet with seq_num 18200
2024-10-30 16:42:58,257 - INFO - Received duplicate packet with seq_num 18200
2024-10-30 16:42:58,258 - INFO - Received duplicate packet with seq_num 18200
2024-10-30 16:42:58,260 - INFO - Received duplicate packet with seq_num 18200
2024-10-30 16:42:58,260 - INFO - Received duplicate packet with seq_num 18200
2024-10-30 16:42:58,261 - INFO - Received duplicate packet with seq_num 18200
2024-10-30 16:42:58,261 - INFO - Received duplicate packet with seq_num 18200
2024-10-30 16:42:58,262 - INFO - Received duplicate packet with seq_num 18200
2024-10-30 16:42:58,262 - INFO - Received duplicate packet with seq_num 18200
2024-10-30 16:42:58,297 - INFO - Received and acknowledged packet with seq_num 37800
2024-10-30 16:42:58,297 - INFO - Received out-of-order packet with seq_num 40600, expected 39200
2024-10-30 16:42:58,298 - INFO - Received out-of-order packet with seq_num 42000, expected 39200
2024-10-30 16:42:58,299 - INFO - Received duplicate packet with seq_num 37800
2024-10-30 16:42:58,299 - INFO - Received out-of-order packet with seq_num 43400, expected 39200
2024-10-30 16:42:58,301 - INFO - Received duplicate packet with seq_num 37800
2024-10-30 16:42:58,301 - INFO - Received out-of-order packet with seq_num 44800, expected 39200
2024-10-30 16:42:58,302 - INFO - Received duplicate packet with seq_num 37800
2024-10-30 16:42:58,302 - INFO - Received duplicate packet with seq_num 37800
2024-10-30 16:42:58,302 - INFO - Received duplicate packet with seq_num 37800
2024-10-30 16:42:58,303 - INFO - Received duplicate packet with seq_num 37800
2024-10-30 16:42:58,304 - INFO - Received duplicate packet with seq_num 37800
2024-10-30 16:42:58,340 - INFO - Received and acknowledged packet with seq_num 39200
2024-10-30 16:42:58,340 - INFO - Received duplicate packet with seq_num 39200
2024-10-30 16:42:58,340 - INFO - Received and acknowledged packet with seq_num 46200
2024-10-30 16:42:58,342 - INFO - Received duplicate packet with seq_num 39200
2024-10-30 16:42:58,342 - INFO - Received duplicate packet with seq_num 39200
2024-10-30 16:42:58,343 - INFO - Received duplicate packet with seq_num 39200
2024-10-30 16:42:58,343 - INFO - Received duplicate packet with seq_num 39200
2024-10-30 16:42:58,344 - INFO - Received duplicate packet with seq_num 39200
2024-10-30 16:42:58,344 - INFO - Received duplicate packet with seq_num 39200
2024-10-30 16:42:58,344 - INFO - Received duplicate packet with seq_num 39200
2024-10-30 16:42:58,381 - INFO - Received and acknowledged packet with seq_num 47600
2024-10-30 16:42:58,381 - INFO - Received and acknowledged packet with seq_num 49000
2024-10-30 16:42:58,382 - INFO - Received and acknowledged packet with seq_num 50400
2024-10-30 16:42:58,383 - INFO - Received and acknowledged packet with seq_num 51800
2024-10-30 16:42:58,383 - INFO - Received duplicate packet with seq_num 47600
2024-10-30 16:42:58,384 - INFO - Received and acknowledged packet with seq_num 53200
2024-10-30 16:42:58,384 - INFO - Received duplicate packet with seq_num 47600
2024-10-30 16:42:58,385 - INFO - Received duplicate packet with seq_num 47600
2024-10-30 16:42:58,385 - INFO - Received duplicate packet with seq_num 47600
2024-10-30 16:42:58,386 - INFO - Received duplicate packet with seq_num 47600
2024-10-30 16:42:58,423 - INFO - Received out-of-order packet with seq_num 56000, expected 54600
2024-10-30 16:42:58,424 - INFO - Received out-of-order packet with seq_num 57400, expected 54600
2024-10-30 16:42:58,425 - INFO - Received out-of-order packet with seq_num 58800, expected 54600
2024-10-30 16:42:58,425 - INFO - Received out-of-order packet with seq_num 60200, expected 54600
2024-10-30 16:42:58,427 - INFO - Received out-of-order packet with seq_num 61600, expected 54600
2024-10-30 16:42:58,427 - INFO - Received and acknowledged packet with seq_num 54600
2024-10-30 16:42:58,464 - INFO - Received duplicate packet with seq_num 54600
2024-10-30 16:42:58,465 - INFO - Received duplicate packet with seq_num 54600
2024-10-30 16:42:58,466 - INFO - Received duplicate packet with seq_num 54600
2024-10-30 16:42:58,466 - INFO - Received duplicate packet with seq_num 54600
2024-10-30 16:42:58,467 - INFO - Received duplicate packet with seq_num 54600
2024-10-30 16:42:58,469 - INFO - Received and acknowledged packet with seq_num 63000
2024-10-30 16:42:58,469 - INFO - Received and acknowledged packet with seq_num 64400
2024-10-30 16:42:58,469 - INFO - Received and acknowledged packet with seq_num 65800
2024-10-30 16:42:58,507 - INFO - Received duplicate packet with seq_num 63000
2024-10-30 16:42:58,507 - INFO - Received and acknowledged packet with seq_num 67200
2024-10-30 16:42:58,507 - INFO - Received and acknowledged packet with seq_num 68600
2024-10-30 16:42:58,508 - INFO - Received duplicate packet with seq_num 63000
2024-10-30 16:42:58,508 - INFO - Received duplicate packet with seq_num 63000
2024-10-30 16:42:58,548 - INFO - Received out-of-order packet with seq_num 71400, expected 70000
2024-10-30 16:42:58,548 - INFO - Received out-of-order packet with seq_num 72800, expected 70000
2024-10-30 16:42:58,549 - INFO - Received out-of-order packet with seq_num 74200, expected 70000
2024-10-30 16:42:58,589 - INFO - Received and acknowledged packet with seq_num 70000
2024-10-30 16:42:58,589 - INFO - Received and acknowledged packet with seq_num 75600
2024-10-30 16:42:58,589 - INFO - Received duplicate packet with seq_num 70000
2024-10-30 16:42:58,590 - INFO - Received and acknowledged packet with seq_num 77000
2024-10-30 16:42:58,590 - INFO - Received duplicate packet with seq_num 70000
2024-10-30 16:42:58,631 - INFO - Received and acknowledged packet with seq_num 78400
2024-10-30 16:42:58,632 - INFO - Received and acknowledged packet with seq_num 79800
2024-10-30 16:42:58,633 - INFO - Received and acknowledged packet with seq_num 81200
2024-10-30 16:42:58,635 - INFO - Received and acknowledged packet with seq_num 82600
2024-10-30 16:42:58,673 - INFO - Received and acknowledged packet with seq_num 84000
2024-10-30 16:42:58,674 - INFO - Received and acknowledged packet with seq_num 85400
2024-10-30 16:42:58,675 - INFO - Received and acknowledged packet with seq_num 86800
2024-10-30 16:42:58,675 - INFO - Received and acknowledged packet with seq_num 88200
2024-10-30 16:42:58,676 - INFO - Received and acknowledged packet with seq_num 89600
2024-10-30 16:42:58,714 - INFO - Received and acknowledged packet with seq_num 91000
2024-10-30 16:42:58,715 - INFO - Received and acknowledged packet with seq_num 92400
2024-10-30 16:42:58,715 - INFO - Received and acknowledged packet with seq_num 93800
2024-10-30 16:42:58,716 - INFO - Received and acknowledged packet with seq_num 95200
2024-10-30 16:42:58,716 - INFO - Received and acknowledged packet with seq_num 96600
2024-10-30 16:42:58,717 - INFO - Received and acknowledged packet with seq_num 98000
2024-10-30 16:42:58,755 - INFO - Received and acknowledged packet with seq_num 99400
2024-10-30 16:42:58,755 - INFO - Received and acknowledged packet with seq_num 100800
2024-10-30 16:42:58,756 - INFO - Received and acknowledged packet with seq_num 102200
2024-10-30 16:42:58,757 - INFO - Received and acknowledged packet with seq_num 103600
2024-10-30 16:42:58,757 - INFO - Received and acknowledged packet with seq_num 105000
2024-10-30 16:42:58,757 - INFO - Received and acknowledged packet with seq_num 106400
2024-10-30 16:42:58,758 - INFO - Received and acknowledged packet with seq_num 107800
2024-10-30 16:42:58,796 - INFO - Received and acknowledged packet with seq_num 109200
2024-10-30 16:42:58,796 - INFO - Received and acknowledged packet with seq_num 110600
2024-10-30 16:42:58,797 - INFO - Received and acknowledged packet with seq_num 112000
2024-10-30 16:42:58,797 - INFO - Received and acknowledged packet with seq_num 113400
2024-10-30 16:42:58,798 - INFO - Received and acknowledged packet with seq_num 114800
2024-10-30 16:42:58,798 - INFO - Received and acknowledged packet with seq_num 116200
2024-10-30 16:42:58,799 - INFO - Received and acknowledged packet with seq_num 117600
2024-10-30 16:42:58,799 - INFO - Received and acknowledged packet with seq_num 119000
2024-10-30 16:42:58,837 - INFO - Received and acknowledged packet with seq_num 120400
2024-10-30 16:42:58,837 - INFO - Received and acknowledged packet with seq_num 121800
2024-10-30 16:42:58,838 - INFO - Received and acknowledged packet with seq_num 123200
2024-10-30 16:42:58,838 - INFO - Received and acknowledged packet with seq_num 124600
2024-10-30 16:42:58,838 - INFO - Received and acknowledged packet with seq_num 126000
2024-10-30 16:42:58,839 - INFO - Received and acknowledged packet with seq_num 127400
2024-10-30 16:42:58,839 - INFO - Received and acknowledged packet with seq_num 128800
2024-10-30 16:42:58,840 - INFO - Received and acknowledged packet with seq_num 130200
2024-10-30 16:42:58,840 - INFO - Received and acknowledged packet with seq_num 131600
2024-10-30 16:42:58,877 - INFO - Received and acknowledged packet with seq_num 133000
2024-10-30 16:42:58,878 - INFO - Received and acknowledged packet with seq_num 134400
2024-10-30 16:42:58,878 - INFO - Received and acknowledged packet with seq_num 135800
2024-10-30 16:42:58,879 - INFO - Received and acknowledged packet with seq_num 137200
2024-10-30 16:42:58,879 - INFO - Received and acknowledged packet with seq_num 138600
2024-10-30 16:42:58,880 - INFO - Received and acknowledged packet with seq_num 140000
2024-10-30 16:42:58,880 - INFO - Received and acknowledged packet with seq_num 141400
2024-10-30 16:42:58,880 - INFO - Received and acknowledged packet with seq_num 142800
2024-10-30 16:42:58,881 - INFO - Received and acknowledged packet with seq_num 144200
2024-10-30 16:42:58,881 - INFO - Received and acknowledged packet with seq_num 145600
2024-10-30 16:42:58,918 - INFO - Received and acknowledged packet with seq_num 147000
2024-10-30 16:42:58,919 - INFO - Received and acknowledged packet with seq_num 148400
2024-10-30 16:42:58,919 - INFO - Received and acknowledged packet with seq_num 149800
2024-10-30 16:42:58,920 - INFO - Received and acknowledged packet with seq_num 151200
2024-10-30 16:42:58,920 - INFO - Received and acknowledged packet with seq_num 152600
2024-10-30 16:42:58,920 - INFO - Received and acknowledged packet with seq_num 154000
2024-10-30 16:42:58,921 - INFO - Received and acknowledged packet with seq_num 155400
2024-10-30 16:42:58,921 - INFO - Received and acknowledged packet with seq_num 156800
2024-10-30 16:42:58,921 - INFO - Received and acknowledged packet with seq_num 158200
2024-10-30 16:42:58,922 - INFO - Received and acknowledged packet with seq_num 159600
2024-10-30 16:42:58,922 - INFO - Received and acknowledged packet with seq_num 161000
2024-10-30 16:42:58,959 - INFO - Received and acknowledged packet with seq_num 162400
2024-10-30 16:42:58,959 - INFO - Received and acknowledged packet with seq_num 163800
2024-10-30 16:42:58,960 - INFO - Received and acknowledged packet with seq_num 165200
2024-10-30 16:42:58,960 - INFO - Received and acknowledged packet with seq_num 166600
2024-10-30 16:42:58,961 - INFO - Received and acknowledged packet with seq_num 168000
2024-10-30 16:42:58,961 - INFO - Received and acknowledged packet with seq_num 169400
2024-10-30 16:42:58,962 - INFO - Received and acknowledged packet with seq_num 170800
2024-10-30 16:42:58,962 - INFO - Received and acknowledged packet with seq_num 172200
2024-10-30 16:42:58,962 - INFO - Received and acknowledged packet with seq_num 173600
2024-10-30 16:42:58,963 - INFO - Received and acknowledged packet with seq_num 175000
2024-10-30 16:42:58,963 - INFO - Received and acknowledged packet with seq_num 176400
2024-10-30 16:42:58,964 - INFO - Received and acknowledged packet with seq_num 177800
2024-10-30 16:42:59,000 - INFO - Received and acknowledged packet with seq_num 179200
2024-10-30 16:42:59,000 - INFO - Received and acknowledged packet with seq_num 180600
2024-10-30 16:42:59,001 - INFO - Received and acknowledged packet with seq_num 182000
2024-10-30 16:42:59,041 - INFO - Received FIN from server.
2024-10-30 16:42:59,042 - INFO - Sent FIN to server.
2024-10-30 16:42:59,082 - INFO - Received ACK from server. Connection closed.
2024-10-30 16:42:59,083 - INFO - File 'received_file.txt' received successfully.
