2024-10-30 17:38:49,184 - INFO - Server is listening on 10.0.0.3:6555
2024-10-30 17:38:50,289 - INFO - Received SYN from ('10.0.0.1', 43368)
2024-10-30 17:38:50,324 - INFO - Connection established with ('10.0.0.1', 43368)
2024-10-30 17:38:50,324 - INFO - Sent packet with seq_num 0
2024-10-30 17:38:50,355 - INFO - Received ACK for seq_num 1400
2024-10-30 17:38:50,355 - INFO - Timeout interval updated to 0.094 seconds
2024-10-30 17:38:50,356 - INFO - Slow Start: Increased cwnd to 2800
2024-10-30 17:38:50,356 - INFO - Sent packet with seq_num 1400
2024-10-30 17:38:50,356 - INFO - Sent packet with seq_num 2800
2024-10-30 17:38:50,387 - INFO - Received ACK for seq_num 2800
2024-10-30 17:38:50,387 - INFO - Timeout interval updated to 0.078 seconds
2024-10-30 17:38:50,387 - INFO - Slow Start: Increased cwnd to 4200
2024-10-30 17:38:50,387 - INFO - Sent packet with seq_num 4200
2024-10-30 17:38:50,387 - INFO - Sent packet with seq_num 5600
2024-10-30 17:38:50,387 - INFO - Received ACK for seq_num 4200
2024-10-30 17:38:50,387 - INFO - Timeout interval updated to 0.067 seconds
2024-10-30 17:38:50,388 - INFO - Slow Start: Increased cwnd to 5600
2024-10-30 17:38:50,388 - INFO - Sent packet with seq_num 7000
2024-10-30 17:38:50,388 - INFO - Sent packet with seq_num 8400
2024-10-30 17:38:50,418 - INFO - Received ACK for seq_num 5600
2024-10-30 17:38:50,418 - INFO - Timeout interval updated to 0.058 seconds
2024-10-30 17:38:50,418 - INFO - Slow Start: Increased cwnd to 7000
2024-10-30 17:38:50,419 - INFO - Sent packet with seq_num 9800
2024-10-30 17:38:50,419 - INFO - Sent packet with seq_num 11200
2024-10-30 17:38:50,419 - INFO - Received ACK for seq_num 7000
2024-10-30 17:38:50,419 - INFO - Timeout interval updated to 0.052 seconds
2024-10-30 17:38:50,419 - INFO - Slow Start: Increased cwnd to 8400
2024-10-30 17:38:50,419 - INFO - Sent packet with seq_num 12600
2024-10-30 17:38:50,419 - INFO - Sent packet with seq_num 14000
2024-10-30 17:38:50,420 - INFO - Received ACK for seq_num 8400
2024-10-30 17:38:50,420 - INFO - Timeout interval updated to 0.047 seconds
2024-10-30 17:38:50,420 - INFO - Slow Start: Increased cwnd to 9800
2024-10-30 17:38:50,420 - INFO - Sent packet with seq_num 15400
2024-10-30 17:38:50,420 - INFO - Sent packet with seq_num 16800
2024-10-30 17:38:50,420 - INFO - Received ACK for seq_num 9800
2024-10-30 17:38:50,420 - INFO - Timeout interval updated to 0.045 seconds
2024-10-30 17:38:50,421 - INFO - Slow Start: Increased cwnd to 11200
2024-10-30 17:38:50,421 - INFO - Sent packet with seq_num 18200
2024-10-30 17:38:50,421 - INFO - Sent packet with seq_num 19600
2024-10-30 17:38:50,449 - INFO - Received ACK for seq_num 11200
2024-10-30 17:38:50,450 - INFO - Timeout interval updated to 0.042 seconds
2024-10-30 17:38:50,450 - INFO - Slow Start: Increased cwnd to 12600
2024-10-30 17:38:50,450 - INFO - Sent packet with seq_num 21000
2024-10-30 17:38:50,450 - INFO - Sent packet with seq_num 22400
2024-10-30 17:38:50,450 - INFO - Received ACK for seq_num 12600
2024-10-30 17:38:50,450 - INFO - Timeout interval updated to 0.039 seconds
2024-10-30 17:38:50,450 - INFO - Slow Start: Increased cwnd to 14000
2024-10-30 17:38:50,451 - INFO - Sent packet with seq_num 23800
2024-10-30 17:38:50,451 - INFO - Sent packet with seq_num 25200
2024-10-30 17:38:50,451 - INFO - Received ACK for seq_num 14000
2024-10-30 17:38:50,451 - INFO - Timeout interval updated to 0.038 seconds
2024-10-30 17:38:50,453 - INFO - Slow Start: Increased cwnd to 15400
2024-10-30 17:38:50,453 - INFO - Sent packet with seq_num 26600
2024-10-30 17:38:50,453 - INFO - Sent packet with seq_num 28000
2024-10-30 17:38:50,453 - INFO - Received ACK for seq_num 15400
2024-10-30 17:38:50,453 - INFO - Timeout interval updated to 0.038 seconds
2024-10-30 17:38:50,453 - INFO - Slow Start: Increased cwnd to 16800
2024-10-30 17:38:50,453 - INFO - Sent packet with seq_num 29400
2024-10-30 17:38:50,454 - INFO - Sent packet with seq_num 30800
2024-10-30 17:38:50,454 - INFO - Received ACK for seq_num 16800
2024-10-30 17:38:50,454 - INFO - Timeout interval updated to 0.039 seconds
2024-10-30 17:38:50,454 - INFO - Slow Start: Increased cwnd to 18200
2024-10-30 17:38:50,455 - INFO - Sent packet with seq_num 32200
2024-10-30 17:38:50,455 - INFO - Sent packet with seq_num 33600
2024-10-30 17:38:50,455 - INFO - Received ACK for seq_num 18200
2024-10-30 17:38:50,455 - INFO - Timeout interval updated to 0.040 seconds
2024-10-30 17:38:50,455 - INFO - Slow Start: Increased cwnd to 19600
2024-10-30 17:38:50,455 - INFO - Sent packet with seq_num 35000
2024-10-30 17:38:50,456 - INFO - Sent packet with seq_num 36400
2024-10-30 17:38:50,456 - INFO - Received ACK for seq_num 19600
2024-10-30 17:38:50,456 - INFO - Timeout interval updated to 0.041 seconds
2024-10-30 17:38:50,456 - INFO - Slow Start: Increased cwnd to 21000
2024-10-30 17:38:50,457 - INFO - Sent packet with seq_num 37800
2024-10-30 17:38:50,458 - INFO - Sent packet with seq_num 39200
2024-10-30 17:38:50,458 - INFO - Received ACK for seq_num 21000
2024-10-30 17:38:50,458 - INFO - Timeout interval updated to 0.044 seconds
2024-10-30 17:38:50,458 - INFO - Slow Start: Increased cwnd to 22400
2024-10-30 17:38:50,459 - INFO - Sent packet with seq_num 40600
2024-10-30 17:38:50,460 - INFO - Sent packet with seq_num 42000
2024-10-30 17:38:50,481 - INFO - Received ACK for seq_num 22400
2024-10-30 17:38:50,481 - INFO - Timeout interval updated to 0.043 seconds
2024-10-30 17:38:50,481 - INFO - Slow Start: Increased cwnd to 23800
2024-10-30 17:38:50,481 - INFO - Sent packet with seq_num 43400
2024-10-30 17:38:50,482 - INFO - Sent packet with seq_num 44800
2024-10-30 17:38:50,482 - INFO - Received ACK for seq_num 23800
2024-10-30 17:38:50,482 - INFO - Timeout interval updated to 0.041 seconds
2024-10-30 17:38:50,482 - INFO - Slow Start: Increased cwnd to 25200
2024-10-30 17:38:50,482 - INFO - Sent packet with seq_num 46200
2024-10-30 17:38:50,483 - INFO - Sent packet with seq_num 47600
2024-10-30 17:38:50,483 - INFO - Received ACK for seq_num 25200
2024-10-30 17:38:50,483 - INFO - Timeout interval updated to 0.040 seconds
2024-10-30 17:38:50,483 - INFO - Slow Start: Increased cwnd to 26600
2024-10-30 17:38:50,483 - INFO - Sent packet with seq_num 49000
2024-10-30 17:38:50,483 - INFO - Sent packet with seq_num 50400
2024-10-30 17:38:50,483 - INFO - Received ACK for seq_num 26600
2024-10-30 17:38:50,483 - INFO - Timeout interval updated to 0.038 seconds
2024-10-30 17:38:50,484 - INFO - Slow Start: Increased cwnd to 28000
2024-10-30 17:38:50,484 - INFO - Sent packet with seq_num 51800
2024-10-30 17:38:50,484 - INFO - Sent packet with seq_num 53200
2024-10-30 17:38:50,484 - INFO - Received ACK for seq_num 28000
2024-10-30 17:38:50,485 - INFO - Timeout interval updated to 0.038 seconds
2024-10-30 17:38:50,485 - INFO - Slow Start: Increased cwnd to 29400
2024-10-30 17:38:50,485 - INFO - Sent packet with seq_num 54600
2024-10-30 17:38:50,485 - INFO - Sent packet with seq_num 56000
2024-10-30 17:38:50,486 - INFO - Received ACK for seq_num 29400
2024-10-30 17:38:50,486 - INFO - Timeout interval updated to 0.037 seconds
2024-10-30 17:38:50,486 - INFO - Slow Start: Increased cwnd to 30800
2024-10-30 17:38:50,486 - INFO - Sent packet with seq_num 57400
2024-10-30 17:38:50,487 - INFO - Sent packet with seq_num 58800
2024-10-30 17:38:50,487 - INFO - Received ACK for seq_num 30800
2024-10-30 17:38:50,487 - INFO - Timeout interval updated to 0.037 seconds
2024-10-30 17:38:50,487 - INFO - Slow Start: Increased cwnd to 32200
2024-10-30 17:38:50,488 - INFO - Sent packet with seq_num 60200
2024-10-30 17:38:50,488 - INFO - Sent packet with seq_num 61600
2024-10-30 17:38:50,488 - INFO - Received ACK for seq_num 32200
2024-10-30 17:38:50,488 - INFO - Timeout interval updated to 0.038 seconds
2024-10-30 17:38:50,488 - INFO - Slow Start: Increased cwnd to 33600
2024-10-30 17:38:50,489 - INFO - Sent packet with seq_num 63000
2024-10-30 17:38:50,489 - INFO - Sent packet with seq_num 64400
2024-10-30 17:38:50,489 - INFO - Received ACK for seq_num 33600
2024-10-30 17:38:50,489 - INFO - Timeout interval updated to 0.038 seconds
2024-10-30 17:38:50,490 - INFO - Slow Start: Increased cwnd to 35000
2024-10-30 17:38:50,490 - INFO - Sent packet with seq_num 65800
2024-10-30 17:38:50,492 - INFO - Sent packet with seq_num 67200
2024-10-30 17:38:50,492 - INFO - Received ACK for seq_num 35000
2024-10-30 17:38:50,492 - INFO - Timeout interval updated to 0.041 seconds
2024-10-30 17:38:50,492 - INFO - Slow Start: Increased cwnd to 36400
2024-10-30 17:38:50,492 - INFO - Sent packet with seq_num 68600
2024-10-30 17:38:50,493 - INFO - Sent packet with seq_num 70000
2024-10-30 17:38:50,493 - INFO - Received ACK for seq_num 36400
2024-10-30 17:38:50,493 - INFO - Timeout interval updated to 0.043 seconds
2024-10-30 17:38:50,493 - INFO - Slow Start: Increased cwnd to 37800
2024-10-30 17:38:50,493 - INFO - Sent packet with seq_num 71400
2024-10-30 17:38:50,494 - INFO - Sent packet with seq_num 72800
2024-10-30 17:38:50,494 - INFO - Received ACK for seq_num 37800
2024-10-30 17:38:50,494 - INFO - Timeout interval updated to 0.045 seconds
2024-10-30 17:38:50,494 - INFO - Slow Start: Increased cwnd to 39200
2024-10-30 17:38:50,494 - INFO - Sent packet with seq_num 74200
2024-10-30 17:38:50,495 - INFO - Sent packet with seq_num 75600
2024-10-30 17:38:50,495 - INFO - Received ACK for seq_num 39200
2024-10-30 17:38:50,495 - INFO - Timeout interval updated to 0.045 seconds
2024-10-30 17:38:50,495 - INFO - Slow Start: Increased cwnd to 40600
2024-10-30 17:38:50,496 - INFO - Sent packet with seq_num 77000
2024-10-30 17:38:50,496 - INFO - Sent packet with seq_num 78400
2024-10-30 17:38:50,497 - INFO - Received ACK for seq_num 40600
2024-10-30 17:38:50,497 - INFO - Timeout interval updated to 0.047 seconds
2024-10-30 17:38:50,497 - INFO - Slow Start: Increased cwnd to 42000
2024-10-30 17:38:50,498 - INFO - Sent packet with seq_num 79800
2024-10-30 17:38:50,498 - INFO - Sent packet with seq_num 81200
2024-10-30 17:38:50,498 - INFO - Received ACK for seq_num 42000
2024-10-30 17:38:50,499 - INFO - Timeout interval updated to 0.048 seconds
2024-10-30 17:38:50,499 - INFO - Slow Start: Increased cwnd to 43400
2024-10-30 17:38:50,499 - INFO - Sent packet with seq_num 82600
2024-10-30 17:38:50,500 - INFO - Sent packet with seq_num 84000
2024-10-30 17:38:50,500 - INFO - Received ACK for seq_num 43400
2024-10-30 17:38:50,500 - INFO - Timeout interval updated to 0.049 seconds
2024-10-30 17:38:50,500 - INFO - Slow Start: Increased cwnd to 44800
2024-10-30 17:38:50,500 - INFO - Sent packet with seq_num 85400
2024-10-30 17:38:50,501 - INFO - Sent packet with seq_num 86800
2024-10-30 17:38:50,512 - INFO - Received ACK for seq_num 44800
2024-10-30 17:38:50,512 - INFO - Timeout interval updated to 0.050 seconds
2024-10-30 17:38:50,512 - INFO - Slow Start: Increased cwnd to 46200
2024-10-30 17:38:50,512 - INFO - Sent packet with seq_num 88200
2024-10-30 17:38:50,513 - INFO - Sent packet with seq_num 89600
2024-10-30 17:38:50,513 - INFO - Received ACK for seq_num 46200
2024-10-30 17:38:50,513 - INFO - Timeout interval updated to 0.050 seconds
2024-10-30 17:38:50,516 - INFO - Slow Start: Increased cwnd to 47600
2024-10-30 17:38:50,517 - INFO - Sent packet with seq_num 91000
2024-10-30 17:38:50,517 - INFO - Sent packet with seq_num 92400
2024-10-30 17:38:50,517 - INFO - Received ACK for seq_num 47600
2024-10-30 17:38:50,517 - INFO - Timeout interval updated to 0.047 seconds
2024-10-30 17:38:50,518 - INFO - Slow Start: Increased cwnd to 49000
2024-10-30 17:38:50,518 - INFO - Sent packet with seq_num 93800
2024-10-30 17:38:50,518 - INFO - Sent packet with seq_num 95200
2024-10-30 17:38:50,519 - INFO - Received ACK for seq_num 49000
2024-10-30 17:38:50,519 - INFO - Timeout interval updated to 0.045 seconds
2024-10-30 17:38:50,519 - INFO - Slow Start: Increased cwnd to 50400
2024-10-30 17:38:50,519 - INFO - Sent packet with seq_num 96600
2024-10-30 17:38:50,519 - INFO - Sent packet with seq_num 98000
2024-10-30 17:38:50,519 - INFO - Received ACK for seq_num 50400
2024-10-30 17:38:50,519 - INFO - Timeout interval updated to 0.043 seconds
2024-10-30 17:38:50,520 - INFO - Slow Start: Increased cwnd to 51800
2024-10-30 17:38:50,520 - INFO - Sent packet with seq_num 99400
2024-10-30 17:38:50,520 - INFO - Sent packet with seq_num 100800
2024-10-30 17:38:50,521 - INFO - Received ACK for seq_num 51800
2024-10-30 17:38:50,521 - INFO - Timeout interval updated to 0.043 seconds
2024-10-30 17:38:50,521 - INFO - Slow Start: Increased cwnd to 53200
2024-10-30 17:38:50,521 - INFO - Sent packet with seq_num 102200
2024-10-30 17:38:50,521 - INFO - Sent packet with seq_num 103600
2024-10-30 17:38:50,521 - INFO - Received ACK for seq_num 53200
2024-10-30 17:38:50,522 - INFO - Timeout interval updated to 0.043 seconds
2024-10-30 17:38:50,522 - INFO - Slow Start: Increased cwnd to 54600
2024-10-30 17:38:50,522 - INFO - Sent packet with seq_num 105000
2024-10-30 17:38:50,522 - INFO - Sent packet with seq_num 106400
2024-10-30 17:38:50,522 - INFO - Received ACK for seq_num 54600
2024-10-30 17:38:50,522 - INFO - Timeout interval updated to 0.043 seconds
2024-10-30 17:38:50,522 - INFO - Slow Start: Increased cwnd to 56000
2024-10-30 17:38:50,523 - INFO - Sent packet with seq_num 107800
2024-10-30 17:38:50,523 - INFO - Sent packet with seq_num 109200
2024-10-30 17:38:50,523 - INFO - Received ACK for seq_num 56000
2024-10-30 17:38:50,523 - INFO - Timeout interval updated to 0.044 seconds
2024-10-30 17:38:50,523 - INFO - Slow Start: Increased cwnd to 57400
2024-10-30 17:38:50,523 - INFO - Sent packet with seq_num 110600
2024-10-30 17:38:50,523 - INFO - Sent packet with seq_num 112000
2024-10-30 17:38:50,524 - INFO - Received ACK for seq_num 57400
2024-10-30 17:38:50,524 - INFO - Timeout interval updated to 0.044 seconds
2024-10-30 17:38:50,524 - INFO - Slow Start: Increased cwnd to 58800
2024-10-30 17:38:50,524 - INFO - Sent packet with seq_num 113400
2024-10-30 17:38:50,524 - INFO - Sent packet with seq_num 114800
2024-10-30 17:38:50,524 - INFO - Received ACK for seq_num 58800
2024-10-30 17:38:50,524 - INFO - Timeout interval updated to 0.043 seconds
2024-10-30 17:38:50,525 - INFO - Slow Start: Increased cwnd to 60200
2024-10-30 17:38:50,525 - INFO - Sent packet with seq_num 116200
2024-10-30 17:38:50,525 - INFO - Sent packet with seq_num 117600
2024-10-30 17:38:50,525 - INFO - Received ACK for seq_num 60200
2024-10-30 17:38:50,525 - INFO - Timeout interval updated to 0.043 seconds
2024-10-30 17:38:50,526 - INFO - Slow Start: Increased cwnd to 61600
2024-10-30 17:38:50,526 - INFO - Sent packet with seq_num 119000
2024-10-30 17:38:50,526 - INFO - Sent packet with seq_num 120400
2024-10-30 17:38:50,526 - INFO - Received ACK for seq_num 61600
2024-10-30 17:38:50,526 - INFO - Timeout interval updated to 0.043 seconds
2024-10-30 17:38:50,527 - INFO - Slow Start: Increased cwnd to 63000
2024-10-30 17:38:50,527 - INFO - Sent packet with seq_num 121800
2024-10-30 17:38:50,527 - INFO - Sent packet with seq_num 123200
2024-10-30 17:38:50,527 - INFO - Received ACK for seq_num 63000
2024-10-30 17:38:50,527 - INFO - Timeout interval updated to 0.044 seconds
2024-10-30 17:38:50,527 - INFO - Slow Start: Increased cwnd to 64400
2024-10-30 17:38:50,527 - INFO - Sent packet with seq_num 124600
2024-10-30 17:38:50,528 - INFO - Sent packet with seq_num 126000
2024-10-30 17:38:50,528 - INFO - Received ACK for seq_num 64400
2024-10-30 17:38:50,528 - INFO - Timeout interval updated to 0.044 seconds
2024-10-30 17:38:50,528 - INFO - Slow Start: Increased cwnd to 65800
2024-10-30 17:38:50,528 - INFO - Sent packet with seq_num 127400
2024-10-30 17:38:50,529 - INFO - Sent packet with seq_num 128800
2024-10-30 17:38:50,529 - INFO - Received ACK for seq_num 65800
2024-10-30 17:38:50,529 - INFO - Timeout interval updated to 0.045 seconds
2024-10-30 17:38:50,530 - INFO - Slow Start: Increased cwnd to 67200
2024-10-30 17:38:50,530 - INFO - Sent packet with seq_num 130200
2024-10-30 17:38:50,530 - INFO - Sent packet with seq_num 131600
2024-10-30 17:38:50,530 - INFO - Received ACK for seq_num 67200
2024-10-30 17:38:50,530 - INFO - Timeout interval updated to 0.045 seconds
2024-10-30 17:38:50,530 - INFO - Slow Start: Increased cwnd to 68600
2024-10-30 17:38:50,531 - INFO - Sent packet with seq_num 133000
2024-10-30 17:38:50,531 - INFO - Sent packet with seq_num 134400
2024-10-30 17:38:50,531 - INFO - Received ACK for seq_num 68600
2024-10-30 17:38:50,531 - INFO - Timeout interval updated to 0.045 seconds
2024-10-30 17:38:50,531 - INFO - Slow Start: Increased cwnd to 70000
2024-10-30 17:38:50,531 - INFO - Sent packet with seq_num 135800
2024-10-30 17:38:50,531 - INFO - Sent packet with seq_num 137200
2024-10-30 17:38:50,532 - INFO - Received ACK for seq_num 70000
2024-10-30 17:38:50,532 - INFO - Timeout interval updated to 0.044 seconds
2024-10-30 17:38:50,532 - INFO - Slow Start: Increased cwnd to 71400
2024-10-30 17:38:50,532 - INFO - Sent packet with seq_num 138600
2024-10-30 17:38:50,532 - INFO - Sent packet with seq_num 140000
2024-10-30 17:38:50,532 - INFO - Received ACK for seq_num 71400
2024-10-30 17:38:50,532 - INFO - Timeout interval updated to 0.044 seconds
2024-10-30 17:38:50,533 - INFO - Slow Start: Increased cwnd to 72800
2024-10-30 17:38:50,533 - INFO - Sent packet with seq_num 141400
2024-10-30 17:38:50,533 - INFO - Sent packet with seq_num 142800
2024-10-30 17:38:50,533 - INFO - Received ACK for seq_num 72800
2024-10-30 17:38:50,533 - INFO - Timeout interval updated to 0.044 seconds
2024-10-30 17:38:50,533 - INFO - Slow Start: Increased cwnd to 74200
2024-10-30 17:38:50,533 - INFO - Sent packet with seq_num 144200
2024-10-30 17:38:50,534 - INFO - Sent packet with seq_num 145600
2024-10-30 17:38:50,534 - INFO - Received ACK for seq_num 74200
2024-10-30 17:38:50,534 - INFO - Timeout interval updated to 0.044 seconds
2024-10-30 17:38:50,534 - INFO - Slow Start: Increased cwnd to 75600
2024-10-30 17:38:50,534 - INFO - Sent packet with seq_num 147000
2024-10-30 17:38:50,534 - INFO - Sent packet with seq_num 148400
2024-10-30 17:38:50,535 - INFO - Received ACK for seq_num 75600
2024-10-30 17:38:50,535 - INFO - Timeout interval updated to 0.044 seconds
2024-10-30 17:38:50,535 - INFO - Slow Start: Increased cwnd to 77000
2024-10-30 17:38:50,535 - INFO - Sent packet with seq_num 149800
2024-10-30 17:38:50,535 - INFO - Sent packet with seq_num 151200
2024-10-30 17:38:50,535 - INFO - Received ACK for seq_num 77000
2024-10-30 17:38:50,535 - INFO - Timeout interval updated to 0.044 seconds
2024-10-30 17:38:50,535 - INFO - Slow Start: Increased cwnd to 78400
2024-10-30 17:38:50,535 - INFO - Sent packet with seq_num 152600
2024-10-30 17:38:50,536 - INFO - Sent packet with seq_num 154000
2024-10-30 17:38:50,536 - INFO - Received ACK for seq_num 78400
2024-10-30 17:38:50,536 - INFO - Timeout interval updated to 0.044 seconds
2024-10-30 17:38:50,536 - INFO - Slow Start: Increased cwnd to 79800
2024-10-30 17:38:50,536 - INFO - Sent packet with seq_num 155400
2024-10-30 17:38:50,536 - INFO - Sent packet with seq_num 156800
2024-10-30 17:38:50,536 - INFO - Received ACK for seq_num 79800
2024-10-30 17:38:50,537 - INFO - Timeout interval updated to 0.044 seconds
2024-10-30 17:38:50,537 - INFO - Slow Start: Increased cwnd to 81200
2024-10-30 17:38:50,537 - INFO - Sent packet with seq_num 158200
2024-10-30 17:38:50,537 - INFO - Sent packet with seq_num 159600
2024-10-30 17:38:50,537 - INFO - Received ACK for seq_num 81200
2024-10-30 17:38:50,537 - INFO - Timeout interval updated to 0.043 seconds
2024-10-30 17:38:50,537 - INFO - Slow Start: Increased cwnd to 82600
2024-10-30 17:38:50,538 - INFO - Sent packet with seq_num 161000
2024-10-30 17:38:50,538 - INFO - Sent packet with seq_num 162400
2024-10-30 17:38:50,538 - INFO - Received ACK for seq_num 82600
2024-10-30 17:38:50,538 - INFO - Timeout interval updated to 0.042 seconds
2024-10-30 17:38:50,538 - INFO - Slow Start: Increased cwnd to 84000
2024-10-30 17:38:50,538 - INFO - Sent packet with seq_num 163800
2024-10-30 17:38:50,538 - INFO - Sent packet with seq_num 165200
2024-10-30 17:38:50,538 - INFO - Received ACK for seq_num 84000
2024-10-30 17:38:50,538 - INFO - Timeout interval updated to 0.042 seconds
2024-10-30 17:38:50,539 - INFO - Slow Start: Increased cwnd to 85400
2024-10-30 17:38:50,539 - INFO - Sent packet with seq_num 166600
2024-10-30 17:38:50,539 - INFO - Sent packet with seq_num 168000
2024-10-30 17:38:50,539 - INFO - Received ACK for seq_num 85400
2024-10-30 17:38:50,539 - INFO - Timeout interval updated to 0.042 seconds
2024-10-30 17:38:50,539 - INFO - Slow Start: Increased cwnd to 86800
2024-10-30 17:38:50,539 - INFO - Sent packet with seq_num 169400
2024-10-30 17:38:50,539 - INFO - Sent packet with seq_num 170800
2024-10-30 17:38:50,540 - INFO - Received ACK for seq_num 86800
2024-10-30 17:38:50,540 - INFO - Timeout interval updated to 0.041 seconds
2024-10-30 17:38:50,540 - INFO - Slow Start: Increased cwnd to 88200
2024-10-30 17:38:50,540 - INFO - Sent packet with seq_num 172200
2024-10-30 17:38:50,540 - INFO - Sent packet with seq_num 173600
2024-10-30 17:38:50,540 - INFO - Received ACK for seq_num 88200
2024-10-30 17:38:50,540 - INFO - Timeout interval updated to 0.041 seconds
2024-10-30 17:38:50,541 - INFO - Slow Start: Increased cwnd to 89600
2024-10-30 17:38:50,541 - INFO - Transitioned to Congestion Avoidance
2024-10-30 17:38:50,541 - INFO - Sent packet with seq_num 175000
2024-10-30 17:38:50,541 - INFO - Sent packet with seq_num 176400
2024-10-30 17:38:50,544 - INFO - Received ACK for seq_num 89600
2024-10-30 17:38:50,544 - INFO - Timeout interval updated to 0.047 seconds
2024-10-30 17:38:50,544 - INFO - Congestion Avoidance: Increased cwnd to 89621
2024-10-30 17:38:50,544 - INFO - Sent packet with seq_num 177800
2024-10-30 17:38:50,545 - INFO - Sent packet with seq_num 179200
2024-10-30 17:38:50,545 - INFO - Received ACK for seq_num 91000
2024-10-30 17:38:50,545 - INFO - Timeout interval updated to 0.049 seconds
2024-10-30 17:38:50,545 - INFO - Congestion Avoidance: Increased cwnd to 89642
2024-10-30 17:38:50,546 - INFO - Sent packet with seq_num 180600
2024-10-30 17:38:50,547 - INFO - Received ACK for seq_num 92400
2024-10-30 17:38:50,547 - INFO - Timeout interval updated to 0.052 seconds
2024-10-30 17:38:50,548 - INFO - Congestion Avoidance: Increased cwnd to 89663
2024-10-30 17:38:50,548 - INFO - Sent packet with seq_num 182000
2024-10-30 17:38:50,548 - INFO - Received ACK for seq_num 93800
2024-10-30 17:38:50,548 - INFO - Timeout interval updated to 0.053 seconds
2024-10-30 17:38:50,548 - INFO - Congestion Avoidance: Increased cwnd to 89684
2024-10-30 17:38:50,548 - INFO - File read complete.
2024-10-30 17:38:50,548 - INFO - Received ACK for seq_num 95200
2024-10-30 17:38:50,548 - INFO - Timeout interval updated to 0.053 seconds
2024-10-30 17:38:50,548 - INFO - Congestion Avoidance: Increased cwnd to 89705
2024-10-30 17:38:50,549 - INFO - Received ACK for seq_num 96600
2024-10-30 17:38:50,549 - INFO - Timeout interval updated to 0.052 seconds
2024-10-30 17:38:50,550 - INFO - Congestion Avoidance: Increased cwnd to 89726
2024-10-30 17:38:50,550 - INFO - Received ACK for seq_num 98000
2024-10-30 17:38:50,550 - INFO - Timeout interval updated to 0.051 seconds
2024-10-30 17:38:50,550 - INFO - Congestion Avoidance: Increased cwnd to 89747
2024-10-30 17:38:50,550 - INFO - Received ACK for seq_num 99400
2024-10-30 17:38:50,550 - INFO - Timeout interval updated to 0.049 seconds
2024-10-30 17:38:50,550 - INFO - Congestion Avoidance: Increased cwnd to 89768
2024-10-30 17:38:50,551 - INFO - Received ACK for seq_num 100800
2024-10-30 17:38:50,551 - INFO - Timeout interval updated to 0.047 seconds
2024-10-30 17:38:50,551 - INFO - Congestion Avoidance: Increased cwnd to 89789
2024-10-30 17:38:50,552 - INFO - Received ACK for seq_num 102200
2024-10-30 17:38:50,552 - INFO - Timeout interval updated to 0.046 seconds
2024-10-30 17:38:50,552 - INFO - Congestion Avoidance: Increased cwnd to 89810
2024-10-30 17:38:50,554 - INFO - Received ACK for seq_num 103600
2024-10-30 17:38:50,554 - INFO - Timeout interval updated to 0.043 seconds
2024-10-30 17:38:50,554 - INFO - Congestion Avoidance: Increased cwnd to 89831
2024-10-30 17:38:50,555 - INFO - Received ACK for seq_num 105000
2024-10-30 17:38:50,555 - INFO - Timeout interval updated to 0.041 seconds
2024-10-30 17:38:50,555 - INFO - Congestion Avoidance: Increased cwnd to 89852
2024-10-30 17:38:50,555 - INFO - Received ACK for seq_num 106400
2024-10-30 17:38:50,555 - INFO - Timeout interval updated to 0.039 seconds
2024-10-30 17:38:50,555 - INFO - Congestion Avoidance: Increased cwnd to 89873
2024-10-30 17:38:50,556 - INFO - Received ACK for seq_num 107800
2024-10-30 17:38:50,556 - INFO - Timeout interval updated to 0.038 seconds
2024-10-30 17:38:50,556 - INFO - Congestion Avoidance: Increased cwnd to 89894
2024-10-30 17:38:50,556 - INFO - Received ACK for seq_num 109200
2024-10-30 17:38:50,556 - INFO - Timeout interval updated to 0.037 seconds
2024-10-30 17:38:50,557 - INFO - Congestion Avoidance: Increased cwnd to 89915
2024-10-30 17:38:50,557 - INFO - Received ACK for seq_num 110600
2024-10-30 17:38:50,557 - INFO - Timeout interval updated to 0.037 seconds
2024-10-30 17:38:50,557 - INFO - Congestion Avoidance: Increased cwnd to 89936
2024-10-30 17:38:50,557 - INFO - Received ACK for seq_num 112000
2024-10-30 17:38:50,557 - INFO - Timeout interval updated to 0.037 seconds
2024-10-30 17:38:50,558 - INFO - Congestion Avoidance: Increased cwnd to 89957
2024-10-30 17:38:50,558 - INFO - Received ACK for seq_num 113400
2024-10-30 17:38:50,558 - INFO - Timeout interval updated to 0.037 seconds
2024-10-30 17:38:50,559 - INFO - Congestion Avoidance: Increased cwnd to 89978
2024-10-30 17:38:50,559 - INFO - Received ACK for seq_num 114800
2024-10-30 17:38:50,559 - INFO - Timeout interval updated to 0.037 seconds
2024-10-30 17:38:50,560 - INFO - Congestion Avoidance: Increased cwnd to 89999
2024-10-30 17:38:50,560 - INFO - Received ACK for seq_num 116200
2024-10-30 17:38:50,560 - INFO - Timeout interval updated to 0.039 seconds
2024-10-30 17:38:50,560 - INFO - Congestion Avoidance: Increased cwnd to 90020
2024-10-30 17:38:50,561 - INFO - Received ACK for seq_num 117600
2024-10-30 17:38:50,561 - INFO - Timeout interval updated to 0.039 seconds
2024-10-30 17:38:50,561 - INFO - Congestion Avoidance: Increased cwnd to 90041
2024-10-30 17:38:50,561 - INFO - Received ACK for seq_num 119000
2024-10-30 17:38:50,561 - INFO - Timeout interval updated to 0.040 seconds
2024-10-30 17:38:50,561 - INFO - Congestion Avoidance: Increased cwnd to 90062
2024-10-30 17:38:50,562 - INFO - Received ACK for seq_num 120400
2024-10-30 17:38:50,562 - INFO - Timeout interval updated to 0.040 seconds
2024-10-30 17:38:50,562 - INFO - Congestion Avoidance: Increased cwnd to 90083
2024-10-30 17:38:50,562 - INFO - Received ACK for seq_num 121800
2024-10-30 17:38:50,562 - INFO - Timeout interval updated to 0.040 seconds
2024-10-30 17:38:50,562 - INFO - Congestion Avoidance: Increased cwnd to 90104
2024-10-30 17:38:50,562 - INFO - Received ACK for seq_num 123200
2024-10-30 17:38:50,563 - INFO - Timeout interval updated to 0.039 seconds
2024-10-30 17:38:50,563 - INFO - Congestion Avoidance: Increased cwnd to 90125
2024-10-30 17:38:50,563 - INFO - Received ACK for seq_num 124600
2024-10-30 17:38:50,563 - INFO - Timeout interval updated to 0.039 seconds
2024-10-30 17:38:50,563 - INFO - Congestion Avoidance: Increased cwnd to 90146
2024-10-30 17:38:50,563 - INFO - Received ACK for seq_num 126000
2024-10-30 17:38:50,563 - INFO - Timeout interval updated to 0.039 seconds
2024-10-30 17:38:50,564 - INFO - Congestion Avoidance: Increased cwnd to 90167
2024-10-30 17:38:50,564 - INFO - Received ACK for seq_num 127400
2024-10-30 17:38:50,564 - INFO - Timeout interval updated to 0.039 seconds
2024-10-30 17:38:50,564 - INFO - Congestion Avoidance: Increased cwnd to 90188
2024-10-30 17:38:50,564 - INFO - Received ACK for seq_num 128800
2024-10-30 17:38:50,564 - INFO - Timeout interval updated to 0.039 seconds
2024-10-30 17:38:50,564 - INFO - Congestion Avoidance: Increased cwnd to 90209
2024-10-30 17:38:50,565 - INFO - Received ACK for seq_num 130200
2024-10-30 17:38:50,565 - INFO - Timeout interval updated to 0.038 seconds
2024-10-30 17:38:50,565 - INFO - Congestion Avoidance: Increased cwnd to 90230
2024-10-30 17:38:50,565 - INFO - Received ACK for seq_num 131600
2024-10-30 17:38:50,565 - INFO - Timeout interval updated to 0.038 seconds
2024-10-30 17:38:50,565 - INFO - Congestion Avoidance: Increased cwnd to 90251
2024-10-30 17:38:50,566 - INFO - Received ACK for seq_num 133000
2024-10-30 17:38:50,566 - INFO - Timeout interval updated to 0.037 seconds
2024-10-30 17:38:50,566 - INFO - Congestion Avoidance: Increased cwnd to 90272
2024-10-30 17:38:50,566 - INFO - Received ACK for seq_num 134400
2024-10-30 17:38:50,567 - INFO - Timeout interval updated to 0.037 seconds
2024-10-30 17:38:50,567 - INFO - Congestion Avoidance: Increased cwnd to 90293
2024-10-30 17:38:50,567 - INFO - Received ACK for seq_num 135800
2024-10-30 17:38:50,567 - INFO - Timeout interval updated to 0.037 seconds
2024-10-30 17:38:50,567 - INFO - Congestion Avoidance: Increased cwnd to 90314
2024-10-30 17:38:50,567 - INFO - Received ACK for seq_num 137200
2024-10-30 17:38:50,567 - INFO - Timeout interval updated to 0.037 seconds
2024-10-30 17:38:50,568 - INFO - Congestion Avoidance: Increased cwnd to 90335
2024-10-30 17:38:50,568 - INFO - Received ACK for seq_num 138600
2024-10-30 17:38:50,568 - INFO - Timeout interval updated to 0.038 seconds
2024-10-30 17:38:50,568 - INFO - Congestion Avoidance: Increased cwnd to 90356
2024-10-30 17:38:50,569 - INFO - Received ACK for seq_num 140000
2024-10-30 17:38:50,569 - INFO - Timeout interval updated to 0.038 seconds
2024-10-30 17:38:50,569 - INFO - Congestion Avoidance: Increased cwnd to 90377
2024-10-30 17:38:50,569 - INFO - Received ACK for seq_num 141400
2024-10-30 17:38:50,569 - INFO - Timeout interval updated to 0.039 seconds
2024-10-30 17:38:50,569 - INFO - Congestion Avoidance: Increased cwnd to 90398
2024-10-30 17:38:50,569 - INFO - Received ACK for seq_num 142800
2024-10-30 17:38:50,569 - INFO - Timeout interval updated to 0.038 seconds
2024-10-30 17:38:50,569 - INFO - Congestion Avoidance: Increased cwnd to 90419
2024-10-30 17:38:50,570 - INFO - Received ACK for seq_num 144200
2024-10-30 17:38:50,570 - INFO - Timeout interval updated to 0.039 seconds
2024-10-30 17:38:50,570 - INFO - Congestion Avoidance: Increased cwnd to 90440
2024-10-30 17:38:50,570 - INFO - Received ACK for seq_num 145600
2024-10-30 17:38:50,570 - INFO - Timeout interval updated to 0.038 seconds
2024-10-30 17:38:50,570 - INFO - Congestion Avoidance: Increased cwnd to 90461
2024-10-30 17:38:50,570 - INFO - Received ACK for seq_num 147000
2024-10-30 17:38:50,571 - INFO - Timeout interval updated to 0.038 seconds
2024-10-30 17:38:50,571 - INFO - Congestion Avoidance: Increased cwnd to 90482
2024-10-30 17:38:50,571 - INFO - Received ACK for seq_num 148400
2024-10-30 17:38:50,571 - INFO - Timeout interval updated to 0.038 seconds
2024-10-30 17:38:50,571 - INFO - Congestion Avoidance: Increased cwnd to 90503
2024-10-30 17:38:50,571 - INFO - Received ACK for seq_num 149800
2024-10-30 17:38:50,571 - INFO - Timeout interval updated to 0.038 seconds
2024-10-30 17:38:50,571 - INFO - Congestion Avoidance: Increased cwnd to 90524
2024-10-30 17:38:50,572 - INFO - Received ACK for seq_num 151200
2024-10-30 17:38:50,572 - INFO - Timeout interval updated to 0.038 seconds
2024-10-30 17:38:50,572 - INFO - Congestion Avoidance: Increased cwnd to 90545
2024-10-30 17:38:50,572 - INFO - Received ACK for seq_num 152600
2024-10-30 17:38:50,572 - INFO - Timeout interval updated to 0.038 seconds
2024-10-30 17:38:50,572 - INFO - Congestion Avoidance: Increased cwnd to 90566
2024-10-30 17:38:50,572 - INFO - Received ACK for seq_num 154000
2024-10-30 17:38:50,572 - INFO - Timeout interval updated to 0.038 seconds
2024-10-30 17:38:50,572 - INFO - Congestion Avoidance: Increased cwnd to 90587
2024-10-30 17:38:50,572 - INFO - Received ACK for seq_num 155400
2024-10-30 17:38:50,573 - INFO - Timeout interval updated to 0.038 seconds
2024-10-30 17:38:50,573 - INFO - Congestion Avoidance: Increased cwnd to 90608
2024-10-30 17:38:50,573 - INFO - Received ACK for seq_num 156800
2024-10-30 17:38:50,573 - INFO - Timeout interval updated to 0.038 seconds
2024-10-30 17:38:50,573 - INFO - Congestion Avoidance: Increased cwnd to 90629
2024-10-30 17:38:50,573 - INFO - Received ACK for seq_num 158200
2024-10-30 17:38:50,573 - INFO - Timeout interval updated to 0.038 seconds
2024-10-30 17:38:50,573 - INFO - Congestion Avoidance: Increased cwnd to 90650
2024-10-30 17:38:50,573 - INFO - Received ACK for seq_num 159600
2024-10-30 17:38:50,573 - INFO - Timeout interval updated to 0.037 seconds
2024-10-30 17:38:50,574 - INFO - Congestion Avoidance: Increased cwnd to 90671
2024-10-30 17:38:50,574 - INFO - Received ACK for seq_num 161000
2024-10-30 17:38:50,574 - INFO - Timeout interval updated to 0.037 seconds
2024-10-30 17:38:50,574 - INFO - Congestion Avoidance: Increased cwnd to 90692
2024-10-30 17:38:50,574 - INFO - Received ACK for seq_num 162400
2024-10-30 17:38:50,574 - INFO - Timeout interval updated to 0.037 seconds
2024-10-30 17:38:50,574 - INFO - Congestion Avoidance: Increased cwnd to 90713
2024-10-30 17:38:50,574 - INFO - Received ACK for seq_num 163800
2024-10-30 17:38:50,574 - INFO - Timeout interval updated to 0.037 seconds
2024-10-30 17:38:50,574 - INFO - Congestion Avoidance: Increased cwnd to 90734
2024-10-30 17:38:50,574 - INFO - Received ACK for seq_num 165200
2024-10-30 17:38:50,575 - INFO - Timeout interval updated to 0.037 seconds
2024-10-30 17:38:50,575 - INFO - Congestion Avoidance: Increased cwnd to 90755
2024-10-30 17:38:50,575 - INFO - Received ACK for seq_num 166600
2024-10-30 17:38:50,575 - INFO - Timeout interval updated to 0.037 seconds
2024-10-30 17:38:50,575 - INFO - Congestion Avoidance: Increased cwnd to 90776
2024-10-30 17:38:50,575 - INFO - Received ACK for seq_num 168000
2024-10-30 17:38:50,575 - INFO - Timeout interval updated to 0.037 seconds
2024-10-30 17:38:50,575 - INFO - Congestion Avoidance: Increased cwnd to 90797
2024-10-30 17:38:50,575 - INFO - Received ACK for seq_num 169400
2024-10-30 17:38:50,575 - INFO - Timeout interval updated to 0.037 seconds
2024-10-30 17:38:50,575 - INFO - Congestion Avoidance: Increased cwnd to 90818
2024-10-30 17:38:50,576 - INFO - Received ACK for seq_num 170800
2024-10-30 17:38:50,576 - INFO - Timeout interval updated to 0.037 seconds
2024-10-30 17:38:50,576 - INFO - Congestion Avoidance: Increased cwnd to 90839
2024-10-30 17:38:50,576 - INFO - Received ACK for seq_num 172200
2024-10-30 17:38:50,576 - INFO - Timeout interval updated to 0.037 seconds
2024-10-30 17:38:50,576 - INFO - Congestion Avoidance: Increased cwnd to 90860
2024-10-30 17:38:50,576 - INFO - Received ACK for seq_num 173600
2024-10-30 17:38:50,576 - INFO - Timeout interval updated to 0.037 seconds
2024-10-30 17:38:50,576 - INFO - Congestion Avoidance: Increased cwnd to 90881
2024-10-30 17:38:50,576 - INFO - Received ACK for seq_num 175000
2024-10-30 17:38:50,577 - INFO - Timeout interval updated to 0.037 seconds
2024-10-30 17:38:50,577 - INFO - Congestion Avoidance: Increased cwnd to 90902
2024-10-30 17:38:50,577 - INFO - Received ACK for seq_num 176400
2024-10-30 17:38:50,577 - INFO - Timeout interval updated to 0.037 seconds
2024-10-30 17:38:50,577 - INFO - Congestion Avoidance: Increased cwnd to 90923
2024-10-30 17:38:50,577 - INFO - Received ACK for seq_num 177800
2024-10-30 17:38:50,577 - INFO - Timeout interval updated to 0.037 seconds
2024-10-30 17:38:50,577 - INFO - Congestion Avoidance: Increased cwnd to 90944
2024-10-30 17:38:50,577 - INFO - Received ACK for seq_num 179200
2024-10-30 17:38:50,578 - INFO - Timeout interval updated to 0.039 seconds
2024-10-30 17:38:50,578 - INFO - Congestion Avoidance: Increased cwnd to 90965
2024-10-30 17:38:50,578 - INFO - Received ACK for seq_num 180600
2024-10-30 17:38:50,578 - INFO - Timeout interval updated to 0.041 seconds
2024-10-30 17:38:50,578 - INFO - Congestion Avoidance: Increased cwnd to 90986
2024-10-30 17:38:50,578 - INFO - Received ACK for seq_num 182000
2024-10-30 17:38:50,578 - INFO - Timeout interval updated to 0.042 seconds
2024-10-30 17:38:50,578 - INFO - Congestion Avoidance: Increased cwnd to 91007
2024-10-30 17:38:50,578 - INFO - Received ACK for seq_num 182664
2024-10-30 17:38:50,578 - INFO - Timeout interval updated to 0.044 seconds
2024-10-30 17:38:50,578 - INFO - Congestion Avoidance: Increased cwnd to 91028
2024-10-30 17:38:50,579 - INFO - Sent FIN to client.
2024-10-30 17:38:50,609 - INFO - Received ACK for FIN from client.
2024-10-30 17:38:50,610 - INFO - Received FIN from client.
2024-10-30 17:38:50,611 - INFO - Connection closed successfully.
