2024-10-30 14:46:47,815 - INFO - Connection established with server.
2024-10-30 14:46:47,856 - INFO - RTT measurement done.
2024-10-30 14:46:47,897 - INFO - Received and acknowledged packet with seq_num 0
2024-10-30 14:46:47,897 - INFO - Received and acknowledged packet with seq_num 1400
2024-10-30 14:46:47,897 - INFO - Received and acknowledged packet with seq_num 2800
2024-10-30 14:46:47,898 - INFO - Received and acknowledged packet with seq_num 4200
2024-10-30 14:46:47,898 - INFO - Received and acknowledged packet with seq_num 5600
2024-10-30 14:46:47,899 - INFO - Received and acknowledged packet with seq_num 7000
2024-10-30 14:46:47,899 - INFO - Received and acknowledged packet with seq_num 8400
2024-10-30 14:46:47,899 - INFO - Received and acknowledged packet with seq_num 9800
2024-10-30 14:46:47,899 - INFO - Received and acknowledged packet with seq_num 11200
2024-10-30 14:46:47,900 - INFO - Received and acknowledged packet with seq_num 12600
2024-10-30 14:46:47,900 - INFO - Received and acknowledged packet with seq_num 14000
2024-10-30 14:46:47,900 - INFO - Received and acknowledged packet with seq_num 15400
2024-10-30 14:46:47,901 - INFO - Received and acknowledged packet with seq_num 16800
2024-10-30 14:46:47,901 - INFO - Received and acknowledged packet with seq_num 18200
2024-10-30 14:46:47,901 - INFO - Received and acknowledged packet with seq_num 19600
2024-10-30 14:46:47,901 - INFO - Received and acknowledged packet with seq_num 21000
2024-10-30 14:46:47,902 - INFO - Received and acknowledged packet with seq_num 22400
2024-10-30 14:46:47,902 - INFO - Received and acknowledged packet with seq_num 23800
2024-10-30 14:46:47,902 - INFO - Received and acknowledged packet with seq_num 25200
2024-10-30 14:46:47,902 - INFO - Received and acknowledged packet with seq_num 26600
2024-10-30 14:46:47,903 - INFO - Received and acknowledged packet with seq_num 28000
2024-10-30 14:46:47,903 - INFO - Received and acknowledged packet with seq_num 29400
2024-10-30 14:46:47,903 - INFO - Received and acknowledged packet with seq_num 30800
2024-10-30 14:46:47,904 - INFO - Received and acknowledged packet with seq_num 32200
2024-10-30 14:46:47,904 - INFO - Received and acknowledged packet with seq_num 33600
2024-10-30 14:46:47,904 - INFO - Received and acknowledged packet with seq_num 35000
2024-10-30 14:46:47,904 - INFO - Received and acknowledged packet with seq_num 36400
2024-10-30 14:46:47,905 - INFO - Received and acknowledged packet with seq_num 37800
2024-10-30 14:46:47,905 - INFO - Received and acknowledged packet with seq_num 39200
2024-10-30 14:46:47,905 - INFO - Received and acknowledged packet with seq_num 40600
2024-10-30 14:46:47,906 - INFO - Received and acknowledged packet with seq_num 42000
2024-10-30 14:46:47,906 - INFO - Received and acknowledged packet with seq_num 43400
2024-10-30 14:46:47,906 - INFO - Received and acknowledged packet with seq_num 44800
2024-10-30 14:46:47,906 - INFO - Received and acknowledged packet with seq_num 46200
2024-10-30 14:46:47,907 - INFO - Received and acknowledged packet with seq_num 47600
2024-10-30 14:46:47,907 - INFO - Received and acknowledged packet with seq_num 49000
2024-10-30 14:46:47,907 - INFO - Received and acknowledged packet with seq_num 50400
2024-10-30 14:46:47,907 - INFO - Received and acknowledged packet with seq_num 51800
2024-10-30 14:46:47,908 - INFO - Received and acknowledged packet with seq_num 53200
2024-10-30 14:46:47,908 - INFO - Received and acknowledged packet with seq_num 54600
2024-10-30 14:46:47,908 - INFO - Received and acknowledged packet with seq_num 56000
2024-10-30 14:46:47,908 - INFO - Received and acknowledged packet with seq_num 57400
2024-10-30 14:46:47,909 - INFO - Received and acknowledged packet with seq_num 58800
2024-10-30 14:46:47,909 - INFO - Received and acknowledged packet with seq_num 60200
2024-10-30 14:46:47,909 - INFO - Received and acknowledged packet with seq_num 61600
2024-10-30 14:46:47,910 - INFO - Received and acknowledged packet with seq_num 63000
2024-10-30 14:46:47,910 - INFO - Received and acknowledged packet with seq_num 64400
2024-10-30 14:46:47,910 - INFO - Received and acknowledged packet with seq_num 65800
2024-10-30 14:46:47,911 - INFO - Received out-of-order packet with seq_num 68600, expected 67200
2024-10-30 14:46:47,911 - INFO - Sent ACK for last received packet with seq_num 65800
2024-10-30 14:46:47,911 - INFO - Received out-of-order packet with seq_num 70000, expected 67200
2024-10-30 14:46:47,911 - INFO - Sent ACK for last received packet with seq_num 65800
2024-10-30 14:46:47,911 - INFO - Received out-of-order packet with seq_num 71400, expected 67200
2024-10-30 14:46:47,912 - INFO - Sent ACK for last received packet with seq_num 65800
2024-10-30 14:46:47,912 - INFO - Received out-of-order packet with seq_num 72800, expected 67200
2024-10-30 14:46:47,912 - INFO - Sent ACK for last received packet with seq_num 65800
2024-10-30 14:46:47,912 - INFO - Received out-of-order packet with seq_num 74200, expected 67200
2024-10-30 14:46:47,912 - INFO - Sent ACK for last received packet with seq_num 65800
2024-10-30 14:46:47,912 - INFO - Received out-of-order packet with seq_num 75600, expected 67200
2024-10-30 14:46:47,913 - INFO - Sent ACK for last received packet with seq_num 65800
2024-10-30 14:46:47,913 - INFO - Received out-of-order packet with seq_num 77000, expected 67200
2024-10-30 14:46:47,913 - INFO - Sent ACK for last received packet with seq_num 65800
2024-10-30 14:46:47,913 - INFO - Received out-of-order packet with seq_num 78400, expected 67200
2024-10-30 14:46:47,913 - INFO - Sent ACK for last received packet with seq_num 65800
2024-10-30 14:46:47,913 - INFO - Received out-of-order packet with seq_num 79800, expected 67200
2024-10-30 14:46:47,914 - INFO - Sent ACK for last received packet with seq_num 65800
2024-10-30 14:46:47,914 - INFO - Received out-of-order packet with seq_num 81200, expected 67200
2024-10-30 14:46:47,914 - INFO - Sent ACK for last received packet with seq_num 65800
2024-10-30 14:46:47,914 - INFO - Received out-of-order packet with seq_num 82600, expected 67200
2024-10-30 14:46:47,914 - INFO - Sent ACK for last received packet with seq_num 65800
2024-10-30 14:46:47,915 - INFO - Received out-of-order packet with seq_num 84000, expected 67200
2024-10-30 14:46:47,915 - INFO - Sent ACK for last received packet with seq_num 65800
2024-10-30 14:46:47,915 - INFO - Received out-of-order packet with seq_num 85400, expected 67200
2024-10-30 14:46:47,915 - INFO - Sent ACK for last received packet with seq_num 65800
2024-10-30 14:46:47,915 - INFO - Received out-of-order packet with seq_num 86800, expected 67200
2024-10-30 14:46:47,915 - INFO - Sent ACK for last received packet with seq_num 65800
2024-10-30 14:46:47,916 - INFO - Received out-of-order packet with seq_num 88200, expected 67200
2024-10-30 14:46:47,916 - INFO - Sent ACK for last received packet with seq_num 65800
2024-10-30 14:46:47,916 - INFO - Received out-of-order packet with seq_num 89600, expected 67200
2024-10-30 14:46:47,916 - INFO - Sent ACK for last received packet with seq_num 65800
2024-10-30 14:46:47,916 - INFO - Received out-of-order packet with seq_num 91000, expected 67200
2024-10-30 14:46:47,916 - INFO - Sent ACK for last received packet with seq_num 65800
2024-10-30 14:46:47,917 - INFO - Received out-of-order packet with seq_num 92400, expected 67200
2024-10-30 14:46:47,917 - INFO - Sent ACK for last received packet with seq_num 65800
2024-10-30 14:46:47,917 - INFO - Received out-of-order packet with seq_num 93800, expected 67200
2024-10-30 14:46:47,917 - INFO - Sent ACK for last received packet with seq_num 65800
2024-10-30 14:46:47,917 - INFO - Received out-of-order packet with seq_num 95200, expected 67200
2024-10-30 14:46:47,917 - INFO - Sent ACK for last received packet with seq_num 65800
2024-10-30 14:46:47,918 - INFO - Received out-of-order packet with seq_num 96600, expected 67200
2024-10-30 14:46:47,918 - INFO - Sent ACK for last received packet with seq_num 65800
2024-10-30 14:46:47,918 - INFO - Received out-of-order packet with seq_num 98000, expected 67200
2024-10-30 14:46:47,918 - INFO - Sent ACK for last received packet with seq_num 65800
2024-10-30 14:46:47,918 - INFO - Received out-of-order packet with seq_num 99400, expected 67200
2024-10-30 14:46:47,919 - INFO - Sent ACK for last received packet with seq_num 65800
2024-10-30 14:46:47,919 - INFO - Received out-of-order packet with seq_num 100800, expected 67200
2024-10-30 14:46:47,919 - INFO - Sent ACK for last received packet with seq_num 65800
2024-10-30 14:46:47,919 - INFO - Received out-of-order packet with seq_num 102200, expected 67200
2024-10-30 14:46:47,919 - INFO - Sent ACK for last received packet with seq_num 65800
2024-10-30 14:46:47,920 - INFO - Received out-of-order packet with seq_num 103600, expected 67200
2024-10-30 14:46:47,920 - INFO - Sent ACK for last received packet with seq_num 65800
2024-10-30 14:46:47,920 - INFO - Received out-of-order packet with seq_num 105000, expected 67200
2024-10-30 14:46:47,920 - INFO - Sent ACK for last received packet with seq_num 65800
2024-10-30 14:46:47,920 - INFO - Received out-of-order packet with seq_num 106400, expected 67200
2024-10-30 14:46:47,920 - INFO - Sent ACK for last received packet with seq_num 65800
2024-10-30 14:46:47,921 - INFO - Received out-of-order packet with seq_num 107800, expected 67200
2024-10-30 14:46:47,921 - INFO - Sent ACK for last received packet with seq_num 65800
2024-10-30 14:46:47,921 - INFO - Received out-of-order packet with seq_num 109200, expected 67200
2024-10-30 14:46:47,921 - INFO - Sent ACK for last received packet with seq_num 65800
2024-10-30 14:46:47,922 - INFO - Received out-of-order packet with seq_num 110600, expected 67200
2024-10-30 14:46:47,922 - INFO - Sent ACK for last received packet with seq_num 65800
2024-10-30 14:46:47,922 - INFO - Received out-of-order packet with seq_num 112000, expected 67200
2024-10-30 14:46:47,922 - INFO - Sent ACK for last received packet with seq_num 65800
2024-10-30 14:46:47,922 - INFO - Received out-of-order packet with seq_num 113400, expected 67200
2024-10-30 14:46:47,922 - INFO - Sent ACK for last received packet with seq_num 65800
2024-10-30 14:46:47,923 - INFO - Received out-of-order packet with seq_num 114800, expected 67200
2024-10-30 14:46:47,923 - INFO - Sent ACK for last received packet with seq_num 65800
2024-10-30 14:46:47,923 - INFO - Received out-of-order packet with seq_num 116200, expected 67200
2024-10-30 14:46:47,923 - INFO - Sent ACK for last received packet with seq_num 65800
2024-10-30 14:46:47,923 - INFO - Received out-of-order packet with seq_num 117600, expected 67200
2024-10-30 14:46:47,924 - INFO - Sent ACK for last received packet with seq_num 65800
2024-10-30 14:46:47,924 - INFO - Received out-of-order packet with seq_num 119000, expected 67200
2024-10-30 14:46:47,924 - INFO - Sent ACK for last received packet with seq_num 65800
2024-10-30 14:46:47,924 - INFO - Received out-of-order packet with seq_num 120400, expected 67200
2024-10-30 14:46:47,924 - INFO - Sent ACK for last received packet with seq_num 65800
2024-10-30 14:46:47,924 - INFO - Received out-of-order packet with seq_num 121800, expected 67200
2024-10-30 14:46:47,925 - INFO - Sent ACK for last received packet with seq_num 65800
2024-10-30 14:46:47,925 - INFO - Received out-of-order packet with seq_num 123200, expected 67200
2024-10-30 14:46:47,925 - INFO - Sent ACK for last received packet with seq_num 65800
2024-10-30 14:46:47,925 - INFO - Received out-of-order packet with seq_num 124600, expected 67200
2024-10-30 14:46:47,925 - INFO - Sent ACK for last received packet with seq_num 65800
2024-10-30 14:46:47,926 - INFO - Received out-of-order packet with seq_num 126000, expected 67200
2024-10-30 14:46:47,926 - INFO - Sent ACK for last received packet with seq_num 65800
2024-10-30 14:46:47,926 - INFO - Received out-of-order packet with seq_num 127400, expected 67200
2024-10-30 14:46:47,926 - INFO - Sent ACK for last received packet with seq_num 65800
2024-10-30 14:46:47,926 - INFO - Received out-of-order packet with seq_num 128800, expected 67200
2024-10-30 14:46:47,927 - INFO - Sent ACK for last received packet with seq_num 65800
2024-10-30 14:46:47,927 - INFO - Received out-of-order packet with seq_num 130200, expected 67200
2024-10-30 14:46:47,927 - INFO - Sent ACK for last received packet with seq_num 65800
2024-10-30 14:46:47,927 - INFO - Received out-of-order packet with seq_num 131600, expected 67200
2024-10-30 14:46:47,927 - INFO - Sent ACK for last received packet with seq_num 65800
2024-10-30 14:46:47,928 - INFO - Received out-of-order packet with seq_num 133000, expected 67200
2024-10-30 14:46:47,928 - INFO - Sent ACK for last received packet with seq_num 65800
2024-10-30 14:46:47,928 - INFO - Received out-of-order packet with seq_num 134400, expected 67200
2024-10-30 14:46:47,928 - INFO - Sent ACK for last received packet with seq_num 65800
2024-10-30 14:46:47,928 - INFO - Received out-of-order packet with seq_num 135800, expected 67200
2024-10-30 14:46:47,929 - INFO - Sent ACK for last received packet with seq_num 65800
2024-10-30 14:46:47,929 - INFO - Received out-of-order packet with seq_num 137200, expected 67200
2024-10-30 14:46:47,929 - INFO - Sent ACK for last received packet with seq_num 65800
2024-10-30 14:46:47,929 - INFO - Received out-of-order packet with seq_num 138600, expected 67200
2024-10-30 14:46:47,929 - INFO - Sent ACK for last received packet with seq_num 65800
2024-10-30 14:46:47,930 - INFO - Received out-of-order packet with seq_num 140000, expected 67200
2024-10-30 14:46:47,930 - INFO - Sent ACK for last received packet with seq_num 65800
2024-10-30 14:46:47,930 - INFO - Received out-of-order packet with seq_num 141400, expected 67200
2024-10-30 14:46:47,930 - INFO - Sent ACK for last received packet with seq_num 65800
2024-10-30 14:46:47,930 - INFO - Received out-of-order packet with seq_num 142800, expected 67200
2024-10-30 14:46:47,931 - INFO - Sent ACK for last received packet with seq_num 65800
2024-10-30 14:46:47,931 - INFO - Received out-of-order packet with seq_num 145600, expected 67200
2024-10-30 14:46:47,931 - INFO - Sent ACK for last received packet with seq_num 65800
2024-10-30 14:46:47,931 - INFO - Received out-of-order packet with seq_num 147000, expected 67200
2024-10-30 14:46:47,931 - INFO - Sent ACK for last received packet with seq_num 65800
2024-10-30 14:46:47,931 - INFO - Received out-of-order packet with seq_num 148400, expected 67200
2024-10-30 14:46:47,932 - INFO - Sent ACK for last received packet with seq_num 65800
2024-10-30 14:46:47,932 - INFO - Received out-of-order packet with seq_num 149800, expected 67200
2024-10-30 14:46:47,932 - INFO - Sent ACK for last received packet with seq_num 65800
2024-10-30 14:46:47,932 - INFO - Received out-of-order packet with seq_num 151200, expected 67200
2024-10-30 14:46:47,932 - INFO - Sent ACK for last received packet with seq_num 65800
2024-10-30 14:46:47,933 - INFO - Received out-of-order packet with seq_num 152600, expected 67200
2024-10-30 14:46:47,933 - INFO - Sent ACK for last received packet with seq_num 65800
2024-10-30 14:46:47,933 - INFO - Received out-of-order packet with seq_num 154000, expected 67200
2024-10-30 14:46:47,933 - INFO - Sent ACK for last received packet with seq_num 65800
2024-10-30 14:46:47,933 - INFO - Received out-of-order packet with seq_num 155400, expected 67200
2024-10-30 14:46:47,934 - INFO - Sent ACK for last received packet with seq_num 65800
2024-10-30 14:46:47,934 - INFO - Received out-of-order packet with seq_num 156800, expected 67200
2024-10-30 14:46:47,934 - INFO - Sent ACK for last received packet with seq_num 65800
2024-10-30 14:46:47,934 - INFO - Received out-of-order packet with seq_num 158200, expected 67200
2024-10-30 14:46:47,934 - INFO - Sent ACK for last received packet with seq_num 65800
2024-10-30 14:46:47,935 - INFO - Received out-of-order packet with seq_num 159600, expected 67200
2024-10-30 14:46:47,935 - INFO - Sent ACK for last received packet with seq_num 65800
2024-10-30 14:46:47,935 - INFO - Received out-of-order packet with seq_num 161000, expected 67200
2024-10-30 14:46:47,935 - INFO - Sent ACK for last received packet with seq_num 65800
2024-10-30 14:46:47,935 - INFO - Received out-of-order packet with seq_num 162400, expected 67200
2024-10-30 14:46:47,935 - INFO - Sent ACK for last received packet with seq_num 65800
2024-10-30 14:46:47,936 - INFO - Received out-of-order packet with seq_num 163800, expected 67200
2024-10-30 14:46:47,936 - INFO - Sent ACK for last received packet with seq_num 65800
2024-10-30 14:46:47,936 - INFO - Received out-of-order packet with seq_num 166600, expected 67200
2024-10-30 14:46:47,936 - INFO - Sent ACK for last received packet with seq_num 65800
2024-10-30 14:46:47,936 - INFO - Received out-of-order packet with seq_num 169400, expected 67200
2024-10-30 14:46:47,936 - INFO - Sent ACK for last received packet with seq_num 65800
2024-10-30 14:46:47,937 - INFO - Received out-of-order packet with seq_num 170800, expected 67200
2024-10-30 14:46:47,937 - INFO - Sent ACK for last received packet with seq_num 65800
2024-10-30 14:46:47,937 - INFO - Received out-of-order packet with seq_num 172200, expected 67200
2024-10-30 14:46:47,937 - INFO - Sent ACK for last received packet with seq_num 65800
2024-10-30 14:46:47,938 - INFO - Received out-of-order packet with seq_num 173600, expected 67200
2024-10-30 14:46:47,938 - INFO - Sent ACK for last received packet with seq_num 65800
2024-10-30 14:46:47,938 - INFO - Received out-of-order packet with seq_num 176400, expected 67200
2024-10-30 14:46:47,938 - INFO - Sent ACK for last received packet with seq_num 65800
2024-10-30 14:46:47,938 - INFO - Received out-of-order packet with seq_num 177800, expected 67200
2024-10-30 14:46:47,938 - INFO - Sent ACK for last received packet with seq_num 65800
2024-10-30 14:46:47,939 - INFO - Received out-of-order packet with seq_num 179200, expected 67200
2024-10-30 14:46:47,939 - INFO - Sent ACK for last received packet with seq_num 65800
2024-10-30 14:46:47,939 - INFO - Received out-of-order packet with seq_num 182000, expected 67200
2024-10-30 14:46:47,939 - INFO - Sent ACK for last received packet with seq_num 65800
2024-10-30 14:46:47,939 - INFO - Received out-of-order packet with seq_num 183400, expected 67200
2024-10-30 14:46:47,939 - INFO - Sent ACK for last received packet with seq_num 65800
2024-10-30 14:46:47,940 - INFO - Received out-of-order packet with seq_num 186200, expected 67200
2024-10-30 14:46:47,940 - INFO - Sent ACK for last received packet with seq_num 65800
2024-10-30 14:46:47,940 - INFO - Received out-of-order packet with seq_num 187600, expected 67200
2024-10-30 14:46:47,940 - INFO - Sent ACK for last received packet with seq_num 65800
2024-10-30 14:46:47,940 - INFO - Received out-of-order packet with seq_num 189000, expected 67200
2024-10-30 14:46:47,940 - INFO - Sent ACK for last received packet with seq_num 65800
2024-10-30 14:46:47,941 - INFO - Received out-of-order packet with seq_num 190400, expected 67200
2024-10-30 14:46:47,941 - INFO - Sent ACK for last received packet with seq_num 65800
2024-10-30 14:46:47,941 - INFO - Received out-of-order packet with seq_num 191800, expected 67200
2024-10-30 14:46:47,941 - INFO - Sent ACK for last received packet with seq_num 65800
2024-10-30 14:46:47,941 - INFO - Received out-of-order packet with seq_num 193200, expected 67200
2024-10-30 14:46:47,941 - INFO - Sent ACK for last received packet with seq_num 65800
2024-10-30 14:46:47,942 - INFO - Received out-of-order packet with seq_num 194600, expected 67200
2024-10-30 14:46:47,942 - INFO - Sent ACK for last received packet with seq_num 65800
2024-10-30 14:46:47,942 - INFO - Received out-of-order packet with seq_num 196000, expected 67200
2024-10-30 14:46:47,942 - INFO - Sent ACK for last received packet with seq_num 65800
2024-10-30 14:46:47,942 - INFO - Received out-of-order packet with seq_num 197400, expected 67200
2024-10-30 14:46:47,943 - INFO - Sent ACK for last received packet with seq_num 65800
2024-10-30 14:46:47,943 - INFO - Received out-of-order packet with seq_num 198800, expected 67200
2024-10-30 14:46:47,943 - INFO - Sent ACK for last received packet with seq_num 65800
2024-10-30 14:46:47,943 - INFO - Received out-of-order packet with seq_num 200200, expected 67200
2024-10-30 14:46:47,943 - INFO - Sent ACK for last received packet with seq_num 65800
2024-10-30 14:46:47,943 - INFO - Received out-of-order packet with seq_num 203000, expected 67200
2024-10-30 14:46:47,944 - INFO - Sent ACK for last received packet with seq_num 65800
2024-10-30 14:46:47,944 - INFO - Received out-of-order packet with seq_num 204400, expected 67200
2024-10-30 14:46:47,944 - INFO - Sent ACK for last received packet with seq_num 65800
2024-10-30 14:46:47,944 - INFO - Received out-of-order packet with seq_num 205800, expected 67200
2024-10-30 14:46:47,944 - INFO - Sent ACK for last received packet with seq_num 65800
2024-10-30 14:46:47,944 - INFO - Received out-of-order packet with seq_num 207200, expected 67200
2024-10-30 14:46:47,945 - INFO - Sent ACK for last received packet with seq_num 65800
2024-10-30 14:46:47,945 - INFO - Received out-of-order packet with seq_num 208600, expected 67200
2024-10-30 14:46:47,945 - INFO - Sent ACK for last received packet with seq_num 65800
2024-10-30 14:46:47,945 - INFO - Received out-of-order packet with seq_num 210000, expected 67200
2024-10-30 14:46:47,945 - INFO - Sent ACK for last received packet with seq_num 65800
2024-10-30 14:46:47,946 - INFO - Received out-of-order packet with seq_num 211400, expected 67200
2024-10-30 14:46:47,946 - INFO - Sent ACK for last received packet with seq_num 65800
2024-10-30 14:46:47,946 - INFO - Received out-of-order packet with seq_num 212800, expected 67200
2024-10-30 14:46:47,946 - INFO - Sent ACK for last received packet with seq_num 65800
2024-10-30 14:46:47,946 - INFO - Received out-of-order packet with seq_num 214200, expected 67200
2024-10-30 14:46:47,946 - INFO - Sent ACK for last received packet with seq_num 65800
2024-10-30 14:46:47,946 - INFO - Received out-of-order packet with seq_num 217000, expected 67200
2024-10-30 14:46:47,947 - INFO - Sent ACK for last received packet with seq_num 65800
2024-10-30 14:46:47,947 - INFO - Received out-of-order packet with seq_num 218400, expected 67200
2024-10-30 14:46:47,947 - INFO - Sent ACK for last received packet with seq_num 65800
2024-10-30 14:46:47,947 - INFO - Received out-of-order packet with seq_num 219800, expected 67200
2024-10-30 14:46:47,947 - INFO - Sent ACK for last received packet with seq_num 65800
2024-10-30 14:46:47,947 - INFO - Received out-of-order packet with seq_num 221200, expected 67200
2024-10-30 14:46:47,947 - INFO - Sent ACK for last received packet with seq_num 65800
2024-10-30 14:46:47,948 - INFO - Received out-of-order packet with seq_num 222600, expected 67200
2024-10-30 14:46:47,948 - INFO - Sent ACK for last received packet with seq_num 65800
2024-10-30 14:46:47,948 - INFO - Received out-of-order packet with seq_num 224000, expected 67200
2024-10-30 14:46:47,948 - INFO - Sent ACK for last received packet with seq_num 65800
2024-10-30 14:46:47,948 - INFO - Received out-of-order packet with seq_num 225400, expected 67200
2024-10-30 14:46:47,948 - INFO - Sent ACK for last received packet with seq_num 65800
2024-10-30 14:46:47,949 - INFO - Received out-of-order packet with seq_num 226800, expected 67200
2024-10-30 14:46:47,949 - INFO - Sent ACK for last received packet with seq_num 65800
2024-10-30 14:46:47,949 - INFO - Received out-of-order packet with seq_num 228200, expected 67200
2024-10-30 14:46:47,949 - INFO - Sent ACK for last received packet with seq_num 65800
2024-10-30 14:46:47,949 - INFO - Received out-of-order packet with seq_num 229600, expected 67200
2024-10-30 14:46:47,949 - INFO - Sent ACK for last received packet with seq_num 65800
2024-10-30 14:46:47,949 - INFO - Received out-of-order packet with seq_num 231000, expected 67200
2024-10-30 14:46:47,950 - INFO - Sent ACK for last received packet with seq_num 65800
2024-10-30 14:46:47,950 - INFO - Received out-of-order packet with seq_num 232400, expected 67200
2024-10-30 14:46:47,950 - INFO - Sent ACK for last received packet with seq_num 65800
2024-10-30 14:46:47,950 - INFO - Received out-of-order packet with seq_num 233800, expected 67200
2024-10-30 14:46:47,950 - INFO - Sent ACK for last received packet with seq_num 65800
2024-10-30 14:46:47,951 - INFO - Received out-of-order packet with seq_num 235200, expected 67200
2024-10-30 14:46:47,951 - INFO - Sent ACK for last received packet with seq_num 65800
2024-10-30 14:46:47,951 - INFO - Received out-of-order packet with seq_num 236600, expected 67200
2024-10-30 14:46:47,951 - INFO - Sent ACK for last received packet with seq_num 65800
2024-10-30 14:46:47,951 - INFO - Received out-of-order packet with seq_num 238000, expected 67200
2024-10-30 14:46:47,951 - INFO - Sent ACK for last received packet with seq_num 65800
2024-10-30 14:46:47,951 - INFO - Received out-of-order packet with seq_num 239400, expected 67200
2024-10-30 14:46:47,951 - INFO - Sent ACK for last received packet with seq_num 65800
2024-10-30 14:46:47,952 - INFO - Received out-of-order packet with seq_num 240800, expected 67200
2024-10-30 14:46:47,952 - INFO - Sent ACK for last received packet with seq_num 65800
2024-10-30 14:46:47,952 - INFO - Received out-of-order packet with seq_num 242200, expected 67200
2024-10-30 14:46:47,952 - INFO - Sent ACK for last received packet with seq_num 65800
2024-10-30 14:46:47,952 - INFO - Received out-of-order packet with seq_num 245000, expected 67200
2024-10-30 14:46:47,952 - INFO - Sent ACK for last received packet with seq_num 65800
2024-10-30 14:46:47,952 - INFO - Received out-of-order packet with seq_num 247800, expected 67200
2024-10-30 14:46:47,953 - INFO - Sent ACK for last received packet with seq_num 65800
2024-10-30 14:46:47,953 - INFO - Received out-of-order packet with seq_num 249200, expected 67200
2024-10-30 14:46:47,953 - INFO - Sent ACK for last received packet with seq_num 65800
2024-10-30 14:46:47,953 - INFO - Received out-of-order packet with seq_num 250600, expected 67200
2024-10-30 14:46:47,953 - INFO - Sent ACK for last received packet with seq_num 65800
2024-10-30 14:46:47,953 - INFO - Received out-of-order packet with seq_num 252000, expected 67200
2024-10-30 14:46:47,954 - INFO - Sent ACK for last received packet with seq_num 65800
2024-10-30 14:46:47,954 - INFO - Received out-of-order packet with seq_num 253400, expected 67200
2024-10-30 14:46:47,954 - INFO - Sent ACK for last received packet with seq_num 65800
2024-10-30 14:46:47,954 - INFO - Received out-of-order packet with seq_num 254800, expected 67200
2024-10-30 14:46:47,954 - INFO - Sent ACK for last received packet with seq_num 65800
2024-10-30 14:46:47,954 - INFO - Received out-of-order packet with seq_num 256200, expected 67200
2024-10-30 14:46:47,954 - INFO - Sent ACK for last received packet with seq_num 65800
2024-10-30 14:46:47,955 - INFO - Received out-of-order packet with seq_num 257600, expected 67200
2024-10-30 14:46:47,955 - INFO - Sent ACK for last received packet with seq_num 65800
2024-10-30 14:46:47,955 - INFO - Received out-of-order packet with seq_num 259000, expected 67200
2024-10-30 14:46:47,955 - INFO - Sent ACK for last received packet with seq_num 65800
2024-10-30 14:46:47,955 - INFO - Received out-of-order packet with seq_num 260400, expected 67200
2024-10-30 14:46:47,955 - INFO - Sent ACK for last received packet with seq_num 65800
2024-10-30 14:46:47,955 - INFO - Received out-of-order packet with seq_num 261800, expected 67200
2024-10-30 14:46:47,956 - INFO - Sent ACK for last received packet with seq_num 65800
2024-10-30 14:46:47,956 - INFO - Received out-of-order packet with seq_num 263200, expected 67200
2024-10-30 14:46:47,956 - INFO - Sent ACK for last received packet with seq_num 65800
2024-10-30 14:46:47,956 - INFO - Received out-of-order packet with seq_num 264600, expected 67200
2024-10-30 14:46:47,956 - INFO - Sent ACK for last received packet with seq_num 65800
2024-10-30 14:46:47,956 - INFO - Received out-of-order packet with seq_num 266000, expected 67200
2024-10-30 14:46:47,956 - INFO - Sent ACK for last received packet with seq_num 65800
2024-10-30 14:46:47,957 - INFO - Received out-of-order packet with seq_num 267400, expected 67200
2024-10-30 14:46:47,957 - INFO - Sent ACK for last received packet with seq_num 65800
2024-10-30 14:46:47,957 - INFO - Received out-of-order packet with seq_num 268800, expected 67200
2024-10-30 14:46:47,957 - INFO - Sent ACK for last received packet with seq_num 65800
2024-10-30 14:46:47,957 - INFO - Received out-of-order packet with seq_num 270200, expected 67200
2024-10-30 14:46:47,957 - INFO - Sent ACK for last received packet with seq_num 65800
2024-10-30 14:46:47,957 - INFO - Received out-of-order packet with seq_num 271600, expected 67200
2024-10-30 14:46:47,958 - INFO - Sent ACK for last received packet with seq_num 65800
2024-10-30 14:46:47,958 - INFO - Received out-of-order packet with seq_num 273000, expected 67200
2024-10-30 14:46:47,958 - INFO - Sent ACK for last received packet with seq_num 65800
2024-10-30 14:46:47,958 - INFO - Received out-of-order packet with seq_num 274400, expected 67200
2024-10-30 14:46:47,958 - INFO - Sent ACK for last received packet with seq_num 65800
2024-10-30 14:46:47,958 - INFO - Received out-of-order packet with seq_num 275800, expected 67200
2024-10-30 14:46:47,958 - INFO - Sent ACK for last received packet with seq_num 65800
2024-10-30 14:46:47,959 - INFO - Received out-of-order packet with seq_num 277200, expected 67200
2024-10-30 14:46:47,959 - INFO - Sent ACK for last received packet with seq_num 65800
2024-10-30 14:46:47,959 - INFO - Received out-of-order packet with seq_num 278600, expected 67200
2024-10-30 14:46:47,959 - INFO - Sent ACK for last received packet with seq_num 65800
2024-10-30 14:46:47,960 - INFO - Received out-of-order packet with seq_num 280000, expected 67200
2024-10-30 14:46:47,960 - INFO - Sent ACK for last received packet with seq_num 65800
2024-10-30 14:46:47,961 - INFO - Received out-of-order packet with seq_num 281400, expected 67200
2024-10-30 14:46:47,961 - INFO - Sent ACK for last received packet with seq_num 65800
2024-10-30 14:46:47,962 - INFO - Received out-of-order packet with seq_num 282800, expected 67200
2024-10-30 14:46:47,962 - INFO - Sent ACK for last received packet with seq_num 65800
2024-10-30 14:46:47,962 - INFO - Received out-of-order packet with seq_num 284200, expected 67200
2024-10-30 14:46:47,963 - INFO - Sent ACK for last received packet with seq_num 65800
2024-10-30 14:46:47,963 - INFO - Received out-of-order packet with seq_num 285600, expected 67200
2024-10-30 14:46:47,963 - INFO - Sent ACK for last received packet with seq_num 65800
2024-10-30 14:46:47,964 - INFO - Received out-of-order packet with seq_num 287000, expected 67200
2024-10-30 14:46:47,964 - INFO - Sent ACK for last received packet with seq_num 65800
2024-10-30 14:46:47,965 - INFO - Received out-of-order packet with seq_num 288400, expected 67200
2024-10-30 14:46:47,965 - INFO - Sent ACK for last received packet with seq_num 65800
2024-10-30 14:46:47,966 - INFO - Received out-of-order packet with seq_num 289800, expected 67200
2024-10-30 14:46:47,966 - INFO - Sent ACK for last received packet with seq_num 65800
2024-10-30 14:46:47,967 - INFO - Received out-of-order packet with seq_num 292600, expected 67200
2024-10-30 14:46:47,967 - INFO - Sent ACK for last received packet with seq_num 65800
2024-10-30 14:46:47,968 - INFO - Received out-of-order packet with seq_num 294000, expected 67200
2024-10-30 14:46:47,968 - INFO - Sent ACK for last received packet with seq_num 65800
2024-10-30 14:46:47,968 - INFO - Received out-of-order packet with seq_num 295400, expected 67200
2024-10-30 14:46:47,968 - INFO - Sent ACK for last received packet with seq_num 65800
2024-10-30 14:46:47,969 - INFO - Received out-of-order packet with seq_num 296800, expected 67200
2024-10-30 14:46:47,969 - INFO - Sent ACK for last received packet with seq_num 65800
2024-10-30 14:46:47,969 - INFO - Received out-of-order packet with seq_num 298200, expected 67200
2024-10-30 14:46:47,970 - INFO - Sent ACK for last received packet with seq_num 65800
2024-10-30 14:46:47,970 - INFO - Received out-of-order packet with seq_num 299600, expected 67200
2024-10-30 14:46:47,970 - INFO - Sent ACK for last received packet with seq_num 65800
2024-10-30 14:46:47,971 - INFO - Received out-of-order packet with seq_num 301000, expected 67200
2024-10-30 14:46:47,971 - INFO - Sent ACK for last received packet with seq_num 65800
2024-10-30 14:46:47,971 - INFO - Received out-of-order packet with seq_num 302400, expected 67200
2024-10-30 14:46:47,971 - INFO - Sent ACK for last received packet with seq_num 65800
2024-10-30 14:46:47,971 - INFO - Received out-of-order packet with seq_num 303800, expected 67200
2024-10-30 14:46:47,971 - INFO - Sent ACK for last received packet with seq_num 65800
2024-10-30 14:46:47,972 - INFO - Received out-of-order packet with seq_num 305200, expected 67200
2024-10-30 14:46:47,972 - INFO - Sent ACK for last received packet with seq_num 65800
2024-10-30 14:46:47,972 - INFO - Received out-of-order packet with seq_num 306600, expected 67200
2024-10-30 14:46:47,973 - INFO - Sent ACK for last received packet with seq_num 65800
2024-10-30 14:46:47,973 - INFO - Received out-of-order packet with seq_num 308000, expected 67200
2024-10-30 14:46:47,973 - INFO - Sent ACK for last received packet with seq_num 65800
2024-10-30 14:46:47,973 - INFO - Received out-of-order packet with seq_num 309400, expected 67200
2024-10-30 14:46:47,974 - INFO - Sent ACK for last received packet with seq_num 65800
2024-10-30 14:46:47,974 - INFO - Received out-of-order packet with seq_num 310800, expected 67200
2024-10-30 14:46:47,974 - INFO - Sent ACK for last received packet with seq_num 65800
2024-10-30 14:46:47,975 - INFO - Received out-of-order packet with seq_num 312200, expected 67200
2024-10-30 14:46:47,975 - INFO - Sent ACK for last received packet with seq_num 65800
2024-10-30 14:46:47,975 - INFO - Received out-of-order packet with seq_num 313600, expected 67200
2024-10-30 14:46:47,975 - INFO - Sent ACK for last received packet with seq_num 65800
2024-10-30 14:46:47,976 - INFO - Received out-of-order packet with seq_num 315000, expected 67200
2024-10-30 14:46:47,976 - INFO - Sent ACK for last received packet with seq_num 65800
2024-10-30 14:46:47,976 - INFO - Received out-of-order packet with seq_num 316400, expected 67200
2024-10-30 14:46:47,976 - INFO - Sent ACK for last received packet with seq_num 65800
2024-10-30 14:46:47,977 - INFO - Received out-of-order packet with seq_num 317800, expected 67200
2024-10-30 14:46:47,977 - INFO - Sent ACK for last received packet with seq_num 65800
2024-10-30 14:46:47,977 - INFO - Received out-of-order packet with seq_num 319200, expected 67200
2024-10-30 14:46:47,977 - INFO - Sent ACK for last received packet with seq_num 65800
2024-10-30 14:46:47,978 - INFO - Received out-of-order packet with seq_num 320600, expected 67200
2024-10-30 14:46:47,978 - INFO - Sent ACK for last received packet with seq_num 65800
2024-10-30 14:46:47,978 - INFO - Received out-of-order packet with seq_num 322000, expected 67200
2024-10-30 14:46:47,978 - INFO - Sent ACK for last received packet with seq_num 65800
2024-10-30 14:46:47,979 - INFO - Received out-of-order packet with seq_num 323400, expected 67200
2024-10-30 14:46:47,979 - INFO - Sent ACK for last received packet with seq_num 65800
2024-10-30 14:46:47,980 - INFO - Received out-of-order packet with seq_num 324800, expected 67200
2024-10-30 14:46:47,980 - INFO - Sent ACK for last received packet with seq_num 65800
2024-10-30 14:46:47,980 - INFO - Received out-of-order packet with seq_num 326200, expected 67200
2024-10-30 14:46:47,980 - INFO - Sent ACK for last received packet with seq_num 65800
2024-10-30 14:46:47,981 - INFO - Received out-of-order packet with seq_num 327600, expected 67200
2024-10-30 14:46:47,981 - INFO - Sent ACK for last received packet with seq_num 65800
2024-10-30 14:46:47,981 - INFO - Received out-of-order packet with seq_num 329000, expected 67200
2024-10-30 14:46:47,982 - INFO - Sent ACK for last received packet with seq_num 65800
2024-10-30 14:46:47,982 - INFO - Received out-of-order packet with seq_num 330400, expected 67200
2024-10-30 14:46:47,982 - INFO - Sent ACK for last received packet with seq_num 65800
2024-10-30 14:46:47,983 - INFO - Received out-of-order packet with seq_num 331800, expected 67200
2024-10-30 14:46:47,983 - INFO - Sent ACK for last received packet with seq_num 65800
