2024-10-30 15:41:52,055 - INFO - Connection established with server.
2024-10-30 15:41:52,096 - INFO - RTT measurement done.
2024-10-30 15:41:52,137 - INFO - Received out-of-order packet with seq_num 1400, expected 0
2024-10-30 15:41:52,138 - INFO - Sent ACK for last received packet with seq_num -1
2024-10-30 15:41:52,138 - INFO - Received out-of-order packet with seq_num 2800, expected 0
2024-10-30 15:41:52,138 - INFO - Sent ACK for last received packet with seq_num -1
2024-10-30 15:41:52,138 - INFO - Received out-of-order packet with seq_num 4200, expected 0
2024-10-30 15:41:52,138 - INFO - Sent ACK for last received packet with seq_num -1
2024-10-30 15:41:52,139 - INFO - Received out-of-order packet with seq_num 5600, expected 0
2024-10-30 15:41:52,139 - INFO - Sent ACK for last received packet with seq_num -1
2024-10-30 15:41:52,139 - INFO - Received out-of-order packet with seq_num 7000, expected 0
2024-10-30 15:41:52,139 - INFO - Sent ACK for last received packet with seq_num -1
2024-10-30 15:41:52,139 - INFO - Received out-of-order packet with seq_num 8400, expected 0
2024-10-30 15:41:52,139 - INFO - Sent ACK for last received packet with seq_num -1
2024-10-30 15:41:52,140 - INFO - Received out-of-order packet with seq_num 9800, expected 0
2024-10-30 15:41:52,140 - INFO - Sent ACK for last received packet with seq_num -1
2024-10-30 15:41:52,140 - INFO - Received out-of-order packet with seq_num 11200, expected 0
2024-10-30 15:41:52,140 - INFO - Sent ACK for last received packet with seq_num -1
2024-10-30 15:41:52,140 - INFO - Received out-of-order packet with seq_num 12600, expected 0
2024-10-30 15:41:52,141 - INFO - Sent ACK for last received packet with seq_num -1
2024-10-30 15:41:52,141 - INFO - Received out-of-order packet with seq_num 14000, expected 0
2024-10-30 15:41:52,141 - INFO - Sent ACK for last received packet with seq_num -1
2024-10-30 15:41:52,141 - INFO - Received out-of-order packet with seq_num 15400, expected 0
2024-10-30 15:41:52,141 - INFO - Sent ACK for last received packet with seq_num -1
2024-10-30 15:41:52,142 - INFO - Received out-of-order packet with seq_num 16800, expected 0
2024-10-30 15:41:52,142 - INFO - Sent ACK for last received packet with seq_num -1
2024-10-30 15:41:52,142 - INFO - Received out-of-order packet with seq_num 18200, expected 0
2024-10-30 15:41:52,142 - INFO - Sent ACK for last received packet with seq_num -1
2024-10-30 15:41:52,142 - INFO - Received out-of-order packet with seq_num 19600, expected 0
2024-10-30 15:41:52,142 - INFO - Sent ACK for last received packet with seq_num -1
2024-10-30 15:41:52,143 - INFO - Received out-of-order packet with seq_num 21000, expected 0
2024-10-30 15:41:52,143 - INFO - Sent ACK for last received packet with seq_num -1
2024-10-30 15:41:52,143 - INFO - Received out-of-order packet with seq_num 22400, expected 0
2024-10-30 15:41:52,143 - INFO - Sent ACK for last received packet with seq_num -1
2024-10-30 15:41:52,143 - INFO - Received out-of-order packet with seq_num 23800, expected 0
2024-10-30 15:41:52,144 - INFO - Sent ACK for last received packet with seq_num -1
2024-10-30 15:41:52,144 - INFO - Received out-of-order packet with seq_num 25200, expected 0
2024-10-30 15:41:52,144 - INFO - Sent ACK for last received packet with seq_num -1
2024-10-30 15:41:52,144 - INFO - Received out-of-order packet with seq_num 26600, expected 0
2024-10-30 15:41:52,144 - INFO - Sent ACK for last received packet with seq_num -1
2024-10-30 15:41:52,145 - INFO - Received out-of-order packet with seq_num 29400, expected 0
2024-10-30 15:41:52,145 - INFO - Sent ACK for last received packet with seq_num -1
2024-10-30 15:41:52,145 - INFO - Received out-of-order packet with seq_num 30800, expected 0
2024-10-30 15:41:52,145 - INFO - Sent ACK for last received packet with seq_num -1
2024-10-30 15:41:52,145 - INFO - Received out-of-order packet with seq_num 32200, expected 0
2024-10-30 15:41:52,146 - INFO - Sent ACK for last received packet with seq_num -1
2024-10-30 15:41:52,146 - INFO - Received out-of-order packet with seq_num 33600, expected 0
2024-10-30 15:41:52,146 - INFO - Sent ACK for last received packet with seq_num -1
2024-10-30 15:41:52,146 - INFO - Received out-of-order packet with seq_num 35000, expected 0
2024-10-30 15:41:52,146 - INFO - Sent ACK for last received packet with seq_num -1
2024-10-30 15:41:52,147 - INFO - Received out-of-order packet with seq_num 36400, expected 0
2024-10-30 15:41:52,147 - INFO - Sent ACK for last received packet with seq_num -1
2024-10-30 15:41:52,147 - INFO - Received out-of-order packet with seq_num 37800, expected 0
2024-10-30 15:41:52,147 - INFO - Sent ACK for last received packet with seq_num -1
2024-10-30 15:41:52,147 - INFO - Received out-of-order packet with seq_num 39200, expected 0
2024-10-30 15:41:52,147 - INFO - Sent ACK for last received packet with seq_num -1
2024-10-30 15:41:52,148 - INFO - Received out-of-order packet with seq_num 40600, expected 0
2024-10-30 15:41:52,148 - INFO - Sent ACK for last received packet with seq_num -1
2024-10-30 15:41:52,148 - INFO - Received out-of-order packet with seq_num 42000, expected 0
2024-10-30 15:41:52,148 - INFO - Sent ACK for last received packet with seq_num -1
2024-10-30 15:41:52,148 - INFO - Received out-of-order packet with seq_num 43400, expected 0
2024-10-30 15:41:52,149 - INFO - Sent ACK for last received packet with seq_num -1
2024-10-30 15:41:52,149 - INFO - Received out-of-order packet with seq_num 44800, expected 0
2024-10-30 15:41:52,149 - INFO - Sent ACK for last received packet with seq_num -1
2024-10-30 15:41:52,149 - INFO - Received out-of-order packet with seq_num 46200, expected 0
2024-10-30 15:41:52,149 - INFO - Sent ACK for last received packet with seq_num -1
2024-10-30 15:41:52,150 - INFO - Received out-of-order packet with seq_num 47600, expected 0
2024-10-30 15:41:52,150 - INFO - Sent ACK for last received packet with seq_num -1
2024-10-30 15:41:52,150 - INFO - Received out-of-order packet with seq_num 49000, expected 0
2024-10-30 15:41:52,150 - INFO - Sent ACK for last received packet with seq_num -1
2024-10-30 15:41:52,150 - INFO - Received out-of-order packet with seq_num 50400, expected 0
2024-10-30 15:41:52,150 - INFO - Sent ACK for last received packet with seq_num -1
2024-10-30 15:41:52,151 - INFO - Received out-of-order packet with seq_num 51800, expected 0
2024-10-30 15:41:52,151 - INFO - Sent ACK for last received packet with seq_num -1
2024-10-30 15:41:52,151 - INFO - Received out-of-order packet with seq_num 53200, expected 0
2024-10-30 15:41:52,151 - INFO - Sent ACK for last received packet with seq_num -1
2024-10-30 15:41:52,151 - INFO - Received out-of-order packet with seq_num 54600, expected 0
2024-10-30 15:41:52,151 - INFO - Sent ACK for last received packet with seq_num -1
2024-10-30 15:41:52,152 - INFO - Received out-of-order packet with seq_num 58800, expected 0
2024-10-30 15:41:52,152 - INFO - Sent ACK for last received packet with seq_num -1
2024-10-30 15:41:52,152 - INFO - Received out-of-order packet with seq_num 60200, expected 0
2024-10-30 15:41:52,152 - INFO - Sent ACK for last received packet with seq_num -1
2024-10-30 15:41:52,152 - INFO - Received out-of-order packet with seq_num 61600, expected 0
2024-10-30 15:41:52,153 - INFO - Sent ACK for last received packet with seq_num -1
2024-10-30 15:41:52,153 - INFO - Received out-of-order packet with seq_num 63000, expected 0
2024-10-30 15:41:52,153 - INFO - Sent ACK for last received packet with seq_num -1
2024-10-30 15:41:52,153 - INFO - Received out-of-order packet with seq_num 64400, expected 0
2024-10-30 15:41:52,153 - INFO - Sent ACK for last received packet with seq_num -1
2024-10-30 15:41:52,154 - INFO - Received out-of-order packet with seq_num 65800, expected 0
2024-10-30 15:41:52,154 - INFO - Sent ACK for last received packet with seq_num -1
2024-10-30 15:41:52,154 - INFO - Received out-of-order packet with seq_num 67200, expected 0
2024-10-30 15:41:52,154 - INFO - Sent ACK for last received packet with seq_num -1
2024-10-30 15:41:52,154 - INFO - Received out-of-order packet with seq_num 68600, expected 0
2024-10-30 15:41:52,154 - INFO - Sent ACK for last received packet with seq_num -1
2024-10-30 15:41:52,155 - INFO - Received out-of-order packet with seq_num 70000, expected 0
2024-10-30 15:41:52,155 - INFO - Sent ACK for last received packet with seq_num -1
2024-10-30 15:41:52,155 - INFO - Received out-of-order packet with seq_num 71400, expected 0
2024-10-30 15:41:52,155 - INFO - Sent ACK for last received packet with seq_num -1
2024-10-30 15:41:52,155 - INFO - Received out-of-order packet with seq_num 74200, expected 0
2024-10-30 15:41:52,156 - INFO - Sent ACK for last received packet with seq_num -1
2024-10-30 15:41:52,156 - INFO - Received out-of-order packet with seq_num 75600, expected 0
2024-10-30 15:41:52,156 - INFO - Sent ACK for last received packet with seq_num -1
2024-10-30 15:41:52,156 - INFO - Received out-of-order packet with seq_num 77000, expected 0
2024-10-30 15:41:52,156 - INFO - Sent ACK for last received packet with seq_num -1
2024-10-30 15:41:52,157 - INFO - Received out-of-order packet with seq_num 78400, expected 0
2024-10-30 15:41:52,157 - INFO - Sent ACK for last received packet with seq_num -1
2024-10-30 15:41:52,157 - INFO - Received out-of-order packet with seq_num 79800, expected 0
2024-10-30 15:41:52,157 - INFO - Sent ACK for last received packet with seq_num -1
2024-10-30 15:41:52,157 - INFO - Received out-of-order packet with seq_num 81200, expected 0
2024-10-30 15:41:52,157 - INFO - Sent ACK for last received packet with seq_num -1
2024-10-30 15:41:52,158 - INFO - Received out-of-order packet with seq_num 82600, expected 0
2024-10-30 15:41:52,158 - INFO - Sent ACK for last received packet with seq_num -1
2024-10-30 15:41:52,158 - INFO - Received out-of-order packet with seq_num 84000, expected 0
2024-10-30 15:41:52,158 - INFO - Sent ACK for last received packet with seq_num -1
2024-10-30 15:41:52,159 - INFO - Received out-of-order packet with seq_num 85400, expected 0
2024-10-30 15:41:52,159 - INFO - Sent ACK for last received packet with seq_num -1
2024-10-30 15:41:52,159 - INFO - Received out-of-order packet with seq_num 86800, expected 0
2024-10-30 15:41:52,159 - INFO - Sent ACK for last received packet with seq_num -1
2024-10-30 15:41:52,159 - INFO - Received out-of-order packet with seq_num 88200, expected 0
2024-10-30 15:41:52,159 - INFO - Sent ACK for last received packet with seq_num -1
2024-10-30 15:41:52,160 - INFO - Received out-of-order packet with seq_num 89600, expected 0
2024-10-30 15:41:52,160 - INFO - Sent ACK for last received packet with seq_num -1
2024-10-30 15:41:52,160 - INFO - Received out-of-order packet with seq_num 91000, expected 0
2024-10-30 15:41:52,160 - INFO - Sent ACK for last received packet with seq_num -1
2024-10-30 15:41:52,161 - INFO - Received out-of-order packet with seq_num 92400, expected 0
2024-10-30 15:41:52,161 - INFO - Sent ACK for last received packet with seq_num -1
2024-10-30 15:41:52,161 - INFO - Received out-of-order packet with seq_num 93800, expected 0
2024-10-30 15:41:52,161 - INFO - Sent ACK for last received packet with seq_num -1
2024-10-30 15:41:52,161 - INFO - Received out-of-order packet with seq_num 95200, expected 0
2024-10-30 15:41:52,161 - INFO - Sent ACK for last received packet with seq_num -1
2024-10-30 15:41:52,162 - INFO - Received out-of-order packet with seq_num 96600, expected 0
2024-10-30 15:41:52,162 - INFO - Sent ACK for last received packet with seq_num -1
2024-10-30 15:41:52,162 - INFO - Received out-of-order packet with seq_num 98000, expected 0
2024-10-30 15:41:52,162 - INFO - Sent ACK for last received packet with seq_num -1
2024-10-30 15:41:52,162 - INFO - Received out-of-order packet with seq_num 99400, expected 0
2024-10-30 15:41:52,163 - INFO - Sent ACK for last received packet with seq_num -1
2024-10-30 15:41:52,163 - INFO - Received out-of-order packet with seq_num 100800, expected 0
2024-10-30 15:41:52,163 - INFO - Sent ACK for last received packet with seq_num -1
2024-10-30 15:41:52,163 - INFO - Received out-of-order packet with seq_num 102200, expected 0
2024-10-30 15:41:52,163 - INFO - Sent ACK for last received packet with seq_num -1
2024-10-30 15:41:52,164 - INFO - Received out-of-order packet with seq_num 103600, expected 0
2024-10-30 15:41:52,164 - INFO - Sent ACK for last received packet with seq_num -1
2024-10-30 15:41:52,164 - INFO - Received out-of-order packet with seq_num 105000, expected 0
2024-10-30 15:41:52,164 - INFO - Sent ACK for last received packet with seq_num -1
2024-10-30 15:41:52,164 - INFO - Received out-of-order packet with seq_num 106400, expected 0
2024-10-30 15:41:52,165 - INFO - Sent ACK for last received packet with seq_num -1
2024-10-30 15:41:52,165 - INFO - Received out-of-order packet with seq_num 107800, expected 0
2024-10-30 15:41:52,165 - INFO - Sent ACK for last received packet with seq_num -1
2024-10-30 15:41:52,165 - INFO - Received out-of-order packet with seq_num 109200, expected 0
2024-10-30 15:41:52,165 - INFO - Sent ACK for last received packet with seq_num -1
2024-10-30 15:41:52,166 - INFO - Received out-of-order packet with seq_num 110600, expected 0
2024-10-30 15:41:52,166 - INFO - Sent ACK for last received packet with seq_num -1
2024-10-30 15:41:52,166 - INFO - Received out-of-order packet with seq_num 112000, expected 0
2024-10-30 15:41:52,166 - INFO - Sent ACK for last received packet with seq_num -1
2024-10-30 15:41:52,166 - INFO - Received out-of-order packet with seq_num 113400, expected 0
2024-10-30 15:41:52,166 - INFO - Sent ACK for last received packet with seq_num -1
2024-10-30 15:41:52,167 - INFO - Received out-of-order packet with seq_num 116200, expected 0
2024-10-30 15:41:52,167 - INFO - Sent ACK for last received packet with seq_num -1
2024-10-30 15:41:52,167 - INFO - Received out-of-order packet with seq_num 117600, expected 0
2024-10-30 15:41:52,167 - INFO - Sent ACK for last received packet with seq_num -1
2024-10-30 15:41:52,167 - INFO - Received out-of-order packet with seq_num 119000, expected 0
2024-10-30 15:41:52,167 - INFO - Sent ACK for last received packet with seq_num -1
2024-10-30 15:41:52,168 - INFO - Received out-of-order packet with seq_num 120400, expected 0
2024-10-30 15:41:52,168 - INFO - Sent ACK for last received packet with seq_num -1
2024-10-30 15:41:52,168 - INFO - Received out-of-order packet with seq_num 123200, expected 0
2024-10-30 15:41:52,168 - INFO - Sent ACK for last received packet with seq_num -1
2024-10-30 15:41:52,168 - INFO - Received out-of-order packet with seq_num 124600, expected 0
2024-10-30 15:41:52,169 - INFO - Sent ACK for last received packet with seq_num -1
2024-10-30 15:41:52,169 - INFO - Received out-of-order packet with seq_num 126000, expected 0
2024-10-30 15:41:52,169 - INFO - Sent ACK for last received packet with seq_num -1
2024-10-30 15:41:52,169 - INFO - Received out-of-order packet with seq_num 127400, expected 0
2024-10-30 15:41:52,169 - INFO - Sent ACK for last received packet with seq_num -1
2024-10-30 15:41:52,170 - INFO - Received out-of-order packet with seq_num 128800, expected 0
2024-10-30 15:41:52,170 - INFO - Sent ACK for last received packet with seq_num -1
2024-10-30 15:41:52,170 - INFO - Received out-of-order packet with seq_num 130200, expected 0
2024-10-30 15:41:52,170 - INFO - Sent ACK for last received packet with seq_num -1
2024-10-30 15:41:52,170 - INFO - Received out-of-order packet with seq_num 131600, expected 0
2024-10-30 15:41:52,170 - INFO - Sent ACK for last received packet with seq_num -1
2024-10-30 15:41:52,171 - INFO - Received out-of-order packet with seq_num 133000, expected 0
2024-10-30 15:41:52,171 - INFO - Sent ACK for last received packet with seq_num -1
2024-10-30 15:41:52,171 - INFO - Received out-of-order packet with seq_num 134400, expected 0
2024-10-30 15:41:52,171 - INFO - Sent ACK for last received packet with seq_num -1
2024-10-30 15:41:52,171 - INFO - Received out-of-order packet with seq_num 135800, expected 0
2024-10-30 15:41:52,171 - INFO - Sent ACK for last received packet with seq_num -1
2024-10-30 15:41:52,172 - INFO - Received out-of-order packet with seq_num 137200, expected 0
2024-10-30 15:41:52,172 - INFO - Sent ACK for last received packet with seq_num -1
2024-10-30 15:41:52,172 - INFO - Received out-of-order packet with seq_num 140000, expected 0
2024-10-30 15:41:52,172 - INFO - Sent ACK for last received packet with seq_num -1
2024-10-30 15:41:52,172 - INFO - Received out-of-order packet with seq_num 141400, expected 0
2024-10-30 15:41:52,172 - INFO - Sent ACK for last received packet with seq_num -1
2024-10-30 15:41:52,173 - INFO - Received out-of-order packet with seq_num 142800, expected 0
2024-10-30 15:41:52,173 - INFO - Sent ACK for last received packet with seq_num -1
2024-10-30 15:41:52,173 - INFO - Received out-of-order packet with seq_num 144200, expected 0
2024-10-30 15:41:52,173 - INFO - Sent ACK for last received packet with seq_num -1
2024-10-30 15:41:52,173 - INFO - Received out-of-order packet with seq_num 145600, expected 0
2024-10-30 15:41:52,174 - INFO - Sent ACK for last received packet with seq_num -1
2024-10-30 15:41:52,174 - INFO - Received out-of-order packet with seq_num 147000, expected 0
2024-10-30 15:41:52,174 - INFO - Sent ACK for last received packet with seq_num -1
2024-10-30 15:41:52,174 - INFO - Received out-of-order packet with seq_num 148400, expected 0
2024-10-30 15:41:52,174 - INFO - Sent ACK for last received packet with seq_num -1
2024-10-30 15:41:52,175 - INFO - Received out-of-order packet with seq_num 149800, expected 0
2024-10-30 15:41:52,175 - INFO - Sent ACK for last received packet with seq_num -1
2024-10-30 15:41:52,175 - INFO - Received out-of-order packet with seq_num 151200, expected 0
2024-10-30 15:41:52,175 - INFO - Sent ACK for last received packet with seq_num -1
2024-10-30 15:41:52,175 - INFO - Received out-of-order packet with seq_num 152600, expected 0
2024-10-30 15:41:52,175 - INFO - Sent ACK for last received packet with seq_num -1
2024-10-30 15:41:52,175 - INFO - Received out-of-order packet with seq_num 154000, expected 0
2024-10-30 15:41:52,176 - INFO - Sent ACK for last received packet with seq_num -1
2024-10-30 15:41:52,176 - INFO - Received out-of-order packet with seq_num 155400, expected 0
2024-10-30 15:41:52,176 - INFO - Sent ACK for last received packet with seq_num -1
2024-10-30 15:41:52,176 - INFO - Received out-of-order packet with seq_num 156800, expected 0
2024-10-30 15:41:52,176 - INFO - Sent ACK for last received packet with seq_num -1
2024-10-30 15:41:52,176 - INFO - Received out-of-order packet with seq_num 158200, expected 0
2024-10-30 15:41:52,177 - INFO - Sent ACK for last received packet with seq_num -1
2024-10-30 15:41:52,177 - INFO - Received out-of-order packet with seq_num 159600, expected 0
2024-10-30 15:41:52,177 - INFO - Sent ACK for last received packet with seq_num -1
2024-10-30 15:41:52,177 - INFO - Received out-of-order packet with seq_num 161000, expected 0
2024-10-30 15:41:52,177 - INFO - Sent ACK for last received packet with seq_num -1
2024-10-30 15:41:52,177 - INFO - Received out-of-order packet with seq_num 162400, expected 0
2024-10-30 15:41:52,178 - INFO - Sent ACK for last received packet with seq_num -1
2024-10-30 15:41:52,178 - INFO - Received out-of-order packet with seq_num 163800, expected 0
2024-10-30 15:41:52,178 - INFO - Sent ACK for last received packet with seq_num -1
2024-10-30 15:41:52,178 - INFO - Received out-of-order packet with seq_num 165200, expected 0
2024-10-30 15:41:52,178 - INFO - Sent ACK for last received packet with seq_num -1
2024-10-30 15:41:52,178 - INFO - Received out-of-order packet with seq_num 166600, expected 0
2024-10-30 15:41:52,178 - INFO - Sent ACK for last received packet with seq_num -1
2024-10-30 15:41:52,179 - INFO - Received out-of-order packet with seq_num 168000, expected 0
2024-10-30 15:41:52,179 - INFO - Sent ACK for last received packet with seq_num -1
2024-10-30 15:41:52,179 - INFO - Received out-of-order packet with seq_num 169400, expected 0
2024-10-30 15:41:52,179 - INFO - Sent ACK for last received packet with seq_num -1
2024-10-30 15:41:52,179 - INFO - Received out-of-order packet with seq_num 170800, expected 0
2024-10-30 15:41:52,179 - INFO - Sent ACK for last received packet with seq_num -1
2024-10-30 15:41:52,180 - INFO - Received out-of-order packet with seq_num 173600, expected 0
2024-10-30 15:41:52,180 - INFO - Sent ACK for last received packet with seq_num -1
2024-10-30 15:41:52,180 - INFO - Received out-of-order packet with seq_num 175000, expected 0
2024-10-30 15:41:52,180 - INFO - Sent ACK for last received packet with seq_num -1
2024-10-30 15:41:52,180 - INFO - Received out-of-order packet with seq_num 177800, expected 0
2024-10-30 15:41:52,180 - INFO - Sent ACK for last received packet with seq_num -1
2024-10-30 15:41:52,181 - INFO - Received out-of-order packet with seq_num 179200, expected 0
2024-10-30 15:41:52,181 - INFO - Sent ACK for last received packet with seq_num -1
2024-10-30 15:41:52,181 - INFO - Received out-of-order packet with seq_num 182000, expected 0
2024-10-30 15:41:52,181 - INFO - Sent ACK for last received packet with seq_num -1
2024-10-30 15:41:53,138 - INFO - Received and acknowledged packet with seq_num 26600
2024-10-30 15:41:53,138 - INFO - Received duplicate packet with seq_num 1400
2024-10-30 15:41:53,139 - INFO - Sent ACK for last received packet with seq_num 26600
2024-10-30 15:41:53,139 - INFO - Received duplicate packet with seq_num 2800
2024-10-30 15:41:53,139 - INFO - Sent ACK for last received packet with seq_num 26600
2024-10-30 15:41:53,139 - INFO - Received duplicate packet with seq_num 4200
2024-10-30 15:41:53,139 - INFO - Sent ACK for last received packet with seq_num 26600
2024-10-30 15:41:53,140 - INFO - Received duplicate packet with seq_num 5600
2024-10-30 15:41:53,140 - INFO - Sent ACK for last received packet with seq_num 26600
2024-10-30 15:41:53,140 - INFO - Received duplicate packet with seq_num 7000
2024-10-30 15:41:53,140 - INFO - Sent ACK for last received packet with seq_num 26600
2024-10-30 15:41:53,140 - INFO - Received duplicate packet with seq_num 8400
2024-10-30 15:41:53,141 - INFO - Sent ACK for last received packet with seq_num 26600
2024-10-30 15:41:53,141 - INFO - Received duplicate packet with seq_num 9800
2024-10-30 15:41:53,141 - INFO - Sent ACK for last received packet with seq_num 26600
2024-10-30 15:41:53,141 - INFO - Received duplicate packet with seq_num 11200
2024-10-30 15:41:53,141 - INFO - Sent ACK for last received packet with seq_num 26600
2024-10-30 15:41:53,141 - INFO - Received duplicate packet with seq_num 12600
2024-10-30 15:41:53,142 - INFO - Sent ACK for last received packet with seq_num 26600
2024-10-30 15:41:53,142 - INFO - Received duplicate packet with seq_num 14000
2024-10-30 15:41:53,142 - INFO - Sent ACK for last received packet with seq_num 26600
2024-10-30 15:41:53,142 - INFO - Received duplicate packet with seq_num 15400
2024-10-30 15:41:53,142 - INFO - Sent ACK for last received packet with seq_num 26600
2024-10-30 15:41:53,143 - INFO - Received duplicate packet with seq_num 18200
2024-10-30 15:41:53,143 - INFO - Sent ACK for last received packet with seq_num 26600
2024-10-30 15:41:53,143 - INFO - Received duplicate packet with seq_num 19600
2024-10-30 15:41:53,143 - INFO - Sent ACK for last received packet with seq_num 26600
2024-10-30 15:41:53,143 - INFO - Received duplicate packet with seq_num 21000
2024-10-30 15:41:53,143 - INFO - Sent ACK for last received packet with seq_num 26600
2024-10-30 15:41:53,144 - INFO - Received duplicate packet with seq_num 22400
2024-10-30 15:41:53,144 - INFO - Sent ACK for last received packet with seq_num 26600
2024-10-30 15:41:53,144 - INFO - Received duplicate packet with seq_num 23800
2024-10-30 15:41:53,144 - INFO - Sent ACK for last received packet with seq_num 26600
2024-10-30 15:41:53,144 - INFO - Received duplicate packet with seq_num 25200
2024-10-30 15:41:53,144 - INFO - Sent ACK for last received packet with seq_num 26600
2024-10-30 15:41:53,145 - INFO - Received duplicate packet with seq_num 26600
2024-10-30 15:41:53,145 - INFO - Sent ACK for last received packet with seq_num 26600
2024-10-30 15:41:53,145 - INFO - Received and acknowledged packet with seq_num 54600
2024-10-30 15:41:53,146 - INFO - Received duplicate packet with seq_num 30800
2024-10-30 15:41:53,146 - INFO - Sent ACK for last received packet with seq_num 54600
2024-10-30 15:41:53,146 - INFO - Received duplicate packet with seq_num 32200
2024-10-30 15:41:53,146 - INFO - Sent ACK for last received packet with seq_num 54600
2024-10-30 15:41:53,146 - INFO - Received duplicate packet with seq_num 33600
2024-10-30 15:41:53,146 - INFO - Sent ACK for last received packet with seq_num 54600
2024-10-30 15:41:53,147 - INFO - Received duplicate packet with seq_num 35000
2024-10-30 15:41:53,147 - INFO - Sent ACK for last received packet with seq_num 54600
2024-10-30 15:41:53,147 - INFO - Received duplicate packet with seq_num 36400
2024-10-30 15:41:53,147 - INFO - Sent ACK for last received packet with seq_num 54600
2024-10-30 15:41:53,147 - INFO - Received duplicate packet with seq_num 37800
2024-10-30 15:41:53,147 - INFO - Sent ACK for last received packet with seq_num 54600
2024-10-30 15:41:53,148 - INFO - Received duplicate packet with seq_num 40600
2024-10-30 15:41:53,148 - INFO - Sent ACK for last received packet with seq_num 54600
2024-10-30 15:41:53,148 - INFO - Received duplicate packet with seq_num 42000
2024-10-30 15:41:53,148 - INFO - Sent ACK for last received packet with seq_num 54600
2024-10-30 15:41:53,148 - INFO - Received duplicate packet with seq_num 43400
2024-10-30 15:41:53,149 - INFO - Sent ACK for last received packet with seq_num 54600
2024-10-30 15:41:53,149 - INFO - Received duplicate packet with seq_num 44800
2024-10-30 15:41:53,149 - INFO - Sent ACK for last received packet with seq_num 54600
2024-10-30 15:41:53,149 - INFO - Received duplicate packet with seq_num 47600
2024-10-30 15:41:53,149 - INFO - Sent ACK for last received packet with seq_num 54600
2024-10-30 15:41:53,150 - INFO - Received duplicate packet with seq_num 49000
2024-10-30 15:41:53,150 - INFO - Sent ACK for last received packet with seq_num 54600
2024-10-30 15:41:53,150 - INFO - Received duplicate packet with seq_num 50400
2024-10-30 15:41:53,150 - INFO - Sent ACK for last received packet with seq_num 54600
2024-10-30 15:41:53,150 - INFO - Received duplicate packet with seq_num 51800
2024-10-30 15:41:53,150 - INFO - Sent ACK for last received packet with seq_num 54600
2024-10-30 15:41:53,151 - INFO - Received duplicate packet with seq_num 53200
2024-10-30 15:41:53,151 - INFO - Sent ACK for last received packet with seq_num 54600
2024-10-30 15:41:53,151 - INFO - Received duplicate packet with seq_num 54600
2024-10-30 15:41:53,151 - INFO - Sent ACK for last received packet with seq_num 54600
2024-10-30 15:41:53,151 - INFO - Received and acknowledged packet with seq_num 56000
2024-10-30 15:41:53,152 - INFO - Received and acknowledged packet with seq_num 71400
2024-10-30 15:41:53,152 - INFO - Received duplicate packet with seq_num 58800
2024-10-30 15:41:53,152 - INFO - Sent ACK for last received packet with seq_num 71400
2024-10-30 15:41:53,152 - INFO - Received duplicate packet with seq_num 60200
2024-10-30 15:41:53,153 - INFO - Sent ACK for last received packet with seq_num 71400
2024-10-30 15:41:53,153 - INFO - Received duplicate packet with seq_num 61600
2024-10-30 15:41:53,153 - INFO - Sent ACK for last received packet with seq_num 71400
2024-10-30 15:41:53,153 - INFO - Received duplicate packet with seq_num 63000
2024-10-30 15:41:53,153 - INFO - Sent ACK for last received packet with seq_num 71400
2024-10-30 15:41:53,154 - INFO - Received duplicate packet with seq_num 64400
2024-10-30 15:41:53,154 - INFO - Sent ACK for last received packet with seq_num 71400
2024-10-30 15:41:53,154 - INFO - Received duplicate packet with seq_num 67200
2024-10-30 15:41:53,154 - INFO - Sent ACK for last received packet with seq_num 71400
2024-10-30 15:41:53,154 - INFO - Received duplicate packet with seq_num 68600
2024-10-30 15:41:53,154 - INFO - Sent ACK for last received packet with seq_num 71400
2024-10-30 15:41:53,155 - INFO - Received duplicate packet with seq_num 70000
2024-10-30 15:41:53,155 - INFO - Sent ACK for last received packet with seq_num 71400
2024-10-30 15:41:53,155 - INFO - Received duplicate packet with seq_num 71400
2024-10-30 15:41:53,155 - INFO - Sent ACK for last received packet with seq_num 71400
2024-10-30 15:41:53,156 - INFO - Received and acknowledged packet with seq_num 113400
2024-10-30 15:41:53,156 - INFO - Received duplicate packet with seq_num 74200
2024-10-30 15:41:53,156 - INFO - Sent ACK for last received packet with seq_num 113400
2024-10-30 15:41:53,156 - INFO - Received duplicate packet with seq_num 77000
2024-10-30 15:41:53,156 - INFO - Sent ACK for last received packet with seq_num 113400
2024-10-30 15:41:53,157 - INFO - Received duplicate packet with seq_num 78400
2024-10-30 15:41:53,157 - INFO - Sent ACK for last received packet with seq_num 113400
2024-10-30 15:41:53,157 - INFO - Received duplicate packet with seq_num 79800
2024-10-30 15:41:53,157 - INFO - Sent ACK for last received packet with seq_num 113400
2024-10-30 15:41:53,157 - INFO - Received duplicate packet with seq_num 81200
2024-10-30 15:41:53,158 - INFO - Sent ACK for last received packet with seq_num 113400
2024-10-30 15:41:53,158 - INFO - Received duplicate packet with seq_num 84000
2024-10-30 15:41:53,158 - INFO - Sent ACK for last received packet with seq_num 113400
2024-10-30 15:41:53,158 - INFO - Received duplicate packet with seq_num 85400
2024-10-30 15:41:53,158 - INFO - Sent ACK for last received packet with seq_num 113400
2024-10-30 15:41:53,159 - INFO - Received duplicate packet with seq_num 86800
2024-10-30 15:41:53,159 - INFO - Sent ACK for last received packet with seq_num 113400
2024-10-30 15:41:53,159 - INFO - Received duplicate packet with seq_num 88200
2024-10-30 15:41:53,159 - INFO - Sent ACK for last received packet with seq_num 113400
2024-10-30 15:41:53,159 - INFO - Received duplicate packet with seq_num 89600
2024-10-30 15:41:53,160 - INFO - Sent ACK for last received packet with seq_num 113400
2024-10-30 15:41:53,160 - INFO - Received duplicate packet with seq_num 91000
2024-10-30 15:41:53,160 - INFO - Sent ACK for last received packet with seq_num 113400
2024-10-30 15:41:53,160 - INFO - Received duplicate packet with seq_num 92400
2024-10-30 15:41:53,160 - INFO - Sent ACK for last received packet with seq_num 113400
2024-10-30 15:41:53,161 - INFO - Received duplicate packet with seq_num 93800
2024-10-30 15:41:53,161 - INFO - Sent ACK for last received packet with seq_num 113400
2024-10-30 15:41:53,161 - INFO - Received duplicate packet with seq_num 95200
2024-10-30 15:41:53,161 - INFO - Sent ACK for last received packet with seq_num 113400
2024-10-30 15:41:53,162 - INFO - Received duplicate packet with seq_num 96600
2024-10-30 15:41:53,162 - INFO - Sent ACK for last received packet with seq_num 113400
2024-10-30 15:41:53,162 - INFO - Received duplicate packet with seq_num 98000
2024-10-30 15:41:53,162 - INFO - Sent ACK for last received packet with seq_num 113400
2024-10-30 15:41:53,162 - INFO - Received duplicate packet with seq_num 99400
2024-10-30 15:41:53,162 - INFO - Sent ACK for last received packet with seq_num 113400
2024-10-30 15:41:53,163 - INFO - Received duplicate packet with seq_num 100800
2024-10-30 15:41:53,163 - INFO - Sent ACK for last received packet with seq_num 113400
2024-10-30 15:41:53,163 - INFO - Received duplicate packet with seq_num 102200
2024-10-30 15:41:53,164 - INFO - Sent ACK for last received packet with seq_num 113400
2024-10-30 15:41:53,164 - INFO - Received duplicate packet with seq_num 103600
2024-10-30 15:41:53,165 - INFO - Sent ACK for last received packet with seq_num 113400
2024-10-30 15:41:53,165 - INFO - Received duplicate packet with seq_num 105000
2024-10-30 15:41:53,165 - INFO - Sent ACK for last received packet with seq_num 113400
2024-10-30 15:41:53,166 - INFO - Received duplicate packet with seq_num 106400
2024-10-30 15:41:53,166 - INFO - Sent ACK for last received packet with seq_num 113400
2024-10-30 15:41:53,167 - INFO - Received duplicate packet with seq_num 107800
2024-10-30 15:41:53,167 - INFO - Sent ACK for last received packet with seq_num 113400
2024-10-30 15:41:53,167 - INFO - Received duplicate packet with seq_num 109200
2024-10-30 15:41:53,167 - INFO - Sent ACK for last received packet with seq_num 113400
2024-10-30 15:41:53,168 - INFO - Received duplicate packet with seq_num 110600
2024-10-30 15:41:53,168 - INFO - Sent ACK for last received packet with seq_num 113400
2024-10-30 15:41:53,168 - INFO - Received duplicate packet with seq_num 113400
2024-10-30 15:41:53,168 - INFO - Sent ACK for last received packet with seq_num 113400
2024-10-30 15:41:53,169 - INFO - Received and acknowledged packet with seq_num 120400
2024-10-30 15:41:53,169 - INFO - Received duplicate packet with seq_num 117600
2024-10-30 15:41:53,169 - INFO - Sent ACK for last received packet with seq_num 120400
2024-10-30 15:41:53,169 - INFO - Received duplicate packet with seq_num 119000
2024-10-30 15:41:53,169 - INFO - Sent ACK for last received packet with seq_num 120400
2024-10-30 15:41:53,170 - INFO - Received duplicate packet with seq_num 120400
2024-10-30 15:41:53,170 - INFO - Sent ACK for last received packet with seq_num 120400
2024-10-30 15:41:53,170 - INFO - Received and acknowledged packet with seq_num 137200
2024-10-30 15:41:53,170 - INFO - Received duplicate packet with seq_num 123200
2024-10-30 15:41:53,171 - INFO - Sent ACK for last received packet with seq_num 137200
2024-10-30 15:41:53,171 - INFO - Received duplicate packet with seq_num 124600
2024-10-30 15:41:53,171 - INFO - Sent ACK for last received packet with seq_num 137200
2024-10-30 15:41:53,171 - INFO - Received duplicate packet with seq_num 126000
2024-10-30 15:41:53,171 - INFO - Sent ACK for last received packet with seq_num 137200
2024-10-30 15:41:53,172 - INFO - Received duplicate packet with seq_num 127400
2024-10-30 15:41:53,172 - INFO - Sent ACK for last received packet with seq_num 137200
2024-10-30 15:41:53,172 - INFO - Received duplicate packet with seq_num 128800
2024-10-30 15:41:53,172 - INFO - Sent ACK for last received packet with seq_num 137200
2024-10-30 15:41:53,173 - INFO - Received duplicate packet with seq_num 130200
2024-10-30 15:41:53,173 - INFO - Sent ACK for last received packet with seq_num 137200
2024-10-30 15:41:53,173 - INFO - Received duplicate packet with seq_num 131600
2024-10-30 15:41:53,173 - INFO - Sent ACK for last received packet with seq_num 137200
2024-10-30 15:41:53,173 - INFO - Received duplicate packet with seq_num 133000
2024-10-30 15:41:53,173 - INFO - Sent ACK for last received packet with seq_num 137200
2024-10-30 15:41:53,174 - INFO - Received duplicate packet with seq_num 134400
2024-10-30 15:41:53,174 - INFO - Sent ACK for last received packet with seq_num 137200
2024-10-30 15:41:53,174 - INFO - Received duplicate packet with seq_num 135800
2024-10-30 15:41:53,174 - INFO - Sent ACK for last received packet with seq_num 137200
2024-10-30 15:41:53,175 - INFO - Received duplicate packet with seq_num 137200
2024-10-30 15:41:53,175 - INFO - Sent ACK for last received packet with seq_num 137200
2024-10-30 15:41:53,175 - INFO - Received and acknowledged packet with seq_num 170800
2024-10-30 15:41:53,175 - INFO - Received duplicate packet with seq_num 140000
2024-10-30 15:41:53,176 - INFO - Sent ACK for last received packet with seq_num 170800
2024-10-30 15:41:53,176 - INFO - Received duplicate packet with seq_num 141400
2024-10-30 15:41:53,176 - INFO - Sent ACK for last received packet with seq_num 170800
2024-10-30 15:41:53,176 - INFO - Received duplicate packet with seq_num 142800
2024-10-30 15:41:53,176 - INFO - Sent ACK for last received packet with seq_num 170800
2024-10-30 15:41:53,177 - INFO - Received duplicate packet with seq_num 144200
2024-10-30 15:41:53,177 - INFO - Sent ACK for last received packet with seq_num 170800
2024-10-30 15:41:53,177 - INFO - Received duplicate packet with seq_num 145600
2024-10-30 15:41:53,177 - INFO - Sent ACK for last received packet with seq_num 170800
2024-10-30 15:41:53,178 - INFO - Received duplicate packet with seq_num 147000
2024-10-30 15:41:53,178 - INFO - Sent ACK for last received packet with seq_num 170800
2024-10-30 15:41:53,178 - INFO - Received duplicate packet with seq_num 148400
2024-10-30 15:41:53,178 - INFO - Sent ACK for last received packet with seq_num 170800
2024-10-30 15:41:53,178 - INFO - Received duplicate packet with seq_num 149800
2024-10-30 15:41:53,179 - INFO - Sent ACK for last received packet with seq_num 170800
2024-10-30 15:41:53,179 - INFO - Received duplicate packet with seq_num 151200
2024-10-30 15:41:53,179 - INFO - Sent ACK for last received packet with seq_num 170800
2024-10-30 15:41:53,179 - INFO - Received duplicate packet with seq_num 152600
2024-10-30 15:41:53,179 - INFO - Sent ACK for last received packet with seq_num 170800
2024-10-30 15:41:53,180 - INFO - Received duplicate packet with seq_num 154000
2024-10-30 15:41:53,180 - INFO - Sent ACK for last received packet with seq_num 170800
2024-10-30 15:41:53,180 - INFO - Received duplicate packet with seq_num 155400
2024-10-30 15:41:53,180 - INFO - Sent ACK for last received packet with seq_num 170800
2024-10-30 15:41:53,180 - INFO - Received duplicate packet with seq_num 156800
2024-10-30 15:41:53,181 - INFO - Sent ACK for last received packet with seq_num 170800
2024-10-30 15:41:53,181 - INFO - Received duplicate packet with seq_num 159600
2024-10-30 15:41:53,181 - INFO - Sent ACK for last received packet with seq_num 170800
2024-10-30 15:41:53,181 - INFO - Received duplicate packet with seq_num 161000
2024-10-30 15:41:53,181 - INFO - Sent ACK for last received packet with seq_num 170800
2024-10-30 15:41:53,182 - INFO - Received duplicate packet with seq_num 162400
2024-10-30 15:41:53,182 - INFO - Sent ACK for last received packet with seq_num 170800
2024-10-30 15:41:53,182 - INFO - Received duplicate packet with seq_num 163800
2024-10-30 15:41:53,182 - INFO - Sent ACK for last received packet with seq_num 170800
2024-10-30 15:41:53,182 - INFO - Received duplicate packet with seq_num 165200
2024-10-30 15:41:53,182 - INFO - Sent ACK for last received packet with seq_num 170800
2024-10-30 15:41:53,183 - INFO - Received duplicate packet with seq_num 166600
2024-10-30 15:41:53,183 - INFO - Sent ACK for last received packet with seq_num 170800
2024-10-30 15:41:53,183 - INFO - Received duplicate packet with seq_num 169400
2024-10-30 15:41:53,183 - INFO - Sent ACK for last received packet with seq_num 170800
2024-10-30 15:41:53,183 - INFO - Received duplicate packet with seq_num 170800
2024-10-30 15:41:53,183 - INFO - Sent ACK for last received packet with seq_num 170800
2024-10-30 15:41:53,184 - INFO - Received and acknowledged packet with seq_num 175000
2024-10-30 15:41:53,184 - INFO - Received duplicate packet with seq_num 173600
2024-10-30 15:41:53,184 - INFO - Sent ACK for last received packet with seq_num 175000
2024-10-30 15:41:53,184 - INFO - Received duplicate packet with seq_num 175000
2024-10-30 15:41:53,184 - INFO - Sent ACK for last received packet with seq_num 175000
2024-10-30 15:41:53,185 - INFO - Received and acknowledged packet with seq_num 179200
2024-10-30 15:41:53,185 - INFO - Received duplicate packet with seq_num 177800
2024-10-30 15:41:53,185 - INFO - Sent ACK for last received packet with seq_num 179200
2024-10-30 15:41:53,185 - INFO - Received duplicate packet with seq_num 179200
2024-10-30 15:41:53,185 - INFO - Sent ACK for last received packet with seq_num 179200
2024-10-30 15:41:53,186 - INFO - Received and acknowledged packet with seq_num 182000
2024-10-30 15:41:53,186 - INFO - Received duplicate packet with seq_num 182000
2024-10-30 15:41:53,186 - INFO - Sent ACK for last received packet with seq_num 182000
2024-10-30 15:41:53,227 - INFO - Received FIN from server.
2024-10-30 15:41:53,268 - INFO - Connection closed successfully.
2024-10-30 15:41:53,269 - INFO - File received successfully.
