2024-10-30 15:41:35,735 - INFO - Connection established with server.
2024-10-30 15:41:35,776 - INFO - RTT measurement done.
2024-10-30 15:41:35,818 - INFO - Received and acknowledged packet with seq_num 0
2024-10-30 15:41:35,819 - INFO - Received and acknowledged packet with seq_num 1400
2024-10-30 15:41:35,819 - INFO - Received and acknowledged packet with seq_num 2800
2024-10-30 15:41:35,819 - INFO - Received and acknowledged packet with seq_num 4200
2024-10-30 15:41:35,820 - INFO - Received and acknowledged packet with seq_num 5600
2024-10-30 15:41:35,820 - INFO - Received and acknowledged packet with seq_num 7000
2024-10-30 15:41:35,820 - INFO - Received and acknowledged packet with seq_num 8400
2024-10-30 15:41:35,821 - INFO - Received and acknowledged packet with seq_num 9800
2024-10-30 15:41:35,821 - INFO - Received and acknowledged packet with seq_num 11200
2024-10-30 15:41:35,821 - INFO - Received and acknowledged packet with seq_num 12600
2024-10-30 15:41:35,822 - INFO - Received and acknowledged packet with seq_num 14000
2024-10-30 15:41:35,825 - INFO - Received and acknowledged packet with seq_num 15400
2024-10-30 15:41:35,826 - INFO - Received and acknowledged packet with seq_num 16800
2024-10-30 15:41:35,826 - INFO - Received and acknowledged packet with seq_num 18200
2024-10-30 15:41:35,827 - INFO - Received and acknowledged packet with seq_num 19600
2024-10-30 15:41:35,827 - INFO - Received and acknowledged packet with seq_num 21000
2024-10-30 15:41:35,828 - INFO - Received and acknowledged packet with seq_num 22400
2024-10-30 15:41:35,828 - INFO - Received and acknowledged packet with seq_num 23800
2024-10-30 15:41:35,828 - INFO - Received and acknowledged packet with seq_num 25200
2024-10-30 15:41:35,829 - INFO - Received and acknowledged packet with seq_num 26600
2024-10-30 15:41:35,829 - INFO - Received and acknowledged packet with seq_num 28000
2024-10-30 15:41:35,829 - INFO - Received and acknowledged packet with seq_num 29400
2024-10-30 15:41:35,830 - INFO - Received and acknowledged packet with seq_num 30800
2024-10-30 15:41:35,830 - INFO - Received and acknowledged packet with seq_num 32200
2024-10-30 15:41:35,830 - INFO - Received and acknowledged packet with seq_num 33600
2024-10-30 15:41:35,830 - INFO - Received and acknowledged packet with seq_num 35000
2024-10-30 15:41:35,831 - INFO - Received and acknowledged packet with seq_num 36400
2024-10-30 15:41:35,831 - INFO - Received and acknowledged packet with seq_num 37800
2024-10-30 15:41:35,831 - INFO - Received and acknowledged packet with seq_num 39200
2024-10-30 15:41:35,832 - INFO - Received and acknowledged packet with seq_num 40600
2024-10-30 15:41:35,832 - INFO - Received and acknowledged packet with seq_num 42000
2024-10-30 15:41:35,832 - INFO - Received and acknowledged packet with seq_num 43400
2024-10-30 15:41:35,833 - INFO - Received and acknowledged packet with seq_num 44800
2024-10-30 15:41:35,833 - INFO - Received and acknowledged packet with seq_num 46200
2024-10-30 15:41:35,834 - INFO - Received and acknowledged packet with seq_num 47600
2024-10-30 15:41:35,834 - INFO - Received and acknowledged packet with seq_num 49000
2024-10-30 15:41:35,834 - INFO - Received and acknowledged packet with seq_num 50400
2024-10-30 15:41:35,835 - INFO - Received and acknowledged packet with seq_num 51800
2024-10-30 15:41:35,835 - INFO - Received and acknowledged packet with seq_num 53200
2024-10-30 15:41:35,835 - INFO - Received and acknowledged packet with seq_num 54600
2024-10-30 15:41:35,836 - INFO - Received and acknowledged packet with seq_num 56000
2024-10-30 15:41:35,836 - INFO - Received and acknowledged packet with seq_num 57400
2024-10-30 15:41:35,836 - INFO - Received out-of-order packet with seq_num 60200, expected 58800
2024-10-30 15:41:35,836 - INFO - Sent ACK for last received packet with seq_num 57400
2024-10-30 15:41:35,837 - INFO - Received out-of-order packet with seq_num 61600, expected 58800
2024-10-30 15:41:35,837 - INFO - Sent ACK for last received packet with seq_num 57400
2024-10-30 15:41:35,837 - INFO - Received out-of-order packet with seq_num 63000, expected 58800
2024-10-30 15:41:35,837 - INFO - Sent ACK for last received packet with seq_num 57400
2024-10-30 15:41:35,837 - INFO - Received out-of-order packet with seq_num 64400, expected 58800
2024-10-30 15:41:35,837 - INFO - Sent ACK for last received packet with seq_num 57400
2024-10-30 15:41:35,838 - INFO - Received out-of-order packet with seq_num 65800, expected 58800
2024-10-30 15:41:35,838 - INFO - Sent ACK for last received packet with seq_num 57400
2024-10-30 15:41:35,838 - INFO - Received out-of-order packet with seq_num 67200, expected 58800
2024-10-30 15:41:35,838 - INFO - Sent ACK for last received packet with seq_num 57400
2024-10-30 15:41:35,839 - INFO - Received out-of-order packet with seq_num 68600, expected 58800
2024-10-30 15:41:35,839 - INFO - Sent ACK for last received packet with seq_num 57400
2024-10-30 15:41:35,839 - INFO - Received out-of-order packet with seq_num 70000, expected 58800
2024-10-30 15:41:35,839 - INFO - Sent ACK for last received packet with seq_num 57400
2024-10-30 15:41:35,840 - INFO - Received out-of-order packet with seq_num 71400, expected 58800
2024-10-30 15:41:35,840 - INFO - Sent ACK for last received packet with seq_num 57400
2024-10-30 15:41:35,840 - INFO - Received out-of-order packet with seq_num 74200, expected 58800
2024-10-30 15:41:35,840 - INFO - Sent ACK for last received packet with seq_num 57400
2024-10-30 15:41:35,841 - INFO - Received out-of-order packet with seq_num 75600, expected 58800
2024-10-30 15:41:35,841 - INFO - Sent ACK for last received packet with seq_num 57400
2024-10-30 15:41:35,841 - INFO - Received out-of-order packet with seq_num 77000, expected 58800
2024-10-30 15:41:35,841 - INFO - Sent ACK for last received packet with seq_num 57400
2024-10-30 15:41:35,842 - INFO - Received out-of-order packet with seq_num 78400, expected 58800
2024-10-30 15:41:35,842 - INFO - Sent ACK for last received packet with seq_num 57400
2024-10-30 15:41:35,842 - INFO - Received out-of-order packet with seq_num 79800, expected 58800
2024-10-30 15:41:35,842 - INFO - Sent ACK for last received packet with seq_num 57400
2024-10-30 15:41:35,842 - INFO - Received out-of-order packet with seq_num 82600, expected 58800
2024-10-30 15:41:35,843 - INFO - Sent ACK for last received packet with seq_num 57400
2024-10-30 15:41:35,843 - INFO - Received out-of-order packet with seq_num 84000, expected 58800
2024-10-30 15:41:35,843 - INFO - Sent ACK for last received packet with seq_num 57400
2024-10-30 15:41:35,843 - INFO - Received out-of-order packet with seq_num 85400, expected 58800
2024-10-30 15:41:35,843 - INFO - Sent ACK for last received packet with seq_num 57400
2024-10-30 15:41:35,844 - INFO - Received out-of-order packet with seq_num 86800, expected 58800
2024-10-30 15:41:35,844 - INFO - Sent ACK for last received packet with seq_num 57400
2024-10-30 15:41:35,844 - INFO - Received out-of-order packet with seq_num 88200, expected 58800
2024-10-30 15:41:35,844 - INFO - Sent ACK for last received packet with seq_num 57400
2024-10-30 15:41:35,844 - INFO - Received out-of-order packet with seq_num 92400, expected 58800
2024-10-30 15:41:35,845 - INFO - Sent ACK for last received packet with seq_num 57400
2024-10-30 15:41:35,845 - INFO - Received out-of-order packet with seq_num 93800, expected 58800
2024-10-30 15:41:35,845 - INFO - Sent ACK for last received packet with seq_num 57400
2024-10-30 15:41:35,845 - INFO - Received out-of-order packet with seq_num 95200, expected 58800
2024-10-30 15:41:35,845 - INFO - Sent ACK for last received packet with seq_num 57400
2024-10-30 15:41:35,846 - INFO - Received out-of-order packet with seq_num 96600, expected 58800
2024-10-30 15:41:35,846 - INFO - Sent ACK for last received packet with seq_num 57400
2024-10-30 15:41:35,846 - INFO - Received out-of-order packet with seq_num 98000, expected 58800
2024-10-30 15:41:35,846 - INFO - Sent ACK for last received packet with seq_num 57400
2024-10-30 15:41:35,847 - INFO - Received out-of-order packet with seq_num 99400, expected 58800
2024-10-30 15:41:35,847 - INFO - Sent ACK for last received packet with seq_num 57400
2024-10-30 15:41:35,847 - INFO - Received out-of-order packet with seq_num 100800, expected 58800
2024-10-30 15:41:35,847 - INFO - Sent ACK for last received packet with seq_num 57400
2024-10-30 15:41:35,847 - INFO - Received out-of-order packet with seq_num 102200, expected 58800
2024-10-30 15:41:35,848 - INFO - Sent ACK for last received packet with seq_num 57400
2024-10-30 15:41:35,848 - INFO - Received out-of-order packet with seq_num 103600, expected 58800
2024-10-30 15:41:35,848 - INFO - Sent ACK for last received packet with seq_num 57400
2024-10-30 15:41:35,848 - INFO - Received out-of-order packet with seq_num 105000, expected 58800
2024-10-30 15:41:35,848 - INFO - Sent ACK for last received packet with seq_num 57400
2024-10-30 15:41:35,849 - INFO - Received out-of-order packet with seq_num 106400, expected 58800
2024-10-30 15:41:35,849 - INFO - Sent ACK for last received packet with seq_num 57400
2024-10-30 15:41:35,849 - INFO - Received out-of-order packet with seq_num 107800, expected 58800
2024-10-30 15:41:35,849 - INFO - Sent ACK for last received packet with seq_num 57400
2024-10-30 15:41:35,850 - INFO - Received out-of-order packet with seq_num 109200, expected 58800
2024-10-30 15:41:35,850 - INFO - Sent ACK for last received packet with seq_num 57400
2024-10-30 15:41:35,850 - INFO - Received out-of-order packet with seq_num 110600, expected 58800
2024-10-30 15:41:35,850 - INFO - Sent ACK for last received packet with seq_num 57400
2024-10-30 15:41:35,851 - INFO - Received out-of-order packet with seq_num 112000, expected 58800
2024-10-30 15:41:35,851 - INFO - Sent ACK for last received packet with seq_num 57400
2024-10-30 15:41:35,851 - INFO - Received out-of-order packet with seq_num 113400, expected 58800
2024-10-30 15:41:35,851 - INFO - Sent ACK for last received packet with seq_num 57400
2024-10-30 15:41:35,852 - INFO - Received out-of-order packet with seq_num 114800, expected 58800
2024-10-30 15:41:35,852 - INFO - Sent ACK for last received packet with seq_num 57400
2024-10-30 15:41:35,852 - INFO - Received out-of-order packet with seq_num 116200, expected 58800
2024-10-30 15:41:35,852 - INFO - Sent ACK for last received packet with seq_num 57400
2024-10-30 15:41:35,852 - INFO - Received out-of-order packet with seq_num 117600, expected 58800
2024-10-30 15:41:35,853 - INFO - Sent ACK for last received packet with seq_num 57400
2024-10-30 15:41:35,853 - INFO - Received out-of-order packet with seq_num 119000, expected 58800
2024-10-30 15:41:35,853 - INFO - Sent ACK for last received packet with seq_num 57400
2024-10-30 15:41:35,853 - INFO - Received out-of-order packet with seq_num 120400, expected 58800
2024-10-30 15:41:35,853 - INFO - Sent ACK for last received packet with seq_num 57400
2024-10-30 15:41:35,854 - INFO - Received out-of-order packet with seq_num 121800, expected 58800
2024-10-30 15:41:35,854 - INFO - Sent ACK for last received packet with seq_num 57400
2024-10-30 15:41:35,854 - INFO - Received out-of-order packet with seq_num 123200, expected 58800
2024-10-30 15:41:35,854 - INFO - Sent ACK for last received packet with seq_num 57400
2024-10-30 15:41:35,855 - INFO - Received out-of-order packet with seq_num 124600, expected 58800
2024-10-30 15:41:35,855 - INFO - Sent ACK for last received packet with seq_num 57400
2024-10-30 15:41:35,855 - INFO - Received out-of-order packet with seq_num 126000, expected 58800
2024-10-30 15:41:35,855 - INFO - Sent ACK for last received packet with seq_num 57400
2024-10-30 15:41:35,855 - INFO - Received out-of-order packet with seq_num 127400, expected 58800
2024-10-30 15:41:35,856 - INFO - Sent ACK for last received packet with seq_num 57400
2024-10-30 15:41:35,856 - INFO - Received out-of-order packet with seq_num 130200, expected 58800
2024-10-30 15:41:35,856 - INFO - Sent ACK for last received packet with seq_num 57400
2024-10-30 15:41:35,856 - INFO - Received out-of-order packet with seq_num 131600, expected 58800
2024-10-30 15:41:35,856 - INFO - Sent ACK for last received packet with seq_num 57400
2024-10-30 15:41:35,857 - INFO - Received out-of-order packet with seq_num 133000, expected 58800
2024-10-30 15:41:35,857 - INFO - Sent ACK for last received packet with seq_num 57400
2024-10-30 15:41:35,858 - INFO - Received out-of-order packet with seq_num 134400, expected 58800
2024-10-30 15:41:35,858 - INFO - Sent ACK for last received packet with seq_num 57400
2024-10-30 15:41:35,858 - INFO - Received out-of-order packet with seq_num 135800, expected 58800
2024-10-30 15:41:35,858 - INFO - Sent ACK for last received packet with seq_num 57400
2024-10-30 15:41:35,858 - INFO - Received out-of-order packet with seq_num 137200, expected 58800
2024-10-30 15:41:35,859 - INFO - Sent ACK for last received packet with seq_num 57400
2024-10-30 15:41:35,859 - INFO - Received out-of-order packet with seq_num 138600, expected 58800
2024-10-30 15:41:35,859 - INFO - Sent ACK for last received packet with seq_num 57400
2024-10-30 15:41:35,859 - INFO - Received out-of-order packet with seq_num 140000, expected 58800
2024-10-30 15:41:35,859 - INFO - Sent ACK for last received packet with seq_num 57400
2024-10-30 15:41:35,860 - INFO - Received out-of-order packet with seq_num 141400, expected 58800
2024-10-30 15:41:35,860 - INFO - Sent ACK for last received packet with seq_num 57400
2024-10-30 15:41:35,860 - INFO - Received out-of-order packet with seq_num 142800, expected 58800
2024-10-30 15:41:35,860 - INFO - Sent ACK for last received packet with seq_num 57400
2024-10-30 15:41:35,860 - INFO - Received out-of-order packet with seq_num 144200, expected 58800
2024-10-30 15:41:35,861 - INFO - Sent ACK for last received packet with seq_num 57400
2024-10-30 15:41:35,861 - INFO - Received out-of-order packet with seq_num 145600, expected 58800
2024-10-30 15:41:35,861 - INFO - Sent ACK for last received packet with seq_num 57400
2024-10-30 15:41:35,861 - INFO - Received out-of-order packet with seq_num 147000, expected 58800
2024-10-30 15:41:35,861 - INFO - Sent ACK for last received packet with seq_num 57400
2024-10-30 15:41:35,862 - INFO - Received out-of-order packet with seq_num 148400, expected 58800
2024-10-30 15:41:35,862 - INFO - Sent ACK for last received packet with seq_num 57400
2024-10-30 15:41:35,862 - INFO - Received out-of-order packet with seq_num 149800, expected 58800
2024-10-30 15:41:35,862 - INFO - Sent ACK for last received packet with seq_num 57400
2024-10-30 15:41:35,862 - INFO - Received out-of-order packet with seq_num 151200, expected 58800
2024-10-30 15:41:35,863 - INFO - Sent ACK for last received packet with seq_num 57400
2024-10-30 15:41:35,863 - INFO - Received out-of-order packet with seq_num 152600, expected 58800
2024-10-30 15:41:35,863 - INFO - Sent ACK for last received packet with seq_num 57400
2024-10-30 15:41:35,863 - INFO - Received out-of-order packet with seq_num 154000, expected 58800
2024-10-30 15:41:35,863 - INFO - Sent ACK for last received packet with seq_num 57400
2024-10-30 15:41:35,864 - INFO - Received out-of-order packet with seq_num 155400, expected 58800
2024-10-30 15:41:35,864 - INFO - Sent ACK for last received packet with seq_num 57400
2024-10-30 15:41:35,864 - INFO - Received out-of-order packet with seq_num 156800, expected 58800
2024-10-30 15:41:35,864 - INFO - Sent ACK for last received packet with seq_num 57400
2024-10-30 15:41:35,864 - INFO - Received out-of-order packet with seq_num 158200, expected 58800
2024-10-30 15:41:35,864 - INFO - Sent ACK for last received packet with seq_num 57400
2024-10-30 15:41:35,865 - INFO - Received out-of-order packet with seq_num 159600, expected 58800
2024-10-30 15:41:35,865 - INFO - Sent ACK for last received packet with seq_num 57400
2024-10-30 15:41:35,865 - INFO - Received out-of-order packet with seq_num 161000, expected 58800
2024-10-30 15:41:35,865 - INFO - Sent ACK for last received packet with seq_num 57400
2024-10-30 15:41:35,865 - INFO - Received out-of-order packet with seq_num 163800, expected 58800
2024-10-30 15:41:35,866 - INFO - Sent ACK for last received packet with seq_num 57400
2024-10-30 15:41:35,866 - INFO - Received out-of-order packet with seq_num 165200, expected 58800
2024-10-30 15:41:35,866 - INFO - Sent ACK for last received packet with seq_num 57400
2024-10-30 15:41:35,866 - INFO - Received out-of-order packet with seq_num 166600, expected 58800
2024-10-30 15:41:35,866 - INFO - Sent ACK for last received packet with seq_num 57400
2024-10-30 15:41:35,867 - INFO - Received out-of-order packet with seq_num 168000, expected 58800
2024-10-30 15:41:35,867 - INFO - Sent ACK for last received packet with seq_num 57400
2024-10-30 15:41:35,867 - INFO - Received out-of-order packet with seq_num 169400, expected 58800
2024-10-30 15:41:35,867 - INFO - Sent ACK for last received packet with seq_num 57400
2024-10-30 15:41:35,867 - INFO - Received out-of-order packet with seq_num 170800, expected 58800
2024-10-30 15:41:35,867 - INFO - Sent ACK for last received packet with seq_num 57400
2024-10-30 15:41:35,868 - INFO - Received out-of-order packet with seq_num 172200, expected 58800
2024-10-30 15:41:35,868 - INFO - Sent ACK for last received packet with seq_num 57400
2024-10-30 15:41:35,868 - INFO - Received out-of-order packet with seq_num 175000, expected 58800
2024-10-30 15:41:35,868 - INFO - Sent ACK for last received packet with seq_num 57400
2024-10-30 15:41:35,868 - INFO - Received out-of-order packet with seq_num 176400, expected 58800
2024-10-30 15:41:35,869 - INFO - Sent ACK for last received packet with seq_num 57400
2024-10-30 15:41:35,869 - INFO - Received out-of-order packet with seq_num 177800, expected 58800
2024-10-30 15:41:35,869 - INFO - Sent ACK for last received packet with seq_num 57400
2024-10-30 15:41:35,869 - INFO - Received out-of-order packet with seq_num 179200, expected 58800
2024-10-30 15:41:35,869 - INFO - Sent ACK for last received packet with seq_num 57400
2024-10-30 15:41:35,869 - INFO - Received out-of-order packet with seq_num 180600, expected 58800
2024-10-30 15:41:35,870 - INFO - Sent ACK for last received packet with seq_num 57400
2024-10-30 15:41:35,870 - INFO - Received out-of-order packet with seq_num 182000, expected 58800
2024-10-30 15:41:35,870 - INFO - Sent ACK for last received packet with seq_num 57400
2024-10-30 15:41:35,882 - INFO - Received and acknowledged packet with seq_num 71400
2024-10-30 15:41:35,883 - INFO - Received duplicate packet with seq_num 58800
2024-10-30 15:41:35,883 - INFO - Sent ACK for last received packet with seq_num 71400
2024-10-30 15:41:35,883 - INFO - Received duplicate packet with seq_num 58800
2024-10-30 15:41:35,883 - INFO - Sent ACK for last received packet with seq_num 71400
2024-10-30 15:41:35,884 - INFO - Received duplicate packet with seq_num 58800
2024-10-30 15:41:35,884 - INFO - Sent ACK for last received packet with seq_num 71400
2024-10-30 15:41:35,884 - INFO - Received duplicate packet with seq_num 58800
2024-10-30 15:41:35,884 - INFO - Sent ACK for last received packet with seq_num 71400
2024-10-30 15:41:35,885 - INFO - Received duplicate packet with seq_num 58800
2024-10-30 15:41:35,885 - INFO - Sent ACK for last received packet with seq_num 71400
2024-10-30 15:41:35,885 - INFO - Received duplicate packet with seq_num 58800
2024-10-30 15:41:35,885 - INFO - Sent ACK for last received packet with seq_num 71400
2024-10-30 15:41:35,886 - INFO - Received duplicate packet with seq_num 58800
2024-10-30 15:41:35,886 - INFO - Sent ACK for last received packet with seq_num 71400
2024-10-30 15:41:35,886 - INFO - Received duplicate packet with seq_num 58800
2024-10-30 15:41:35,886 - INFO - Sent ACK for last received packet with seq_num 71400
2024-10-30 15:41:35,886 - INFO - Received duplicate packet with seq_num 58800
2024-10-30 15:41:35,886 - INFO - Sent ACK for last received packet with seq_num 71400
2024-10-30 15:41:35,887 - INFO - Received duplicate packet with seq_num 58800
2024-10-30 15:41:35,887 - INFO - Sent ACK for last received packet with seq_num 71400
2024-10-30 15:41:35,887 - INFO - Received duplicate packet with seq_num 58800
2024-10-30 15:41:35,887 - INFO - Sent ACK for last received packet with seq_num 71400
2024-10-30 15:41:35,887 - INFO - Received duplicate packet with seq_num 58800
2024-10-30 15:41:35,888 - INFO - Sent ACK for last received packet with seq_num 71400
2024-10-30 15:41:35,888 - INFO - Received duplicate packet with seq_num 58800
2024-10-30 15:41:35,888 - INFO - Sent ACK for last received packet with seq_num 71400
2024-10-30 15:41:35,888 - INFO - Received duplicate packet with seq_num 58800
2024-10-30 15:41:35,888 - INFO - Sent ACK for last received packet with seq_num 71400
2024-10-30 15:41:35,889 - INFO - Received duplicate packet with seq_num 58800
2024-10-30 15:41:35,889 - INFO - Sent ACK for last received packet with seq_num 71400
2024-10-30 15:41:35,889 - INFO - Received duplicate packet with seq_num 58800
2024-10-30 15:41:35,889 - INFO - Sent ACK for last received packet with seq_num 71400
2024-10-30 15:41:35,889 - INFO - Received duplicate packet with seq_num 58800
2024-10-30 15:41:35,889 - INFO - Sent ACK for last received packet with seq_num 71400
2024-10-30 15:41:35,890 - INFO - Received duplicate packet with seq_num 58800
2024-10-30 15:41:35,890 - INFO - Sent ACK for last received packet with seq_num 71400
2024-10-30 15:41:35,890 - INFO - Received duplicate packet with seq_num 58800
2024-10-30 15:41:35,890 - INFO - Sent ACK for last received packet with seq_num 71400
2024-10-30 15:41:35,891 - INFO - Received duplicate packet with seq_num 58800
2024-10-30 15:41:35,891 - INFO - Sent ACK for last received packet with seq_num 71400
2024-10-30 15:41:35,891 - INFO - Received duplicate packet with seq_num 58800
2024-10-30 15:41:35,891 - INFO - Sent ACK for last received packet with seq_num 71400
2024-10-30 15:41:35,891 - INFO - Received duplicate packet with seq_num 58800
2024-10-30 15:41:35,892 - INFO - Sent ACK for last received packet with seq_num 71400
2024-10-30 15:41:35,892 - INFO - Received duplicate packet with seq_num 58800
2024-10-30 15:41:35,892 - INFO - Sent ACK for last received packet with seq_num 71400
2024-10-30 15:41:35,892 - INFO - Received duplicate packet with seq_num 58800
2024-10-30 15:41:35,892 - INFO - Sent ACK for last received packet with seq_num 71400
2024-10-30 15:41:35,892 - INFO - Received duplicate packet with seq_num 58800
2024-10-30 15:41:35,893 - INFO - Sent ACK for last received packet with seq_num 71400
2024-10-30 15:41:35,893 - INFO - Received duplicate packet with seq_num 58800
2024-10-30 15:41:35,893 - INFO - Sent ACK for last received packet with seq_num 71400
2024-10-30 15:41:35,893 - INFO - Received duplicate packet with seq_num 58800
2024-10-30 15:41:35,893 - INFO - Sent ACK for last received packet with seq_num 71400
2024-10-30 15:41:35,894 - INFO - Received duplicate packet with seq_num 58800
2024-10-30 15:41:35,894 - INFO - Sent ACK for last received packet with seq_num 71400
2024-10-30 15:41:35,894 - INFO - Received duplicate packet with seq_num 58800
2024-10-30 15:41:35,894 - INFO - Sent ACK for last received packet with seq_num 71400
2024-10-30 15:41:35,895 - INFO - Received duplicate packet with seq_num 58800
2024-10-30 15:41:35,895 - INFO - Sent ACK for last received packet with seq_num 71400
2024-10-30 15:41:35,895 - INFO - Received duplicate packet with seq_num 58800
2024-10-30 15:41:35,895 - INFO - Sent ACK for last received packet with seq_num 71400
2024-10-30 15:41:35,895 - INFO - Received duplicate packet with seq_num 58800
2024-10-30 15:41:35,896 - INFO - Sent ACK for last received packet with seq_num 71400
2024-10-30 15:41:35,896 - INFO - Received duplicate packet with seq_num 58800
2024-10-30 15:41:35,896 - INFO - Sent ACK for last received packet with seq_num 71400
2024-10-30 15:41:35,896 - INFO - Received duplicate packet with seq_num 58800
2024-10-30 15:41:35,896 - INFO - Sent ACK for last received packet with seq_num 71400
2024-10-30 15:41:35,897 - INFO - Received duplicate packet with seq_num 58800
2024-10-30 15:41:35,897 - INFO - Sent ACK for last received packet with seq_num 71400
2024-10-30 15:41:35,897 - INFO - Received duplicate packet with seq_num 58800
2024-10-30 15:41:35,897 - INFO - Sent ACK for last received packet with seq_num 71400
2024-10-30 15:41:35,897 - INFO - Received duplicate packet with seq_num 58800
2024-10-30 15:41:35,897 - INFO - Sent ACK for last received packet with seq_num 71400
2024-10-30 15:41:35,898 - INFO - Received duplicate packet with seq_num 58800
2024-10-30 15:41:35,898 - INFO - Sent ACK for last received packet with seq_num 71400
2024-10-30 15:41:35,898 - INFO - Received duplicate packet with seq_num 58800
2024-10-30 15:41:35,898 - INFO - Sent ACK for last received packet with seq_num 71400
2024-10-30 15:41:35,898 - INFO - Received duplicate packet with seq_num 58800
2024-10-30 15:41:35,898 - INFO - Sent ACK for last received packet with seq_num 71400
2024-10-30 15:41:35,899 - INFO - Received duplicate packet with seq_num 58800
2024-10-30 15:41:35,899 - INFO - Sent ACK for last received packet with seq_num 71400
2024-10-30 15:41:35,899 - INFO - Received duplicate packet with seq_num 58800
2024-10-30 15:41:35,899 - INFO - Sent ACK for last received packet with seq_num 71400
2024-10-30 15:41:35,899 - INFO - Received duplicate packet with seq_num 58800
2024-10-30 15:41:35,899 - INFO - Sent ACK for last received packet with seq_num 71400
2024-10-30 15:41:35,900 - INFO - Received duplicate packet with seq_num 58800
2024-10-30 15:41:35,900 - INFO - Sent ACK for last received packet with seq_num 71400
2024-10-30 15:41:35,900 - INFO - Received duplicate packet with seq_num 58800
2024-10-30 15:41:35,900 - INFO - Sent ACK for last received packet with seq_num 71400
2024-10-30 15:41:35,900 - INFO - Received duplicate packet with seq_num 58800
2024-10-30 15:41:35,900 - INFO - Sent ACK for last received packet with seq_num 71400
2024-10-30 15:41:35,901 - INFO - Received duplicate packet with seq_num 58800
2024-10-30 15:41:35,901 - INFO - Sent ACK for last received packet with seq_num 71400
2024-10-30 15:41:35,901 - INFO - Received duplicate packet with seq_num 58800
2024-10-30 15:41:35,901 - INFO - Sent ACK for last received packet with seq_num 71400
2024-10-30 15:41:35,901 - INFO - Received duplicate packet with seq_num 58800
2024-10-30 15:41:35,902 - INFO - Sent ACK for last received packet with seq_num 71400
2024-10-30 15:41:35,902 - INFO - Received duplicate packet with seq_num 58800
2024-10-30 15:41:35,902 - INFO - Sent ACK for last received packet with seq_num 71400
2024-10-30 15:41:35,902 - INFO - Received duplicate packet with seq_num 58800
2024-10-30 15:41:35,902 - INFO - Sent ACK for last received packet with seq_num 71400
2024-10-30 15:41:35,903 - INFO - Received duplicate packet with seq_num 58800
2024-10-30 15:41:35,903 - INFO - Sent ACK for last received packet with seq_num 71400
2024-10-30 15:41:35,903 - INFO - Received duplicate packet with seq_num 58800
2024-10-30 15:41:35,903 - INFO - Sent ACK for last received packet with seq_num 71400
2024-10-30 15:41:35,903 - INFO - Received duplicate packet with seq_num 58800
2024-10-30 15:41:35,904 - INFO - Sent ACK for last received packet with seq_num 71400
2024-10-30 15:41:35,904 - INFO - Received duplicate packet with seq_num 58800
2024-10-30 15:41:35,904 - INFO - Sent ACK for last received packet with seq_num 71400
2024-10-30 15:41:35,904 - INFO - Received duplicate packet with seq_num 58800
2024-10-30 15:41:35,904 - INFO - Sent ACK for last received packet with seq_num 71400
2024-10-30 15:41:35,905 - INFO - Received duplicate packet with seq_num 58800
2024-10-30 15:41:35,905 - INFO - Sent ACK for last received packet with seq_num 71400
2024-10-30 15:41:35,905 - INFO - Received duplicate packet with seq_num 58800
2024-10-30 15:41:35,906 - INFO - Sent ACK for last received packet with seq_num 71400
2024-10-30 15:41:35,906 - INFO - Received duplicate packet with seq_num 58800
2024-10-30 15:41:35,906 - INFO - Sent ACK for last received packet with seq_num 71400
2024-10-30 15:41:35,907 - INFO - Received duplicate packet with seq_num 58800
2024-10-30 15:41:35,907 - INFO - Sent ACK for last received packet with seq_num 71400
2024-10-30 15:41:35,907 - INFO - Received duplicate packet with seq_num 58800
2024-10-30 15:41:35,907 - INFO - Sent ACK for last received packet with seq_num 71400
2024-10-30 15:41:35,907 - INFO - Received duplicate packet with seq_num 58800
2024-10-30 15:41:35,907 - INFO - Sent ACK for last received packet with seq_num 71400
2024-10-30 15:41:35,908 - INFO - Received duplicate packet with seq_num 58800
2024-10-30 15:41:35,908 - INFO - Sent ACK for last received packet with seq_num 71400
2024-10-30 15:41:35,908 - INFO - Received duplicate packet with seq_num 58800
2024-10-30 15:41:35,908 - INFO - Sent ACK for last received packet with seq_num 71400
2024-10-30 15:41:35,908 - INFO - Received duplicate packet with seq_num 58800
2024-10-30 15:41:35,908 - INFO - Sent ACK for last received packet with seq_num 71400
2024-10-30 15:41:35,909 - INFO - Received duplicate packet with seq_num 58800
2024-10-30 15:41:35,909 - INFO - Sent ACK for last received packet with seq_num 71400
2024-10-30 15:41:35,910 - INFO - Received duplicate packet with seq_num 58800
2024-10-30 15:41:35,910 - INFO - Sent ACK for last received packet with seq_num 71400
2024-10-30 15:41:35,910 - INFO - Received duplicate packet with seq_num 58800
2024-10-30 15:41:35,911 - INFO - Sent ACK for last received packet with seq_num 71400
2024-10-30 15:41:35,911 - INFO - Received duplicate packet with seq_num 58800
2024-10-30 15:41:35,911 - INFO - Sent ACK for last received packet with seq_num 71400
2024-10-30 15:41:35,925 - INFO - Received and acknowledged packet with seq_num 79800
2024-10-30 15:41:35,925 - INFO - Received duplicate packet with seq_num 72800
2024-10-30 15:41:35,925 - INFO - Sent ACK for last received packet with seq_num 79800
2024-10-30 15:41:35,926 - INFO - Received duplicate packet with seq_num 72800
2024-10-30 15:41:35,926 - INFO - Sent ACK for last received packet with seq_num 79800
2024-10-30 15:41:35,926 - INFO - Received duplicate packet with seq_num 72800
2024-10-30 15:41:35,926 - INFO - Sent ACK for last received packet with seq_num 79800
2024-10-30 15:41:35,926 - INFO - Received duplicate packet with seq_num 72800
2024-10-30 15:41:35,926 - INFO - Sent ACK for last received packet with seq_num 79800
2024-10-30 15:41:35,927 - INFO - Received duplicate packet with seq_num 72800
2024-10-30 15:41:35,927 - INFO - Sent ACK for last received packet with seq_num 79800
2024-10-30 15:41:35,927 - INFO - Received duplicate packet with seq_num 72800
2024-10-30 15:41:35,928 - INFO - Sent ACK for last received packet with seq_num 79800
2024-10-30 15:41:35,928 - INFO - Received duplicate packet with seq_num 72800
2024-10-30 15:41:35,928 - INFO - Sent ACK for last received packet with seq_num 79800
2024-10-30 15:41:35,928 - INFO - Received duplicate packet with seq_num 72800
2024-10-30 15:41:35,928 - INFO - Sent ACK for last received packet with seq_num 79800
2024-10-30 15:41:35,929 - INFO - Received duplicate packet with seq_num 72800
2024-10-30 15:41:35,929 - INFO - Sent ACK for last received packet with seq_num 79800
2024-10-30 15:41:35,929 - INFO - Received duplicate packet with seq_num 72800
2024-10-30 15:41:35,929 - INFO - Sent ACK for last received packet with seq_num 79800
2024-10-30 15:41:35,929 - INFO - Received duplicate packet with seq_num 72800
2024-10-30 15:41:35,929 - INFO - Sent ACK for last received packet with seq_num 79800
2024-10-30 15:41:35,930 - INFO - Received duplicate packet with seq_num 72800
2024-10-30 15:41:35,930 - INFO - Sent ACK for last received packet with seq_num 79800
2024-10-30 15:41:35,930 - INFO - Received duplicate packet with seq_num 72800
2024-10-30 15:41:35,930 - INFO - Sent ACK for last received packet with seq_num 79800
2024-10-30 15:41:35,931 - INFO - Received duplicate packet with seq_num 72800
2024-10-30 15:41:35,931 - INFO - Sent ACK for last received packet with seq_num 79800
2024-10-30 15:41:35,931 - INFO - Received duplicate packet with seq_num 72800
2024-10-30 15:41:35,931 - INFO - Sent ACK for last received packet with seq_num 79800
2024-10-30 15:41:35,932 - INFO - Received duplicate packet with seq_num 72800
2024-10-30 15:41:35,932 - INFO - Sent ACK for last received packet with seq_num 79800
2024-10-30 15:41:35,932 - INFO - Received duplicate packet with seq_num 72800
2024-10-30 15:41:35,932 - INFO - Sent ACK for last received packet with seq_num 79800
2024-10-30 15:41:35,932 - INFO - Received duplicate packet with seq_num 72800
2024-10-30 15:41:35,932 - INFO - Sent ACK for last received packet with seq_num 79800
2024-10-30 15:41:35,933 - INFO - Received duplicate packet with seq_num 72800
2024-10-30 15:41:35,933 - INFO - Sent ACK for last received packet with seq_num 79800
2024-10-30 15:41:35,933 - INFO - Received duplicate packet with seq_num 72800
2024-10-30 15:41:35,933 - INFO - Sent ACK for last received packet with seq_num 79800
2024-10-30 15:41:35,934 - INFO - Received duplicate packet with seq_num 72800
2024-10-30 15:41:35,934 - INFO - Sent ACK for last received packet with seq_num 79800
2024-10-30 15:41:35,934 - INFO - Received duplicate packet with seq_num 72800
2024-10-30 15:41:35,935 - INFO - Sent ACK for last received packet with seq_num 79800
2024-10-30 15:41:35,935 - INFO - Received duplicate packet with seq_num 72800
2024-10-30 15:41:35,935 - INFO - Sent ACK for last received packet with seq_num 79800
2024-10-30 15:41:35,935 - INFO - Received duplicate packet with seq_num 72800
2024-10-30 15:41:35,935 - INFO - Sent ACK for last received packet with seq_num 79800
2024-10-30 15:41:35,935 - INFO - Received duplicate packet with seq_num 72800
2024-10-30 15:41:35,936 - INFO - Sent ACK for last received packet with seq_num 79800
2024-10-30 15:41:35,936 - INFO - Received duplicate packet with seq_num 72800
2024-10-30 15:41:35,936 - INFO - Sent ACK for last received packet with seq_num 79800
2024-10-30 15:41:35,936 - INFO - Received duplicate packet with seq_num 72800
2024-10-30 15:41:35,936 - INFO - Sent ACK for last received packet with seq_num 79800
2024-10-30 15:41:35,937 - INFO - Received duplicate packet with seq_num 72800
2024-10-30 15:41:35,937 - INFO - Sent ACK for last received packet with seq_num 79800
2024-10-30 15:41:35,937 - INFO - Received duplicate packet with seq_num 72800
2024-10-30 15:41:35,937 - INFO - Sent ACK for last received packet with seq_num 79800
2024-10-30 15:41:35,937 - INFO - Received duplicate packet with seq_num 72800
2024-10-30 15:41:35,938 - INFO - Sent ACK for last received packet with seq_num 79800
2024-10-30 15:41:35,938 - INFO - Received duplicate packet with seq_num 72800
2024-10-30 15:41:35,938 - INFO - Sent ACK for last received packet with seq_num 79800
2024-10-30 15:41:35,938 - INFO - Received duplicate packet with seq_num 72800
2024-10-30 15:41:35,938 - INFO - Sent ACK for last received packet with seq_num 79800
2024-10-30 15:41:35,939 - INFO - Received duplicate packet with seq_num 72800
2024-10-30 15:41:35,939 - INFO - Sent ACK for last received packet with seq_num 79800
2024-10-30 15:41:35,939 - INFO - Received duplicate packet with seq_num 72800
2024-10-30 15:41:35,939 - INFO - Sent ACK for last received packet with seq_num 79800
2024-10-30 15:41:35,940 - INFO - Received duplicate packet with seq_num 72800
2024-10-30 15:41:35,940 - INFO - Sent ACK for last received packet with seq_num 79800
2024-10-30 15:41:35,940 - INFO - Received duplicate packet with seq_num 72800
2024-10-30 15:41:35,940 - INFO - Sent ACK for last received packet with seq_num 79800
2024-10-30 15:41:35,940 - INFO - Received duplicate packet with seq_num 72800
2024-10-30 15:41:35,940 - INFO - Sent ACK for last received packet with seq_num 79800
2024-10-30 15:41:35,940 - INFO - Received duplicate packet with seq_num 72800
2024-10-30 15:41:35,941 - INFO - Sent ACK for last received packet with seq_num 79800
2024-10-30 15:41:35,941 - INFO - Received duplicate packet with seq_num 72800
2024-10-30 15:41:35,941 - INFO - Sent ACK for last received packet with seq_num 79800
2024-10-30 15:41:35,941 - INFO - Received duplicate packet with seq_num 72800
2024-10-30 15:41:35,941 - INFO - Sent ACK for last received packet with seq_num 79800
2024-10-30 15:41:35,942 - INFO - Received duplicate packet with seq_num 72800
2024-10-30 15:41:35,942 - INFO - Sent ACK for last received packet with seq_num 79800
2024-10-30 15:41:35,942 - INFO - Received duplicate packet with seq_num 72800
2024-10-30 15:41:35,942 - INFO - Sent ACK for last received packet with seq_num 79800
2024-10-30 15:41:35,943 - INFO - Received duplicate packet with seq_num 72800
2024-10-30 15:41:35,943 - INFO - Sent ACK for last received packet with seq_num 79800
2024-10-30 15:41:35,943 - INFO - Received duplicate packet with seq_num 72800
2024-10-30 15:41:35,944 - INFO - Sent ACK for last received packet with seq_num 79800
2024-10-30 15:41:35,944 - INFO - Received duplicate packet with seq_num 72800
2024-10-30 15:41:35,944 - INFO - Sent ACK for last received packet with seq_num 79800
2024-10-30 15:41:35,944 - INFO - Received duplicate packet with seq_num 72800
2024-10-30 15:41:35,944 - INFO - Sent ACK for last received packet with seq_num 79800
2024-10-30 15:41:35,945 - INFO - Received duplicate packet with seq_num 72800
2024-10-30 15:41:35,945 - INFO - Sent ACK for last received packet with seq_num 79800
2024-10-30 15:41:35,946 - INFO - Received duplicate packet with seq_num 72800
2024-10-30 15:41:35,946 - INFO - Sent ACK for last received packet with seq_num 79800
2024-10-30 15:41:35,946 - INFO - Received duplicate packet with seq_num 72800
2024-10-30 15:41:35,946 - INFO - Sent ACK for last received packet with seq_num 79800
2024-10-30 15:41:35,947 - INFO - Received duplicate packet with seq_num 72800
2024-10-30 15:41:35,947 - INFO - Sent ACK for last received packet with seq_num 79800
2024-10-30 15:41:35,948 - INFO - Received duplicate packet with seq_num 72800
2024-10-30 15:41:35,948 - INFO - Sent ACK for last received packet with seq_num 79800
2024-10-30 15:41:35,948 - INFO - Received duplicate packet with seq_num 72800
2024-10-30 15:41:35,948 - INFO - Sent ACK for last received packet with seq_num 79800
2024-10-30 15:41:35,949 - INFO - Received duplicate packet with seq_num 72800
2024-10-30 15:41:35,949 - INFO - Sent ACK for last received packet with seq_num 79800
2024-10-30 15:41:35,949 - INFO - Received duplicate packet with seq_num 72800
2024-10-30 15:41:35,949 - INFO - Sent ACK for last received packet with seq_num 79800
2024-10-30 15:41:35,950 - INFO - Received duplicate packet with seq_num 72800
2024-10-30 15:41:35,950 - INFO - Sent ACK for last received packet with seq_num 79800
2024-10-30 15:41:35,950 - INFO - Received duplicate packet with seq_num 72800
2024-10-30 15:41:35,951 - INFO - Sent ACK for last received packet with seq_num 79800
2024-10-30 15:41:35,951 - INFO - Received duplicate packet with seq_num 72800
2024-10-30 15:41:35,951 - INFO - Sent ACK for last received packet with seq_num 79800
2024-10-30 15:41:35,951 - INFO - Received duplicate packet with seq_num 72800
2024-10-30 15:41:35,951 - INFO - Sent ACK for last received packet with seq_num 79800
2024-10-30 15:41:35,967 - INFO - Received and acknowledged packet with seq_num 88200
2024-10-30 15:41:35,968 - INFO - Received duplicate packet with seq_num 81200
2024-10-30 15:41:35,968 - INFO - Sent ACK for last received packet with seq_num 88200
2024-10-30 15:41:35,968 - INFO - Received duplicate packet with seq_num 81200
2024-10-30 15:41:35,968 - INFO - Sent ACK for last received packet with seq_num 88200
2024-10-30 15:41:35,968 - INFO - Received duplicate packet with seq_num 81200
2024-10-30 15:41:35,968 - INFO - Sent ACK for last received packet with seq_num 88200
2024-10-30 15:41:35,969 - INFO - Received duplicate packet with seq_num 81200
2024-10-30 15:41:35,969 - INFO - Sent ACK for last received packet with seq_num 88200
2024-10-30 15:41:35,969 - INFO - Received duplicate packet with seq_num 81200
2024-10-30 15:41:35,969 - INFO - Sent ACK for last received packet with seq_num 88200
2024-10-30 15:41:35,969 - INFO - Received duplicate packet with seq_num 81200
2024-10-30 15:41:35,969 - INFO - Sent ACK for last received packet with seq_num 88200
2024-10-30 15:41:35,970 - INFO - Received duplicate packet with seq_num 81200
2024-10-30 15:41:35,970 - INFO - Sent ACK for last received packet with seq_num 88200
2024-10-30 15:41:35,970 - INFO - Received duplicate packet with seq_num 81200
2024-10-30 15:41:35,970 - INFO - Sent ACK for last received packet with seq_num 88200
2024-10-30 15:41:35,970 - INFO - Received duplicate packet with seq_num 81200
2024-10-30 15:41:35,971 - INFO - Sent ACK for last received packet with seq_num 88200
2024-10-30 15:41:35,971 - INFO - Received duplicate packet with seq_num 81200
2024-10-30 15:41:35,971 - INFO - Sent ACK for last received packet with seq_num 88200
2024-10-30 15:41:35,971 - INFO - Received duplicate packet with seq_num 81200
2024-10-30 15:41:35,971 - INFO - Sent ACK for last received packet with seq_num 88200
2024-10-30 15:41:35,972 - INFO - Received duplicate packet with seq_num 81200
2024-10-30 15:41:35,972 - INFO - Sent ACK for last received packet with seq_num 88200
2024-10-30 15:41:35,972 - INFO - Received duplicate packet with seq_num 81200
2024-10-30 15:41:35,972 - INFO - Sent ACK for last received packet with seq_num 88200
2024-10-30 15:41:35,973 - INFO - Received duplicate packet with seq_num 81200
2024-10-30 15:41:35,973 - INFO - Sent ACK for last received packet with seq_num 88200
2024-10-30 15:41:35,973 - INFO - Received duplicate packet with seq_num 81200
2024-10-30 15:41:35,973 - INFO - Sent ACK for last received packet with seq_num 88200
2024-10-30 15:41:35,973 - INFO - Received duplicate packet with seq_num 81200
2024-10-30 15:41:35,973 - INFO - Sent ACK for last received packet with seq_num 88200
2024-10-30 15:41:35,974 - INFO - Received duplicate packet with seq_num 81200
2024-10-30 15:41:35,974 - INFO - Sent ACK for last received packet with seq_num 88200
2024-10-30 15:41:35,974 - INFO - Received duplicate packet with seq_num 81200
2024-10-30 15:41:35,974 - INFO - Sent ACK for last received packet with seq_num 88200
2024-10-30 15:41:35,975 - INFO - Received duplicate packet with seq_num 81200
2024-10-30 15:41:35,975 - INFO - Sent ACK for last received packet with seq_num 88200
2024-10-30 15:41:35,975 - INFO - Received duplicate packet with seq_num 81200
2024-10-30 15:41:35,975 - INFO - Sent ACK for last received packet with seq_num 88200
2024-10-30 15:41:35,976 - INFO - Received duplicate packet with seq_num 81200
2024-10-30 15:41:35,976 - INFO - Sent ACK for last received packet with seq_num 88200
2024-10-30 15:41:35,976 - INFO - Received duplicate packet with seq_num 81200
2024-10-30 15:41:35,976 - INFO - Sent ACK for last received packet with seq_num 88200
2024-10-30 15:41:35,976 - INFO - Received duplicate packet with seq_num 81200
2024-10-30 15:41:35,976 - INFO - Sent ACK for last received packet with seq_num 88200
2024-10-30 15:41:35,977 - INFO - Received duplicate packet with seq_num 81200
2024-10-30 15:41:35,977 - INFO - Sent ACK for last received packet with seq_num 88200
2024-10-30 15:41:35,978 - INFO - Received duplicate packet with seq_num 81200
2024-10-30 15:41:35,978 - INFO - Sent ACK for last received packet with seq_num 88200
2024-10-30 15:41:35,978 - INFO - Received duplicate packet with seq_num 81200
2024-10-30 15:41:35,978 - INFO - Sent ACK for last received packet with seq_num 88200
2024-10-30 15:41:35,978 - INFO - Received duplicate packet with seq_num 81200
2024-10-30 15:41:35,978 - INFO - Sent ACK for last received packet with seq_num 88200
2024-10-30 15:41:35,979 - INFO - Received duplicate packet with seq_num 81200
2024-10-30 15:41:35,979 - INFO - Sent ACK for last received packet with seq_num 88200
2024-10-30 15:41:35,979 - INFO - Received duplicate packet with seq_num 81200
2024-10-30 15:41:35,979 - INFO - Sent ACK for last received packet with seq_num 88200
2024-10-30 15:41:35,980 - INFO - Received duplicate packet with seq_num 81200
2024-10-30 15:41:35,980 - INFO - Sent ACK for last received packet with seq_num 88200
2024-10-30 15:41:35,980 - INFO - Received duplicate packet with seq_num 81200
2024-10-30 15:41:35,980 - INFO - Sent ACK for last received packet with seq_num 88200
2024-10-30 15:41:35,981 - INFO - Received duplicate packet with seq_num 81200
2024-10-30 15:41:35,981 - INFO - Sent ACK for last received packet with seq_num 88200
2024-10-30 15:41:35,981 - INFO - Received duplicate packet with seq_num 81200
2024-10-30 15:41:35,981 - INFO - Sent ACK for last received packet with seq_num 88200
2024-10-30 15:41:35,983 - INFO - Received duplicate packet with seq_num 81200
2024-10-30 15:41:35,983 - INFO - Sent ACK for last received packet with seq_num 88200
2024-10-30 15:41:35,983 - INFO - Received duplicate packet with seq_num 81200
2024-10-30 15:41:35,983 - INFO - Sent ACK for last received packet with seq_num 88200
2024-10-30 15:41:35,984 - INFO - Received duplicate packet with seq_num 81200
2024-10-30 15:41:35,984 - INFO - Sent ACK for last received packet with seq_num 88200
2024-10-30 15:41:35,984 - INFO - Received duplicate packet with seq_num 81200
2024-10-30 15:41:35,985 - INFO - Sent ACK for last received packet with seq_num 88200
2024-10-30 15:41:35,985 - INFO - Received duplicate packet with seq_num 81200
2024-10-30 15:41:35,985 - INFO - Sent ACK for last received packet with seq_num 88200
2024-10-30 15:41:35,985 - INFO - Received duplicate packet with seq_num 81200
2024-10-30 15:41:35,985 - INFO - Sent ACK for last received packet with seq_num 88200
2024-10-30 15:41:35,985 - INFO - Received duplicate packet with seq_num 81200
2024-10-30 15:41:35,986 - INFO - Sent ACK for last received packet with seq_num 88200
2024-10-30 15:41:35,986 - INFO - Received duplicate packet with seq_num 81200
2024-10-30 15:41:35,986 - INFO - Sent ACK for last received packet with seq_num 88200
2024-10-30 15:41:35,988 - INFO - Received duplicate packet with seq_num 81200
2024-10-30 15:41:35,988 - INFO - Sent ACK for last received packet with seq_num 88200
2024-10-30 15:41:35,989 - INFO - Received duplicate packet with seq_num 81200
2024-10-30 15:41:35,989 - INFO - Sent ACK for last received packet with seq_num 88200
2024-10-30 15:41:35,989 - INFO - Received duplicate packet with seq_num 81200
2024-10-30 15:41:35,989 - INFO - Sent ACK for last received packet with seq_num 88200
2024-10-30 15:41:35,990 - INFO - Received duplicate packet with seq_num 81200
2024-10-30 15:41:35,990 - INFO - Sent ACK for last received packet with seq_num 88200
2024-10-30 15:41:35,990 - INFO - Received duplicate packet with seq_num 81200
2024-10-30 15:41:35,990 - INFO - Sent ACK for last received packet with seq_num 88200
2024-10-30 15:41:35,991 - INFO - Received duplicate packet with seq_num 81200
2024-10-30 15:41:35,991 - INFO - Sent ACK for last received packet with seq_num 88200
2024-10-30 15:41:35,991 - INFO - Received duplicate packet with seq_num 81200
2024-10-30 15:41:35,992 - INFO - Sent ACK for last received packet with seq_num 88200
2024-10-30 15:41:35,992 - INFO - Received duplicate packet with seq_num 81200
2024-10-30 15:41:35,992 - INFO - Sent ACK for last received packet with seq_num 88200
2024-10-30 15:41:36,009 - INFO - Received and acknowledged packet with seq_num 89600
2024-10-30 15:41:36,009 - INFO - Received duplicate packet with seq_num 89600
2024-10-30 15:41:36,010 - INFO - Sent ACK for last received packet with seq_num 89600
2024-10-30 15:41:36,010 - INFO - Received duplicate packet with seq_num 89600
2024-10-30 15:41:36,010 - INFO - Sent ACK for last received packet with seq_num 89600
2024-10-30 15:41:36,010 - INFO - Received duplicate packet with seq_num 89600
2024-10-30 15:41:36,010 - INFO - Sent ACK for last received packet with seq_num 89600
2024-10-30 15:41:36,011 - INFO - Received duplicate packet with seq_num 89600
2024-10-30 15:41:36,011 - INFO - Sent ACK for last received packet with seq_num 89600
2024-10-30 15:41:36,011 - INFO - Received duplicate packet with seq_num 89600
2024-10-30 15:41:36,011 - INFO - Sent ACK for last received packet with seq_num 89600
2024-10-30 15:41:36,011 - INFO - Received duplicate packet with seq_num 89600
2024-10-30 15:41:36,011 - INFO - Sent ACK for last received packet with seq_num 89600
2024-10-30 15:41:36,012 - INFO - Received duplicate packet with seq_num 89600
2024-10-30 15:41:36,012 - INFO - Sent ACK for last received packet with seq_num 89600
2024-10-30 15:41:36,012 - INFO - Received duplicate packet with seq_num 89600
2024-10-30 15:41:36,012 - INFO - Sent ACK for last received packet with seq_num 89600
2024-10-30 15:41:36,012 - INFO - Received duplicate packet with seq_num 89600
2024-10-30 15:41:36,012 - INFO - Sent ACK for last received packet with seq_num 89600
2024-10-30 15:41:36,013 - INFO - Received duplicate packet with seq_num 89600
2024-10-30 15:41:36,013 - INFO - Sent ACK for last received packet with seq_num 89600
2024-10-30 15:41:36,013 - INFO - Received duplicate packet with seq_num 89600
2024-10-30 15:41:36,013 - INFO - Sent ACK for last received packet with seq_num 89600
2024-10-30 15:41:36,013 - INFO - Received duplicate packet with seq_num 89600
2024-10-30 15:41:36,013 - INFO - Sent ACK for last received packet with seq_num 89600
2024-10-30 15:41:36,014 - INFO - Received duplicate packet with seq_num 89600
2024-10-30 15:41:36,014 - INFO - Sent ACK for last received packet with seq_num 89600
2024-10-30 15:41:36,014 - INFO - Received duplicate packet with seq_num 89600
2024-10-30 15:41:36,014 - INFO - Sent ACK for last received packet with seq_num 89600
2024-10-30 15:41:36,015 - INFO - Received duplicate packet with seq_num 89600
2024-10-30 15:41:36,015 - INFO - Sent ACK for last received packet with seq_num 89600
2024-10-30 15:41:36,015 - INFO - Received duplicate packet with seq_num 89600
2024-10-30 15:41:36,016 - INFO - Sent ACK for last received packet with seq_num 89600
2024-10-30 15:41:36,016 - INFO - Received duplicate packet with seq_num 89600
2024-10-30 15:41:36,016 - INFO - Sent ACK for last received packet with seq_num 89600
2024-10-30 15:41:36,016 - INFO - Received duplicate packet with seq_num 89600
2024-10-30 15:41:36,016 - INFO - Sent ACK for last received packet with seq_num 89600
2024-10-30 15:41:36,017 - INFO - Received duplicate packet with seq_num 89600
2024-10-30 15:41:36,017 - INFO - Sent ACK for last received packet with seq_num 89600
2024-10-30 15:41:36,017 - INFO - Received duplicate packet with seq_num 89600
2024-10-30 15:41:36,017 - INFO - Sent ACK for last received packet with seq_num 89600
2024-10-30 15:41:36,017 - INFO - Received duplicate packet with seq_num 89600
2024-10-30 15:41:36,017 - INFO - Sent ACK for last received packet with seq_num 89600
2024-10-30 15:41:36,018 - INFO - Received duplicate packet with seq_num 89600
2024-10-30 15:41:36,018 - INFO - Sent ACK for last received packet with seq_num 89600
2024-10-30 15:41:36,019 - INFO - Received duplicate packet with seq_num 89600
2024-10-30 15:41:36,019 - INFO - Sent ACK for last received packet with seq_num 89600
2024-10-30 15:41:36,019 - INFO - Received duplicate packet with seq_num 89600
2024-10-30 15:41:36,019 - INFO - Sent ACK for last received packet with seq_num 89600
2024-10-30 15:41:36,019 - INFO - Received duplicate packet with seq_num 89600
2024-10-30 15:41:36,019 - INFO - Sent ACK for last received packet with seq_num 89600
2024-10-30 15:41:36,020 - INFO - Received duplicate packet with seq_num 89600
2024-10-30 15:41:36,021 - INFO - Sent ACK for last received packet with seq_num 89600
2024-10-30 15:41:36,021 - INFO - Received duplicate packet with seq_num 89600
2024-10-30 15:41:36,021 - INFO - Sent ACK for last received packet with seq_num 89600
2024-10-30 15:41:36,021 - INFO - Received duplicate packet with seq_num 89600
2024-10-30 15:41:36,022 - INFO - Sent ACK for last received packet with seq_num 89600
2024-10-30 15:41:36,022 - INFO - Received duplicate packet with seq_num 89600
2024-10-30 15:41:36,022 - INFO - Sent ACK for last received packet with seq_num 89600
2024-10-30 15:41:36,023 - INFO - Received duplicate packet with seq_num 89600
2024-10-30 15:41:36,024 - INFO - Sent ACK for last received packet with seq_num 89600
2024-10-30 15:41:36,024 - INFO - Received duplicate packet with seq_num 89600
2024-10-30 15:41:36,024 - INFO - Sent ACK for last received packet with seq_num 89600
2024-10-30 15:41:36,025 - INFO - Received duplicate packet with seq_num 89600
2024-10-30 15:41:36,025 - INFO - Sent ACK for last received packet with seq_num 89600
2024-10-30 15:41:36,025 - INFO - Received duplicate packet with seq_num 89600
2024-10-30 15:41:36,025 - INFO - Sent ACK for last received packet with seq_num 89600
2024-10-30 15:41:36,026 - INFO - Received duplicate packet with seq_num 89600
2024-10-30 15:41:36,026 - INFO - Sent ACK for last received packet with seq_num 89600
2024-10-30 15:41:36,026 - INFO - Received duplicate packet with seq_num 89600
2024-10-30 15:41:36,026 - INFO - Sent ACK for last received packet with seq_num 89600
2024-10-30 15:41:36,027 - INFO - Received duplicate packet with seq_num 89600
2024-10-30 15:41:36,027 - INFO - Sent ACK for last received packet with seq_num 89600
2024-10-30 15:41:36,027 - INFO - Received duplicate packet with seq_num 89600
2024-10-30 15:41:36,027 - INFO - Sent ACK for last received packet with seq_num 89600
2024-10-30 15:41:36,028 - INFO - Received duplicate packet with seq_num 89600
2024-10-30 15:41:36,029 - INFO - Sent ACK for last received packet with seq_num 89600
2024-10-30 15:41:36,029 - INFO - Received duplicate packet with seq_num 89600
2024-10-30 15:41:36,029 - INFO - Sent ACK for last received packet with seq_num 89600
2024-10-30 15:41:36,030 - INFO - Received duplicate packet with seq_num 89600
2024-10-30 15:41:36,030 - INFO - Sent ACK for last received packet with seq_num 89600
2024-10-30 15:41:36,030 - INFO - Received duplicate packet with seq_num 89600
2024-10-30 15:41:36,030 - INFO - Sent ACK for last received packet with seq_num 89600
2024-10-30 15:41:36,032 - INFO - Received duplicate packet with seq_num 89600
2024-10-30 15:41:36,033 - INFO - Sent ACK for last received packet with seq_num 89600
2024-10-30 15:41:36,051 - INFO - Received and acknowledged packet with seq_num 127400
2024-10-30 15:41:36,051 - INFO - Received duplicate packet with seq_num 91000
2024-10-30 15:41:36,052 - INFO - Sent ACK for last received packet with seq_num 127400
2024-10-30 15:41:36,053 - INFO - Received duplicate packet with seq_num 91000
2024-10-30 15:41:36,053 - INFO - Sent ACK for last received packet with seq_num 127400
2024-10-30 15:41:36,054 - INFO - Received duplicate packet with seq_num 91000
2024-10-30 15:41:36,054 - INFO - Sent ACK for last received packet with seq_num 127400
2024-10-30 15:41:36,054 - INFO - Received duplicate packet with seq_num 91000
2024-10-30 15:41:36,055 - INFO - Sent ACK for last received packet with seq_num 127400
2024-10-30 15:41:36,055 - INFO - Received duplicate packet with seq_num 91000
2024-10-30 15:41:36,055 - INFO - Sent ACK for last received packet with seq_num 127400
2024-10-30 15:41:36,055 - INFO - Received duplicate packet with seq_num 91000
2024-10-30 15:41:36,055 - INFO - Sent ACK for last received packet with seq_num 127400
2024-10-30 15:41:36,056 - INFO - Received duplicate packet with seq_num 91000
2024-10-30 15:41:36,056 - INFO - Sent ACK for last received packet with seq_num 127400
2024-10-30 15:41:36,056 - INFO - Received duplicate packet with seq_num 91000
2024-10-30 15:41:36,056 - INFO - Sent ACK for last received packet with seq_num 127400
2024-10-30 15:41:36,056 - INFO - Received duplicate packet with seq_num 91000
2024-10-30 15:41:36,057 - INFO - Sent ACK for last received packet with seq_num 127400
2024-10-30 15:41:36,057 - INFO - Received duplicate packet with seq_num 91000
2024-10-30 15:41:36,057 - INFO - Sent ACK for last received packet with seq_num 127400
2024-10-30 15:41:36,057 - INFO - Received duplicate packet with seq_num 91000
2024-10-30 15:41:36,057 - INFO - Sent ACK for last received packet with seq_num 127400
2024-10-30 15:41:36,058 - INFO - Received duplicate packet with seq_num 91000
2024-10-30 15:41:36,058 - INFO - Sent ACK for last received packet with seq_num 127400
2024-10-30 15:41:36,058 - INFO - Received duplicate packet with seq_num 91000
2024-10-30 15:41:36,058 - INFO - Sent ACK for last received packet with seq_num 127400
2024-10-30 15:41:36,058 - INFO - Received duplicate packet with seq_num 91000
2024-10-30 15:41:36,058 - INFO - Sent ACK for last received packet with seq_num 127400
2024-10-30 15:41:36,059 - INFO - Received duplicate packet with seq_num 91000
2024-10-30 15:41:36,059 - INFO - Sent ACK for last received packet with seq_num 127400
2024-10-30 15:41:36,059 - INFO - Received duplicate packet with seq_num 91000
2024-10-30 15:41:36,059 - INFO - Sent ACK for last received packet with seq_num 127400
2024-10-30 15:41:36,060 - INFO - Received duplicate packet with seq_num 91000
2024-10-30 15:41:36,060 - INFO - Sent ACK for last received packet with seq_num 127400
2024-10-30 15:41:36,060 - INFO - Received duplicate packet with seq_num 91000
2024-10-30 15:41:36,061 - INFO - Sent ACK for last received packet with seq_num 127400
2024-10-30 15:41:36,061 - INFO - Received duplicate packet with seq_num 91000
2024-10-30 15:41:36,061 - INFO - Sent ACK for last received packet with seq_num 127400
2024-10-30 15:41:36,061 - INFO - Received duplicate packet with seq_num 91000
2024-10-30 15:41:36,061 - INFO - Sent ACK for last received packet with seq_num 127400
2024-10-30 15:41:36,061 - INFO - Received duplicate packet with seq_num 91000
2024-10-30 15:41:36,062 - INFO - Sent ACK for last received packet with seq_num 127400
2024-10-30 15:41:36,062 - INFO - Received duplicate packet with seq_num 91000
2024-10-30 15:41:36,062 - INFO - Sent ACK for last received packet with seq_num 127400
2024-10-30 15:41:36,062 - INFO - Received duplicate packet with seq_num 91000
2024-10-30 15:41:36,062 - INFO - Sent ACK for last received packet with seq_num 127400
2024-10-30 15:41:36,062 - INFO - Received duplicate packet with seq_num 91000
2024-10-30 15:41:36,063 - INFO - Sent ACK for last received packet with seq_num 127400
2024-10-30 15:41:36,064 - INFO - Received duplicate packet with seq_num 91000
2024-10-30 15:41:36,064 - INFO - Sent ACK for last received packet with seq_num 127400
2024-10-30 15:41:36,064 - INFO - Received duplicate packet with seq_num 91000
2024-10-30 15:41:36,065 - INFO - Sent ACK for last received packet with seq_num 127400
2024-10-30 15:41:36,066 - INFO - Received duplicate packet with seq_num 91000
2024-10-30 15:41:36,066 - INFO - Sent ACK for last received packet with seq_num 127400
2024-10-30 15:41:36,067 - INFO - Received duplicate packet with seq_num 91000
2024-10-30 15:41:36,067 - INFO - Sent ACK for last received packet with seq_num 127400
2024-10-30 15:41:36,067 - INFO - Received duplicate packet with seq_num 91000
2024-10-30 15:41:36,067 - INFO - Sent ACK for last received packet with seq_num 127400
2024-10-30 15:41:36,067 - INFO - Received duplicate packet with seq_num 91000
2024-10-30 15:41:36,068 - INFO - Sent ACK for last received packet with seq_num 127400
2024-10-30 15:41:36,069 - INFO - Received duplicate packet with seq_num 91000
2024-10-30 15:41:36,069 - INFO - Sent ACK for last received packet with seq_num 127400
2024-10-30 15:41:36,070 - INFO - Received duplicate packet with seq_num 91000
2024-10-30 15:41:36,070 - INFO - Sent ACK for last received packet with seq_num 127400
2024-10-30 15:41:36,070 - INFO - Received duplicate packet with seq_num 91000
2024-10-30 15:41:36,071 - INFO - Sent ACK for last received packet with seq_num 127400
2024-10-30 15:41:36,071 - INFO - Received duplicate packet with seq_num 91000
2024-10-30 15:41:36,071 - INFO - Sent ACK for last received packet with seq_num 127400
2024-10-30 15:41:36,073 - INFO - Received duplicate packet with seq_num 91000
2024-10-30 15:41:36,073 - INFO - Sent ACK for last received packet with seq_num 127400
2024-10-30 15:41:36,095 - INFO - Received and acknowledged packet with seq_num 161000
2024-10-30 15:41:36,095 - INFO - Received duplicate packet with seq_num 128800
2024-10-30 15:41:36,095 - INFO - Sent ACK for last received packet with seq_num 161000
2024-10-30 15:41:36,096 - INFO - Received duplicate packet with seq_num 128800
2024-10-30 15:41:36,096 - INFO - Sent ACK for last received packet with seq_num 161000
2024-10-30 15:41:36,097 - INFO - Received duplicate packet with seq_num 128800
2024-10-30 15:41:36,097 - INFO - Sent ACK for last received packet with seq_num 161000
2024-10-30 15:41:36,097 - INFO - Received duplicate packet with seq_num 128800
2024-10-30 15:41:36,097 - INFO - Sent ACK for last received packet with seq_num 161000
2024-10-30 15:41:36,098 - INFO - Received duplicate packet with seq_num 128800
2024-10-30 15:41:36,098 - INFO - Sent ACK for last received packet with seq_num 161000
2024-10-30 15:41:36,098 - INFO - Received duplicate packet with seq_num 128800
2024-10-30 15:41:36,098 - INFO - Sent ACK for last received packet with seq_num 161000
2024-10-30 15:41:36,099 - INFO - Received duplicate packet with seq_num 128800
2024-10-30 15:41:36,099 - INFO - Sent ACK for last received packet with seq_num 161000
2024-10-30 15:41:36,099 - INFO - Received duplicate packet with seq_num 128800
2024-10-30 15:41:36,099 - INFO - Sent ACK for last received packet with seq_num 161000
2024-10-30 15:41:36,100 - INFO - Received duplicate packet with seq_num 128800
2024-10-30 15:41:36,100 - INFO - Sent ACK for last received packet with seq_num 161000
2024-10-30 15:41:36,100 - INFO - Received duplicate packet with seq_num 128800
2024-10-30 15:41:36,100 - INFO - Sent ACK for last received packet with seq_num 161000
2024-10-30 15:41:36,101 - INFO - Received duplicate packet with seq_num 128800
2024-10-30 15:41:36,101 - INFO - Sent ACK for last received packet with seq_num 161000
2024-10-30 15:41:36,101 - INFO - Received duplicate packet with seq_num 128800
2024-10-30 15:41:36,102 - INFO - Sent ACK for last received packet with seq_num 161000
2024-10-30 15:41:36,102 - INFO - Received duplicate packet with seq_num 128800
2024-10-30 15:41:36,102 - INFO - Sent ACK for last received packet with seq_num 161000
2024-10-30 15:41:36,103 - INFO - Received duplicate packet with seq_num 128800
2024-10-30 15:41:36,103 - INFO - Sent ACK for last received packet with seq_num 161000
2024-10-30 15:41:36,103 - INFO - Received duplicate packet with seq_num 128800
2024-10-30 15:41:36,103 - INFO - Sent ACK for last received packet with seq_num 161000
2024-10-30 15:41:36,103 - INFO - Received duplicate packet with seq_num 128800
2024-10-30 15:41:36,104 - INFO - Sent ACK for last received packet with seq_num 161000
2024-10-30 15:41:36,104 - INFO - Received duplicate packet with seq_num 128800
2024-10-30 15:41:36,104 - INFO - Sent ACK for last received packet with seq_num 161000
2024-10-30 15:41:36,105 - INFO - Received duplicate packet with seq_num 128800
2024-10-30 15:41:36,105 - INFO - Sent ACK for last received packet with seq_num 161000
2024-10-30 15:41:36,105 - INFO - Received duplicate packet with seq_num 128800
2024-10-30 15:41:36,105 - INFO - Sent ACK for last received packet with seq_num 161000
2024-10-30 15:41:36,106 - INFO - Received duplicate packet with seq_num 128800
2024-10-30 15:41:36,106 - INFO - Sent ACK for last received packet with seq_num 161000
2024-10-30 15:41:36,107 - INFO - Received duplicate packet with seq_num 128800
2024-10-30 15:41:36,107 - INFO - Sent ACK for last received packet with seq_num 161000
2024-10-30 15:41:36,108 - INFO - Received duplicate packet with seq_num 128800
2024-10-30 15:41:36,108 - INFO - Sent ACK for last received packet with seq_num 161000
2024-10-30 15:41:36,108 - INFO - Received duplicate packet with seq_num 128800
2024-10-30 15:41:36,108 - INFO - Sent ACK for last received packet with seq_num 161000
2024-10-30 15:41:36,110 - INFO - Received duplicate packet with seq_num 128800
2024-10-30 15:41:36,111 - INFO - Sent ACK for last received packet with seq_num 161000
2024-10-30 15:41:36,111 - INFO - Received duplicate packet with seq_num 128800
2024-10-30 15:41:36,111 - INFO - Sent ACK for last received packet with seq_num 161000
2024-10-30 15:41:36,111 - INFO - Received duplicate packet with seq_num 128800
2024-10-30 15:41:36,111 - INFO - Sent ACK for last received packet with seq_num 161000
2024-10-30 15:41:36,114 - INFO - Received duplicate packet with seq_num 128800
2024-10-30 15:41:36,114 - INFO - Sent ACK for last received packet with seq_num 161000
2024-10-30 15:41:36,140 - INFO - Received and acknowledged packet with seq_num 172200
2024-10-30 15:41:36,140 - INFO - Received duplicate packet with seq_num 162400
2024-10-30 15:41:36,141 - INFO - Sent ACK for last received packet with seq_num 172200
2024-10-30 15:41:36,141 - INFO - Received duplicate packet with seq_num 162400
2024-10-30 15:41:36,142 - INFO - Sent ACK for last received packet with seq_num 172200
2024-10-30 15:41:36,142 - INFO - Received duplicate packet with seq_num 162400
2024-10-30 15:41:36,142 - INFO - Sent ACK for last received packet with seq_num 172200
2024-10-30 15:41:36,143 - INFO - Received duplicate packet with seq_num 162400
2024-10-30 15:41:36,143 - INFO - Sent ACK for last received packet with seq_num 172200
2024-10-30 15:41:36,144 - INFO - Received duplicate packet with seq_num 162400
2024-10-30 15:41:36,144 - INFO - Sent ACK for last received packet with seq_num 172200
2024-10-30 15:41:36,144 - INFO - Received duplicate packet with seq_num 162400
2024-10-30 15:41:36,144 - INFO - Sent ACK for last received packet with seq_num 172200
2024-10-30 15:41:36,145 - INFO - Received duplicate packet with seq_num 162400
2024-10-30 15:41:36,145 - INFO - Sent ACK for last received packet with seq_num 172200
2024-10-30 15:41:36,146 - INFO - Received duplicate packet with seq_num 162400
2024-10-30 15:41:36,146 - INFO - Sent ACK for last received packet with seq_num 172200
2024-10-30 15:41:36,147 - INFO - Received duplicate packet with seq_num 162400
2024-10-30 15:41:36,147 - INFO - Sent ACK for last received packet with seq_num 172200
2024-10-30 15:41:36,147 - INFO - Received duplicate packet with seq_num 162400
2024-10-30 15:41:36,149 - INFO - Sent ACK for last received packet with seq_num 172200
2024-10-30 15:41:36,149 - INFO - Received duplicate packet with seq_num 162400
2024-10-30 15:41:36,149 - INFO - Sent ACK for last received packet with seq_num 172200
2024-10-30 15:41:36,150 - INFO - Received duplicate packet with seq_num 162400
2024-10-30 15:41:36,151 - INFO - Sent ACK for last received packet with seq_num 172200
2024-10-30 15:41:36,151 - INFO - Received duplicate packet with seq_num 162400
2024-10-30 15:41:36,151 - INFO - Sent ACK for last received packet with seq_num 172200
2024-10-30 15:41:36,151 - INFO - Received duplicate packet with seq_num 162400
2024-10-30 15:41:36,151 - INFO - Sent ACK for last received packet with seq_num 172200
2024-10-30 15:41:36,152 - INFO - Received duplicate packet with seq_num 162400
2024-10-30 15:41:36,152 - INFO - Sent ACK for last received packet with seq_num 172200
2024-10-30 15:41:36,152 - INFO - Received duplicate packet with seq_num 162400
2024-10-30 15:41:36,152 - INFO - Sent ACK for last received packet with seq_num 172200
2024-10-30 15:41:36,153 - INFO - Received duplicate packet with seq_num 162400
2024-10-30 15:41:36,153 - INFO - Sent ACK for last received packet with seq_num 172200
2024-10-30 15:41:36,153 - INFO - Received duplicate packet with seq_num 162400
2024-10-30 15:41:36,153 - INFO - Sent ACK for last received packet with seq_num 172200
2024-10-30 15:41:36,153 - INFO - Received duplicate packet with seq_num 162400
2024-10-30 15:41:36,154 - INFO - Sent ACK for last received packet with seq_num 172200
2024-10-30 15:41:36,154 - INFO - Received duplicate packet with seq_num 162400
2024-10-30 15:41:36,154 - INFO - Sent ACK for last received packet with seq_num 172200
2024-10-30 15:41:36,159 - INFO - Received duplicate packet with seq_num 162400
2024-10-30 15:41:36,160 - INFO - Sent ACK for last received packet with seq_num 172200
2024-10-30 15:41:36,160 - INFO - Received duplicate packet with seq_num 162400
2024-10-30 15:41:36,160 - INFO - Sent ACK for last received packet with seq_num 172200
2024-10-30 15:41:36,183 - INFO - Received and acknowledged packet with seq_num 182000
2024-10-30 15:41:36,183 - INFO - Received duplicate packet with seq_num 173600
2024-10-30 15:41:36,183 - INFO - Sent ACK for last received packet with seq_num 182000
2024-10-30 15:41:36,184 - INFO - Received duplicate packet with seq_num 173600
2024-10-30 15:41:36,184 - INFO - Sent ACK for last received packet with seq_num 182000
2024-10-30 15:41:36,185 - INFO - Received duplicate packet with seq_num 173600
2024-10-30 15:41:36,185 - INFO - Sent ACK for last received packet with seq_num 182000
2024-10-30 15:41:36,186 - INFO - Received duplicate packet with seq_num 173600
2024-10-30 15:41:36,186 - INFO - Sent ACK for last received packet with seq_num 182000
2024-10-30 15:41:36,186 - INFO - Received duplicate packet with seq_num 173600
2024-10-30 15:41:36,187 - INFO - Sent ACK for last received packet with seq_num 182000
2024-10-30 15:41:36,187 - INFO - Received duplicate packet with seq_num 173600
2024-10-30 15:41:36,187 - INFO - Sent ACK for last received packet with seq_num 182000
2024-10-30 15:41:36,188 - INFO - Received duplicate packet with seq_num 173600
2024-10-30 15:41:36,188 - INFO - Sent ACK for last received packet with seq_num 182000
2024-10-30 15:41:36,190 - INFO - Received duplicate packet with seq_num 173600
2024-10-30 15:41:36,190 - INFO - Sent ACK for last received packet with seq_num 182000
2024-10-30 15:41:36,190 - INFO - Received duplicate packet with seq_num 173600
2024-10-30 15:41:36,190 - INFO - Sent ACK for last received packet with seq_num 182000
2024-10-30 15:41:36,192 - INFO - Received duplicate packet with seq_num 173600
2024-10-30 15:41:36,192 - INFO - Sent ACK for last received packet with seq_num 182000
2024-10-30 15:41:36,192 - INFO - Received duplicate packet with seq_num 173600
2024-10-30 15:41:36,193 - INFO - Sent ACK for last received packet with seq_num 182000
2024-10-30 15:41:36,193 - INFO - Received duplicate packet with seq_num 173600
2024-10-30 15:41:36,193 - INFO - Sent ACK for last received packet with seq_num 182000
2024-10-30 15:41:36,193 - INFO - Received duplicate packet with seq_num 173600
2024-10-30 15:41:36,194 - INFO - Sent ACK for last received packet with seq_num 182000
2024-10-30 15:41:36,194 - INFO - Received duplicate packet with seq_num 173600
2024-10-30 15:41:36,194 - INFO - Sent ACK for last received packet with seq_num 182000
2024-10-30 15:41:36,201 - INFO - Received duplicate packet with seq_num 173600
2024-10-30 15:41:36,201 - INFO - Sent ACK for last received packet with seq_num 182000
2024-10-30 15:41:36,224 - INFO - Received FIN from server.
2024-10-30 15:41:36,264 - INFO - Connection closed successfully.
2024-10-30 15:41:36,265 - INFO - File received successfully.
