2024-10-30 15:42:05,929 - INFO - Connection established with server.
2024-10-30 15:42:05,970 - INFO - RTT measurement done.
2024-10-30 15:42:06,012 - INFO - Received and acknowledged packet with seq_num 0
2024-10-30 15:42:06,012 - INFO - Received out-of-order packet with seq_num 2800, expected 1400
2024-10-30 15:42:06,012 - INFO - Sent ACK for last received packet with seq_num 0
2024-10-30 15:42:06,013 - INFO - Received and acknowledged packet with seq_num 2800
2024-10-30 15:42:06,015 - INFO - Received and acknowledged packet with seq_num 4200
2024-10-30 15:42:06,016 - INFO - Received and acknowledged packet with seq_num 5600
2024-10-30 15:42:06,016 - INFO - Received and acknowledged packet with seq_num 7000
2024-10-30 15:42:06,017 - INFO - Received and acknowledged packet with seq_num 8400
2024-10-30 15:42:06,017 - INFO - Received and acknowledged packet with seq_num 9800
2024-10-30 15:42:06,017 - INFO - Received and acknowledged packet with seq_num 11200
2024-10-30 15:42:06,018 - INFO - Received and acknowledged packet with seq_num 12600
2024-10-30 15:42:06,018 - INFO - Received and acknowledged packet with seq_num 14000
2024-10-30 15:42:06,018 - INFO - Received and acknowledged packet with seq_num 15400
2024-10-30 15:42:06,019 - INFO - Received and acknowledged packet with seq_num 16800
2024-10-30 15:42:06,019 - INFO - Received and acknowledged packet with seq_num 18200
2024-10-30 15:42:06,019 - INFO - Received and acknowledged packet with seq_num 19600
2024-10-30 15:42:06,019 - INFO - Received and acknowledged packet with seq_num 21000
2024-10-30 15:42:06,020 - INFO - Received out-of-order packet with seq_num 23800, expected 22400
2024-10-30 15:42:06,020 - INFO - Sent ACK for last received packet with seq_num 21000
2024-10-30 15:42:06,020 - INFO - Received out-of-order packet with seq_num 25200, expected 22400
2024-10-30 15:42:06,020 - INFO - Sent ACK for last received packet with seq_num 21000
2024-10-30 15:42:06,020 - INFO - Received out-of-order packet with seq_num 26600, expected 22400
2024-10-30 15:42:06,021 - INFO - Sent ACK for last received packet with seq_num 21000
2024-10-30 15:42:06,021 - INFO - Received out-of-order packet with seq_num 28000, expected 22400
2024-10-30 15:42:06,021 - INFO - Sent ACK for last received packet with seq_num 21000
2024-10-30 15:42:06,021 - INFO - Received out-of-order packet with seq_num 29400, expected 22400
2024-10-30 15:42:06,021 - INFO - Sent ACK for last received packet with seq_num 21000
2024-10-30 15:42:06,022 - INFO - Received out-of-order packet with seq_num 30800, expected 22400
2024-10-30 15:42:06,022 - INFO - Sent ACK for last received packet with seq_num 21000
2024-10-30 15:42:06,022 - INFO - Received out-of-order packet with seq_num 32200, expected 22400
2024-10-30 15:42:06,022 - INFO - Sent ACK for last received packet with seq_num 21000
2024-10-30 15:42:06,022 - INFO - Received out-of-order packet with seq_num 33600, expected 22400
2024-10-30 15:42:06,023 - INFO - Sent ACK for last received packet with seq_num 21000
2024-10-30 15:42:06,023 - INFO - Received out-of-order packet with seq_num 35000, expected 22400
2024-10-30 15:42:06,023 - INFO - Sent ACK for last received packet with seq_num 21000
2024-10-30 15:42:06,023 - INFO - Received out-of-order packet with seq_num 36400, expected 22400
2024-10-30 15:42:06,023 - INFO - Sent ACK for last received packet with seq_num 21000
2024-10-30 15:42:06,023 - INFO - Received out-of-order packet with seq_num 37800, expected 22400
2024-10-30 15:42:06,024 - INFO - Sent ACK for last received packet with seq_num 21000
2024-10-30 15:42:06,024 - INFO - Received out-of-order packet with seq_num 39200, expected 22400
2024-10-30 15:42:06,024 - INFO - Sent ACK for last received packet with seq_num 21000
2024-10-30 15:42:06,024 - INFO - Received out-of-order packet with seq_num 40600, expected 22400
2024-10-30 15:42:06,024 - INFO - Sent ACK for last received packet with seq_num 21000
2024-10-30 15:42:06,025 - INFO - Received out-of-order packet with seq_num 42000, expected 22400
2024-10-30 15:42:06,025 - INFO - Sent ACK for last received packet with seq_num 21000
2024-10-30 15:42:06,025 - INFO - Received out-of-order packet with seq_num 43400, expected 22400
2024-10-30 15:42:06,025 - INFO - Sent ACK for last received packet with seq_num 21000
2024-10-30 15:42:06,025 - INFO - Received out-of-order packet with seq_num 44800, expected 22400
2024-10-30 15:42:06,025 - INFO - Sent ACK for last received packet with seq_num 21000
2024-10-30 15:42:06,026 - INFO - Received out-of-order packet with seq_num 46200, expected 22400
2024-10-30 15:42:06,026 - INFO - Sent ACK for last received packet with seq_num 21000
2024-10-30 15:42:06,026 - INFO - Received out-of-order packet with seq_num 47600, expected 22400
2024-10-30 15:42:06,026 - INFO - Sent ACK for last received packet with seq_num 21000
2024-10-30 15:42:06,026 - INFO - Received out-of-order packet with seq_num 49000, expected 22400
2024-10-30 15:42:06,027 - INFO - Sent ACK for last received packet with seq_num 21000
2024-10-30 15:42:06,027 - INFO - Received out-of-order packet with seq_num 50400, expected 22400
2024-10-30 15:42:06,027 - INFO - Sent ACK for last received packet with seq_num 21000
2024-10-30 15:42:06,027 - INFO - Received out-of-order packet with seq_num 51800, expected 22400
2024-10-30 15:42:06,027 - INFO - Sent ACK for last received packet with seq_num 21000
2024-10-30 15:42:06,028 - INFO - Received out-of-order packet with seq_num 53200, expected 22400
2024-10-30 15:42:06,028 - INFO - Sent ACK for last received packet with seq_num 21000
2024-10-30 15:42:06,028 - INFO - Received out-of-order packet with seq_num 54600, expected 22400
2024-10-30 15:42:06,028 - INFO - Sent ACK for last received packet with seq_num 21000
2024-10-30 15:42:06,028 - INFO - Received out-of-order packet with seq_num 56000, expected 22400
2024-10-30 15:42:06,028 - INFO - Sent ACK for last received packet with seq_num 21000
2024-10-30 15:42:06,029 - INFO - Received out-of-order packet with seq_num 57400, expected 22400
2024-10-30 15:42:06,029 - INFO - Sent ACK for last received packet with seq_num 21000
2024-10-30 15:42:06,029 - INFO - Received out-of-order packet with seq_num 58800, expected 22400
2024-10-30 15:42:06,029 - INFO - Sent ACK for last received packet with seq_num 21000
2024-10-30 15:42:06,029 - INFO - Received out-of-order packet with seq_num 60200, expected 22400
2024-10-30 15:42:06,030 - INFO - Sent ACK for last received packet with seq_num 21000
2024-10-30 15:42:06,030 - INFO - Received out-of-order packet with seq_num 63000, expected 22400
2024-10-30 15:42:06,030 - INFO - Sent ACK for last received packet with seq_num 21000
2024-10-30 15:42:06,030 - INFO - Received out-of-order packet with seq_num 64400, expected 22400
2024-10-30 15:42:06,030 - INFO - Sent ACK for last received packet with seq_num 21000
2024-10-30 15:42:06,031 - INFO - Received out-of-order packet with seq_num 65800, expected 22400
2024-10-30 15:42:06,031 - INFO - Sent ACK for last received packet with seq_num 21000
2024-10-30 15:42:06,031 - INFO - Received out-of-order packet with seq_num 67200, expected 22400
2024-10-30 15:42:06,031 - INFO - Sent ACK for last received packet with seq_num 21000
2024-10-30 15:42:06,031 - INFO - Received out-of-order packet with seq_num 68600, expected 22400
2024-10-30 15:42:06,031 - INFO - Sent ACK for last received packet with seq_num 21000
2024-10-30 15:42:06,032 - INFO - Received out-of-order packet with seq_num 70000, expected 22400
2024-10-30 15:42:06,032 - INFO - Sent ACK for last received packet with seq_num 21000
2024-10-30 15:42:06,032 - INFO - Received out-of-order packet with seq_num 71400, expected 22400
2024-10-30 15:42:06,032 - INFO - Sent ACK for last received packet with seq_num 21000
2024-10-30 15:42:06,033 - INFO - Received out-of-order packet with seq_num 72800, expected 22400
2024-10-30 15:42:06,033 - INFO - Sent ACK for last received packet with seq_num 21000
2024-10-30 15:42:06,033 - INFO - Received out-of-order packet with seq_num 74200, expected 22400
2024-10-30 15:42:06,033 - INFO - Sent ACK for last received packet with seq_num 21000
2024-10-30 15:42:06,033 - INFO - Received out-of-order packet with seq_num 75600, expected 22400
2024-10-30 15:42:06,034 - INFO - Sent ACK for last received packet with seq_num 21000
2024-10-30 15:42:06,034 - INFO - Received out-of-order packet with seq_num 77000, expected 22400
2024-10-30 15:42:06,034 - INFO - Sent ACK for last received packet with seq_num 21000
2024-10-30 15:42:06,034 - INFO - Received out-of-order packet with seq_num 78400, expected 22400
2024-10-30 15:42:06,034 - INFO - Sent ACK for last received packet with seq_num 21000
2024-10-30 15:42:06,034 - INFO - Received out-of-order packet with seq_num 79800, expected 22400
2024-10-30 15:42:06,035 - INFO - Sent ACK for last received packet with seq_num 21000
2024-10-30 15:42:06,035 - INFO - Received out-of-order packet with seq_num 81200, expected 22400
2024-10-30 15:42:06,035 - INFO - Sent ACK for last received packet with seq_num 21000
2024-10-30 15:42:06,035 - INFO - Received out-of-order packet with seq_num 82600, expected 22400
2024-10-30 15:42:06,035 - INFO - Sent ACK for last received packet with seq_num 21000
2024-10-30 15:42:06,036 - INFO - Received out-of-order packet with seq_num 84000, expected 22400
2024-10-30 15:42:06,036 - INFO - Sent ACK for last received packet with seq_num 21000
2024-10-30 15:42:06,036 - INFO - Received out-of-order packet with seq_num 85400, expected 22400
2024-10-30 15:42:06,036 - INFO - Sent ACK for last received packet with seq_num 21000
2024-10-30 15:42:06,037 - INFO - Received out-of-order packet with seq_num 86800, expected 22400
2024-10-30 15:42:06,037 - INFO - Sent ACK for last received packet with seq_num 21000
2024-10-30 15:42:06,037 - INFO - Received out-of-order packet with seq_num 88200, expected 22400
2024-10-30 15:42:06,037 - INFO - Sent ACK for last received packet with seq_num 21000
2024-10-30 15:42:06,037 - INFO - Received out-of-order packet with seq_num 91000, expected 22400
2024-10-30 15:42:06,038 - INFO - Sent ACK for last received packet with seq_num 21000
2024-10-30 15:42:06,038 - INFO - Received out-of-order packet with seq_num 93800, expected 22400
2024-10-30 15:42:06,038 - INFO - Sent ACK for last received packet with seq_num 21000
2024-10-30 15:42:06,038 - INFO - Received out-of-order packet with seq_num 95200, expected 22400
2024-10-30 15:42:06,039 - INFO - Sent ACK for last received packet with seq_num 21000
2024-10-30 15:42:06,039 - INFO - Received out-of-order packet with seq_num 96600, expected 22400
2024-10-30 15:42:06,039 - INFO - Sent ACK for last received packet with seq_num 21000
2024-10-30 15:42:06,039 - INFO - Received out-of-order packet with seq_num 98000, expected 22400
2024-10-30 15:42:06,039 - INFO - Sent ACK for last received packet with seq_num 21000
2024-10-30 15:42:06,040 - INFO - Received out-of-order packet with seq_num 99400, expected 22400
2024-10-30 15:42:06,040 - INFO - Sent ACK for last received packet with seq_num 21000
2024-10-30 15:42:06,040 - INFO - Received out-of-order packet with seq_num 100800, expected 22400
2024-10-30 15:42:06,040 - INFO - Sent ACK for last received packet with seq_num 21000
2024-10-30 15:42:06,041 - INFO - Received out-of-order packet with seq_num 102200, expected 22400
2024-10-30 15:42:06,041 - INFO - Sent ACK for last received packet with seq_num 21000
2024-10-30 15:42:06,041 - INFO - Received out-of-order packet with seq_num 103600, expected 22400
2024-10-30 15:42:06,041 - INFO - Sent ACK for last received packet with seq_num 21000
2024-10-30 15:42:06,041 - INFO - Received out-of-order packet with seq_num 105000, expected 22400
2024-10-30 15:42:06,042 - INFO - Sent ACK for last received packet with seq_num 21000
2024-10-30 15:42:06,042 - INFO - Received out-of-order packet with seq_num 106400, expected 22400
2024-10-30 15:42:06,042 - INFO - Sent ACK for last received packet with seq_num 21000
2024-10-30 15:42:06,042 - INFO - Received out-of-order packet with seq_num 107800, expected 22400
2024-10-30 15:42:06,042 - INFO - Sent ACK for last received packet with seq_num 21000
2024-10-30 15:42:06,043 - INFO - Received out-of-order packet with seq_num 109200, expected 22400
2024-10-30 15:42:06,043 - INFO - Sent ACK for last received packet with seq_num 21000
2024-10-30 15:42:06,043 - INFO - Received out-of-order packet with seq_num 110600, expected 22400
2024-10-30 15:42:06,043 - INFO - Sent ACK for last received packet with seq_num 21000
2024-10-30 15:42:06,044 - INFO - Received out-of-order packet with seq_num 112000, expected 22400
2024-10-30 15:42:06,044 - INFO - Sent ACK for last received packet with seq_num 21000
2024-10-30 15:42:06,044 - INFO - Received out-of-order packet with seq_num 113400, expected 22400
2024-10-30 15:42:06,044 - INFO - Sent ACK for last received packet with seq_num 21000
2024-10-30 15:42:06,045 - INFO - Received out-of-order packet with seq_num 114800, expected 22400
2024-10-30 15:42:06,045 - INFO - Sent ACK for last received packet with seq_num 21000
2024-10-30 15:42:06,045 - INFO - Received out-of-order packet with seq_num 116200, expected 22400
2024-10-30 15:42:06,045 - INFO - Sent ACK for last received packet with seq_num 21000
2024-10-30 15:42:06,045 - INFO - Received out-of-order packet with seq_num 117600, expected 22400
2024-10-30 15:42:06,046 - INFO - Sent ACK for last received packet with seq_num 21000
2024-10-30 15:42:06,046 - INFO - Received out-of-order packet with seq_num 119000, expected 22400
2024-10-30 15:42:06,046 - INFO - Sent ACK for last received packet with seq_num 21000
2024-10-30 15:42:06,046 - INFO - Received out-of-order packet with seq_num 120400, expected 22400
2024-10-30 15:42:06,046 - INFO - Sent ACK for last received packet with seq_num 21000
2024-10-30 15:42:06,047 - INFO - Received out-of-order packet with seq_num 121800, expected 22400
2024-10-30 15:42:06,047 - INFO - Sent ACK for last received packet with seq_num 21000
2024-10-30 15:42:06,047 - INFO - Received out-of-order packet with seq_num 123200, expected 22400
2024-10-30 15:42:06,047 - INFO - Sent ACK for last received packet with seq_num 21000
2024-10-30 15:42:06,048 - INFO - Received out-of-order packet with seq_num 126000, expected 22400
2024-10-30 15:42:06,048 - INFO - Sent ACK for last received packet with seq_num 21000
2024-10-30 15:42:06,048 - INFO - Received out-of-order packet with seq_num 127400, expected 22400
2024-10-30 15:42:06,048 - INFO - Sent ACK for last received packet with seq_num 21000
2024-10-30 15:42:06,049 - INFO - Received out-of-order packet with seq_num 128800, expected 22400
2024-10-30 15:42:06,049 - INFO - Sent ACK for last received packet with seq_num 21000
2024-10-30 15:42:06,049 - INFO - Received out-of-order packet with seq_num 130200, expected 22400
2024-10-30 15:42:06,049 - INFO - Sent ACK for last received packet with seq_num 21000
2024-10-30 15:42:06,050 - INFO - Received out-of-order packet with seq_num 133000, expected 22400
2024-10-30 15:42:06,050 - INFO - Sent ACK for last received packet with seq_num 21000
2024-10-30 15:42:06,050 - INFO - Received out-of-order packet with seq_num 137200, expected 22400
2024-10-30 15:42:06,050 - INFO - Sent ACK for last received packet with seq_num 21000
2024-10-30 15:42:06,050 - INFO - Received out-of-order packet with seq_num 138600, expected 22400
2024-10-30 15:42:06,051 - INFO - Sent ACK for last received packet with seq_num 21000
2024-10-30 15:42:06,051 - INFO - Received out-of-order packet with seq_num 140000, expected 22400
2024-10-30 15:42:06,051 - INFO - Sent ACK for last received packet with seq_num 21000
2024-10-30 15:42:06,051 - INFO - Received out-of-order packet with seq_num 141400, expected 22400
2024-10-30 15:42:06,051 - INFO - Sent ACK for last received packet with seq_num 21000
2024-10-30 15:42:06,052 - INFO - Received out-of-order packet with seq_num 142800, expected 22400
2024-10-30 15:42:06,052 - INFO - Sent ACK for last received packet with seq_num 21000
2024-10-30 15:42:06,052 - INFO - Received out-of-order packet with seq_num 144200, expected 22400
2024-10-30 15:42:06,052 - INFO - Sent ACK for last received packet with seq_num 21000
2024-10-30 15:42:06,053 - INFO - Received out-of-order packet with seq_num 145600, expected 22400
2024-10-30 15:42:06,053 - INFO - Sent ACK for last received packet with seq_num 21000
2024-10-30 15:42:06,053 - INFO - Received out-of-order packet with seq_num 148400, expected 22400
2024-10-30 15:42:06,053 - INFO - Sent ACK for last received packet with seq_num 21000
2024-10-30 15:42:06,054 - INFO - Received out-of-order packet with seq_num 149800, expected 22400
2024-10-30 15:42:06,054 - INFO - Sent ACK for last received packet with seq_num 21000
2024-10-30 15:42:06,054 - INFO - Received out-of-order packet with seq_num 152600, expected 22400
2024-10-30 15:42:06,054 - INFO - Sent ACK for last received packet with seq_num 21000
2024-10-30 15:42:06,054 - INFO - Received out-of-order packet with seq_num 154000, expected 22400
2024-10-30 15:42:06,055 - INFO - Sent ACK for last received packet with seq_num 21000
2024-10-30 15:42:06,055 - INFO - Received out-of-order packet with seq_num 155400, expected 22400
2024-10-30 15:42:06,055 - INFO - Sent ACK for last received packet with seq_num 21000
2024-10-30 15:42:06,055 - INFO - Received out-of-order packet with seq_num 156800, expected 22400
2024-10-30 15:42:06,055 - INFO - Sent ACK for last received packet with seq_num 21000
2024-10-30 15:42:06,056 - INFO - Received out-of-order packet with seq_num 158200, expected 22400
2024-10-30 15:42:06,056 - INFO - Sent ACK for last received packet with seq_num 21000
2024-10-30 15:42:06,056 - INFO - Received out-of-order packet with seq_num 159600, expected 22400
2024-10-30 15:42:06,056 - INFO - Sent ACK for last received packet with seq_num 21000
2024-10-30 15:42:06,056 - INFO - Received out-of-order packet with seq_num 162400, expected 22400
2024-10-30 15:42:06,057 - INFO - Sent ACK for last received packet with seq_num 21000
2024-10-30 15:42:06,057 - INFO - Received out-of-order packet with seq_num 163800, expected 22400
2024-10-30 15:42:06,057 - INFO - Sent ACK for last received packet with seq_num 21000
2024-10-30 15:42:06,057 - INFO - Received out-of-order packet with seq_num 165200, expected 22400
2024-10-30 15:42:06,057 - INFO - Sent ACK for last received packet with seq_num 21000
2024-10-30 15:42:06,058 - INFO - Received out-of-order packet with seq_num 166600, expected 22400
2024-10-30 15:42:06,058 - INFO - Sent ACK for last received packet with seq_num 21000
2024-10-30 15:42:06,058 - INFO - Received out-of-order packet with seq_num 168000, expected 22400
2024-10-30 15:42:06,058 - INFO - Sent ACK for last received packet with seq_num 21000
2024-10-30 15:42:06,058 - INFO - Received out-of-order packet with seq_num 169400, expected 22400
2024-10-30 15:42:06,059 - INFO - Sent ACK for last received packet with seq_num 21000
2024-10-30 15:42:06,059 - INFO - Received out-of-order packet with seq_num 170800, expected 22400
2024-10-30 15:42:06,059 - INFO - Sent ACK for last received packet with seq_num 21000
2024-10-30 15:42:06,059 - INFO - Received out-of-order packet with seq_num 172200, expected 22400
2024-10-30 15:42:06,059 - INFO - Sent ACK for last received packet with seq_num 21000
2024-10-30 15:42:06,060 - INFO - Received out-of-order packet with seq_num 173600, expected 22400
2024-10-30 15:42:06,060 - INFO - Sent ACK for last received packet with seq_num 21000
2024-10-30 15:42:06,060 - INFO - Received out-of-order packet with seq_num 175000, expected 22400
2024-10-30 15:42:06,060 - INFO - Sent ACK for last received packet with seq_num 21000
2024-10-30 15:42:06,060 - INFO - Received out-of-order packet with seq_num 176400, expected 22400
2024-10-30 15:42:06,060 - INFO - Sent ACK for last received packet with seq_num 21000
2024-10-30 15:42:06,061 - INFO - Received out-of-order packet with seq_num 177800, expected 22400
2024-10-30 15:42:06,061 - INFO - Sent ACK for last received packet with seq_num 21000
2024-10-30 15:42:06,061 - INFO - Received out-of-order packet with seq_num 179200, expected 22400
2024-10-30 15:42:06,061 - INFO - Sent ACK for last received packet with seq_num 21000
2024-10-30 15:42:06,061 - INFO - Received out-of-order packet with seq_num 180600, expected 22400
2024-10-30 15:42:06,062 - INFO - Sent ACK for last received packet with seq_num 21000
2024-10-30 15:42:06,062 - INFO - Received out-of-order packet with seq_num 182000, expected 22400
2024-10-30 15:42:06,062 - INFO - Sent ACK for last received packet with seq_num 21000
2024-10-30 15:42:06,070 - INFO - Received and acknowledged packet with seq_num 60200
2024-10-30 15:42:06,070 - INFO - Received duplicate packet with seq_num 22400
2024-10-30 15:42:06,070 - INFO - Sent ACK for last received packet with seq_num 60200
2024-10-30 15:42:06,071 - INFO - Received duplicate packet with seq_num 22400
2024-10-30 15:42:06,071 - INFO - Sent ACK for last received packet with seq_num 60200
2024-10-30 15:42:06,071 - INFO - Received duplicate packet with seq_num 22400
2024-10-30 15:42:06,071 - INFO - Sent ACK for last received packet with seq_num 60200
2024-10-30 15:42:06,071 - INFO - Received duplicate packet with seq_num 22400
2024-10-30 15:42:06,071 - INFO - Sent ACK for last received packet with seq_num 60200
2024-10-30 15:42:06,072 - INFO - Received duplicate packet with seq_num 22400
2024-10-30 15:42:06,072 - INFO - Sent ACK for last received packet with seq_num 60200
2024-10-30 15:42:06,072 - INFO - Received duplicate packet with seq_num 22400
2024-10-30 15:42:06,072 - INFO - Sent ACK for last received packet with seq_num 60200
2024-10-30 15:42:06,072 - INFO - Received duplicate packet with seq_num 22400
2024-10-30 15:42:06,072 - INFO - Sent ACK for last received packet with seq_num 60200
2024-10-30 15:42:06,073 - INFO - Received duplicate packet with seq_num 22400
2024-10-30 15:42:06,073 - INFO - Sent ACK for last received packet with seq_num 60200
2024-10-30 15:42:06,073 - INFO - Received duplicate packet with seq_num 22400
2024-10-30 15:42:06,073 - INFO - Sent ACK for last received packet with seq_num 60200
2024-10-30 15:42:06,073 - INFO - Received duplicate packet with seq_num 22400
2024-10-30 15:42:06,074 - INFO - Sent ACK for last received packet with seq_num 60200
2024-10-30 15:42:06,074 - INFO - Received duplicate packet with seq_num 22400
2024-10-30 15:42:06,074 - INFO - Sent ACK for last received packet with seq_num 60200
2024-10-30 15:42:06,074 - INFO - Received duplicate packet with seq_num 22400
2024-10-30 15:42:06,074 - INFO - Sent ACK for last received packet with seq_num 60200
2024-10-30 15:42:06,075 - INFO - Received duplicate packet with seq_num 22400
2024-10-30 15:42:06,075 - INFO - Sent ACK for last received packet with seq_num 60200
2024-10-30 15:42:06,075 - INFO - Received duplicate packet with seq_num 22400
2024-10-30 15:42:06,076 - INFO - Sent ACK for last received packet with seq_num 60200
2024-10-30 15:42:06,076 - INFO - Received duplicate packet with seq_num 22400
2024-10-30 15:42:06,076 - INFO - Sent ACK for last received packet with seq_num 60200
2024-10-30 15:42:06,082 - INFO - Received duplicate packet with seq_num 22400
2024-10-30 15:42:06,082 - INFO - Sent ACK for last received packet with seq_num 60200
2024-10-30 15:42:06,082 - INFO - Received duplicate packet with seq_num 22400
2024-10-30 15:42:06,082 - INFO - Sent ACK for last received packet with seq_num 60200
2024-10-30 15:42:06,083 - INFO - Received duplicate packet with seq_num 22400
2024-10-30 15:42:06,083 - INFO - Sent ACK for last received packet with seq_num 60200
2024-10-30 15:42:06,083 - INFO - Received duplicate packet with seq_num 22400
2024-10-30 15:42:06,084 - INFO - Sent ACK for last received packet with seq_num 60200
2024-10-30 15:42:06,084 - INFO - Received duplicate packet with seq_num 22400
2024-10-30 15:42:06,084 - INFO - Sent ACK for last received packet with seq_num 60200
2024-10-30 15:42:06,085 - INFO - Received duplicate packet with seq_num 22400
2024-10-30 15:42:06,085 - INFO - Sent ACK for last received packet with seq_num 60200
2024-10-30 15:42:06,085 - INFO - Received duplicate packet with seq_num 22400
2024-10-30 15:42:06,085 - INFO - Sent ACK for last received packet with seq_num 60200
2024-10-30 15:42:06,086 - INFO - Received duplicate packet with seq_num 22400
2024-10-30 15:42:06,086 - INFO - Sent ACK for last received packet with seq_num 60200
2024-10-30 15:42:06,086 - INFO - Received duplicate packet with seq_num 22400
2024-10-30 15:42:06,087 - INFO - Sent ACK for last received packet with seq_num 60200
2024-10-30 15:42:06,087 - INFO - Received duplicate packet with seq_num 22400
2024-10-30 15:42:06,087 - INFO - Sent ACK for last received packet with seq_num 60200
2024-10-30 15:42:06,088 - INFO - Received duplicate packet with seq_num 22400
2024-10-30 15:42:06,088 - INFO - Sent ACK for last received packet with seq_num 60200
2024-10-30 15:42:06,088 - INFO - Received duplicate packet with seq_num 22400
2024-10-30 15:42:06,088 - INFO - Sent ACK for last received packet with seq_num 60200
2024-10-30 15:42:06,089 - INFO - Received duplicate packet with seq_num 22400
2024-10-30 15:42:06,089 - INFO - Sent ACK for last received packet with seq_num 60200
2024-10-30 15:42:06,090 - INFO - Received duplicate packet with seq_num 22400
2024-10-30 15:42:06,090 - INFO - Sent ACK for last received packet with seq_num 60200
2024-10-30 15:42:06,091 - INFO - Received duplicate packet with seq_num 22400
2024-10-30 15:42:06,091 - INFO - Sent ACK for last received packet with seq_num 60200
2024-10-30 15:42:06,091 - INFO - Received duplicate packet with seq_num 22400
2024-10-30 15:42:06,092 - INFO - Sent ACK for last received packet with seq_num 60200
2024-10-30 15:42:06,092 - INFO - Received duplicate packet with seq_num 22400
2024-10-30 15:42:06,092 - INFO - Sent ACK for last received packet with seq_num 60200
2024-10-30 15:42:06,092 - INFO - Received duplicate packet with seq_num 22400
2024-10-30 15:42:06,093 - INFO - Sent ACK for last received packet with seq_num 60200
2024-10-30 15:42:06,093 - INFO - Received duplicate packet with seq_num 22400
2024-10-30 15:42:06,093 - INFO - Sent ACK for last received packet with seq_num 60200
2024-10-30 15:42:06,094 - INFO - Received duplicate packet with seq_num 22400
2024-10-30 15:42:06,094 - INFO - Sent ACK for last received packet with seq_num 60200
2024-10-30 15:42:06,094 - INFO - Received duplicate packet with seq_num 22400
2024-10-30 15:42:06,094 - INFO - Sent ACK for last received packet with seq_num 60200
2024-10-30 15:42:06,095 - INFO - Received duplicate packet with seq_num 22400
2024-10-30 15:42:06,095 - INFO - Sent ACK for last received packet with seq_num 60200
2024-10-30 15:42:06,095 - INFO - Received duplicate packet with seq_num 22400
2024-10-30 15:42:06,095 - INFO - Sent ACK for last received packet with seq_num 60200
2024-10-30 15:42:06,096 - INFO - Received duplicate packet with seq_num 22400
2024-10-30 15:42:06,096 - INFO - Sent ACK for last received packet with seq_num 60200
2024-10-30 15:42:06,096 - INFO - Received duplicate packet with seq_num 22400
2024-10-30 15:42:06,096 - INFO - Sent ACK for last received packet with seq_num 60200
2024-10-30 15:42:06,097 - INFO - Received duplicate packet with seq_num 22400
2024-10-30 15:42:06,097 - INFO - Sent ACK for last received packet with seq_num 60200
2024-10-30 15:42:06,099 - INFO - Received duplicate packet with seq_num 22400
2024-10-30 15:42:06,099 - INFO - Sent ACK for last received packet with seq_num 60200
2024-10-30 15:42:06,100 - INFO - Received duplicate packet with seq_num 22400
2024-10-30 15:42:06,100 - INFO - Sent ACK for last received packet with seq_num 60200
2024-10-30 15:42:06,100 - INFO - Received duplicate packet with seq_num 22400
2024-10-30 15:42:06,100 - INFO - Sent ACK for last received packet with seq_num 60200
2024-10-30 15:42:06,100 - INFO - Received duplicate packet with seq_num 22400
2024-10-30 15:42:06,100 - INFO - Sent ACK for last received packet with seq_num 60200
2024-10-30 15:42:06,101 - INFO - Received duplicate packet with seq_num 22400
2024-10-30 15:42:06,101 - INFO - Sent ACK for last received packet with seq_num 60200
2024-10-30 15:42:06,101 - INFO - Received duplicate packet with seq_num 22400
2024-10-30 15:42:06,101 - INFO - Sent ACK for last received packet with seq_num 60200
2024-10-30 15:42:06,101 - INFO - Received duplicate packet with seq_num 22400
2024-10-30 15:42:06,101 - INFO - Sent ACK for last received packet with seq_num 60200
2024-10-30 15:42:06,101 - INFO - Received duplicate packet with seq_num 22400
2024-10-30 15:42:06,102 - INFO - Sent ACK for last received packet with seq_num 60200
2024-10-30 15:42:06,102 - INFO - Received duplicate packet with seq_num 22400
2024-10-30 15:42:06,102 - INFO - Sent ACK for last received packet with seq_num 60200
2024-10-30 15:42:06,102 - INFO - Received duplicate packet with seq_num 22400
2024-10-30 15:42:06,102 - INFO - Sent ACK for last received packet with seq_num 60200
2024-10-30 15:42:06,103 - INFO - Received duplicate packet with seq_num 22400
2024-10-30 15:42:06,103 - INFO - Sent ACK for last received packet with seq_num 60200
2024-10-30 15:42:06,103 - INFO - Received duplicate packet with seq_num 22400
2024-10-30 15:42:06,103 - INFO - Sent ACK for last received packet with seq_num 60200
2024-10-30 15:42:06,103 - INFO - Received duplicate packet with seq_num 22400
2024-10-30 15:42:06,103 - INFO - Sent ACK for last received packet with seq_num 60200
2024-10-30 15:42:06,103 - INFO - Received duplicate packet with seq_num 22400
2024-10-30 15:42:06,104 - INFO - Sent ACK for last received packet with seq_num 60200
2024-10-30 15:42:06,104 - INFO - Received duplicate packet with seq_num 22400
2024-10-30 15:42:06,104 - INFO - Sent ACK for last received packet with seq_num 60200
2024-10-30 15:42:06,104 - INFO - Received duplicate packet with seq_num 22400
2024-10-30 15:42:06,104 - INFO - Sent ACK for last received packet with seq_num 60200
2024-10-30 15:42:06,105 - INFO - Received duplicate packet with seq_num 22400
2024-10-30 15:42:06,105 - INFO - Sent ACK for last received packet with seq_num 60200
2024-10-30 15:42:06,105 - INFO - Received duplicate packet with seq_num 22400
2024-10-30 15:42:06,105 - INFO - Sent ACK for last received packet with seq_num 60200
2024-10-30 15:42:06,106 - INFO - Received duplicate packet with seq_num 22400
2024-10-30 15:42:06,106 - INFO - Sent ACK for last received packet with seq_num 60200
2024-10-30 15:42:06,106 - INFO - Received duplicate packet with seq_num 22400
2024-10-30 15:42:06,106 - INFO - Sent ACK for last received packet with seq_num 60200
2024-10-30 15:42:06,107 - INFO - Received duplicate packet with seq_num 22400
2024-10-30 15:42:06,107 - INFO - Sent ACK for last received packet with seq_num 60200
2024-10-30 15:42:06,107 - INFO - Received duplicate packet with seq_num 22400
2024-10-30 15:42:06,107 - INFO - Sent ACK for last received packet with seq_num 60200
2024-10-30 15:42:06,107 - INFO - Received duplicate packet with seq_num 22400
2024-10-30 15:42:06,107 - INFO - Sent ACK for last received packet with seq_num 60200
2024-10-30 15:42:06,108 - INFO - Received duplicate packet with seq_num 22400
2024-10-30 15:42:06,108 - INFO - Sent ACK for last received packet with seq_num 60200
2024-10-30 15:42:06,108 - INFO - Received duplicate packet with seq_num 22400
2024-10-30 15:42:06,108 - INFO - Sent ACK for last received packet with seq_num 60200
2024-10-30 15:42:06,109 - INFO - Received duplicate packet with seq_num 22400
2024-10-30 15:42:06,109 - INFO - Sent ACK for last received packet with seq_num 60200
2024-10-30 15:42:06,110 - INFO - Received duplicate packet with seq_num 22400
2024-10-30 15:42:06,110 - INFO - Sent ACK for last received packet with seq_num 60200
2024-10-30 15:42:06,110 - INFO - Received duplicate packet with seq_num 22400
2024-10-30 15:42:06,110 - INFO - Sent ACK for last received packet with seq_num 60200
2024-10-30 15:42:06,110 - INFO - Received duplicate packet with seq_num 22400
2024-10-30 15:42:06,111 - INFO - Sent ACK for last received packet with seq_num 60200
2024-10-30 15:42:06,111 - INFO - Received duplicate packet with seq_num 22400
2024-10-30 15:42:06,111 - INFO - Sent ACK for last received packet with seq_num 60200
2024-10-30 15:42:06,111 - INFO - Received duplicate packet with seq_num 22400
2024-10-30 15:42:06,111 - INFO - Sent ACK for last received packet with seq_num 60200
2024-10-30 15:42:06,112 - INFO - Received duplicate packet with seq_num 22400
2024-10-30 15:42:06,112 - INFO - Sent ACK for last received packet with seq_num 60200
2024-10-30 15:42:06,112 - INFO - Received duplicate packet with seq_num 22400
2024-10-30 15:42:06,112 - INFO - Sent ACK for last received packet with seq_num 60200
2024-10-30 15:42:06,112 - INFO - Received duplicate packet with seq_num 22400
2024-10-30 15:42:06,113 - INFO - Sent ACK for last received packet with seq_num 60200
2024-10-30 15:42:06,113 - INFO - Received duplicate packet with seq_num 22400
2024-10-30 15:42:06,113 - INFO - Sent ACK for last received packet with seq_num 60200
2024-10-30 15:42:06,113 - INFO - Received duplicate packet with seq_num 22400
2024-10-30 15:42:06,113 - INFO - Sent ACK for last received packet with seq_num 60200
2024-10-30 15:42:06,114 - INFO - Received duplicate packet with seq_num 22400
2024-10-30 15:42:06,114 - INFO - Sent ACK for last received packet with seq_num 60200
2024-10-30 15:42:06,114 - INFO - Received duplicate packet with seq_num 22400
2024-10-30 15:42:06,114 - INFO - Sent ACK for last received packet with seq_num 60200
2024-10-30 15:42:06,115 - INFO - Received duplicate packet with seq_num 22400
2024-10-30 15:42:06,115 - INFO - Sent ACK for last received packet with seq_num 60200
2024-10-30 15:42:06,115 - INFO - Received duplicate packet with seq_num 22400
2024-10-30 15:42:06,115 - INFO - Sent ACK for last received packet with seq_num 60200
2024-10-30 15:42:06,115 - INFO - Received duplicate packet with seq_num 22400
2024-10-30 15:42:06,116 - INFO - Sent ACK for last received packet with seq_num 60200
2024-10-30 15:42:06,116 - INFO - Received duplicate packet with seq_num 22400
2024-10-30 15:42:06,116 - INFO - Sent ACK for last received packet with seq_num 60200
2024-10-30 15:42:06,117 - INFO - Received duplicate packet with seq_num 22400
2024-10-30 15:42:06,117 - INFO - Sent ACK for last received packet with seq_num 60200
2024-10-30 15:42:06,117 - INFO - Received duplicate packet with seq_num 22400
2024-10-30 15:42:06,117 - INFO - Sent ACK for last received packet with seq_num 60200
2024-10-30 15:42:06,118 - INFO - Received duplicate packet with seq_num 22400
2024-10-30 15:42:06,118 - INFO - Sent ACK for last received packet with seq_num 60200
2024-10-30 15:42:06,119 - INFO - Received duplicate packet with seq_num 22400
2024-10-30 15:42:06,119 - INFO - Sent ACK for last received packet with seq_num 60200
2024-10-30 15:42:06,122 - INFO - Received and acknowledged packet with seq_num 88200
2024-10-30 15:42:06,122 - INFO - Received duplicate packet with seq_num 61600
2024-10-30 15:42:06,122 - INFO - Sent ACK for last received packet with seq_num 88200
2024-10-30 15:42:06,122 - INFO - Received duplicate packet with seq_num 61600
2024-10-30 15:42:06,122 - INFO - Sent ACK for last received packet with seq_num 88200
2024-10-30 15:42:06,123 - INFO - Received duplicate packet with seq_num 61600
2024-10-30 15:42:06,123 - INFO - Sent ACK for last received packet with seq_num 88200
2024-10-30 15:42:06,123 - INFO - Received duplicate packet with seq_num 61600
2024-10-30 15:42:06,123 - INFO - Sent ACK for last received packet with seq_num 88200
2024-10-30 15:42:06,124 - INFO - Received duplicate packet with seq_num 61600
2024-10-30 15:42:06,124 - INFO - Sent ACK for last received packet with seq_num 88200
2024-10-30 15:42:06,124 - INFO - Received duplicate packet with seq_num 61600
2024-10-30 15:42:06,124 - INFO - Sent ACK for last received packet with seq_num 88200
2024-10-30 15:42:06,125 - INFO - Received duplicate packet with seq_num 61600
2024-10-30 15:42:06,125 - INFO - Sent ACK for last received packet with seq_num 88200
2024-10-30 15:42:06,125 - INFO - Received duplicate packet with seq_num 61600
2024-10-30 15:42:06,125 - INFO - Sent ACK for last received packet with seq_num 88200
2024-10-30 15:42:06,125 - INFO - Received duplicate packet with seq_num 61600
2024-10-30 15:42:06,126 - INFO - Sent ACK for last received packet with seq_num 88200
2024-10-30 15:42:06,126 - INFO - Received duplicate packet with seq_num 61600
2024-10-30 15:42:06,126 - INFO - Sent ACK for last received packet with seq_num 88200
2024-10-30 15:42:06,126 - INFO - Received duplicate packet with seq_num 61600
2024-10-30 15:42:06,126 - INFO - Sent ACK for last received packet with seq_num 88200
2024-10-30 15:42:06,127 - INFO - Received duplicate packet with seq_num 61600
2024-10-30 15:42:06,127 - INFO - Sent ACK for last received packet with seq_num 88200
2024-10-30 15:42:06,127 - INFO - Received duplicate packet with seq_num 61600
2024-10-30 15:42:06,127 - INFO - Sent ACK for last received packet with seq_num 88200
2024-10-30 15:42:06,127 - INFO - Received duplicate packet with seq_num 61600
2024-10-30 15:42:06,128 - INFO - Sent ACK for last received packet with seq_num 88200
2024-10-30 15:42:06,128 - INFO - Received duplicate packet with seq_num 61600
2024-10-30 15:42:06,128 - INFO - Sent ACK for last received packet with seq_num 88200
2024-10-30 15:42:06,128 - INFO - Received duplicate packet with seq_num 61600
2024-10-30 15:42:06,128 - INFO - Sent ACK for last received packet with seq_num 88200
2024-10-30 15:42:06,129 - INFO - Received duplicate packet with seq_num 61600
2024-10-30 15:42:06,129 - INFO - Sent ACK for last received packet with seq_num 88200
2024-10-30 15:42:06,129 - INFO - Received duplicate packet with seq_num 61600
2024-10-30 15:42:06,129 - INFO - Sent ACK for last received packet with seq_num 88200
2024-10-30 15:42:06,130 - INFO - Received duplicate packet with seq_num 61600
2024-10-30 15:42:06,130 - INFO - Sent ACK for last received packet with seq_num 88200
2024-10-30 15:42:06,130 - INFO - Received duplicate packet with seq_num 61600
2024-10-30 15:42:06,130 - INFO - Sent ACK for last received packet with seq_num 88200
2024-10-30 15:42:06,131 - INFO - Received duplicate packet with seq_num 61600
2024-10-30 15:42:06,131 - INFO - Sent ACK for last received packet with seq_num 88200
2024-10-30 15:42:06,131 - INFO - Received duplicate packet with seq_num 61600
2024-10-30 15:42:06,131 - INFO - Sent ACK for last received packet with seq_num 88200
2024-10-30 15:42:06,132 - INFO - Received duplicate packet with seq_num 61600
2024-10-30 15:42:06,132 - INFO - Sent ACK for last received packet with seq_num 88200
2024-10-30 15:42:06,132 - INFO - Received duplicate packet with seq_num 61600
2024-10-30 15:42:06,132 - INFO - Sent ACK for last received packet with seq_num 88200
2024-10-30 15:42:06,132 - INFO - Received duplicate packet with seq_num 61600
2024-10-30 15:42:06,133 - INFO - Sent ACK for last received packet with seq_num 88200
2024-10-30 15:42:06,133 - INFO - Received duplicate packet with seq_num 61600
2024-10-30 15:42:06,133 - INFO - Sent ACK for last received packet with seq_num 88200
2024-10-30 15:42:06,134 - INFO - Received duplicate packet with seq_num 61600
2024-10-30 15:42:06,134 - INFO - Sent ACK for last received packet with seq_num 88200
2024-10-30 15:42:06,135 - INFO - Received duplicate packet with seq_num 61600
2024-10-30 15:42:06,135 - INFO - Sent ACK for last received packet with seq_num 88200
2024-10-30 15:42:06,135 - INFO - Received duplicate packet with seq_num 61600
2024-10-30 15:42:06,135 - INFO - Sent ACK for last received packet with seq_num 88200
2024-10-30 15:42:06,136 - INFO - Received duplicate packet with seq_num 61600
2024-10-30 15:42:06,136 - INFO - Sent ACK for last received packet with seq_num 88200
2024-10-30 15:42:06,136 - INFO - Received duplicate packet with seq_num 61600
2024-10-30 15:42:06,136 - INFO - Sent ACK for last received packet with seq_num 88200
2024-10-30 15:42:06,137 - INFO - Received duplicate packet with seq_num 61600
2024-10-30 15:42:06,137 - INFO - Sent ACK for last received packet with seq_num 88200
2024-10-30 15:42:06,137 - INFO - Received duplicate packet with seq_num 61600
2024-10-30 15:42:06,137 - INFO - Sent ACK for last received packet with seq_num 88200
2024-10-30 15:42:06,140 - INFO - Received duplicate packet with seq_num 61600
2024-10-30 15:42:06,140 - INFO - Sent ACK for last received packet with seq_num 88200
2024-10-30 15:42:06,141 - INFO - Received duplicate packet with seq_num 61600
2024-10-30 15:42:06,141 - INFO - Sent ACK for last received packet with seq_num 88200
2024-10-30 15:42:06,141 - INFO - Received duplicate packet with seq_num 61600
2024-10-30 15:42:06,141 - INFO - Sent ACK for last received packet with seq_num 88200
2024-10-30 15:42:06,142 - INFO - Received duplicate packet with seq_num 61600
2024-10-30 15:42:06,142 - INFO - Sent ACK for last received packet with seq_num 88200
2024-10-30 15:42:06,142 - INFO - Received duplicate packet with seq_num 61600
2024-10-30 15:42:06,142 - INFO - Sent ACK for last received packet with seq_num 88200
2024-10-30 15:42:06,142 - INFO - Received duplicate packet with seq_num 61600
2024-10-30 15:42:06,142 - INFO - Sent ACK for last received packet with seq_num 88200
2024-10-30 15:42:06,143 - INFO - Received duplicate packet with seq_num 61600
2024-10-30 15:42:06,143 - INFO - Sent ACK for last received packet with seq_num 88200
2024-10-30 15:42:06,143 - INFO - Received duplicate packet with seq_num 61600
2024-10-30 15:42:06,143 - INFO - Sent ACK for last received packet with seq_num 88200
2024-10-30 15:42:06,143 - INFO - Received duplicate packet with seq_num 61600
2024-10-30 15:42:06,143 - INFO - Sent ACK for last received packet with seq_num 88200
2024-10-30 15:42:06,144 - INFO - Received duplicate packet with seq_num 61600
2024-10-30 15:42:06,144 - INFO - Sent ACK for last received packet with seq_num 88200
2024-10-30 15:42:06,144 - INFO - Received duplicate packet with seq_num 61600
2024-10-30 15:42:06,144 - INFO - Sent ACK for last received packet with seq_num 88200
2024-10-30 15:42:06,144 - INFO - Received duplicate packet with seq_num 61600
2024-10-30 15:42:06,145 - INFO - Sent ACK for last received packet with seq_num 88200
2024-10-30 15:42:06,145 - INFO - Received duplicate packet with seq_num 61600
2024-10-30 15:42:06,145 - INFO - Sent ACK for last received packet with seq_num 88200
2024-10-30 15:42:06,145 - INFO - Received duplicate packet with seq_num 61600
2024-10-30 15:42:06,145 - INFO - Sent ACK for last received packet with seq_num 88200
2024-10-30 15:42:06,146 - INFO - Received duplicate packet with seq_num 61600
2024-10-30 15:42:06,146 - INFO - Sent ACK for last received packet with seq_num 88200
2024-10-30 15:42:06,146 - INFO - Received duplicate packet with seq_num 61600
2024-10-30 15:42:06,146 - INFO - Sent ACK for last received packet with seq_num 88200
2024-10-30 15:42:06,147 - INFO - Received duplicate packet with seq_num 61600
2024-10-30 15:42:06,147 - INFO - Sent ACK for last received packet with seq_num 88200
2024-10-30 15:42:06,147 - INFO - Received duplicate packet with seq_num 61600
2024-10-30 15:42:06,147 - INFO - Sent ACK for last received packet with seq_num 88200
2024-10-30 15:42:06,147 - INFO - Received duplicate packet with seq_num 61600
2024-10-30 15:42:06,148 - INFO - Sent ACK for last received packet with seq_num 88200
2024-10-30 15:42:06,148 - INFO - Received duplicate packet with seq_num 61600
2024-10-30 15:42:06,148 - INFO - Sent ACK for last received packet with seq_num 88200
2024-10-30 15:42:06,148 - INFO - Received duplicate packet with seq_num 61600
2024-10-30 15:42:06,148 - INFO - Sent ACK for last received packet with seq_num 88200
2024-10-30 15:42:06,149 - INFO - Received duplicate packet with seq_num 61600
2024-10-30 15:42:06,149 - INFO - Sent ACK for last received packet with seq_num 88200
2024-10-30 15:42:06,150 - INFO - Received duplicate packet with seq_num 61600
2024-10-30 15:42:06,150 - INFO - Sent ACK for last received packet with seq_num 88200
2024-10-30 15:42:06,150 - INFO - Received duplicate packet with seq_num 61600
2024-10-30 15:42:06,150 - INFO - Sent ACK for last received packet with seq_num 88200
2024-10-30 15:42:06,150 - INFO - Received duplicate packet with seq_num 61600
2024-10-30 15:42:06,151 - INFO - Sent ACK for last received packet with seq_num 88200
2024-10-30 15:42:06,151 - INFO - Received duplicate packet with seq_num 61600
2024-10-30 15:42:06,151 - INFO - Sent ACK for last received packet with seq_num 88200
2024-10-30 15:42:06,151 - INFO - Received duplicate packet with seq_num 61600
2024-10-30 15:42:06,151 - INFO - Sent ACK for last received packet with seq_num 88200
2024-10-30 15:42:06,152 - INFO - Received duplicate packet with seq_num 61600
2024-10-30 15:42:06,152 - INFO - Sent ACK for last received packet with seq_num 88200
2024-10-30 15:42:06,152 - INFO - Received duplicate packet with seq_num 61600
2024-10-30 15:42:06,152 - INFO - Sent ACK for last received packet with seq_num 88200
2024-10-30 15:42:06,153 - INFO - Received duplicate packet with seq_num 61600
2024-10-30 15:42:06,153 - INFO - Sent ACK for last received packet with seq_num 88200
2024-10-30 15:42:06,153 - INFO - Received duplicate packet with seq_num 61600
2024-10-30 15:42:06,153 - INFO - Sent ACK for last received packet with seq_num 88200
2024-10-30 15:42:06,153 - INFO - Received duplicate packet with seq_num 61600
2024-10-30 15:42:06,153 - INFO - Sent ACK for last received packet with seq_num 88200
2024-10-30 15:42:06,154 - INFO - Received duplicate packet with seq_num 61600
2024-10-30 15:42:06,154 - INFO - Sent ACK for last received packet with seq_num 88200
2024-10-30 15:42:06,155 - INFO - Received duplicate packet with seq_num 61600
2024-10-30 15:42:06,155 - INFO - Sent ACK for last received packet with seq_num 88200
2024-10-30 15:42:06,155 - INFO - Received duplicate packet with seq_num 61600
2024-10-30 15:42:06,155 - INFO - Sent ACK for last received packet with seq_num 88200
2024-10-30 15:42:06,155 - INFO - Received duplicate packet with seq_num 61600
2024-10-30 15:42:06,156 - INFO - Sent ACK for last received packet with seq_num 88200
2024-10-30 15:42:06,157 - INFO - Received duplicate packet with seq_num 61600
2024-10-30 15:42:06,157 - INFO - Sent ACK for last received packet with seq_num 88200
2024-10-30 15:42:06,157 - INFO - Received duplicate packet with seq_num 61600
2024-10-30 15:42:06,157 - INFO - Sent ACK for last received packet with seq_num 88200
2024-10-30 15:42:06,158 - INFO - Received duplicate packet with seq_num 61600
2024-10-30 15:42:06,159 - INFO - Sent ACK for last received packet with seq_num 88200
2024-10-30 15:42:06,159 - INFO - Received duplicate packet with seq_num 61600
2024-10-30 15:42:06,159 - INFO - Sent ACK for last received packet with seq_num 88200
2024-10-30 15:42:06,159 - INFO - Received duplicate packet with seq_num 61600
2024-10-30 15:42:06,160 - INFO - Sent ACK for last received packet with seq_num 88200
2024-10-30 15:42:06,164 - INFO - Received and acknowledged packet with seq_num 91000
2024-10-30 15:42:06,165 - INFO - Received duplicate packet with seq_num 89600
2024-10-30 15:42:06,165 - INFO - Sent ACK for last received packet with seq_num 91000
2024-10-30 15:42:06,165 - INFO - Received duplicate packet with seq_num 89600
2024-10-30 15:42:06,165 - INFO - Sent ACK for last received packet with seq_num 91000
2024-10-30 15:42:06,165 - INFO - Received duplicate packet with seq_num 89600
2024-10-30 15:42:06,165 - INFO - Sent ACK for last received packet with seq_num 91000
2024-10-30 15:42:06,166 - INFO - Received duplicate packet with seq_num 89600
2024-10-30 15:42:06,166 - INFO - Sent ACK for last received packet with seq_num 91000
2024-10-30 15:42:06,166 - INFO - Received duplicate packet with seq_num 89600
2024-10-30 15:42:06,166 - INFO - Sent ACK for last received packet with seq_num 91000
2024-10-30 15:42:06,166 - INFO - Received duplicate packet with seq_num 89600
2024-10-30 15:42:06,167 - INFO - Sent ACK for last received packet with seq_num 91000
2024-10-30 15:42:06,167 - INFO - Received duplicate packet with seq_num 89600
2024-10-30 15:42:06,167 - INFO - Sent ACK for last received packet with seq_num 91000
2024-10-30 15:42:06,168 - INFO - Received duplicate packet with seq_num 89600
2024-10-30 15:42:06,168 - INFO - Sent ACK for last received packet with seq_num 91000
2024-10-30 15:42:06,168 - INFO - Received duplicate packet with seq_num 89600
2024-10-30 15:42:06,168 - INFO - Sent ACK for last received packet with seq_num 91000
2024-10-30 15:42:06,168 - INFO - Received duplicate packet with seq_num 89600
2024-10-30 15:42:06,168 - INFO - Sent ACK for last received packet with seq_num 91000
2024-10-30 15:42:06,169 - INFO - Received duplicate packet with seq_num 89600
2024-10-30 15:42:06,169 - INFO - Sent ACK for last received packet with seq_num 91000
2024-10-30 15:42:06,169 - INFO - Received duplicate packet with seq_num 89600
2024-10-30 15:42:06,169 - INFO - Sent ACK for last received packet with seq_num 91000
2024-10-30 15:42:06,169 - INFO - Received duplicate packet with seq_num 89600
2024-10-30 15:42:06,170 - INFO - Sent ACK for last received packet with seq_num 91000
2024-10-30 15:42:06,170 - INFO - Received duplicate packet with seq_num 89600
2024-10-30 15:42:06,170 - INFO - Sent ACK for last received packet with seq_num 91000
2024-10-30 15:42:06,171 - INFO - Received duplicate packet with seq_num 89600
2024-10-30 15:42:06,171 - INFO - Sent ACK for last received packet with seq_num 91000
2024-10-30 15:42:06,171 - INFO - Received duplicate packet with seq_num 89600
2024-10-30 15:42:06,171 - INFO - Sent ACK for last received packet with seq_num 91000
2024-10-30 15:42:06,172 - INFO - Received duplicate packet with seq_num 89600
2024-10-30 15:42:06,172 - INFO - Sent ACK for last received packet with seq_num 91000
2024-10-30 15:42:06,172 - INFO - Received duplicate packet with seq_num 89600
2024-10-30 15:42:06,172 - INFO - Sent ACK for last received packet with seq_num 91000
2024-10-30 15:42:06,173 - INFO - Received duplicate packet with seq_num 89600
2024-10-30 15:42:06,173 - INFO - Sent ACK for last received packet with seq_num 91000
2024-10-30 15:42:06,174 - INFO - Received duplicate packet with seq_num 89600
2024-10-30 15:42:06,174 - INFO - Sent ACK for last received packet with seq_num 91000
2024-10-30 15:42:06,175 - INFO - Received duplicate packet with seq_num 89600
2024-10-30 15:42:06,175 - INFO - Sent ACK for last received packet with seq_num 91000
2024-10-30 15:42:06,176 - INFO - Received duplicate packet with seq_num 89600
2024-10-30 15:42:06,176 - INFO - Sent ACK for last received packet with seq_num 91000
2024-10-30 15:42:06,176 - INFO - Received duplicate packet with seq_num 89600
2024-10-30 15:42:06,176 - INFO - Sent ACK for last received packet with seq_num 91000
2024-10-30 15:42:06,177 - INFO - Received duplicate packet with seq_num 89600
2024-10-30 15:42:06,177 - INFO - Sent ACK for last received packet with seq_num 91000
2024-10-30 15:42:06,177 - INFO - Received duplicate packet with seq_num 89600
2024-10-30 15:42:06,177 - INFO - Sent ACK for last received packet with seq_num 91000
2024-10-30 15:42:06,178 - INFO - Received duplicate packet with seq_num 89600
2024-10-30 15:42:06,178 - INFO - Sent ACK for last received packet with seq_num 91000
2024-10-30 15:42:06,181 - INFO - Received duplicate packet with seq_num 89600
2024-10-30 15:42:06,181 - INFO - Sent ACK for last received packet with seq_num 91000
2024-10-30 15:42:06,182 - INFO - Received duplicate packet with seq_num 89600
2024-10-30 15:42:06,182 - INFO - Sent ACK for last received packet with seq_num 91000
2024-10-30 15:42:06,182 - INFO - Received duplicate packet with seq_num 89600
2024-10-30 15:42:06,182 - INFO - Sent ACK for last received packet with seq_num 91000
2024-10-30 15:42:06,182 - INFO - Received duplicate packet with seq_num 89600
2024-10-30 15:42:06,182 - INFO - Sent ACK for last received packet with seq_num 91000
2024-10-30 15:42:06,183 - INFO - Received duplicate packet with seq_num 89600
2024-10-30 15:42:06,183 - INFO - Sent ACK for last received packet with seq_num 91000
2024-10-30 15:42:06,184 - INFO - Received duplicate packet with seq_num 89600
2024-10-30 15:42:06,184 - INFO - Sent ACK for last received packet with seq_num 91000
2024-10-30 15:42:06,184 - INFO - Received duplicate packet with seq_num 89600
2024-10-30 15:42:06,184 - INFO - Sent ACK for last received packet with seq_num 91000
2024-10-30 15:42:06,185 - INFO - Received duplicate packet with seq_num 89600
2024-10-30 15:42:06,185 - INFO - Sent ACK for last received packet with seq_num 91000
2024-10-30 15:42:06,185 - INFO - Received duplicate packet with seq_num 89600
2024-10-30 15:42:06,185 - INFO - Sent ACK for last received packet with seq_num 91000
2024-10-30 15:42:06,185 - INFO - Received duplicate packet with seq_num 89600
2024-10-30 15:42:06,185 - INFO - Sent ACK for last received packet with seq_num 91000
2024-10-30 15:42:06,186 - INFO - Received duplicate packet with seq_num 89600
2024-10-30 15:42:06,186 - INFO - Sent ACK for last received packet with seq_num 91000
2024-10-30 15:42:06,186 - INFO - Received duplicate packet with seq_num 89600
2024-10-30 15:42:06,186 - INFO - Sent ACK for last received packet with seq_num 91000
2024-10-30 15:42:06,187 - INFO - Received duplicate packet with seq_num 89600
2024-10-30 15:42:06,187 - INFO - Sent ACK for last received packet with seq_num 91000
2024-10-30 15:42:06,187 - INFO - Received duplicate packet with seq_num 89600
2024-10-30 15:42:06,187 - INFO - Sent ACK for last received packet with seq_num 91000
2024-10-30 15:42:06,187 - INFO - Received duplicate packet with seq_num 89600
2024-10-30 15:42:06,188 - INFO - Sent ACK for last received packet with seq_num 91000
2024-10-30 15:42:06,188 - INFO - Received duplicate packet with seq_num 89600
2024-10-30 15:42:06,188 - INFO - Sent ACK for last received packet with seq_num 91000
2024-10-30 15:42:06,188 - INFO - Received duplicate packet with seq_num 89600
2024-10-30 15:42:06,188 - INFO - Sent ACK for last received packet with seq_num 91000
2024-10-30 15:42:06,190 - INFO - Received duplicate packet with seq_num 89600
2024-10-30 15:42:06,190 - INFO - Sent ACK for last received packet with seq_num 91000
2024-10-30 15:42:06,191 - INFO - Received duplicate packet with seq_num 89600
2024-10-30 15:42:06,191 - INFO - Sent ACK for last received packet with seq_num 91000
2024-10-30 15:42:06,191 - INFO - Received duplicate packet with seq_num 89600
2024-10-30 15:42:06,191 - INFO - Sent ACK for last received packet with seq_num 91000
2024-10-30 15:42:06,192 - INFO - Received duplicate packet with seq_num 89600
2024-10-30 15:42:06,192 - INFO - Sent ACK for last received packet with seq_num 91000
2024-10-30 15:42:06,192 - INFO - Received duplicate packet with seq_num 89600
2024-10-30 15:42:06,192 - INFO - Sent ACK for last received packet with seq_num 91000
2024-10-30 15:42:06,193 - INFO - Received duplicate packet with seq_num 89600
2024-10-30 15:42:06,193 - INFO - Sent ACK for last received packet with seq_num 91000
2024-10-30 15:42:06,193 - INFO - Received duplicate packet with seq_num 89600
2024-10-30 15:42:06,193 - INFO - Sent ACK for last received packet with seq_num 91000
2024-10-30 15:42:06,194 - INFO - Received duplicate packet with seq_num 89600
2024-10-30 15:42:06,194 - INFO - Sent ACK for last received packet with seq_num 91000
2024-10-30 15:42:06,194 - INFO - Received duplicate packet with seq_num 89600
2024-10-30 15:42:06,194 - INFO - Sent ACK for last received packet with seq_num 91000
2024-10-30 15:42:06,195 - INFO - Received duplicate packet with seq_num 89600
2024-10-30 15:42:06,195 - INFO - Sent ACK for last received packet with seq_num 91000
2024-10-30 15:42:06,195 - INFO - Received duplicate packet with seq_num 89600
2024-10-30 15:42:06,195 - INFO - Sent ACK for last received packet with seq_num 91000
2024-10-30 15:42:06,196 - INFO - Received duplicate packet with seq_num 89600
2024-10-30 15:42:06,196 - INFO - Sent ACK for last received packet with seq_num 91000
2024-10-30 15:42:06,197 - INFO - Received duplicate packet with seq_num 89600
2024-10-30 15:42:06,198 - INFO - Sent ACK for last received packet with seq_num 91000
2024-10-30 15:42:06,198 - INFO - Received duplicate packet with seq_num 89600
2024-10-30 15:42:06,198 - INFO - Sent ACK for last received packet with seq_num 91000
2024-10-30 15:42:06,198 - INFO - Received duplicate packet with seq_num 89600
2024-10-30 15:42:06,198 - INFO - Sent ACK for last received packet with seq_num 91000
2024-10-30 15:42:06,200 - INFO - Received duplicate packet with seq_num 89600
2024-10-30 15:42:06,200 - INFO - Sent ACK for last received packet with seq_num 91000
2024-10-30 15:42:06,206 - INFO - Received and acknowledged packet with seq_num 123200
2024-10-30 15:42:06,208 - INFO - Received duplicate packet with seq_num 92400
2024-10-30 15:42:06,208 - INFO - Sent ACK for last received packet with seq_num 123200
2024-10-30 15:42:06,208 - INFO - Received duplicate packet with seq_num 92400
2024-10-30 15:42:06,208 - INFO - Sent ACK for last received packet with seq_num 123200
2024-10-30 15:42:06,208 - INFO - Received duplicate packet with seq_num 92400
2024-10-30 15:42:06,209 - INFO - Sent ACK for last received packet with seq_num 123200
2024-10-30 15:42:06,209 - INFO - Received duplicate packet with seq_num 92400
2024-10-30 15:42:06,209 - INFO - Sent ACK for last received packet with seq_num 123200
2024-10-30 15:42:06,209 - INFO - Received duplicate packet with seq_num 92400
2024-10-30 15:42:06,209 - INFO - Sent ACK for last received packet with seq_num 123200
2024-10-30 15:42:06,209 - INFO - Received duplicate packet with seq_num 92400
2024-10-30 15:42:06,209 - INFO - Sent ACK for last received packet with seq_num 123200
2024-10-30 15:42:06,210 - INFO - Received duplicate packet with seq_num 92400
2024-10-30 15:42:06,210 - INFO - Sent ACK for last received packet with seq_num 123200
2024-10-30 15:42:06,210 - INFO - Received duplicate packet with seq_num 92400
2024-10-30 15:42:06,210 - INFO - Sent ACK for last received packet with seq_num 123200
2024-10-30 15:42:06,211 - INFO - Received duplicate packet with seq_num 92400
2024-10-30 15:42:06,211 - INFO - Sent ACK for last received packet with seq_num 123200
2024-10-30 15:42:06,211 - INFO - Received duplicate packet with seq_num 92400
2024-10-30 15:42:06,212 - INFO - Sent ACK for last received packet with seq_num 123200
2024-10-30 15:42:06,212 - INFO - Received duplicate packet with seq_num 92400
2024-10-30 15:42:06,212 - INFO - Sent ACK for last received packet with seq_num 123200
2024-10-30 15:42:06,213 - INFO - Received duplicate packet with seq_num 92400
2024-10-30 15:42:06,213 - INFO - Sent ACK for last received packet with seq_num 123200
2024-10-30 15:42:06,214 - INFO - Received duplicate packet with seq_num 92400
2024-10-30 15:42:06,214 - INFO - Sent ACK for last received packet with seq_num 123200
2024-10-30 15:42:06,215 - INFO - Received duplicate packet with seq_num 92400
2024-10-30 15:42:06,215 - INFO - Sent ACK for last received packet with seq_num 123200
2024-10-30 15:42:06,216 - INFO - Received duplicate packet with seq_num 92400
2024-10-30 15:42:06,216 - INFO - Sent ACK for last received packet with seq_num 123200
2024-10-30 15:42:06,217 - INFO - Received duplicate packet with seq_num 92400
2024-10-30 15:42:06,217 - INFO - Sent ACK for last received packet with seq_num 123200
2024-10-30 15:42:06,217 - INFO - Received duplicate packet with seq_num 92400
2024-10-30 15:42:06,217 - INFO - Sent ACK for last received packet with seq_num 123200
2024-10-30 15:42:06,218 - INFO - Received duplicate packet with seq_num 92400
2024-10-30 15:42:06,218 - INFO - Sent ACK for last received packet with seq_num 123200
2024-10-30 15:42:06,218 - INFO - Received duplicate packet with seq_num 92400
2024-10-30 15:42:06,218 - INFO - Sent ACK for last received packet with seq_num 123200
2024-10-30 15:42:06,221 - INFO - Received duplicate packet with seq_num 92400
2024-10-30 15:42:06,221 - INFO - Sent ACK for last received packet with seq_num 123200
2024-10-30 15:42:06,222 - INFO - Received duplicate packet with seq_num 92400
2024-10-30 15:42:06,222 - INFO - Sent ACK for last received packet with seq_num 123200
2024-10-30 15:42:06,222 - INFO - Received duplicate packet with seq_num 92400
2024-10-30 15:42:06,223 - INFO - Sent ACK for last received packet with seq_num 123200
2024-10-30 15:42:06,223 - INFO - Received duplicate packet with seq_num 92400
2024-10-30 15:42:06,223 - INFO - Sent ACK for last received packet with seq_num 123200
2024-10-30 15:42:06,225 - INFO - Received duplicate packet with seq_num 92400
2024-10-30 15:42:06,225 - INFO - Sent ACK for last received packet with seq_num 123200
2024-10-30 15:42:06,225 - INFO - Received duplicate packet with seq_num 92400
2024-10-30 15:42:06,226 - INFO - Sent ACK for last received packet with seq_num 123200
2024-10-30 15:42:06,226 - INFO - Received duplicate packet with seq_num 92400
2024-10-30 15:42:06,226 - INFO - Sent ACK for last received packet with seq_num 123200
2024-10-30 15:42:06,227 - INFO - Received duplicate packet with seq_num 92400
2024-10-30 15:42:06,227 - INFO - Sent ACK for last received packet with seq_num 123200
2024-10-30 15:42:06,227 - INFO - Received duplicate packet with seq_num 92400
2024-10-30 15:42:06,227 - INFO - Sent ACK for last received packet with seq_num 123200
2024-10-30 15:42:06,227 - INFO - Received duplicate packet with seq_num 92400
2024-10-30 15:42:06,227 - INFO - Sent ACK for last received packet with seq_num 123200
2024-10-30 15:42:06,227 - INFO - Received duplicate packet with seq_num 92400
2024-10-30 15:42:06,228 - INFO - Sent ACK for last received packet with seq_num 123200
2024-10-30 15:42:06,228 - INFO - Received duplicate packet with seq_num 92400
2024-10-30 15:42:06,228 - INFO - Sent ACK for last received packet with seq_num 123200
2024-10-30 15:42:06,228 - INFO - Received duplicate packet with seq_num 92400
2024-10-30 15:42:06,228 - INFO - Sent ACK for last received packet with seq_num 123200
2024-10-30 15:42:06,229 - INFO - Received duplicate packet with seq_num 92400
2024-10-30 15:42:06,230 - INFO - Sent ACK for last received packet with seq_num 123200
2024-10-30 15:42:06,230 - INFO - Received duplicate packet with seq_num 92400
2024-10-30 15:42:06,230 - INFO - Sent ACK for last received packet with seq_num 123200
2024-10-30 15:42:06,231 - INFO - Received duplicate packet with seq_num 92400
2024-10-30 15:42:06,231 - INFO - Sent ACK for last received packet with seq_num 123200
2024-10-30 15:42:06,231 - INFO - Received duplicate packet with seq_num 92400
2024-10-30 15:42:06,231 - INFO - Sent ACK for last received packet with seq_num 123200
2024-10-30 15:42:06,233 - INFO - Received duplicate packet with seq_num 92400
2024-10-30 15:42:06,233 - INFO - Sent ACK for last received packet with seq_num 123200
2024-10-30 15:42:06,234 - INFO - Received duplicate packet with seq_num 92400
2024-10-30 15:42:06,234 - INFO - Sent ACK for last received packet with seq_num 123200
2024-10-30 15:42:06,234 - INFO - Received duplicate packet with seq_num 92400
2024-10-30 15:42:06,234 - INFO - Sent ACK for last received packet with seq_num 123200
2024-10-30 15:42:06,234 - INFO - Received duplicate packet with seq_num 92400
2024-10-30 15:42:06,234 - INFO - Sent ACK for last received packet with seq_num 123200
2024-10-30 15:42:06,235 - INFO - Received duplicate packet with seq_num 92400
2024-10-30 15:42:06,235 - INFO - Sent ACK for last received packet with seq_num 123200
2024-10-30 15:42:06,236 - INFO - Received duplicate packet with seq_num 92400
2024-10-30 15:42:06,236 - INFO - Sent ACK for last received packet with seq_num 123200
2024-10-30 15:42:06,236 - INFO - Received duplicate packet with seq_num 92400
2024-10-30 15:42:06,237 - INFO - Sent ACK for last received packet with seq_num 123200
2024-10-30 15:42:06,238 - INFO - Received duplicate packet with seq_num 92400
2024-10-30 15:42:06,238 - INFO - Sent ACK for last received packet with seq_num 123200
2024-10-30 15:42:06,251 - INFO - Received and acknowledged packet with seq_num 130200
2024-10-30 15:42:06,251 - INFO - Received duplicate packet with seq_num 124600
2024-10-30 15:42:06,251 - INFO - Sent ACK for last received packet with seq_num 130200
2024-10-30 15:42:06,251 - INFO - Received duplicate packet with seq_num 124600
2024-10-30 15:42:06,251 - INFO - Sent ACK for last received packet with seq_num 130200
2024-10-30 15:42:06,252 - INFO - Received duplicate packet with seq_num 124600
2024-10-30 15:42:06,252 - INFO - Sent ACK for last received packet with seq_num 130200
2024-10-30 15:42:06,252 - INFO - Received duplicate packet with seq_num 124600
2024-10-30 15:42:06,252 - INFO - Sent ACK for last received packet with seq_num 130200
2024-10-30 15:42:06,253 - INFO - Received duplicate packet with seq_num 124600
2024-10-30 15:42:06,253 - INFO - Sent ACK for last received packet with seq_num 130200
2024-10-30 15:42:06,254 - INFO - Received duplicate packet with seq_num 124600
2024-10-30 15:42:06,254 - INFO - Sent ACK for last received packet with seq_num 130200
2024-10-30 15:42:06,255 - INFO - Received duplicate packet with seq_num 124600
2024-10-30 15:42:06,255 - INFO - Sent ACK for last received packet with seq_num 130200
2024-10-30 15:42:06,257 - INFO - Received duplicate packet with seq_num 124600
2024-10-30 15:42:06,257 - INFO - Sent ACK for last received packet with seq_num 130200
2024-10-30 15:42:06,257 - INFO - Received duplicate packet with seq_num 124600
2024-10-30 15:42:06,257 - INFO - Sent ACK for last received packet with seq_num 130200
2024-10-30 15:42:06,258 - INFO - Received duplicate packet with seq_num 124600
2024-10-30 15:42:06,258 - INFO - Sent ACK for last received packet with seq_num 130200
2024-10-30 15:42:06,258 - INFO - Received duplicate packet with seq_num 124600
2024-10-30 15:42:06,258 - INFO - Sent ACK for last received packet with seq_num 130200
2024-10-30 15:42:06,259 - INFO - Received duplicate packet with seq_num 124600
2024-10-30 15:42:06,259 - INFO - Sent ACK for last received packet with seq_num 130200
2024-10-30 15:42:06,262 - INFO - Received duplicate packet with seq_num 124600
2024-10-30 15:42:06,262 - INFO - Sent ACK for last received packet with seq_num 130200
2024-10-30 15:42:06,263 - INFO - Received duplicate packet with seq_num 124600
2024-10-30 15:42:06,263 - INFO - Sent ACK for last received packet with seq_num 130200
2024-10-30 15:42:06,263 - INFO - Received duplicate packet with seq_num 124600
2024-10-30 15:42:06,263 - INFO - Sent ACK for last received packet with seq_num 130200
2024-10-30 15:42:06,266 - INFO - Received duplicate packet with seq_num 124600
2024-10-30 15:42:06,266 - INFO - Sent ACK for last received packet with seq_num 130200
2024-10-30 15:42:06,267 - INFO - Received duplicate packet with seq_num 124600
2024-10-30 15:42:06,267 - INFO - Sent ACK for last received packet with seq_num 130200
2024-10-30 15:42:06,267 - INFO - Received duplicate packet with seq_num 124600
2024-10-30 15:42:06,268 - INFO - Sent ACK for last received packet with seq_num 130200
2024-10-30 15:42:06,268 - INFO - Received duplicate packet with seq_num 124600
2024-10-30 15:42:06,268 - INFO - Sent ACK for last received packet with seq_num 130200
2024-10-30 15:42:06,268 - INFO - Received duplicate packet with seq_num 124600
2024-10-30 15:42:06,268 - INFO - Sent ACK for last received packet with seq_num 130200
2024-10-30 15:42:06,268 - INFO - Received duplicate packet with seq_num 124600
2024-10-30 15:42:06,269 - INFO - Sent ACK for last received packet with seq_num 130200
2024-10-30 15:42:06,269 - INFO - Received duplicate packet with seq_num 124600
2024-10-30 15:42:06,269 - INFO - Sent ACK for last received packet with seq_num 130200
2024-10-30 15:42:06,270 - INFO - Received duplicate packet with seq_num 124600
2024-10-30 15:42:06,270 - INFO - Sent ACK for last received packet with seq_num 130200
2024-10-30 15:42:06,270 - INFO - Received duplicate packet with seq_num 124600
2024-10-30 15:42:06,270 - INFO - Sent ACK for last received packet with seq_num 130200
2024-10-30 15:42:06,271 - INFO - Received duplicate packet with seq_num 124600
2024-10-30 15:42:06,271 - INFO - Sent ACK for last received packet with seq_num 130200
2024-10-30 15:42:06,271 - INFO - Received duplicate packet with seq_num 124600
2024-10-30 15:42:06,272 - INFO - Sent ACK for last received packet with seq_num 130200
2024-10-30 15:42:06,274 - INFO - Received duplicate packet with seq_num 124600
2024-10-30 15:42:06,274 - INFO - Sent ACK for last received packet with seq_num 130200
2024-10-30 15:42:06,274 - INFO - Received duplicate packet with seq_num 124600
2024-10-30 15:42:06,274 - INFO - Sent ACK for last received packet with seq_num 130200
2024-10-30 15:42:06,275 - INFO - Received duplicate packet with seq_num 124600
2024-10-30 15:42:06,275 - INFO - Sent ACK for last received packet with seq_num 130200
2024-10-30 15:42:06,276 - INFO - Received duplicate packet with seq_num 124600
2024-10-30 15:42:06,276 - INFO - Sent ACK for last received packet with seq_num 130200
2024-10-30 15:42:06,276 - INFO - Received duplicate packet with seq_num 124600
2024-10-30 15:42:06,276 - INFO - Sent ACK for last received packet with seq_num 130200
2024-10-30 15:42:06,277 - INFO - Received duplicate packet with seq_num 124600
2024-10-30 15:42:06,277 - INFO - Sent ACK for last received packet with seq_num 130200
2024-10-30 15:42:06,279 - INFO - Received duplicate packet with seq_num 124600
2024-10-30 15:42:06,279 - INFO - Sent ACK for last received packet with seq_num 130200
2024-10-30 15:42:06,292 - INFO - Received and acknowledged packet with seq_num 133000
2024-10-30 15:42:06,293 - INFO - Received duplicate packet with seq_num 131600
2024-10-30 15:42:06,293 - INFO - Sent ACK for last received packet with seq_num 133000
2024-10-30 15:42:06,293 - INFO - Received duplicate packet with seq_num 131600
2024-10-30 15:42:06,294 - INFO - Sent ACK for last received packet with seq_num 133000
2024-10-30 15:42:06,297 - INFO - Received duplicate packet with seq_num 131600
2024-10-30 15:42:06,297 - INFO - Sent ACK for last received packet with seq_num 133000
2024-10-30 15:42:06,298 - INFO - Received duplicate packet with seq_num 131600
2024-10-30 15:42:06,298 - INFO - Sent ACK for last received packet with seq_num 133000
2024-10-30 15:42:06,298 - INFO - Received duplicate packet with seq_num 131600
2024-10-30 15:42:06,298 - INFO - Sent ACK for last received packet with seq_num 133000
2024-10-30 15:42:06,302 - INFO - Received duplicate packet with seq_num 131600
2024-10-30 15:42:06,302 - INFO - Sent ACK for last received packet with seq_num 133000
2024-10-30 15:42:06,304 - INFO - Received duplicate packet with seq_num 131600
2024-10-30 15:42:06,304 - INFO - Sent ACK for last received packet with seq_num 133000
2024-10-30 15:42:06,306 - INFO - Received duplicate packet with seq_num 131600
2024-10-30 15:42:06,306 - INFO - Sent ACK for last received packet with seq_num 133000
2024-10-30 15:42:06,308 - INFO - Received duplicate packet with seq_num 131600
2024-10-30 15:42:06,308 - INFO - Sent ACK for last received packet with seq_num 133000
2024-10-30 15:42:06,308 - INFO - Received duplicate packet with seq_num 131600
2024-10-30 15:42:06,309 - INFO - Sent ACK for last received packet with seq_num 133000
2024-10-30 15:42:06,309 - INFO - Received duplicate packet with seq_num 131600
2024-10-30 15:42:06,309 - INFO - Sent ACK for last received packet with seq_num 133000
2024-10-30 15:42:06,309 - INFO - Received duplicate packet with seq_num 131600
2024-10-30 15:42:06,309 - INFO - Sent ACK for last received packet with seq_num 133000
2024-10-30 15:42:06,311 - INFO - Received duplicate packet with seq_num 131600
2024-10-30 15:42:06,311 - INFO - Sent ACK for last received packet with seq_num 133000
2024-10-30 15:42:06,312 - INFO - Received duplicate packet with seq_num 131600
2024-10-30 15:42:06,312 - INFO - Sent ACK for last received packet with seq_num 133000
2024-10-30 15:42:06,312 - INFO - Received duplicate packet with seq_num 131600
2024-10-30 15:42:06,312 - INFO - Sent ACK for last received packet with seq_num 133000
2024-10-30 15:42:06,314 - INFO - Received duplicate packet with seq_num 131600
2024-10-30 15:42:06,314 - INFO - Sent ACK for last received packet with seq_num 133000
2024-10-30 15:42:06,315 - INFO - Received duplicate packet with seq_num 131600
2024-10-30 15:42:06,315 - INFO - Sent ACK for last received packet with seq_num 133000
2024-10-30 15:42:06,315 - INFO - Received duplicate packet with seq_num 131600
2024-10-30 15:42:06,316 - INFO - Sent ACK for last received packet with seq_num 133000
2024-10-30 15:42:06,316 - INFO - Received duplicate packet with seq_num 131600
2024-10-30 15:42:06,316 - INFO - Sent ACK for last received packet with seq_num 133000
2024-10-30 15:42:06,317 - INFO - Received duplicate packet with seq_num 131600
2024-10-30 15:42:06,317 - INFO - Sent ACK for last received packet with seq_num 133000
2024-10-30 15:42:06,319 - INFO - Received duplicate packet with seq_num 131600
2024-10-30 15:42:06,319 - INFO - Sent ACK for last received packet with seq_num 133000
2024-10-30 15:42:06,338 - INFO - Received and acknowledged packet with seq_num 134400
2024-10-30 15:42:06,339 - INFO - Received duplicate packet with seq_num 134400
2024-10-30 15:42:06,339 - INFO - Sent ACK for last received packet with seq_num 134400
2024-10-30 15:42:06,345 - INFO - Received duplicate packet with seq_num 134400
2024-10-30 15:42:06,345 - INFO - Sent ACK for last received packet with seq_num 134400
2024-10-30 15:42:06,345 - INFO - Received duplicate packet with seq_num 134400
2024-10-30 15:42:06,345 - INFO - Sent ACK for last received packet with seq_num 134400
2024-10-30 15:42:06,347 - INFO - Received duplicate packet with seq_num 134400
2024-10-30 15:42:06,347 - INFO - Sent ACK for last received packet with seq_num 134400
2024-10-30 15:42:06,348 - INFO - Received duplicate packet with seq_num 134400
2024-10-30 15:42:06,349 - INFO - Sent ACK for last received packet with seq_num 134400
2024-10-30 15:42:06,349 - INFO - Received duplicate packet with seq_num 134400
2024-10-30 15:42:06,349 - INFO - Sent ACK for last received packet with seq_num 134400
2024-10-30 15:42:06,350 - INFO - Received duplicate packet with seq_num 134400
2024-10-30 15:42:06,350 - INFO - Sent ACK for last received packet with seq_num 134400
2024-10-30 15:42:06,350 - INFO - Received duplicate packet with seq_num 134400
2024-10-30 15:42:06,350 - INFO - Sent ACK for last received packet with seq_num 134400
2024-10-30 15:42:06,351 - INFO - Received duplicate packet with seq_num 134400
2024-10-30 15:42:06,352 - INFO - Sent ACK for last received packet with seq_num 134400
2024-10-30 15:42:06,352 - INFO - Received duplicate packet with seq_num 134400
2024-10-30 15:42:06,353 - INFO - Sent ACK for last received packet with seq_num 134400
2024-10-30 15:42:06,353 - INFO - Received duplicate packet with seq_num 134400
2024-10-30 15:42:06,353 - INFO - Sent ACK for last received packet with seq_num 134400
2024-10-30 15:42:06,356 - INFO - Received duplicate packet with seq_num 134400
2024-10-30 15:42:06,356 - INFO - Sent ACK for last received packet with seq_num 134400
2024-10-30 15:42:06,356 - INFO - Received duplicate packet with seq_num 134400
2024-10-30 15:42:06,356 - INFO - Sent ACK for last received packet with seq_num 134400
2024-10-30 15:42:06,357 - INFO - Received duplicate packet with seq_num 134400
2024-10-30 15:42:06,357 - INFO - Sent ACK for last received packet with seq_num 134400
2024-10-30 15:42:06,357 - INFO - Received duplicate packet with seq_num 134400
2024-10-30 15:42:06,358 - INFO - Sent ACK for last received packet with seq_num 134400
2024-10-30 15:42:06,360 - INFO - Received duplicate packet with seq_num 134400
2024-10-30 15:42:06,360 - INFO - Sent ACK for last received packet with seq_num 134400
2024-10-30 15:42:06,386 - INFO - Received and acknowledged packet with seq_num 145600
2024-10-30 15:42:06,388 - INFO - Received duplicate packet with seq_num 135800
2024-10-30 15:42:06,388 - INFO - Sent ACK for last received packet with seq_num 145600
2024-10-30 15:42:06,389 - INFO - Received duplicate packet with seq_num 135800
2024-10-30 15:42:06,389 - INFO - Sent ACK for last received packet with seq_num 145600
2024-10-30 15:42:06,390 - INFO - Received duplicate packet with seq_num 135800
2024-10-30 15:42:06,390 - INFO - Sent ACK for last received packet with seq_num 145600
2024-10-30 15:42:06,390 - INFO - Received duplicate packet with seq_num 135800
2024-10-30 15:42:06,390 - INFO - Sent ACK for last received packet with seq_num 145600
2024-10-30 15:42:06,391 - INFO - Received duplicate packet with seq_num 135800
2024-10-30 15:42:06,391 - INFO - Sent ACK for last received packet with seq_num 145600
2024-10-30 15:42:06,393 - INFO - Received duplicate packet with seq_num 135800
2024-10-30 15:42:06,393 - INFO - Sent ACK for last received packet with seq_num 145600
2024-10-30 15:42:06,393 - INFO - Received duplicate packet with seq_num 135800
2024-10-30 15:42:06,393 - INFO - Sent ACK for last received packet with seq_num 145600
2024-10-30 15:42:06,394 - INFO - Received duplicate packet with seq_num 135800
2024-10-30 15:42:06,394 - INFO - Sent ACK for last received packet with seq_num 145600
2024-10-30 15:42:06,396 - INFO - Received duplicate packet with seq_num 135800
2024-10-30 15:42:06,397 - INFO - Sent ACK for last received packet with seq_num 145600
2024-10-30 15:42:06,397 - INFO - Received duplicate packet with seq_num 135800
2024-10-30 15:42:06,397 - INFO - Sent ACK for last received packet with seq_num 145600
2024-10-30 15:42:06,397 - INFO - Received duplicate packet with seq_num 135800
2024-10-30 15:42:06,398 - INFO - Sent ACK for last received packet with seq_num 145600
2024-10-30 15:42:06,398 - INFO - Received duplicate packet with seq_num 135800
2024-10-30 15:42:06,398 - INFO - Sent ACK for last received packet with seq_num 145600
2024-10-30 15:42:06,401 - INFO - Received duplicate packet with seq_num 135800
2024-10-30 15:42:06,401 - INFO - Sent ACK for last received packet with seq_num 145600
2024-10-30 15:42:06,431 - INFO - Received and acknowledged packet with seq_num 149800
2024-10-30 15:42:06,431 - INFO - Received duplicate packet with seq_num 147000
2024-10-30 15:42:06,431 - INFO - Sent ACK for last received packet with seq_num 149800
2024-10-30 15:42:06,431 - INFO - Received duplicate packet with seq_num 147000
2024-10-30 15:42:06,431 - INFO - Sent ACK for last received packet with seq_num 149800
2024-10-30 15:42:06,433 - INFO - Received duplicate packet with seq_num 147000
2024-10-30 15:42:06,433 - INFO - Sent ACK for last received packet with seq_num 149800
2024-10-30 15:42:06,434 - INFO - Received duplicate packet with seq_num 147000
2024-10-30 15:42:06,434 - INFO - Sent ACK for last received packet with seq_num 149800
2024-10-30 15:42:06,434 - INFO - Received duplicate packet with seq_num 147000
2024-10-30 15:42:06,434 - INFO - Sent ACK for last received packet with seq_num 149800
2024-10-30 15:42:06,437 - INFO - Received duplicate packet with seq_num 147000
2024-10-30 15:42:06,437 - INFO - Sent ACK for last received packet with seq_num 149800
2024-10-30 15:42:06,438 - INFO - Received duplicate packet with seq_num 147000
2024-10-30 15:42:06,438 - INFO - Sent ACK for last received packet with seq_num 149800
2024-10-30 15:42:06,439 - INFO - Received duplicate packet with seq_num 147000
2024-10-30 15:42:06,439 - INFO - Sent ACK for last received packet with seq_num 149800
2024-10-30 15:42:06,441 - INFO - Received duplicate packet with seq_num 147000
2024-10-30 15:42:06,442 - INFO - Sent ACK for last received packet with seq_num 149800
2024-10-30 15:42:06,474 - INFO - Received and acknowledged packet with seq_num 159600
2024-10-30 15:42:06,478 - INFO - Received duplicate packet with seq_num 151200
2024-10-30 15:42:06,478 - INFO - Sent ACK for last received packet with seq_num 159600
2024-10-30 15:42:06,479 - INFO - Received duplicate packet with seq_num 151200
2024-10-30 15:42:06,479 - INFO - Sent ACK for last received packet with seq_num 159600
2024-10-30 15:42:06,479 - INFO - Received duplicate packet with seq_num 151200
2024-10-30 15:42:06,479 - INFO - Sent ACK for last received packet with seq_num 159600
2024-10-30 15:42:06,482 - INFO - Received duplicate packet with seq_num 151200
2024-10-30 15:42:06,482 - INFO - Sent ACK for last received packet with seq_num 159600
2024-10-30 15:42:06,523 - INFO - Received and acknowledged packet with seq_num 182000
2024-10-30 15:42:06,565 - INFO - Received FIN from server.
2024-10-30 15:42:06,605 - INFO - Connection closed successfully.
2024-10-30 15:42:06,605 - INFO - File received successfully.
