2024-10-30 15:41:43,494 - INFO - Connection established with server.
2024-10-30 15:41:43,536 - INFO - RTT measurement done.
2024-10-30 15:41:43,578 - INFO - Received and acknowledged packet with seq_num 0
2024-10-30 15:41:43,578 - INFO - Received and acknowledged packet with seq_num 1400
2024-10-30 15:41:43,579 - INFO - Received out-of-order packet with seq_num 4200, expected 2800
2024-10-30 15:41:43,579 - INFO - Sent ACK for last received packet with seq_num 1400
2024-10-30 15:41:43,579 - INFO - Received out-of-order packet with seq_num 5600, expected 2800
2024-10-30 15:41:43,580 - INFO - Sent ACK for last received packet with seq_num 1400
2024-10-30 15:41:43,580 - INFO - Received out-of-order packet with seq_num 7000, expected 2800
2024-10-30 15:41:43,580 - INFO - Sent ACK for last received packet with seq_num 1400
2024-10-30 15:41:43,580 - INFO - Received out-of-order packet with seq_num 8400, expected 2800
2024-10-30 15:41:43,581 - INFO - Sent ACK for last received packet with seq_num 1400
2024-10-30 15:41:43,581 - INFO - Received out-of-order packet with seq_num 9800, expected 2800
2024-10-30 15:41:43,581 - INFO - Sent ACK for last received packet with seq_num 1400
2024-10-30 15:41:43,582 - INFO - Received out-of-order packet with seq_num 12600, expected 2800
2024-10-30 15:41:43,582 - INFO - Sent ACK for last received packet with seq_num 1400
2024-10-30 15:41:43,583 - INFO - Received out-of-order packet with seq_num 15400, expected 2800
2024-10-30 15:41:43,583 - INFO - Sent ACK for last received packet with seq_num 1400
2024-10-30 15:41:43,584 - INFO - Received out-of-order packet with seq_num 16800, expected 2800
2024-10-30 15:41:43,584 - INFO - Sent ACK for last received packet with seq_num 1400
2024-10-30 15:41:43,584 - INFO - Received out-of-order packet with seq_num 18200, expected 2800
2024-10-30 15:41:43,584 - INFO - Sent ACK for last received packet with seq_num 1400
2024-10-30 15:41:43,585 - INFO - Received out-of-order packet with seq_num 19600, expected 2800
2024-10-30 15:41:43,585 - INFO - Sent ACK for last received packet with seq_num 1400
2024-10-30 15:41:43,585 - INFO - Received out-of-order packet with seq_num 21000, expected 2800
2024-10-30 15:41:43,585 - INFO - Sent ACK for last received packet with seq_num 1400
2024-10-30 15:41:43,586 - INFO - Received out-of-order packet with seq_num 22400, expected 2800
2024-10-30 15:41:43,586 - INFO - Sent ACK for last received packet with seq_num 1400
2024-10-30 15:41:43,586 - INFO - Received out-of-order packet with seq_num 23800, expected 2800
2024-10-30 15:41:43,586 - INFO - Sent ACK for last received packet with seq_num 1400
2024-10-30 15:41:43,587 - INFO - Received out-of-order packet with seq_num 25200, expected 2800
2024-10-30 15:41:43,587 - INFO - Sent ACK for last received packet with seq_num 1400
2024-10-30 15:41:43,587 - INFO - Received out-of-order packet with seq_num 26600, expected 2800
2024-10-30 15:41:43,587 - INFO - Sent ACK for last received packet with seq_num 1400
2024-10-30 15:41:43,588 - INFO - Received out-of-order packet with seq_num 28000, expected 2800
2024-10-30 15:41:43,588 - INFO - Sent ACK for last received packet with seq_num 1400
2024-10-30 15:41:43,588 - INFO - Received out-of-order packet with seq_num 29400, expected 2800
2024-10-30 15:41:43,588 - INFO - Sent ACK for last received packet with seq_num 1400
2024-10-30 15:41:43,589 - INFO - Received out-of-order packet with seq_num 30800, expected 2800
2024-10-30 15:41:43,589 - INFO - Sent ACK for last received packet with seq_num 1400
2024-10-30 15:41:43,589 - INFO - Received out-of-order packet with seq_num 32200, expected 2800
2024-10-30 15:41:43,590 - INFO - Sent ACK for last received packet with seq_num 1400
2024-10-30 15:41:43,590 - INFO - Received out-of-order packet with seq_num 33600, expected 2800
2024-10-30 15:41:43,590 - INFO - Sent ACK for last received packet with seq_num 1400
2024-10-30 15:41:43,590 - INFO - Received out-of-order packet with seq_num 35000, expected 2800
2024-10-30 15:41:43,591 - INFO - Sent ACK for last received packet with seq_num 1400
2024-10-30 15:41:43,591 - INFO - Received out-of-order packet with seq_num 36400, expected 2800
2024-10-30 15:41:43,591 - INFO - Sent ACK for last received packet with seq_num 1400
2024-10-30 15:41:43,592 - INFO - Received out-of-order packet with seq_num 37800, expected 2800
2024-10-30 15:41:43,592 - INFO - Sent ACK for last received packet with seq_num 1400
2024-10-30 15:41:43,592 - INFO - Received out-of-order packet with seq_num 39200, expected 2800
2024-10-30 15:41:43,593 - INFO - Sent ACK for last received packet with seq_num 1400
2024-10-30 15:41:43,593 - INFO - Received out-of-order packet with seq_num 40600, expected 2800
2024-10-30 15:41:43,593 - INFO - Sent ACK for last received packet with seq_num 1400
2024-10-30 15:41:43,594 - INFO - Received out-of-order packet with seq_num 43400, expected 2800
2024-10-30 15:41:43,594 - INFO - Sent ACK for last received packet with seq_num 1400
2024-10-30 15:41:43,594 - INFO - Received out-of-order packet with seq_num 44800, expected 2800
2024-10-30 15:41:43,594 - INFO - Sent ACK for last received packet with seq_num 1400
2024-10-30 15:41:43,595 - INFO - Received out-of-order packet with seq_num 46200, expected 2800
2024-10-30 15:41:43,595 - INFO - Sent ACK for last received packet with seq_num 1400
2024-10-30 15:41:43,595 - INFO - Received out-of-order packet with seq_num 47600, expected 2800
2024-10-30 15:41:43,595 - INFO - Sent ACK for last received packet with seq_num 1400
2024-10-30 15:41:43,595 - INFO - Received out-of-order packet with seq_num 49000, expected 2800
2024-10-30 15:41:43,596 - INFO - Sent ACK for last received packet with seq_num 1400
2024-10-30 15:41:43,596 - INFO - Received out-of-order packet with seq_num 50400, expected 2800
2024-10-30 15:41:43,596 - INFO - Sent ACK for last received packet with seq_num 1400
2024-10-30 15:41:43,596 - INFO - Received out-of-order packet with seq_num 51800, expected 2800
2024-10-30 15:41:43,597 - INFO - Sent ACK for last received packet with seq_num 1400
2024-10-30 15:41:43,597 - INFO - Received out-of-order packet with seq_num 54600, expected 2800
2024-10-30 15:41:43,597 - INFO - Sent ACK for last received packet with seq_num 1400
2024-10-30 15:41:43,598 - INFO - Received out-of-order packet with seq_num 56000, expected 2800
2024-10-30 15:41:43,598 - INFO - Sent ACK for last received packet with seq_num 1400
2024-10-30 15:41:43,599 - INFO - Received out-of-order packet with seq_num 57400, expected 2800
2024-10-30 15:41:43,599 - INFO - Sent ACK for last received packet with seq_num 1400
2024-10-30 15:41:43,599 - INFO - Received out-of-order packet with seq_num 58800, expected 2800
2024-10-30 15:41:43,599 - INFO - Sent ACK for last received packet with seq_num 1400
2024-10-30 15:41:43,600 - INFO - Received out-of-order packet with seq_num 60200, expected 2800
2024-10-30 15:41:43,600 - INFO - Sent ACK for last received packet with seq_num 1400
2024-10-30 15:41:43,600 - INFO - Received out-of-order packet with seq_num 61600, expected 2800
2024-10-30 15:41:43,601 - INFO - Sent ACK for last received packet with seq_num 1400
2024-10-30 15:41:43,601 - INFO - Received out-of-order packet with seq_num 63000, expected 2800
2024-10-30 15:41:43,601 - INFO - Sent ACK for last received packet with seq_num 1400
2024-10-30 15:41:43,601 - INFO - Received out-of-order packet with seq_num 64400, expected 2800
2024-10-30 15:41:43,602 - INFO - Sent ACK for last received packet with seq_num 1400
2024-10-30 15:41:43,602 - INFO - Received out-of-order packet with seq_num 65800, expected 2800
2024-10-30 15:41:43,602 - INFO - Sent ACK for last received packet with seq_num 1400
2024-10-30 15:41:43,603 - INFO - Received out-of-order packet with seq_num 67200, expected 2800
2024-10-30 15:41:43,603 - INFO - Sent ACK for last received packet with seq_num 1400
2024-10-30 15:41:43,603 - INFO - Received out-of-order packet with seq_num 68600, expected 2800
2024-10-30 15:41:43,604 - INFO - Sent ACK for last received packet with seq_num 1400
2024-10-30 15:41:43,604 - INFO - Received out-of-order packet with seq_num 70000, expected 2800
2024-10-30 15:41:43,605 - INFO - Sent ACK for last received packet with seq_num 1400
2024-10-30 15:41:43,605 - INFO - Received out-of-order packet with seq_num 71400, expected 2800
2024-10-30 15:41:43,605 - INFO - Sent ACK for last received packet with seq_num 1400
2024-10-30 15:41:43,606 - INFO - Received out-of-order packet with seq_num 74200, expected 2800
2024-10-30 15:41:43,606 - INFO - Sent ACK for last received packet with seq_num 1400
2024-10-30 15:41:43,606 - INFO - Received out-of-order packet with seq_num 75600, expected 2800
2024-10-30 15:41:43,606 - INFO - Sent ACK for last received packet with seq_num 1400
2024-10-30 15:41:43,607 - INFO - Received out-of-order packet with seq_num 77000, expected 2800
2024-10-30 15:41:43,607 - INFO - Sent ACK for last received packet with seq_num 1400
2024-10-30 15:41:43,607 - INFO - Received out-of-order packet with seq_num 78400, expected 2800
2024-10-30 15:41:43,607 - INFO - Sent ACK for last received packet with seq_num 1400
2024-10-30 15:41:43,608 - INFO - Received out-of-order packet with seq_num 79800, expected 2800
2024-10-30 15:41:43,608 - INFO - Sent ACK for last received packet with seq_num 1400
2024-10-30 15:41:43,609 - INFO - Received out-of-order packet with seq_num 81200, expected 2800
2024-10-30 15:41:43,609 - INFO - Sent ACK for last received packet with seq_num 1400
2024-10-30 15:41:43,609 - INFO - Received out-of-order packet with seq_num 82600, expected 2800
2024-10-30 15:41:43,610 - INFO - Sent ACK for last received packet with seq_num 1400
2024-10-30 15:41:43,610 - INFO - Received out-of-order packet with seq_num 85400, expected 2800
2024-10-30 15:41:43,610 - INFO - Sent ACK for last received packet with seq_num 1400
2024-10-30 15:41:43,611 - INFO - Received out-of-order packet with seq_num 88200, expected 2800
2024-10-30 15:41:43,611 - INFO - Sent ACK for last received packet with seq_num 1400
2024-10-30 15:41:43,611 - INFO - Received out-of-order packet with seq_num 89600, expected 2800
2024-10-30 15:41:43,611 - INFO - Sent ACK for last received packet with seq_num 1400
2024-10-30 15:41:43,611 - INFO - Received out-of-order packet with seq_num 91000, expected 2800
2024-10-30 15:41:43,611 - INFO - Sent ACK for last received packet with seq_num 1400
2024-10-30 15:41:43,612 - INFO - Received out-of-order packet with seq_num 92400, expected 2800
2024-10-30 15:41:43,612 - INFO - Sent ACK for last received packet with seq_num 1400
2024-10-30 15:41:43,613 - INFO - Received out-of-order packet with seq_num 95200, expected 2800
2024-10-30 15:41:43,613 - INFO - Sent ACK for last received packet with seq_num 1400
2024-10-30 15:41:43,613 - INFO - Received out-of-order packet with seq_num 98000, expected 2800
2024-10-30 15:41:43,613 - INFO - Sent ACK for last received packet with seq_num 1400
2024-10-30 15:41:43,614 - INFO - Received out-of-order packet with seq_num 99400, expected 2800
2024-10-30 15:41:43,614 - INFO - Sent ACK for last received packet with seq_num 1400
2024-10-30 15:41:43,614 - INFO - Received out-of-order packet with seq_num 100800, expected 2800
2024-10-30 15:41:43,615 - INFO - Sent ACK for last received packet with seq_num 1400
2024-10-30 15:41:43,615 - INFO - Received out-of-order packet with seq_num 102200, expected 2800
2024-10-30 15:41:43,615 - INFO - Sent ACK for last received packet with seq_num 1400
2024-10-30 15:41:43,615 - INFO - Received out-of-order packet with seq_num 103600, expected 2800
2024-10-30 15:41:43,616 - INFO - Sent ACK for last received packet with seq_num 1400
2024-10-30 15:41:43,616 - INFO - Received out-of-order packet with seq_num 106400, expected 2800
2024-10-30 15:41:43,616 - INFO - Sent ACK for last received packet with seq_num 1400
2024-10-30 15:41:43,616 - INFO - Received out-of-order packet with seq_num 107800, expected 2800
2024-10-30 15:41:43,616 - INFO - Sent ACK for last received packet with seq_num 1400
2024-10-30 15:41:43,617 - INFO - Received out-of-order packet with seq_num 109200, expected 2800
2024-10-30 15:41:43,617 - INFO - Sent ACK for last received packet with seq_num 1400
2024-10-30 15:41:43,617 - INFO - Received out-of-order packet with seq_num 110600, expected 2800
2024-10-30 15:41:43,617 - INFO - Sent ACK for last received packet with seq_num 1400
2024-10-30 15:41:43,618 - INFO - Received out-of-order packet with seq_num 112000, expected 2800
2024-10-30 15:41:43,618 - INFO - Sent ACK for last received packet with seq_num 1400
2024-10-30 15:41:43,618 - INFO - Received out-of-order packet with seq_num 113400, expected 2800
2024-10-30 15:41:43,618 - INFO - Sent ACK for last received packet with seq_num 1400
2024-10-30 15:41:43,618 - INFO - Received out-of-order packet with seq_num 114800, expected 2800
2024-10-30 15:41:43,618 - INFO - Sent ACK for last received packet with seq_num 1400
2024-10-30 15:41:43,619 - INFO - Received out-of-order packet with seq_num 116200, expected 2800
2024-10-30 15:41:43,619 - INFO - Sent ACK for last received packet with seq_num 1400
2024-10-30 15:41:43,619 - INFO - Received out-of-order packet with seq_num 117600, expected 2800
2024-10-30 15:41:43,619 - INFO - Sent ACK for last received packet with seq_num 1400
2024-10-30 15:41:43,619 - INFO - Received out-of-order packet with seq_num 119000, expected 2800
2024-10-30 15:41:43,619 - INFO - Sent ACK for last received packet with seq_num 1400
2024-10-30 15:41:43,620 - INFO - Received out-of-order packet with seq_num 120400, expected 2800
2024-10-30 15:41:43,620 - INFO - Sent ACK for last received packet with seq_num 1400
2024-10-30 15:41:43,620 - INFO - Received out-of-order packet with seq_num 121800, expected 2800
2024-10-30 15:41:43,620 - INFO - Sent ACK for last received packet with seq_num 1400
2024-10-30 15:41:43,620 - INFO - Received out-of-order packet with seq_num 123200, expected 2800
2024-10-30 15:41:43,620 - INFO - Sent ACK for last received packet with seq_num 1400
2024-10-30 15:41:43,621 - INFO - Received out-of-order packet with seq_num 124600, expected 2800
2024-10-30 15:41:43,621 - INFO - Sent ACK for last received packet with seq_num 1400
2024-10-30 15:41:43,621 - INFO - Received out-of-order packet with seq_num 126000, expected 2800
2024-10-30 15:41:43,621 - INFO - Sent ACK for last received packet with seq_num 1400
2024-10-30 15:41:43,621 - INFO - Received out-of-order packet with seq_num 127400, expected 2800
2024-10-30 15:41:43,621 - INFO - Sent ACK for last received packet with seq_num 1400
2024-10-30 15:41:43,622 - INFO - Received out-of-order packet with seq_num 128800, expected 2800
2024-10-30 15:41:43,622 - INFO - Sent ACK for last received packet with seq_num 1400
2024-10-30 15:41:43,622 - INFO - Received out-of-order packet with seq_num 130200, expected 2800
2024-10-30 15:41:43,622 - INFO - Sent ACK for last received packet with seq_num 1400
2024-10-30 15:41:43,622 - INFO - Received out-of-order packet with seq_num 131600, expected 2800
2024-10-30 15:41:43,622 - INFO - Sent ACK for last received packet with seq_num 1400
2024-10-30 15:41:43,623 - INFO - Received out-of-order packet with seq_num 133000, expected 2800
2024-10-30 15:41:43,623 - INFO - Sent ACK for last received packet with seq_num 1400
2024-10-30 15:41:43,623 - INFO - Received out-of-order packet with seq_num 134400, expected 2800
2024-10-30 15:41:43,623 - INFO - Sent ACK for last received packet with seq_num 1400
2024-10-30 15:41:43,623 - INFO - Received out-of-order packet with seq_num 135800, expected 2800
2024-10-30 15:41:43,623 - INFO - Sent ACK for last received packet with seq_num 1400
2024-10-30 15:41:43,624 - INFO - Received out-of-order packet with seq_num 137200, expected 2800
2024-10-30 15:41:43,624 - INFO - Sent ACK for last received packet with seq_num 1400
2024-10-30 15:41:43,624 - INFO - Received out-of-order packet with seq_num 138600, expected 2800
2024-10-30 15:41:43,624 - INFO - Sent ACK for last received packet with seq_num 1400
2024-10-30 15:41:43,624 - INFO - Received out-of-order packet with seq_num 140000, expected 2800
2024-10-30 15:41:43,624 - INFO - Sent ACK for last received packet with seq_num 1400
2024-10-30 15:41:43,625 - INFO - Received out-of-order packet with seq_num 141400, expected 2800
2024-10-30 15:41:43,625 - INFO - Sent ACK for last received packet with seq_num 1400
2024-10-30 15:41:43,625 - INFO - Received out-of-order packet with seq_num 142800, expected 2800
2024-10-30 15:41:43,625 - INFO - Sent ACK for last received packet with seq_num 1400
2024-10-30 15:41:43,625 - INFO - Received out-of-order packet with seq_num 145600, expected 2800
2024-10-30 15:41:43,625 - INFO - Sent ACK for last received packet with seq_num 1400
2024-10-30 15:41:43,626 - INFO - Received out-of-order packet with seq_num 147000, expected 2800
2024-10-30 15:41:43,626 - INFO - Sent ACK for last received packet with seq_num 1400
2024-10-30 15:41:43,626 - INFO - Received out-of-order packet with seq_num 148400, expected 2800
2024-10-30 15:41:43,626 - INFO - Sent ACK for last received packet with seq_num 1400
2024-10-30 15:41:43,626 - INFO - Received out-of-order packet with seq_num 149800, expected 2800
2024-10-30 15:41:43,626 - INFO - Sent ACK for last received packet with seq_num 1400
2024-10-30 15:41:43,626 - INFO - Received out-of-order packet with seq_num 151200, expected 2800
2024-10-30 15:41:43,627 - INFO - Sent ACK for last received packet with seq_num 1400
2024-10-30 15:41:43,627 - INFO - Received out-of-order packet with seq_num 152600, expected 2800
2024-10-30 15:41:43,627 - INFO - Sent ACK for last received packet with seq_num 1400
2024-10-30 15:41:43,627 - INFO - Received out-of-order packet with seq_num 154000, expected 2800
2024-10-30 15:41:43,627 - INFO - Sent ACK for last received packet with seq_num 1400
2024-10-30 15:41:43,627 - INFO - Received out-of-order packet with seq_num 155400, expected 2800
2024-10-30 15:41:43,627 - INFO - Sent ACK for last received packet with seq_num 1400
2024-10-30 15:41:43,628 - INFO - Received out-of-order packet with seq_num 156800, expected 2800
2024-10-30 15:41:43,628 - INFO - Sent ACK for last received packet with seq_num 1400
2024-10-30 15:41:43,628 - INFO - Received out-of-order packet with seq_num 158200, expected 2800
2024-10-30 15:41:43,628 - INFO - Sent ACK for last received packet with seq_num 1400
2024-10-30 15:41:43,628 - INFO - Received out-of-order packet with seq_num 162400, expected 2800
2024-10-30 15:41:43,628 - INFO - Sent ACK for last received packet with seq_num 1400
2024-10-30 15:41:43,629 - INFO - Received out-of-order packet with seq_num 163800, expected 2800
2024-10-30 15:41:43,629 - INFO - Sent ACK for last received packet with seq_num 1400
2024-10-30 15:41:43,629 - INFO - Received out-of-order packet with seq_num 166600, expected 2800
2024-10-30 15:41:43,629 - INFO - Sent ACK for last received packet with seq_num 1400
2024-10-30 15:41:43,629 - INFO - Received out-of-order packet with seq_num 168000, expected 2800
2024-10-30 15:41:43,629 - INFO - Sent ACK for last received packet with seq_num 1400
2024-10-30 15:41:43,630 - INFO - Received out-of-order packet with seq_num 169400, expected 2800
2024-10-30 15:41:43,630 - INFO - Sent ACK for last received packet with seq_num 1400
2024-10-30 15:41:43,630 - INFO - Received out-of-order packet with seq_num 170800, expected 2800
2024-10-30 15:41:43,630 - INFO - Sent ACK for last received packet with seq_num 1400
2024-10-30 15:41:43,630 - INFO - Received out-of-order packet with seq_num 172200, expected 2800
2024-10-30 15:41:43,630 - INFO - Sent ACK for last received packet with seq_num 1400
2024-10-30 15:41:43,630 - INFO - Received out-of-order packet with seq_num 173600, expected 2800
2024-10-30 15:41:43,630 - INFO - Sent ACK for last received packet with seq_num 1400
2024-10-30 15:41:43,631 - INFO - Received out-of-order packet with seq_num 176400, expected 2800
2024-10-30 15:41:43,631 - INFO - Sent ACK for last received packet with seq_num 1400
2024-10-30 15:41:43,631 - INFO - Received out-of-order packet with seq_num 177800, expected 2800
2024-10-30 15:41:43,631 - INFO - Sent ACK for last received packet with seq_num 1400
2024-10-30 15:41:43,631 - INFO - Received out-of-order packet with seq_num 179200, expected 2800
2024-10-30 15:41:43,631 - INFO - Sent ACK for last received packet with seq_num 1400
2024-10-30 15:41:43,632 - INFO - Received out-of-order packet with seq_num 180600, expected 2800
2024-10-30 15:41:43,632 - INFO - Sent ACK for last received packet with seq_num 1400
2024-10-30 15:41:43,632 - INFO - Received out-of-order packet with seq_num 182000, expected 2800
2024-10-30 15:41:43,632 - INFO - Sent ACK for last received packet with seq_num 1400
2024-10-30 15:41:44,580 - INFO - Received and acknowledged packet with seq_num 9800
2024-10-30 15:41:44,580 - INFO - Received duplicate packet with seq_num 5600
2024-10-30 15:41:44,580 - INFO - Sent ACK for last received packet with seq_num 9800
2024-10-30 15:41:44,582 - INFO - Received duplicate packet with seq_num 8400
2024-10-30 15:41:44,582 - INFO - Sent ACK for last received packet with seq_num 9800
2024-10-30 15:41:44,582 - INFO - Received duplicate packet with seq_num 9800
2024-10-30 15:41:44,582 - INFO - Sent ACK for last received packet with seq_num 9800
2024-10-30 15:41:44,583 - INFO - Received and acknowledged packet with seq_num 12600
2024-10-30 15:41:44,583 - INFO - Received duplicate packet with seq_num 12600
2024-10-30 15:41:44,583 - INFO - Sent ACK for last received packet with seq_num 12600
2024-10-30 15:41:44,584 - INFO - Received and acknowledged packet with seq_num 40600
2024-10-30 15:41:44,585 - INFO - Received duplicate packet with seq_num 15400
2024-10-30 15:41:44,585 - INFO - Sent ACK for last received packet with seq_num 40600
2024-10-30 15:41:44,585 - INFO - Received duplicate packet with seq_num 16800
2024-10-30 15:41:44,585 - INFO - Sent ACK for last received packet with seq_num 40600
2024-10-30 15:41:44,586 - INFO - Received duplicate packet with seq_num 18200
2024-10-30 15:41:44,586 - INFO - Sent ACK for last received packet with seq_num 40600
2024-10-30 15:41:44,586 - INFO - Received duplicate packet with seq_num 19600
2024-10-30 15:41:44,586 - INFO - Sent ACK for last received packet with seq_num 40600
2024-10-30 15:41:44,587 - INFO - Received duplicate packet with seq_num 21000
2024-10-30 15:41:44,587 - INFO - Sent ACK for last received packet with seq_num 40600
2024-10-30 15:41:44,587 - INFO - Received duplicate packet with seq_num 22400
2024-10-30 15:41:44,587 - INFO - Sent ACK for last received packet with seq_num 40600
2024-10-30 15:41:44,587 - INFO - Received duplicate packet with seq_num 23800
2024-10-30 15:41:44,588 - INFO - Sent ACK for last received packet with seq_num 40600
2024-10-30 15:41:44,588 - INFO - Received duplicate packet with seq_num 25200
2024-10-30 15:41:44,588 - INFO - Sent ACK for last received packet with seq_num 40600
2024-10-30 15:41:44,588 - INFO - Received duplicate packet with seq_num 28000
2024-10-30 15:41:44,588 - INFO - Sent ACK for last received packet with seq_num 40600
2024-10-30 15:41:44,589 - INFO - Received duplicate packet with seq_num 29400
2024-10-30 15:41:44,589 - INFO - Sent ACK for last received packet with seq_num 40600
2024-10-30 15:41:44,590 - INFO - Received duplicate packet with seq_num 30800
2024-10-30 15:41:44,590 - INFO - Sent ACK for last received packet with seq_num 40600
2024-10-30 15:41:44,590 - INFO - Received duplicate packet with seq_num 32200
2024-10-30 15:41:44,591 - INFO - Sent ACK for last received packet with seq_num 40600
2024-10-30 15:41:44,591 - INFO - Received duplicate packet with seq_num 35000
2024-10-30 15:41:44,591 - INFO - Sent ACK for last received packet with seq_num 40600
2024-10-30 15:41:44,591 - INFO - Received duplicate packet with seq_num 36400
2024-10-30 15:41:44,591 - INFO - Sent ACK for last received packet with seq_num 40600
2024-10-30 15:41:44,593 - INFO - Received duplicate packet with seq_num 37800
2024-10-30 15:41:44,593 - INFO - Sent ACK for last received packet with seq_num 40600
2024-10-30 15:41:44,593 - INFO - Received duplicate packet with seq_num 39200
2024-10-30 15:41:44,593 - INFO - Sent ACK for last received packet with seq_num 40600
2024-10-30 15:41:44,594 - INFO - Received duplicate packet with seq_num 40600
2024-10-30 15:41:44,594 - INFO - Sent ACK for last received packet with seq_num 40600
2024-10-30 15:41:44,594 - INFO - Received out-of-order packet with seq_num 43400, expected 42000
2024-10-30 15:41:44,594 - INFO - Sent ACK for last received packet with seq_num 40600
2024-10-30 15:41:44,595 - INFO - Received out-of-order packet with seq_num 44800, expected 42000
2024-10-30 15:41:44,595 - INFO - Sent ACK for last received packet with seq_num 40600
2024-10-30 15:41:44,596 - INFO - Received out-of-order packet with seq_num 46200, expected 42000
2024-10-30 15:41:44,596 - INFO - Sent ACK for last received packet with seq_num 40600
2024-10-30 15:41:44,596 - INFO - Received out-of-order packet with seq_num 49000, expected 42000
2024-10-30 15:41:44,596 - INFO - Sent ACK for last received packet with seq_num 40600
2024-10-30 15:41:44,597 - INFO - Received out-of-order packet with seq_num 50400, expected 42000
2024-10-30 15:41:44,597 - INFO - Sent ACK for last received packet with seq_num 40600
2024-10-30 15:41:44,597 - INFO - Received out-of-order packet with seq_num 51800, expected 42000
2024-10-30 15:41:44,597 - INFO - Sent ACK for last received packet with seq_num 40600
2024-10-30 15:41:44,597 - INFO - Received out-of-order packet with seq_num 53200, expected 42000
2024-10-30 15:41:44,598 - INFO - Sent ACK for last received packet with seq_num 40600
2024-10-30 15:41:44,598 - INFO - Received out-of-order packet with seq_num 54600, expected 42000
2024-10-30 15:41:44,598 - INFO - Sent ACK for last received packet with seq_num 40600
2024-10-30 15:41:44,598 - INFO - Received out-of-order packet with seq_num 56000, expected 42000
2024-10-30 15:41:44,599 - INFO - Sent ACK for last received packet with seq_num 40600
2024-10-30 15:41:44,599 - INFO - Received out-of-order packet with seq_num 57400, expected 42000
2024-10-30 15:41:44,599 - INFO - Sent ACK for last received packet with seq_num 40600
2024-10-30 15:41:44,599 - INFO - Received out-of-order packet with seq_num 58800, expected 42000
2024-10-30 15:41:44,599 - INFO - Sent ACK for last received packet with seq_num 40600
2024-10-30 15:41:44,600 - INFO - Received out-of-order packet with seq_num 60200, expected 42000
2024-10-30 15:41:44,600 - INFO - Sent ACK for last received packet with seq_num 40600
2024-10-30 15:41:44,600 - INFO - Received out-of-order packet with seq_num 63000, expected 42000
2024-10-30 15:41:44,600 - INFO - Sent ACK for last received packet with seq_num 40600
2024-10-30 15:41:44,601 - INFO - Received out-of-order packet with seq_num 64400, expected 42000
2024-10-30 15:41:44,601 - INFO - Sent ACK for last received packet with seq_num 40600
2024-10-30 15:41:44,601 - INFO - Received out-of-order packet with seq_num 67200, expected 42000
2024-10-30 15:41:44,602 - INFO - Sent ACK for last received packet with seq_num 40600
2024-10-30 15:41:44,602 - INFO - Received out-of-order packet with seq_num 68600, expected 42000
2024-10-30 15:41:44,602 - INFO - Sent ACK for last received packet with seq_num 40600
2024-10-30 15:41:44,603 - INFO - Received out-of-order packet with seq_num 70000, expected 42000
2024-10-30 15:41:44,603 - INFO - Sent ACK for last received packet with seq_num 40600
2024-10-30 15:41:44,603 - INFO - Received out-of-order packet with seq_num 72800, expected 42000
2024-10-30 15:41:44,603 - INFO - Sent ACK for last received packet with seq_num 40600
2024-10-30 15:41:44,604 - INFO - Received out-of-order packet with seq_num 74200, expected 42000
2024-10-30 15:41:44,604 - INFO - Sent ACK for last received packet with seq_num 40600
2024-10-30 15:41:44,604 - INFO - Received out-of-order packet with seq_num 75600, expected 42000
2024-10-30 15:41:44,604 - INFO - Sent ACK for last received packet with seq_num 40600
2024-10-30 15:41:44,605 - INFO - Received out-of-order packet with seq_num 77000, expected 42000
2024-10-30 15:41:44,605 - INFO - Sent ACK for last received packet with seq_num 40600
2024-10-30 15:41:44,605 - INFO - Received out-of-order packet with seq_num 78400, expected 42000
2024-10-30 15:41:44,605 - INFO - Sent ACK for last received packet with seq_num 40600
2024-10-30 15:41:44,606 - INFO - Received out-of-order packet with seq_num 79800, expected 42000
2024-10-30 15:41:44,606 - INFO - Sent ACK for last received packet with seq_num 40600
2024-10-30 15:41:44,606 - INFO - Received out-of-order packet with seq_num 81200, expected 42000
2024-10-30 15:41:44,606 - INFO - Sent ACK for last received packet with seq_num 40600
2024-10-30 15:41:44,607 - INFO - Received out-of-order packet with seq_num 82600, expected 42000
2024-10-30 15:41:44,607 - INFO - Sent ACK for last received packet with seq_num 40600
2024-10-30 15:41:44,607 - INFO - Received out-of-order packet with seq_num 84000, expected 42000
2024-10-30 15:41:44,607 - INFO - Sent ACK for last received packet with seq_num 40600
2024-10-30 15:41:44,608 - INFO - Received out-of-order packet with seq_num 85400, expected 42000
2024-10-30 15:41:44,608 - INFO - Sent ACK for last received packet with seq_num 40600
2024-10-30 15:41:44,608 - INFO - Received out-of-order packet with seq_num 86800, expected 42000
2024-10-30 15:41:44,608 - INFO - Sent ACK for last received packet with seq_num 40600
2024-10-30 15:41:44,609 - INFO - Received out-of-order packet with seq_num 88200, expected 42000
2024-10-30 15:41:44,609 - INFO - Sent ACK for last received packet with seq_num 40600
2024-10-30 15:41:44,609 - INFO - Received out-of-order packet with seq_num 89600, expected 42000
2024-10-30 15:41:44,609 - INFO - Sent ACK for last received packet with seq_num 40600
2024-10-30 15:41:44,610 - INFO - Received out-of-order packet with seq_num 91000, expected 42000
2024-10-30 15:41:44,610 - INFO - Sent ACK for last received packet with seq_num 40600
2024-10-30 15:41:44,610 - INFO - Received out-of-order packet with seq_num 92400, expected 42000
2024-10-30 15:41:44,610 - INFO - Sent ACK for last received packet with seq_num 40600
2024-10-30 15:41:44,611 - INFO - Received out-of-order packet with seq_num 95200, expected 42000
2024-10-30 15:41:44,611 - INFO - Sent ACK for last received packet with seq_num 40600
2024-10-30 15:41:44,611 - INFO - Received out-of-order packet with seq_num 96600, expected 42000
2024-10-30 15:41:44,611 - INFO - Sent ACK for last received packet with seq_num 40600
2024-10-30 15:41:44,612 - INFO - Received out-of-order packet with seq_num 98000, expected 42000
2024-10-30 15:41:44,612 - INFO - Sent ACK for last received packet with seq_num 40600
2024-10-30 15:41:44,612 - INFO - Received out-of-order packet with seq_num 99400, expected 42000
2024-10-30 15:41:44,612 - INFO - Sent ACK for last received packet with seq_num 40600
2024-10-30 15:41:44,613 - INFO - Received out-of-order packet with seq_num 100800, expected 42000
2024-10-30 15:41:44,613 - INFO - Sent ACK for last received packet with seq_num 40600
2024-10-30 15:41:44,613 - INFO - Received out-of-order packet with seq_num 102200, expected 42000
2024-10-30 15:41:44,613 - INFO - Sent ACK for last received packet with seq_num 40600
2024-10-30 15:41:44,614 - INFO - Received out-of-order packet with seq_num 103600, expected 42000
2024-10-30 15:41:44,614 - INFO - Sent ACK for last received packet with seq_num 40600
2024-10-30 15:41:44,614 - INFO - Received out-of-order packet with seq_num 105000, expected 42000
2024-10-30 15:41:44,614 - INFO - Sent ACK for last received packet with seq_num 40600
2024-10-30 15:41:44,615 - INFO - Received out-of-order packet with seq_num 106400, expected 42000
2024-10-30 15:41:44,615 - INFO - Sent ACK for last received packet with seq_num 40600
2024-10-30 15:41:44,615 - INFO - Received out-of-order packet with seq_num 107800, expected 42000
2024-10-30 15:41:44,615 - INFO - Sent ACK for last received packet with seq_num 40600
2024-10-30 15:41:44,615 - INFO - Received out-of-order packet with seq_num 109200, expected 42000
2024-10-30 15:41:44,616 - INFO - Sent ACK for last received packet with seq_num 40600
2024-10-30 15:41:44,616 - INFO - Received out-of-order packet with seq_num 110600, expected 42000
2024-10-30 15:41:44,616 - INFO - Sent ACK for last received packet with seq_num 40600
2024-10-30 15:41:44,616 - INFO - Received out-of-order packet with seq_num 112000, expected 42000
2024-10-30 15:41:44,617 - INFO - Sent ACK for last received packet with seq_num 40600
2024-10-30 15:41:44,617 - INFO - Received out-of-order packet with seq_num 113400, expected 42000
2024-10-30 15:41:44,617 - INFO - Sent ACK for last received packet with seq_num 40600
2024-10-30 15:41:44,618 - INFO - Received out-of-order packet with seq_num 114800, expected 42000
2024-10-30 15:41:44,618 - INFO - Sent ACK for last received packet with seq_num 40600
2024-10-30 15:41:44,618 - INFO - Received out-of-order packet with seq_num 116200, expected 42000
2024-10-30 15:41:44,618 - INFO - Sent ACK for last received packet with seq_num 40600
2024-10-30 15:41:44,619 - INFO - Received out-of-order packet with seq_num 119000, expected 42000
2024-10-30 15:41:44,619 - INFO - Sent ACK for last received packet with seq_num 40600
2024-10-30 15:41:44,619 - INFO - Received out-of-order packet with seq_num 120400, expected 42000
2024-10-30 15:41:44,619 - INFO - Sent ACK for last received packet with seq_num 40600
2024-10-30 15:41:44,620 - INFO - Received out-of-order packet with seq_num 121800, expected 42000
2024-10-30 15:41:44,620 - INFO - Sent ACK for last received packet with seq_num 40600
2024-10-30 15:41:44,620 - INFO - Received out-of-order packet with seq_num 123200, expected 42000
2024-10-30 15:41:44,620 - INFO - Sent ACK for last received packet with seq_num 40600
2024-10-30 15:41:44,621 - INFO - Received out-of-order packet with seq_num 124600, expected 42000
2024-10-30 15:41:44,621 - INFO - Sent ACK for last received packet with seq_num 40600
2024-10-30 15:41:44,621 - INFO - Received out-of-order packet with seq_num 126000, expected 42000
2024-10-30 15:41:44,621 - INFO - Sent ACK for last received packet with seq_num 40600
2024-10-30 15:41:44,622 - INFO - Received out-of-order packet with seq_num 127400, expected 42000
2024-10-30 15:41:44,622 - INFO - Sent ACK for last received packet with seq_num 40600
2024-10-30 15:41:44,622 - INFO - Received out-of-order packet with seq_num 128800, expected 42000
2024-10-30 15:41:44,622 - INFO - Sent ACK for last received packet with seq_num 40600
2024-10-30 15:41:44,623 - INFO - Received out-of-order packet with seq_num 130200, expected 42000
2024-10-30 15:41:44,623 - INFO - Sent ACK for last received packet with seq_num 40600
2024-10-30 15:41:44,623 - INFO - Received out-of-order packet with seq_num 131600, expected 42000
2024-10-30 15:41:44,623 - INFO - Sent ACK for last received packet with seq_num 40600
2024-10-30 15:41:44,624 - INFO - Received out-of-order packet with seq_num 133000, expected 42000
2024-10-30 15:41:44,624 - INFO - Sent ACK for last received packet with seq_num 40600
2024-10-30 15:41:44,624 - INFO - Received out-of-order packet with seq_num 134400, expected 42000
2024-10-30 15:41:44,624 - INFO - Sent ACK for last received packet with seq_num 40600
2024-10-30 15:41:44,624 - INFO - Received out-of-order packet with seq_num 135800, expected 42000
2024-10-30 15:41:44,625 - INFO - Sent ACK for last received packet with seq_num 40600
2024-10-30 15:41:44,625 - INFO - Received out-of-order packet with seq_num 137200, expected 42000
2024-10-30 15:41:44,625 - INFO - Sent ACK for last received packet with seq_num 40600
2024-10-30 15:41:44,626 - INFO - Received out-of-order packet with seq_num 138600, expected 42000
2024-10-30 15:41:44,626 - INFO - Sent ACK for last received packet with seq_num 40600
2024-10-30 15:41:44,626 - INFO - Received out-of-order packet with seq_num 140000, expected 42000
2024-10-30 15:41:44,626 - INFO - Sent ACK for last received packet with seq_num 40600
2024-10-30 15:41:44,627 - INFO - Received out-of-order packet with seq_num 141400, expected 42000
2024-10-30 15:41:44,627 - INFO - Sent ACK for last received packet with seq_num 40600
2024-10-30 15:41:44,627 - INFO - Received out-of-order packet with seq_num 142800, expected 42000
2024-10-30 15:41:44,627 - INFO - Sent ACK for last received packet with seq_num 40600
2024-10-30 15:41:44,628 - INFO - Received out-of-order packet with seq_num 144200, expected 42000
2024-10-30 15:41:44,628 - INFO - Sent ACK for last received packet with seq_num 40600
2024-10-30 15:41:44,628 - INFO - Received out-of-order packet with seq_num 145600, expected 42000
2024-10-30 15:41:44,628 - INFO - Sent ACK for last received packet with seq_num 40600
2024-10-30 15:41:44,629 - INFO - Received out-of-order packet with seq_num 147000, expected 42000
2024-10-30 15:41:44,629 - INFO - Sent ACK for last received packet with seq_num 40600
2024-10-30 15:41:44,629 - INFO - Received out-of-order packet with seq_num 148400, expected 42000
2024-10-30 15:41:44,629 - INFO - Sent ACK for last received packet with seq_num 40600
2024-10-30 15:41:44,630 - INFO - Received out-of-order packet with seq_num 149800, expected 42000
2024-10-30 15:41:44,630 - INFO - Sent ACK for last received packet with seq_num 40600
2024-10-30 15:41:44,630 - INFO - Received out-of-order packet with seq_num 151200, expected 42000
2024-10-30 15:41:44,630 - INFO - Sent ACK for last received packet with seq_num 40600
2024-10-30 15:41:44,631 - INFO - Received out-of-order packet with seq_num 152600, expected 42000
2024-10-30 15:41:44,631 - INFO - Sent ACK for last received packet with seq_num 40600
2024-10-30 15:41:44,631 - INFO - Received out-of-order packet with seq_num 154000, expected 42000
2024-10-30 15:41:44,631 - INFO - Sent ACK for last received packet with seq_num 40600
2024-10-30 15:41:44,632 - INFO - Received out-of-order packet with seq_num 155400, expected 42000
2024-10-30 15:41:44,632 - INFO - Sent ACK for last received packet with seq_num 40600
2024-10-30 15:41:44,632 - INFO - Received out-of-order packet with seq_num 156800, expected 42000
2024-10-30 15:41:44,632 - INFO - Sent ACK for last received packet with seq_num 40600
2024-10-30 15:41:44,633 - INFO - Received out-of-order packet with seq_num 159600, expected 42000
2024-10-30 15:41:44,633 - INFO - Sent ACK for last received packet with seq_num 40600
2024-10-30 15:41:44,633 - INFO - Received out-of-order packet with seq_num 161000, expected 42000
2024-10-30 15:41:44,633 - INFO - Sent ACK for last received packet with seq_num 40600
2024-10-30 15:41:44,634 - INFO - Received out-of-order packet with seq_num 162400, expected 42000
2024-10-30 15:41:44,634 - INFO - Sent ACK for last received packet with seq_num 40600
2024-10-30 15:41:44,634 - INFO - Received out-of-order packet with seq_num 163800, expected 42000
2024-10-30 15:41:44,634 - INFO - Sent ACK for last received packet with seq_num 40600
2024-10-30 15:41:44,634 - INFO - Received out-of-order packet with seq_num 166600, expected 42000
2024-10-30 15:41:44,635 - INFO - Sent ACK for last received packet with seq_num 40600
2024-10-30 15:41:44,635 - INFO - Received out-of-order packet with seq_num 169400, expected 42000
2024-10-30 15:41:44,635 - INFO - Sent ACK for last received packet with seq_num 40600
2024-10-30 15:41:44,635 - INFO - Received out-of-order packet with seq_num 170800, expected 42000
2024-10-30 15:41:44,636 - INFO - Sent ACK for last received packet with seq_num 40600
2024-10-30 15:41:44,636 - INFO - Received out-of-order packet with seq_num 172200, expected 42000
2024-10-30 15:41:44,636 - INFO - Sent ACK for last received packet with seq_num 40600
2024-10-30 15:41:44,636 - INFO - Received out-of-order packet with seq_num 173600, expected 42000
2024-10-30 15:41:44,636 - INFO - Sent ACK for last received packet with seq_num 40600
2024-10-30 15:41:44,637 - INFO - Received out-of-order packet with seq_num 175000, expected 42000
2024-10-30 15:41:44,637 - INFO - Sent ACK for last received packet with seq_num 40600
2024-10-30 15:41:44,637 - INFO - Received out-of-order packet with seq_num 176400, expected 42000
2024-10-30 15:41:44,637 - INFO - Sent ACK for last received packet with seq_num 40600
2024-10-30 15:41:44,638 - INFO - Received out-of-order packet with seq_num 177800, expected 42000
2024-10-30 15:41:44,638 - INFO - Sent ACK for last received packet with seq_num 40600
2024-10-30 15:41:44,638 - INFO - Received out-of-order packet with seq_num 179200, expected 42000
2024-10-30 15:41:44,638 - INFO - Sent ACK for last received packet with seq_num 40600
2024-10-30 15:41:44,638 - INFO - Received out-of-order packet with seq_num 180600, expected 42000
2024-10-30 15:41:44,638 - INFO - Sent ACK for last received packet with seq_num 40600
2024-10-30 15:41:45,596 - INFO - Received and acknowledged packet with seq_num 92400
2024-10-30 15:41:45,596 - INFO - Received duplicate packet with seq_num 43400
2024-10-30 15:41:45,596 - INFO - Sent ACK for last received packet with seq_num 92400
2024-10-30 15:41:45,597 - INFO - Received duplicate packet with seq_num 44800
2024-10-30 15:41:45,597 - INFO - Sent ACK for last received packet with seq_num 92400
2024-10-30 15:41:45,598 - INFO - Received duplicate packet with seq_num 46200
2024-10-30 15:41:45,598 - INFO - Sent ACK for last received packet with seq_num 92400
2024-10-30 15:41:45,599 - INFO - Received duplicate packet with seq_num 47600
2024-10-30 15:41:45,599 - INFO - Sent ACK for last received packet with seq_num 92400
2024-10-30 15:41:45,600 - INFO - Received duplicate packet with seq_num 49000
2024-10-30 15:41:45,600 - INFO - Sent ACK for last received packet with seq_num 92400
2024-10-30 15:41:45,601 - INFO - Received duplicate packet with seq_num 50400
2024-10-30 15:41:45,601 - INFO - Sent ACK for last received packet with seq_num 92400
2024-10-30 15:41:45,603 - INFO - Received duplicate packet with seq_num 53200
2024-10-30 15:41:45,603 - INFO - Sent ACK for last received packet with seq_num 92400
2024-10-30 15:41:45,604 - INFO - Received duplicate packet with seq_num 54600
2024-10-30 15:41:45,604 - INFO - Sent ACK for last received packet with seq_num 92400
2024-10-30 15:41:45,605 - INFO - Received duplicate packet with seq_num 56000
2024-10-30 15:41:45,605 - INFO - Sent ACK for last received packet with seq_num 92400
2024-10-30 15:41:45,606 - INFO - Received duplicate packet with seq_num 57400
2024-10-30 15:41:45,606 - INFO - Sent ACK for last received packet with seq_num 92400
2024-10-30 15:41:45,606 - INFO - Received duplicate packet with seq_num 58800
2024-10-30 15:41:45,606 - INFO - Sent ACK for last received packet with seq_num 92400
2024-10-30 15:41:45,606 - INFO - Received duplicate packet with seq_num 60200
2024-10-30 15:41:45,607 - INFO - Sent ACK for last received packet with seq_num 92400
2024-10-30 15:41:45,607 - INFO - Received duplicate packet with seq_num 61600
2024-10-30 15:41:45,607 - INFO - Sent ACK for last received packet with seq_num 92400
2024-10-30 15:41:45,607 - INFO - Received duplicate packet with seq_num 63000
2024-10-30 15:41:45,607 - INFO - Sent ACK for last received packet with seq_num 92400
2024-10-30 15:41:45,608 - INFO - Received duplicate packet with seq_num 64400
2024-10-30 15:41:45,608 - INFO - Sent ACK for last received packet with seq_num 92400
2024-10-30 15:41:45,608 - INFO - Received duplicate packet with seq_num 65800
2024-10-30 15:41:45,608 - INFO - Sent ACK for last received packet with seq_num 92400
2024-10-30 15:41:45,609 - INFO - Received duplicate packet with seq_num 67200
2024-10-30 15:41:45,609 - INFO - Sent ACK for last received packet with seq_num 92400
2024-10-30 15:41:45,609 - INFO - Received duplicate packet with seq_num 68600
2024-10-30 15:41:45,609 - INFO - Sent ACK for last received packet with seq_num 92400
2024-10-30 15:41:45,609 - INFO - Received duplicate packet with seq_num 70000
2024-10-30 15:41:45,610 - INFO - Sent ACK for last received packet with seq_num 92400
2024-10-30 15:41:45,610 - INFO - Received duplicate packet with seq_num 71400
2024-10-30 15:41:45,610 - INFO - Sent ACK for last received packet with seq_num 92400
2024-10-30 15:41:45,610 - INFO - Received duplicate packet with seq_num 72800
2024-10-30 15:41:45,610 - INFO - Sent ACK for last received packet with seq_num 92400
2024-10-30 15:41:45,611 - INFO - Received duplicate packet with seq_num 74200
2024-10-30 15:41:45,611 - INFO - Sent ACK for last received packet with seq_num 92400
2024-10-30 15:41:45,611 - INFO - Received duplicate packet with seq_num 75600
2024-10-30 15:41:45,611 - INFO - Sent ACK for last received packet with seq_num 92400
2024-10-30 15:41:45,612 - INFO - Received duplicate packet with seq_num 77000
2024-10-30 15:41:45,612 - INFO - Sent ACK for last received packet with seq_num 92400
2024-10-30 15:41:45,612 - INFO - Received duplicate packet with seq_num 78400
2024-10-30 15:41:45,612 - INFO - Sent ACK for last received packet with seq_num 92400
2024-10-30 15:41:45,612 - INFO - Received duplicate packet with seq_num 79800
2024-10-30 15:41:45,613 - INFO - Sent ACK for last received packet with seq_num 92400
2024-10-30 15:41:45,613 - INFO - Received duplicate packet with seq_num 81200
2024-10-30 15:41:45,613 - INFO - Sent ACK for last received packet with seq_num 92400
2024-10-30 15:41:45,613 - INFO - Received duplicate packet with seq_num 82600
2024-10-30 15:41:45,613 - INFO - Sent ACK for last received packet with seq_num 92400
2024-10-30 15:41:45,614 - INFO - Received duplicate packet with seq_num 84000
2024-10-30 15:41:45,614 - INFO - Sent ACK for last received packet with seq_num 92400
2024-10-30 15:41:45,614 - INFO - Received duplicate packet with seq_num 85400
2024-10-30 15:41:45,614 - INFO - Sent ACK for last received packet with seq_num 92400
2024-10-30 15:41:45,615 - INFO - Received duplicate packet with seq_num 86800
2024-10-30 15:41:45,615 - INFO - Sent ACK for last received packet with seq_num 92400
2024-10-30 15:41:45,615 - INFO - Received duplicate packet with seq_num 88200
2024-10-30 15:41:45,615 - INFO - Sent ACK for last received packet with seq_num 92400
2024-10-30 15:41:45,615 - INFO - Received duplicate packet with seq_num 89600
2024-10-30 15:41:45,616 - INFO - Sent ACK for last received packet with seq_num 92400
2024-10-30 15:41:45,616 - INFO - Received duplicate packet with seq_num 91000
2024-10-30 15:41:45,616 - INFO - Sent ACK for last received packet with seq_num 92400
2024-10-30 15:41:45,616 - INFO - Received duplicate packet with seq_num 92400
2024-10-30 15:41:45,617 - INFO - Sent ACK for last received packet with seq_num 92400
2024-10-30 15:41:45,618 - INFO - Received and acknowledged packet with seq_num 163800
2024-10-30 15:41:45,618 - INFO - Received duplicate packet with seq_num 95200
2024-10-30 15:41:45,618 - INFO - Sent ACK for last received packet with seq_num 163800
2024-10-30 15:41:45,618 - INFO - Received duplicate packet with seq_num 96600
2024-10-30 15:41:45,619 - INFO - Sent ACK for last received packet with seq_num 163800
2024-10-30 15:41:45,619 - INFO - Received duplicate packet with seq_num 98000
2024-10-30 15:41:45,619 - INFO - Sent ACK for last received packet with seq_num 163800
2024-10-30 15:41:45,619 - INFO - Received duplicate packet with seq_num 99400
2024-10-30 15:41:45,620 - INFO - Sent ACK for last received packet with seq_num 163800
2024-10-30 15:41:45,620 - INFO - Received duplicate packet with seq_num 100800
2024-10-30 15:41:45,620 - INFO - Sent ACK for last received packet with seq_num 163800
2024-10-30 15:41:45,620 - INFO - Received duplicate packet with seq_num 102200
2024-10-30 15:41:45,620 - INFO - Sent ACK for last received packet with seq_num 163800
2024-10-30 15:41:45,621 - INFO - Received duplicate packet with seq_num 103600
2024-10-30 15:41:45,621 - INFO - Sent ACK for last received packet with seq_num 163800
2024-10-30 15:41:45,621 - INFO - Received duplicate packet with seq_num 105000
2024-10-30 15:41:45,622 - INFO - Sent ACK for last received packet with seq_num 163800
2024-10-30 15:41:45,622 - INFO - Received duplicate packet with seq_num 106400
2024-10-30 15:41:45,622 - INFO - Sent ACK for last received packet with seq_num 163800
2024-10-30 15:41:45,622 - INFO - Received duplicate packet with seq_num 107800
2024-10-30 15:41:45,623 - INFO - Sent ACK for last received packet with seq_num 163800
2024-10-30 15:41:45,623 - INFO - Received duplicate packet with seq_num 109200
2024-10-30 15:41:45,623 - INFO - Sent ACK for last received packet with seq_num 163800
2024-10-30 15:41:45,623 - INFO - Received duplicate packet with seq_num 110600
2024-10-30 15:41:45,623 - INFO - Sent ACK for last received packet with seq_num 163800
2024-10-30 15:41:45,624 - INFO - Received duplicate packet with seq_num 112000
2024-10-30 15:41:45,624 - INFO - Sent ACK for last received packet with seq_num 163800
2024-10-30 15:41:45,624 - INFO - Received duplicate packet with seq_num 113400
2024-10-30 15:41:45,624 - INFO - Sent ACK for last received packet with seq_num 163800
2024-10-30 15:41:45,625 - INFO - Received duplicate packet with seq_num 114800
2024-10-30 15:41:45,625 - INFO - Sent ACK for last received packet with seq_num 163800
2024-10-30 15:41:45,625 - INFO - Received duplicate packet with seq_num 117600
2024-10-30 15:41:45,625 - INFO - Sent ACK for last received packet with seq_num 163800
2024-10-30 15:41:45,626 - INFO - Received duplicate packet with seq_num 119000
2024-10-30 15:41:45,626 - INFO - Sent ACK for last received packet with seq_num 163800
2024-10-30 15:41:45,626 - INFO - Received duplicate packet with seq_num 120400
2024-10-30 15:41:45,627 - INFO - Sent ACK for last received packet with seq_num 163800
2024-10-30 15:41:45,627 - INFO - Received duplicate packet with seq_num 121800
2024-10-30 15:41:45,627 - INFO - Sent ACK for last received packet with seq_num 163800
2024-10-30 15:41:45,627 - INFO - Received duplicate packet with seq_num 123200
2024-10-30 15:41:45,628 - INFO - Sent ACK for last received packet with seq_num 163800
2024-10-30 15:41:45,628 - INFO - Received duplicate packet with seq_num 126000
2024-10-30 15:41:45,628 - INFO - Sent ACK for last received packet with seq_num 163800
2024-10-30 15:41:45,628 - INFO - Received duplicate packet with seq_num 127400
2024-10-30 15:41:45,629 - INFO - Sent ACK for last received packet with seq_num 163800
2024-10-30 15:41:45,629 - INFO - Received duplicate packet with seq_num 128800
2024-10-30 15:41:45,629 - INFO - Sent ACK for last received packet with seq_num 163800
2024-10-30 15:41:45,630 - INFO - Received duplicate packet with seq_num 130200
2024-10-30 15:41:45,630 - INFO - Sent ACK for last received packet with seq_num 163800
2024-10-30 15:41:45,630 - INFO - Received duplicate packet with seq_num 133000
2024-10-30 15:41:45,630 - INFO - Sent ACK for last received packet with seq_num 163800
2024-10-30 15:41:45,631 - INFO - Received duplicate packet with seq_num 135800
2024-10-30 15:41:45,631 - INFO - Sent ACK for last received packet with seq_num 163800
2024-10-30 15:41:45,631 - INFO - Received duplicate packet with seq_num 138600
2024-10-30 15:41:45,631 - INFO - Sent ACK for last received packet with seq_num 163800
2024-10-30 15:41:45,632 - INFO - Received duplicate packet with seq_num 140000
2024-10-30 15:41:45,632 - INFO - Sent ACK for last received packet with seq_num 163800
2024-10-30 15:41:45,632 - INFO - Received duplicate packet with seq_num 142800
2024-10-30 15:41:45,632 - INFO - Sent ACK for last received packet with seq_num 163800
2024-10-30 15:41:45,633 - INFO - Received duplicate packet with seq_num 145600
2024-10-30 15:41:45,633 - INFO - Sent ACK for last received packet with seq_num 163800
2024-10-30 15:41:45,633 - INFO - Received duplicate packet with seq_num 147000
2024-10-30 15:41:45,633 - INFO - Sent ACK for last received packet with seq_num 163800
2024-10-30 15:41:45,634 - INFO - Received duplicate packet with seq_num 148400
2024-10-30 15:41:45,634 - INFO - Sent ACK for last received packet with seq_num 163800
2024-10-30 15:41:45,634 - INFO - Received duplicate packet with seq_num 149800
2024-10-30 15:41:45,634 - INFO - Sent ACK for last received packet with seq_num 163800
2024-10-30 15:41:45,635 - INFO - Received duplicate packet with seq_num 151200
2024-10-30 15:41:45,635 - INFO - Sent ACK for last received packet with seq_num 163800
2024-10-30 15:41:45,635 - INFO - Received duplicate packet with seq_num 152600
2024-10-30 15:41:45,635 - INFO - Sent ACK for last received packet with seq_num 163800
2024-10-30 15:41:45,636 - INFO - Received duplicate packet with seq_num 154000
2024-10-30 15:41:45,636 - INFO - Sent ACK for last received packet with seq_num 163800
2024-10-30 15:41:45,636 - INFO - Received duplicate packet with seq_num 155400
2024-10-30 15:41:45,636 - INFO - Sent ACK for last received packet with seq_num 163800
2024-10-30 15:41:45,637 - INFO - Received duplicate packet with seq_num 158200
2024-10-30 15:41:45,637 - INFO - Sent ACK for last received packet with seq_num 163800
2024-10-30 15:41:45,637 - INFO - Received duplicate packet with seq_num 159600
2024-10-30 15:41:45,638 - INFO - Sent ACK for last received packet with seq_num 163800
2024-10-30 15:41:45,638 - INFO - Received duplicate packet with seq_num 161000
2024-10-30 15:41:45,638 - INFO - Sent ACK for last received packet with seq_num 163800
2024-10-30 15:41:45,638 - INFO - Received duplicate packet with seq_num 162400
2024-10-30 15:41:45,639 - INFO - Sent ACK for last received packet with seq_num 163800
2024-10-30 15:41:45,639 - INFO - Received duplicate packet with seq_num 163800
2024-10-30 15:41:45,639 - INFO - Sent ACK for last received packet with seq_num 163800
2024-10-30 15:41:45,640 - INFO - Received and acknowledged packet with seq_num 182000
2024-10-30 15:41:45,640 - INFO - Received duplicate packet with seq_num 166600
2024-10-30 15:41:45,640 - INFO - Sent ACK for last received packet with seq_num 182000
2024-10-30 15:41:45,641 - INFO - Received duplicate packet with seq_num 169400
2024-10-30 15:41:45,641 - INFO - Sent ACK for last received packet with seq_num 182000
2024-10-30 15:41:45,641 - INFO - Received duplicate packet with seq_num 170800
2024-10-30 15:41:45,641 - INFO - Sent ACK for last received packet with seq_num 182000
2024-10-30 15:41:45,642 - INFO - Received duplicate packet with seq_num 172200
2024-10-30 15:41:45,642 - INFO - Sent ACK for last received packet with seq_num 182000
2024-10-30 15:41:45,642 - INFO - Received duplicate packet with seq_num 173600
2024-10-30 15:41:45,642 - INFO - Sent ACK for last received packet with seq_num 182000
2024-10-30 15:41:45,642 - INFO - Received duplicate packet with seq_num 177800
2024-10-30 15:41:45,643 - INFO - Sent ACK for last received packet with seq_num 182000
2024-10-30 15:41:45,643 - INFO - Received duplicate packet with seq_num 179200
2024-10-30 15:41:45,643 - INFO - Sent ACK for last received packet with seq_num 182000
2024-10-30 15:41:45,643 - INFO - Received duplicate packet with seq_num 180600
2024-10-30 15:41:45,644 - INFO - Sent ACK for last received packet with seq_num 182000
2024-10-30 15:41:45,644 - INFO - Received duplicate packet with seq_num 182000
2024-10-30 15:41:45,644 - INFO - Sent ACK for last received packet with seq_num 182000
2024-10-30 15:41:45,682 - INFO - Received FIN from server.
