2024-10-30 15:34:18,150 - INFO - Connection established with server.
2024-10-30 15:34:18,191 - INFO - RTT measurement done.
2024-10-30 15:34:18,232 - INFO - Received and acknowledged packet with seq_num 0
2024-10-30 15:34:18,233 - INFO - Received and acknowledged packet with seq_num 1400
2024-10-30 15:34:18,233 - INFO - Received and acknowledged packet with seq_num 2800
2024-10-30 15:34:18,234 - INFO - Received and acknowledged packet with seq_num 4200
2024-10-30 15:34:18,234 - INFO - Received and acknowledged packet with seq_num 5600
2024-10-30 15:34:18,234 - INFO - Received and acknowledged packet with seq_num 7000
2024-10-30 15:34:18,234 - INFO - Received and acknowledged packet with seq_num 8400
2024-10-30 15:34:18,235 - INFO - Received and acknowledged packet with seq_num 9800
2024-10-30 15:34:18,235 - INFO - Received and acknowledged packet with seq_num 11200
2024-10-30 15:34:18,235 - INFO - Received and acknowledged packet with seq_num 12600
2024-10-30 15:34:18,236 - INFO - Received and acknowledged packet with seq_num 14000
2024-10-30 15:34:18,236 - INFO - Received and acknowledged packet with seq_num 15400
2024-10-30 15:34:18,236 - INFO - Received and acknowledged packet with seq_num 16800
2024-10-30 15:34:18,236 - INFO - Received and acknowledged packet with seq_num 18200
2024-10-30 15:34:18,237 - INFO - Received and acknowledged packet with seq_num 19600
2024-10-30 15:34:18,237 - INFO - Received and acknowledged packet with seq_num 21000
2024-10-30 15:34:18,237 - INFO - Received and acknowledged packet with seq_num 22400
2024-10-30 15:34:18,238 - INFO - Received and acknowledged packet with seq_num 23800
2024-10-30 15:34:18,238 - INFO - Received and acknowledged packet with seq_num 25200
2024-10-30 15:34:18,238 - INFO - Received and acknowledged packet with seq_num 26600
2024-10-30 15:34:18,239 - INFO - Received out-of-order packet with seq_num 29400, expected 28000
2024-10-30 15:34:18,239 - INFO - Sent ACK for last received packet with seq_num 26600
2024-10-30 15:34:18,239 - INFO - Received out-of-order packet with seq_num 30800, expected 28000
2024-10-30 15:34:18,239 - INFO - Sent ACK for last received packet with seq_num 26600
2024-10-30 15:34:18,239 - INFO - Received out-of-order packet with seq_num 33600, expected 28000
2024-10-30 15:34:18,239 - INFO - Sent ACK for last received packet with seq_num 26600
2024-10-30 15:34:18,240 - INFO - Received out-of-order packet with seq_num 35000, expected 28000
2024-10-30 15:34:18,240 - INFO - Sent ACK for last received packet with seq_num 26600
2024-10-30 15:34:18,240 - INFO - Received out-of-order packet with seq_num 36400, expected 28000
2024-10-30 15:34:18,240 - INFO - Sent ACK for last received packet with seq_num 26600
2024-10-30 15:34:18,240 - INFO - Received out-of-order packet with seq_num 37800, expected 28000
2024-10-30 15:34:18,240 - INFO - Sent ACK for last received packet with seq_num 26600
2024-10-30 15:34:18,241 - INFO - Received out-of-order packet with seq_num 39200, expected 28000
2024-10-30 15:34:18,241 - INFO - Sent ACK for last received packet with seq_num 26600
2024-10-30 15:34:18,241 - INFO - Received out-of-order packet with seq_num 40600, expected 28000
2024-10-30 15:34:18,241 - INFO - Sent ACK for last received packet with seq_num 26600
2024-10-30 15:34:18,241 - INFO - Received out-of-order packet with seq_num 43400, expected 28000
2024-10-30 15:34:18,242 - INFO - Sent ACK for last received packet with seq_num 26600
2024-10-30 15:34:18,242 - INFO - Received out-of-order packet with seq_num 44800, expected 28000
2024-10-30 15:34:18,242 - INFO - Sent ACK for last received packet with seq_num 26600
2024-10-30 15:34:18,242 - INFO - Received out-of-order packet with seq_num 46200, expected 28000
2024-10-30 15:34:18,242 - INFO - Sent ACK for last received packet with seq_num 26600
2024-10-30 15:34:18,242 - INFO - Received out-of-order packet with seq_num 47600, expected 28000
2024-10-30 15:34:18,243 - INFO - Sent ACK for last received packet with seq_num 26600
2024-10-30 15:34:18,243 - INFO - Received out-of-order packet with seq_num 49000, expected 28000
2024-10-30 15:34:18,243 - INFO - Sent ACK for last received packet with seq_num 26600
2024-10-30 15:34:18,243 - INFO - Received out-of-order packet with seq_num 50400, expected 28000
2024-10-30 15:34:18,243 - INFO - Sent ACK for last received packet with seq_num 26600
2024-10-30 15:34:18,244 - INFO - Received out-of-order packet with seq_num 51800, expected 28000
2024-10-30 15:34:18,244 - INFO - Sent ACK for last received packet with seq_num 26600
2024-10-30 15:34:18,244 - INFO - Received out-of-order packet with seq_num 53200, expected 28000
2024-10-30 15:34:18,244 - INFO - Sent ACK for last received packet with seq_num 26600
2024-10-30 15:34:18,244 - INFO - Received out-of-order packet with seq_num 54600, expected 28000
2024-10-30 15:34:18,244 - INFO - Sent ACK for last received packet with seq_num 26600
2024-10-30 15:34:18,245 - INFO - Received out-of-order packet with seq_num 56000, expected 28000
2024-10-30 15:34:18,245 - INFO - Sent ACK for last received packet with seq_num 26600
2024-10-30 15:34:18,245 - INFO - Received out-of-order packet with seq_num 57400, expected 28000
2024-10-30 15:34:18,245 - INFO - Sent ACK for last received packet with seq_num 26600
2024-10-30 15:34:18,245 - INFO - Received out-of-order packet with seq_num 58800, expected 28000
2024-10-30 15:34:18,245 - INFO - Sent ACK for last received packet with seq_num 26600
2024-10-30 15:34:18,246 - INFO - Received out-of-order packet with seq_num 60200, expected 28000
2024-10-30 15:34:18,246 - INFO - Sent ACK for last received packet with seq_num 26600
2024-10-30 15:34:18,246 - INFO - Received out-of-order packet with seq_num 61600, expected 28000
2024-10-30 15:34:18,246 - INFO - Sent ACK for last received packet with seq_num 26600
2024-10-30 15:34:18,246 - INFO - Received out-of-order packet with seq_num 63000, expected 28000
2024-10-30 15:34:18,246 - INFO - Sent ACK for last received packet with seq_num 26600
2024-10-30 15:34:18,247 - INFO - Received out-of-order packet with seq_num 64400, expected 28000
2024-10-30 15:34:18,247 - INFO - Sent ACK for last received packet with seq_num 26600
2024-10-30 15:34:18,247 - INFO - Received out-of-order packet with seq_num 65800, expected 28000
2024-10-30 15:34:18,247 - INFO - Sent ACK for last received packet with seq_num 26600
2024-10-30 15:34:18,247 - INFO - Received out-of-order packet with seq_num 67200, expected 28000
2024-10-30 15:34:18,248 - INFO - Sent ACK for last received packet with seq_num 26600
2024-10-30 15:34:18,248 - INFO - Received out-of-order packet with seq_num 68600, expected 28000
2024-10-30 15:34:18,248 - INFO - Sent ACK for last received packet with seq_num 26600
2024-10-30 15:34:18,248 - INFO - Received out-of-order packet with seq_num 70000, expected 28000
2024-10-30 15:34:18,248 - INFO - Sent ACK for last received packet with seq_num 26600
2024-10-30 15:34:18,248 - INFO - Received out-of-order packet with seq_num 71400, expected 28000
2024-10-30 15:34:18,249 - INFO - Sent ACK for last received packet with seq_num 26600
2024-10-30 15:34:18,249 - INFO - Received out-of-order packet with seq_num 72800, expected 28000
2024-10-30 15:34:18,249 - INFO - Sent ACK for last received packet with seq_num 26600
2024-10-30 15:34:18,249 - INFO - Received out-of-order packet with seq_num 74200, expected 28000
2024-10-30 15:34:18,249 - INFO - Sent ACK for last received packet with seq_num 26600
2024-10-30 15:34:18,250 - INFO - Received out-of-order packet with seq_num 75600, expected 28000
2024-10-30 15:34:18,250 - INFO - Sent ACK for last received packet with seq_num 26600
2024-10-30 15:34:18,250 - INFO - Received out-of-order packet with seq_num 77000, expected 28000
2024-10-30 15:34:18,250 - INFO - Sent ACK for last received packet with seq_num 26600
2024-10-30 15:34:18,250 - INFO - Received out-of-order packet with seq_num 78400, expected 28000
2024-10-30 15:34:18,250 - INFO - Sent ACK for last received packet with seq_num 26600
2024-10-30 15:34:18,251 - INFO - Received out-of-order packet with seq_num 79800, expected 28000
2024-10-30 15:34:18,251 - INFO - Sent ACK for last received packet with seq_num 26600
2024-10-30 15:34:18,251 - INFO - Received out-of-order packet with seq_num 81200, expected 28000
2024-10-30 15:34:18,251 - INFO - Sent ACK for last received packet with seq_num 26600
2024-10-30 15:34:18,252 - INFO - Received out-of-order packet with seq_num 84000, expected 28000
2024-10-30 15:34:18,252 - INFO - Sent ACK for last received packet with seq_num 26600
2024-10-30 15:34:18,252 - INFO - Received out-of-order packet with seq_num 85400, expected 28000
2024-10-30 15:34:18,252 - INFO - Sent ACK for last received packet with seq_num 26600
2024-10-30 15:34:18,252 - INFO - Received out-of-order packet with seq_num 86800, expected 28000
2024-10-30 15:34:18,253 - INFO - Sent ACK for last received packet with seq_num 26600
2024-10-30 15:34:18,253 - INFO - Received out-of-order packet with seq_num 88200, expected 28000
2024-10-30 15:34:18,253 - INFO - Sent ACK for last received packet with seq_num 26600
2024-10-30 15:34:18,253 - INFO - Received out-of-order packet with seq_num 89600, expected 28000
2024-10-30 15:34:18,253 - INFO - Sent ACK for last received packet with seq_num 26600
2024-10-30 15:34:18,254 - INFO - Received out-of-order packet with seq_num 91000, expected 28000
2024-10-30 15:34:18,254 - INFO - Sent ACK for last received packet with seq_num 26600
2024-10-30 15:34:18,254 - INFO - Received out-of-order packet with seq_num 92400, expected 28000
2024-10-30 15:34:18,254 - INFO - Sent ACK for last received packet with seq_num 26600
2024-10-30 15:34:18,255 - INFO - Received out-of-order packet with seq_num 93800, expected 28000
2024-10-30 15:34:18,255 - INFO - Sent ACK for last received packet with seq_num 26600
2024-10-30 15:34:18,255 - INFO - Received out-of-order packet with seq_num 95200, expected 28000
2024-10-30 15:34:18,255 - INFO - Sent ACK for last received packet with seq_num 26600
2024-10-30 15:34:18,256 - INFO - Received out-of-order packet with seq_num 96600, expected 28000
2024-10-30 15:34:18,256 - INFO - Sent ACK for last received packet with seq_num 26600
2024-10-30 15:34:18,256 - INFO - Received out-of-order packet with seq_num 98000, expected 28000
2024-10-30 15:34:18,256 - INFO - Sent ACK for last received packet with seq_num 26600
2024-10-30 15:34:18,256 - INFO - Received out-of-order packet with seq_num 100800, expected 28000
2024-10-30 15:34:18,257 - INFO - Sent ACK for last received packet with seq_num 26600
2024-10-30 15:34:18,257 - INFO - Received out-of-order packet with seq_num 102200, expected 28000
2024-10-30 15:34:18,257 - INFO - Sent ACK for last received packet with seq_num 26600
2024-10-30 15:34:18,257 - INFO - Received out-of-order packet with seq_num 103600, expected 28000
2024-10-30 15:34:18,258 - INFO - Sent ACK for last received packet with seq_num 26600
2024-10-30 15:34:18,258 - INFO - Received out-of-order packet with seq_num 105000, expected 28000
2024-10-30 15:34:18,258 - INFO - Sent ACK for last received packet with seq_num 26600
2024-10-30 15:34:18,258 - INFO - Received out-of-order packet with seq_num 106400, expected 28000
2024-10-30 15:34:18,258 - INFO - Sent ACK for last received packet with seq_num 26600
2024-10-30 15:34:18,259 - INFO - Received out-of-order packet with seq_num 109200, expected 28000
2024-10-30 15:34:18,259 - INFO - Sent ACK for last received packet with seq_num 26600
2024-10-30 15:34:18,259 - INFO - Received out-of-order packet with seq_num 110600, expected 28000
2024-10-30 15:34:18,259 - INFO - Sent ACK for last received packet with seq_num 26600
2024-10-30 15:34:18,260 - INFO - Received out-of-order packet with seq_num 113400, expected 28000
2024-10-30 15:34:18,260 - INFO - Sent ACK for last received packet with seq_num 26600
2024-10-30 15:34:18,260 - INFO - Received out-of-order packet with seq_num 114800, expected 28000
2024-10-30 15:34:18,260 - INFO - Sent ACK for last received packet with seq_num 26600
2024-10-30 15:34:18,260 - INFO - Received out-of-order packet with seq_num 116200, expected 28000
2024-10-30 15:34:18,261 - INFO - Sent ACK for last received packet with seq_num 26600
2024-10-30 15:34:18,261 - INFO - Received out-of-order packet with seq_num 117600, expected 28000
2024-10-30 15:34:18,261 - INFO - Sent ACK for last received packet with seq_num 26600
2024-10-30 15:34:18,261 - INFO - Received out-of-order packet with seq_num 119000, expected 28000
2024-10-30 15:34:18,262 - INFO - Sent ACK for last received packet with seq_num 26600
2024-10-30 15:34:18,262 - INFO - Received out-of-order packet with seq_num 120400, expected 28000
2024-10-30 15:34:18,262 - INFO - Sent ACK for last received packet with seq_num 26600
2024-10-30 15:34:18,262 - INFO - Received out-of-order packet with seq_num 121800, expected 28000
2024-10-30 15:34:18,263 - INFO - Sent ACK for last received packet with seq_num 26600
2024-10-30 15:34:18,263 - INFO - Received out-of-order packet with seq_num 123200, expected 28000
2024-10-30 15:34:18,264 - INFO - Sent ACK for last received packet with seq_num 26600
2024-10-30 15:34:18,264 - INFO - Received out-of-order packet with seq_num 124600, expected 28000
2024-10-30 15:34:18,264 - INFO - Sent ACK for last received packet with seq_num 26600
2024-10-30 15:34:18,265 - INFO - Received out-of-order packet with seq_num 126000, expected 28000
2024-10-30 15:34:18,265 - INFO - Sent ACK for last received packet with seq_num 26600
2024-10-30 15:34:18,265 - INFO - Received out-of-order packet with seq_num 127400, expected 28000
2024-10-30 15:34:18,265 - INFO - Sent ACK for last received packet with seq_num 26600
2024-10-30 15:34:18,265 - INFO - Received out-of-order packet with seq_num 128800, expected 28000
2024-10-30 15:34:18,266 - INFO - Sent ACK for last received packet with seq_num 26600
2024-10-30 15:34:18,266 - INFO - Received out-of-order packet with seq_num 130200, expected 28000
2024-10-30 15:34:18,266 - INFO - Sent ACK for last received packet with seq_num 26600
2024-10-30 15:34:18,266 - INFO - Received out-of-order packet with seq_num 133000, expected 28000
2024-10-30 15:34:18,267 - INFO - Sent ACK for last received packet with seq_num 26600
2024-10-30 15:34:18,267 - INFO - Received out-of-order packet with seq_num 134400, expected 28000
2024-10-30 15:34:18,267 - INFO - Sent ACK for last received packet with seq_num 26600
2024-10-30 15:34:18,267 - INFO - Received out-of-order packet with seq_num 135800, expected 28000
2024-10-30 15:34:18,267 - INFO - Sent ACK for last received packet with seq_num 26600
2024-10-30 15:34:18,268 - INFO - Received out-of-order packet with seq_num 137200, expected 28000
2024-10-30 15:34:18,268 - INFO - Sent ACK for last received packet with seq_num 26600
2024-10-30 15:34:18,268 - INFO - Received out-of-order packet with seq_num 138600, expected 28000
2024-10-30 15:34:18,268 - INFO - Sent ACK for last received packet with seq_num 26600
2024-10-30 15:34:18,269 - INFO - Received out-of-order packet with seq_num 140000, expected 28000
2024-10-30 15:34:18,269 - INFO - Sent ACK for last received packet with seq_num 26600
2024-10-30 15:34:18,269 - INFO - Received out-of-order packet with seq_num 141400, expected 28000
2024-10-30 15:34:18,269 - INFO - Sent ACK for last received packet with seq_num 26600
2024-10-30 15:34:18,269 - INFO - Received out-of-order packet with seq_num 142800, expected 28000
2024-10-30 15:34:18,270 - INFO - Sent ACK for last received packet with seq_num 26600
2024-10-30 15:34:18,270 - INFO - Received out-of-order packet with seq_num 144200, expected 28000
2024-10-30 15:34:18,270 - INFO - Sent ACK for last received packet with seq_num 26600
2024-10-30 15:34:18,270 - INFO - Received out-of-order packet with seq_num 145600, expected 28000
2024-10-30 15:34:18,270 - INFO - Sent ACK for last received packet with seq_num 26600
2024-10-30 15:34:18,271 - INFO - Received out-of-order packet with seq_num 147000, expected 28000
2024-10-30 15:34:18,271 - INFO - Sent ACK for last received packet with seq_num 26600
2024-10-30 15:34:18,271 - INFO - Received out-of-order packet with seq_num 148400, expected 28000
2024-10-30 15:34:18,271 - INFO - Sent ACK for last received packet with seq_num 26600
2024-10-30 15:34:18,271 - INFO - Received out-of-order packet with seq_num 149800, expected 28000
2024-10-30 15:34:18,272 - INFO - Sent ACK for last received packet with seq_num 26600
2024-10-30 15:34:18,272 - INFO - Received out-of-order packet with seq_num 151200, expected 28000
2024-10-30 15:34:18,272 - INFO - Sent ACK for last received packet with seq_num 26600
2024-10-30 15:34:18,272 - INFO - Received out-of-order packet with seq_num 152600, expected 28000
2024-10-30 15:34:18,273 - INFO - Sent ACK for last received packet with seq_num 26600
2024-10-30 15:34:18,273 - INFO - Received out-of-order packet with seq_num 155400, expected 28000
2024-10-30 15:34:18,273 - INFO - Sent ACK for last received packet with seq_num 26600
2024-10-30 15:34:18,273 - INFO - Received out-of-order packet with seq_num 156800, expected 28000
2024-10-30 15:34:18,273 - INFO - Sent ACK for last received packet with seq_num 26600
2024-10-30 15:34:18,274 - INFO - Received out-of-order packet with seq_num 158200, expected 28000
2024-10-30 15:34:18,274 - INFO - Sent ACK for last received packet with seq_num 26600
2024-10-30 15:34:18,274 - INFO - Received out-of-order packet with seq_num 159600, expected 28000
2024-10-30 15:34:18,274 - INFO - Sent ACK for last received packet with seq_num 26600
2024-10-30 15:34:18,274 - INFO - Received out-of-order packet with seq_num 162400, expected 28000
2024-10-30 15:34:18,275 - INFO - Sent ACK for last received packet with seq_num 26600
2024-10-30 15:34:18,275 - INFO - Received out-of-order packet with seq_num 163800, expected 28000
2024-10-30 15:34:18,275 - INFO - Sent ACK for last received packet with seq_num 26600
2024-10-30 15:34:18,275 - INFO - Received out-of-order packet with seq_num 165200, expected 28000
2024-10-30 15:34:18,275 - INFO - Sent ACK for last received packet with seq_num 26600
2024-10-30 15:34:18,276 - INFO - Received out-of-order packet with seq_num 166600, expected 28000
2024-10-30 15:34:18,276 - INFO - Sent ACK for last received packet with seq_num 26600
2024-10-30 15:34:18,276 - INFO - Received out-of-order packet with seq_num 168000, expected 28000
2024-10-30 15:34:18,276 - INFO - Sent ACK for last received packet with seq_num 26600
2024-10-30 15:34:18,276 - INFO - Received out-of-order packet with seq_num 169400, expected 28000
2024-10-30 15:34:18,276 - INFO - Sent ACK for last received packet with seq_num 26600
2024-10-30 15:34:18,277 - INFO - Received out-of-order packet with seq_num 170800, expected 28000
2024-10-30 15:34:18,277 - INFO - Sent ACK for last received packet with seq_num 26600
2024-10-30 15:34:18,277 - INFO - Received out-of-order packet with seq_num 172200, expected 28000
2024-10-30 15:34:18,277 - INFO - Sent ACK for last received packet with seq_num 26600
2024-10-30 15:34:18,277 - INFO - Received out-of-order packet with seq_num 173600, expected 28000
2024-10-30 15:34:18,278 - INFO - Sent ACK for last received packet with seq_num 26600
2024-10-30 15:34:18,278 - INFO - Received out-of-order packet with seq_num 175000, expected 28000
2024-10-30 15:34:18,278 - INFO - Sent ACK for last received packet with seq_num 26600
2024-10-30 15:34:18,278 - INFO - Received out-of-order packet with seq_num 176400, expected 28000
2024-10-30 15:34:18,278 - INFO - Sent ACK for last received packet with seq_num 26600
2024-10-30 15:34:18,279 - INFO - Received out-of-order packet with seq_num 177800, expected 28000
2024-10-30 15:34:18,279 - INFO - Sent ACK for last received packet with seq_num 26600
2024-10-30 15:34:18,279 - INFO - Received out-of-order packet with seq_num 179200, expected 28000
2024-10-30 15:34:18,279 - INFO - Sent ACK for last received packet with seq_num 26600
2024-10-30 15:34:18,279 - INFO - Received out-of-order packet with seq_num 180600, expected 28000
2024-10-30 15:34:18,279 - INFO - Sent ACK for last received packet with seq_num 26600
2024-10-30 15:34:18,280 - INFO - Received out-of-order packet with seq_num 182000, expected 28000
2024-10-30 15:34:18,280 - INFO - Sent ACK for last received packet with seq_num 26600
2024-10-30 15:34:19,238 - INFO - Received and acknowledged packet with seq_num 30800
2024-10-30 15:34:19,238 - INFO - Received duplicate packet with seq_num 29400
2024-10-30 15:34:19,238 - INFO - Sent ACK for last received packet with seq_num 30800
2024-10-30 15:34:19,239 - INFO - Received duplicate packet with seq_num 30800
2024-10-30 15:34:19,239 - INFO - Sent ACK for last received packet with seq_num 30800
2024-10-30 15:34:19,239 - INFO - Received and acknowledged packet with seq_num 40600
2024-10-30 15:34:19,239 - INFO - Received duplicate packet with seq_num 35000
2024-10-30 15:34:19,240 - INFO - Sent ACK for last received packet with seq_num 40600
2024-10-30 15:34:19,240 - INFO - Received duplicate packet with seq_num 36400
2024-10-30 15:34:19,240 - INFO - Sent ACK for last received packet with seq_num 40600
2024-10-30 15:34:19,240 - INFO - Received duplicate packet with seq_num 37800
2024-10-30 15:34:19,240 - INFO - Sent ACK for last received packet with seq_num 40600
2024-10-30 15:34:19,241 - INFO - Received duplicate packet with seq_num 39200
2024-10-30 15:34:19,241 - INFO - Sent ACK for last received packet with seq_num 40600
2024-10-30 15:34:19,241 - INFO - Received duplicate packet with seq_num 40600
2024-10-30 15:34:19,241 - INFO - Sent ACK for last received packet with seq_num 40600
2024-10-30 15:34:19,242 - INFO - Received and acknowledged packet with seq_num 81200
2024-10-30 15:34:19,242 - INFO - Received duplicate packet with seq_num 44800
2024-10-30 15:34:19,242 - INFO - Sent ACK for last received packet with seq_num 81200
2024-10-30 15:34:19,242 - INFO - Received duplicate packet with seq_num 46200
2024-10-30 15:34:19,242 - INFO - Sent ACK for last received packet with seq_num 81200
2024-10-30 15:34:19,243 - INFO - Received duplicate packet with seq_num 47600
2024-10-30 15:34:19,243 - INFO - Sent ACK for last received packet with seq_num 81200
2024-10-30 15:34:19,243 - INFO - Received duplicate packet with seq_num 49000
2024-10-30 15:34:19,243 - INFO - Sent ACK for last received packet with seq_num 81200
2024-10-30 15:34:19,243 - INFO - Received duplicate packet with seq_num 51800
2024-10-30 15:34:19,243 - INFO - Sent ACK for last received packet with seq_num 81200
2024-10-30 15:34:19,244 - INFO - Received duplicate packet with seq_num 53200
2024-10-30 15:34:19,244 - INFO - Sent ACK for last received packet with seq_num 81200
2024-10-30 15:34:19,244 - INFO - Received duplicate packet with seq_num 54600
2024-10-30 15:34:19,244 - INFO - Sent ACK for last received packet with seq_num 81200
2024-10-30 15:34:19,244 - INFO - Received duplicate packet with seq_num 56000
2024-10-30 15:34:19,244 - INFO - Sent ACK for last received packet with seq_num 81200
2024-10-30 15:34:19,245 - INFO - Received duplicate packet with seq_num 57400
2024-10-30 15:34:19,245 - INFO - Sent ACK for last received packet with seq_num 81200
2024-10-30 15:34:19,245 - INFO - Received duplicate packet with seq_num 58800
2024-10-30 15:34:19,245 - INFO - Sent ACK for last received packet with seq_num 81200
2024-10-30 15:34:19,245 - INFO - Received duplicate packet with seq_num 60200
2024-10-30 15:34:19,246 - INFO - Sent ACK for last received packet with seq_num 81200
2024-10-30 15:34:19,246 - INFO - Received duplicate packet with seq_num 61600
2024-10-30 15:34:19,246 - INFO - Sent ACK for last received packet with seq_num 81200
2024-10-30 15:34:19,246 - INFO - Received duplicate packet with seq_num 63000
2024-10-30 15:34:19,246 - INFO - Sent ACK for last received packet with seq_num 81200
2024-10-30 15:34:19,246 - INFO - Received duplicate packet with seq_num 64400
2024-10-30 15:34:19,247 - INFO - Sent ACK for last received packet with seq_num 81200
2024-10-30 15:34:19,247 - INFO - Received duplicate packet with seq_num 65800
2024-10-30 15:34:19,247 - INFO - Sent ACK for last received packet with seq_num 81200
2024-10-30 15:34:19,247 - INFO - Received duplicate packet with seq_num 68600
2024-10-30 15:34:19,247 - INFO - Sent ACK for last received packet with seq_num 81200
2024-10-30 15:34:19,248 - INFO - Received duplicate packet with seq_num 70000
2024-10-30 15:34:19,248 - INFO - Sent ACK for last received packet with seq_num 81200
2024-10-30 15:34:19,248 - INFO - Received duplicate packet with seq_num 71400
2024-10-30 15:34:19,248 - INFO - Sent ACK for last received packet with seq_num 81200
2024-10-30 15:34:19,248 - INFO - Received duplicate packet with seq_num 72800
2024-10-30 15:34:19,248 - INFO - Sent ACK for last received packet with seq_num 81200
2024-10-30 15:34:19,249 - INFO - Received duplicate packet with seq_num 74200
2024-10-30 15:34:19,249 - INFO - Sent ACK for last received packet with seq_num 81200
2024-10-30 15:34:19,249 - INFO - Received duplicate packet with seq_num 75600
2024-10-30 15:34:19,249 - INFO - Sent ACK for last received packet with seq_num 81200
2024-10-30 15:34:19,250 - INFO - Received duplicate packet with seq_num 77000
2024-10-30 15:34:19,250 - INFO - Sent ACK for last received packet with seq_num 81200
2024-10-30 15:34:19,250 - INFO - Received duplicate packet with seq_num 78400
2024-10-30 15:34:19,250 - INFO - Sent ACK for last received packet with seq_num 81200
2024-10-30 15:34:19,250 - INFO - Received duplicate packet with seq_num 79800
2024-10-30 15:34:19,250 - INFO - Sent ACK for last received packet with seq_num 81200
2024-10-30 15:34:19,251 - INFO - Received duplicate packet with seq_num 81200
2024-10-30 15:34:19,251 - INFO - Sent ACK for last received packet with seq_num 81200
2024-10-30 15:34:19,251 - INFO - Received and acknowledged packet with seq_num 98000
2024-10-30 15:34:19,252 - INFO - Received duplicate packet with seq_num 84000
2024-10-30 15:34:19,252 - INFO - Sent ACK for last received packet with seq_num 98000
2024-10-30 15:34:19,252 - INFO - Received duplicate packet with seq_num 85400
2024-10-30 15:34:19,252 - INFO - Sent ACK for last received packet with seq_num 98000
2024-10-30 15:34:19,252 - INFO - Received duplicate packet with seq_num 86800
2024-10-30 15:34:19,252 - INFO - Sent ACK for last received packet with seq_num 98000
2024-10-30 15:34:19,253 - INFO - Received duplicate packet with seq_num 88200
2024-10-30 15:34:19,253 - INFO - Sent ACK for last received packet with seq_num 98000
2024-10-30 15:34:19,253 - INFO - Received duplicate packet with seq_num 92400
2024-10-30 15:34:19,253 - INFO - Sent ACK for last received packet with seq_num 98000
2024-10-30 15:34:19,253 - INFO - Received duplicate packet with seq_num 93800
2024-10-30 15:34:19,253 - INFO - Sent ACK for last received packet with seq_num 98000
2024-10-30 15:34:19,254 - INFO - Received duplicate packet with seq_num 96600
2024-10-30 15:34:19,254 - INFO - Sent ACK for last received packet with seq_num 98000
2024-10-30 15:34:19,254 - INFO - Received duplicate packet with seq_num 98000
2024-10-30 15:34:19,254 - INFO - Sent ACK for last received packet with seq_num 98000
2024-10-30 15:34:19,254 - INFO - Received and acknowledged packet with seq_num 106400
2024-10-30 15:34:19,255 - INFO - Received duplicate packet with seq_num 100800
2024-10-30 15:34:19,255 - INFO - Sent ACK for last received packet with seq_num 106400
2024-10-30 15:34:19,255 - INFO - Received duplicate packet with seq_num 103600
2024-10-30 15:34:19,255 - INFO - Sent ACK for last received packet with seq_num 106400
2024-10-30 15:34:19,256 - INFO - Received duplicate packet with seq_num 105000
2024-10-30 15:34:19,256 - INFO - Sent ACK for last received packet with seq_num 106400
2024-10-30 15:34:19,256 - INFO - Received duplicate packet with seq_num 106400
2024-10-30 15:34:19,256 - INFO - Sent ACK for last received packet with seq_num 106400
2024-10-30 15:34:19,256 - INFO - Received and acknowledged packet with seq_num 110600
2024-10-30 15:34:19,256 - INFO - Received duplicate packet with seq_num 109200
2024-10-30 15:34:19,257 - INFO - Sent ACK for last received packet with seq_num 110600
2024-10-30 15:34:19,257 - INFO - Received duplicate packet with seq_num 110600
2024-10-30 15:34:19,257 - INFO - Sent ACK for last received packet with seq_num 110600
2024-10-30 15:34:19,257 - INFO - Received out-of-order packet with seq_num 113400, expected 112000
2024-10-30 15:34:19,257 - INFO - Sent ACK for last received packet with seq_num 110600
2024-10-30 15:34:19,258 - INFO - Received out-of-order packet with seq_num 114800, expected 112000
2024-10-30 15:34:19,258 - INFO - Sent ACK for last received packet with seq_num 110600
2024-10-30 15:34:19,258 - INFO - Received out-of-order packet with seq_num 116200, expected 112000
2024-10-30 15:34:19,258 - INFO - Sent ACK for last received packet with seq_num 110600
2024-10-30 15:34:19,258 - INFO - Received out-of-order packet with seq_num 117600, expected 112000
2024-10-30 15:34:19,259 - INFO - Sent ACK for last received packet with seq_num 110600
2024-10-30 15:34:19,259 - INFO - Received out-of-order packet with seq_num 119000, expected 112000
2024-10-30 15:34:19,259 - INFO - Sent ACK for last received packet with seq_num 110600
2024-10-30 15:34:19,259 - INFO - Received out-of-order packet with seq_num 120400, expected 112000
2024-10-30 15:34:19,259 - INFO - Sent ACK for last received packet with seq_num 110600
2024-10-30 15:34:19,260 - INFO - Received out-of-order packet with seq_num 121800, expected 112000
2024-10-30 15:34:19,260 - INFO - Sent ACK for last received packet with seq_num 110600
2024-10-30 15:34:19,260 - INFO - Received out-of-order packet with seq_num 123200, expected 112000
2024-10-30 15:34:19,260 - INFO - Sent ACK for last received packet with seq_num 110600
2024-10-30 15:34:19,260 - INFO - Received out-of-order packet with seq_num 124600, expected 112000
2024-10-30 15:34:19,260 - INFO - Sent ACK for last received packet with seq_num 110600
2024-10-30 15:34:19,261 - INFO - Received out-of-order packet with seq_num 126000, expected 112000
2024-10-30 15:34:19,261 - INFO - Sent ACK for last received packet with seq_num 110600
2024-10-30 15:34:19,261 - INFO - Received out-of-order packet with seq_num 127400, expected 112000
2024-10-30 15:34:19,261 - INFO - Sent ACK for last received packet with seq_num 110600
2024-10-30 15:34:19,261 - INFO - Received out-of-order packet with seq_num 128800, expected 112000
2024-10-30 15:34:19,262 - INFO - Sent ACK for last received packet with seq_num 110600
2024-10-30 15:34:19,262 - INFO - Received out-of-order packet with seq_num 130200, expected 112000
2024-10-30 15:34:19,262 - INFO - Sent ACK for last received packet with seq_num 110600
2024-10-30 15:34:19,262 - INFO - Received out-of-order packet with seq_num 131600, expected 112000
2024-10-30 15:34:19,262 - INFO - Sent ACK for last received packet with seq_num 110600
2024-10-30 15:34:19,263 - INFO - Received out-of-order packet with seq_num 133000, expected 112000
2024-10-30 15:34:19,263 - INFO - Sent ACK for last received packet with seq_num 110600
2024-10-30 15:34:19,263 - INFO - Received out-of-order packet with seq_num 134400, expected 112000
2024-10-30 15:34:19,263 - INFO - Sent ACK for last received packet with seq_num 110600
2024-10-30 15:34:19,263 - INFO - Received out-of-order packet with seq_num 135800, expected 112000
2024-10-30 15:34:19,263 - INFO - Sent ACK for last received packet with seq_num 110600
2024-10-30 15:34:19,264 - INFO - Received out-of-order packet with seq_num 137200, expected 112000
2024-10-30 15:34:19,264 - INFO - Sent ACK for last received packet with seq_num 110600
2024-10-30 15:34:19,264 - INFO - Received out-of-order packet with seq_num 138600, expected 112000
2024-10-30 15:34:19,264 - INFO - Sent ACK for last received packet with seq_num 110600
2024-10-30 15:34:19,264 - INFO - Received out-of-order packet with seq_num 140000, expected 112000
2024-10-30 15:34:19,264 - INFO - Sent ACK for last received packet with seq_num 110600
2024-10-30 15:34:19,265 - INFO - Received out-of-order packet with seq_num 141400, expected 112000
2024-10-30 15:34:19,265 - INFO - Sent ACK for last received packet with seq_num 110600
2024-10-30 15:34:19,265 - INFO - Received out-of-order packet with seq_num 142800, expected 112000
2024-10-30 15:34:19,265 - INFO - Sent ACK for last received packet with seq_num 110600
2024-10-30 15:34:19,265 - INFO - Received out-of-order packet with seq_num 144200, expected 112000
2024-10-30 15:34:19,266 - INFO - Sent ACK for last received packet with seq_num 110600
2024-10-30 15:34:19,266 - INFO - Received out-of-order packet with seq_num 145600, expected 112000
2024-10-30 15:34:19,266 - INFO - Sent ACK for last received packet with seq_num 110600
2024-10-30 15:34:19,266 - INFO - Received out-of-order packet with seq_num 147000, expected 112000
2024-10-30 15:34:19,266 - INFO - Sent ACK for last received packet with seq_num 110600
2024-10-30 15:34:19,266 - INFO - Received out-of-order packet with seq_num 148400, expected 112000
2024-10-30 15:34:19,267 - INFO - Sent ACK for last received packet with seq_num 110600
2024-10-30 15:34:19,267 - INFO - Received out-of-order packet with seq_num 149800, expected 112000
2024-10-30 15:34:19,267 - INFO - Sent ACK for last received packet with seq_num 110600
2024-10-30 15:34:19,267 - INFO - Received out-of-order packet with seq_num 151200, expected 112000
2024-10-30 15:34:19,267 - INFO - Sent ACK for last received packet with seq_num 110600
2024-10-30 15:34:19,268 - INFO - Received out-of-order packet with seq_num 152600, expected 112000
2024-10-30 15:34:19,268 - INFO - Sent ACK for last received packet with seq_num 110600
2024-10-30 15:34:19,268 - INFO - Received out-of-order packet with seq_num 154000, expected 112000
2024-10-30 15:34:19,268 - INFO - Sent ACK for last received packet with seq_num 110600
2024-10-30 15:34:19,268 - INFO - Received out-of-order packet with seq_num 155400, expected 112000
2024-10-30 15:34:19,268 - INFO - Sent ACK for last received packet with seq_num 110600
2024-10-30 15:34:19,269 - INFO - Received out-of-order packet with seq_num 156800, expected 112000
2024-10-30 15:34:19,269 - INFO - Sent ACK for last received packet with seq_num 110600
2024-10-30 15:34:19,269 - INFO - Received out-of-order packet with seq_num 158200, expected 112000
2024-10-30 15:34:19,269 - INFO - Sent ACK for last received packet with seq_num 110600
2024-10-30 15:34:19,269 - INFO - Received out-of-order packet with seq_num 159600, expected 112000
2024-10-30 15:34:19,269 - INFO - Sent ACK for last received packet with seq_num 110600
2024-10-30 15:34:19,270 - INFO - Received out-of-order packet with seq_num 161000, expected 112000
2024-10-30 15:34:19,270 - INFO - Sent ACK for last received packet with seq_num 110600
2024-10-30 15:34:19,270 - INFO - Received out-of-order packet with seq_num 163800, expected 112000
2024-10-30 15:34:19,270 - INFO - Sent ACK for last received packet with seq_num 110600
2024-10-30 15:34:19,270 - INFO - Received out-of-order packet with seq_num 165200, expected 112000
2024-10-30 15:34:19,271 - INFO - Sent ACK for last received packet with seq_num 110600
2024-10-30 15:34:19,271 - INFO - Received out-of-order packet with seq_num 168000, expected 112000
2024-10-30 15:34:19,271 - INFO - Sent ACK for last received packet with seq_num 110600
2024-10-30 15:34:19,271 - INFO - Received out-of-order packet with seq_num 169400, expected 112000
2024-10-30 15:34:19,271 - INFO - Sent ACK for last received packet with seq_num 110600
2024-10-30 15:34:19,271 - INFO - Received out-of-order packet with seq_num 170800, expected 112000
2024-10-30 15:34:19,272 - INFO - Sent ACK for last received packet with seq_num 110600
2024-10-30 15:34:19,272 - INFO - Received out-of-order packet with seq_num 172200, expected 112000
2024-10-30 15:34:19,272 - INFO - Sent ACK for last received packet with seq_num 110600
2024-10-30 15:34:19,272 - INFO - Received out-of-order packet with seq_num 173600, expected 112000
2024-10-30 15:34:19,272 - INFO - Sent ACK for last received packet with seq_num 110600
2024-10-30 15:34:19,273 - INFO - Received out-of-order packet with seq_num 175000, expected 112000
2024-10-30 15:34:19,273 - INFO - Sent ACK for last received packet with seq_num 110600
2024-10-30 15:34:19,273 - INFO - Received out-of-order packet with seq_num 176400, expected 112000
2024-10-30 15:34:19,273 - INFO - Sent ACK for last received packet with seq_num 110600
2024-10-30 15:34:19,273 - INFO - Received out-of-order packet with seq_num 177800, expected 112000
2024-10-30 15:34:19,273 - INFO - Sent ACK for last received packet with seq_num 110600
2024-10-30 15:34:19,274 - INFO - Received out-of-order packet with seq_num 179200, expected 112000
2024-10-30 15:34:19,274 - INFO - Sent ACK for last received packet with seq_num 110600
2024-10-30 15:34:19,274 - INFO - Received out-of-order packet with seq_num 180600, expected 112000
2024-10-30 15:34:19,274 - INFO - Sent ACK for last received packet with seq_num 110600
2024-10-30 15:34:19,274 - INFO - Received out-of-order packet with seq_num 182000, expected 112000
2024-10-30 15:34:19,274 - INFO - Sent ACK for last received packet with seq_num 110600
2024-10-30 15:34:20,254 - INFO - Received and acknowledged packet with seq_num 182000
2024-10-30 15:34:20,255 - INFO - Received duplicate packet with seq_num 113400
2024-10-30 15:34:20,255 - INFO - Sent ACK for last received packet with seq_num 182000
2024-10-30 15:34:20,255 - INFO - Received duplicate packet with seq_num 116200
2024-10-30 15:34:20,255 - INFO - Sent ACK for last received packet with seq_num 182000
2024-10-30 15:34:20,256 - INFO - Received duplicate packet with seq_num 117600
2024-10-30 15:34:20,256 - INFO - Sent ACK for last received packet with seq_num 182000
2024-10-30 15:34:20,256 - INFO - Received duplicate packet with seq_num 119000
2024-10-30 15:34:20,256 - INFO - Sent ACK for last received packet with seq_num 182000
2024-10-30 15:34:20,256 - INFO - Received duplicate packet with seq_num 120400
2024-10-30 15:34:20,257 - INFO - Sent ACK for last received packet with seq_num 182000
2024-10-30 15:34:20,257 - INFO - Received duplicate packet with seq_num 121800
2024-10-30 15:34:20,257 - INFO - Sent ACK for last received packet with seq_num 182000
2024-10-30 15:34:20,257 - INFO - Received duplicate packet with seq_num 123200
2024-10-30 15:34:20,257 - INFO - Sent ACK for last received packet with seq_num 182000
2024-10-30 15:34:20,258 - INFO - Received duplicate packet with seq_num 124600
2024-10-30 15:34:20,258 - INFO - Sent ACK for last received packet with seq_num 182000
2024-10-30 15:34:20,258 - INFO - Received duplicate packet with seq_num 126000
2024-10-30 15:34:20,258 - INFO - Sent ACK for last received packet with seq_num 182000
2024-10-30 15:34:20,258 - INFO - Received duplicate packet with seq_num 127400
2024-10-30 15:34:20,258 - INFO - Sent ACK for last received packet with seq_num 182000
2024-10-30 15:34:20,258 - INFO - Received duplicate packet with seq_num 128800
2024-10-30 15:34:20,259 - INFO - Sent ACK for last received packet with seq_num 182000
2024-10-30 15:34:20,259 - INFO - Received duplicate packet with seq_num 131600
2024-10-30 15:34:20,259 - INFO - Sent ACK for last received packet with seq_num 182000
2024-10-30 15:34:20,259 - INFO - Received duplicate packet with seq_num 133000
2024-10-30 15:34:20,259 - INFO - Sent ACK for last received packet with seq_num 182000
2024-10-30 15:34:20,260 - INFO - Received duplicate packet with seq_num 134400
2024-10-30 15:34:20,260 - INFO - Sent ACK for last received packet with seq_num 182000
2024-10-30 15:34:20,260 - INFO - Received duplicate packet with seq_num 137200
2024-10-30 15:34:20,260 - INFO - Sent ACK for last received packet with seq_num 182000
2024-10-30 15:34:20,260 - INFO - Received duplicate packet with seq_num 138600
2024-10-30 15:34:20,260 - INFO - Sent ACK for last received packet with seq_num 182000
2024-10-30 15:34:20,260 - INFO - Received duplicate packet with seq_num 140000
2024-10-30 15:34:20,261 - INFO - Sent ACK for last received packet with seq_num 182000
2024-10-30 15:34:20,261 - INFO - Received duplicate packet with seq_num 141400
2024-10-30 15:34:20,261 - INFO - Sent ACK for last received packet with seq_num 182000
2024-10-30 15:34:20,261 - INFO - Received duplicate packet with seq_num 142800
2024-10-30 15:34:20,261 - INFO - Sent ACK for last received packet with seq_num 182000
2024-10-30 15:34:20,261 - INFO - Received duplicate packet with seq_num 144200
2024-10-30 15:34:20,262 - INFO - Sent ACK for last received packet with seq_num 182000
2024-10-30 15:34:20,262 - INFO - Received duplicate packet with seq_num 145600
2024-10-30 15:34:20,262 - INFO - Sent ACK for last received packet with seq_num 182000
2024-10-30 15:34:20,262 - INFO - Received duplicate packet with seq_num 147000
2024-10-30 15:34:20,262 - INFO - Sent ACK for last received packet with seq_num 182000
2024-10-30 15:34:20,262 - INFO - Received duplicate packet with seq_num 148400
2024-10-30 15:34:20,263 - INFO - Sent ACK for last received packet with seq_num 182000
2024-10-30 15:34:20,263 - INFO - Received duplicate packet with seq_num 149800
2024-10-30 15:34:20,263 - INFO - Sent ACK for last received packet with seq_num 182000
2024-10-30 15:34:20,263 - INFO - Received duplicate packet with seq_num 151200
2024-10-30 15:34:20,263 - INFO - Sent ACK for last received packet with seq_num 182000
2024-10-30 15:34:20,263 - INFO - Received duplicate packet with seq_num 152600
2024-10-30 15:34:20,263 - INFO - Sent ACK for last received packet with seq_num 182000
2024-10-30 15:34:20,264 - INFO - Received duplicate packet with seq_num 154000
2024-10-30 15:34:20,264 - INFO - Sent ACK for last received packet with seq_num 182000
2024-10-30 15:34:20,264 - INFO - Received duplicate packet with seq_num 155400
2024-10-30 15:34:20,264 - INFO - Sent ACK for last received packet with seq_num 182000
2024-10-30 15:34:20,264 - INFO - Received duplicate packet with seq_num 156800
2024-10-30 15:34:20,264 - INFO - Sent ACK for last received packet with seq_num 182000
2024-10-30 15:34:20,265 - INFO - Received duplicate packet with seq_num 158200
2024-10-30 15:34:20,265 - INFO - Sent ACK for last received packet with seq_num 182000
2024-10-30 15:34:20,265 - INFO - Received duplicate packet with seq_num 159600
2024-10-30 15:34:20,265 - INFO - Sent ACK for last received packet with seq_num 182000
2024-10-30 15:34:20,266 - INFO - Received duplicate packet with seq_num 161000
2024-10-30 15:34:20,266 - INFO - Sent ACK for last received packet with seq_num 182000
2024-10-30 15:34:20,266 - INFO - Received duplicate packet with seq_num 162400
2024-10-30 15:34:20,266 - INFO - Sent ACK for last received packet with seq_num 182000
2024-10-30 15:34:20,266 - INFO - Received duplicate packet with seq_num 163800
2024-10-30 15:34:20,266 - INFO - Sent ACK for last received packet with seq_num 182000
2024-10-30 15:34:20,267 - INFO - Received duplicate packet with seq_num 165200
2024-10-30 15:34:20,267 - INFO - Sent ACK for last received packet with seq_num 182000
2024-10-30 15:34:20,267 - INFO - Received duplicate packet with seq_num 166600
2024-10-30 15:34:20,267 - INFO - Sent ACK for last received packet with seq_num 182000
2024-10-30 15:34:20,267 - INFO - Received duplicate packet with seq_num 168000
2024-10-30 15:34:20,267 - INFO - Sent ACK for last received packet with seq_num 182000
2024-10-30 15:34:20,268 - INFO - Received duplicate packet with seq_num 169400
2024-10-30 15:34:20,268 - INFO - Sent ACK for last received packet with seq_num 182000
2024-10-30 15:34:20,268 - INFO - Received duplicate packet with seq_num 170800
2024-10-30 15:34:20,268 - INFO - Sent ACK for last received packet with seq_num 182000
2024-10-30 15:34:20,268 - INFO - Received duplicate packet with seq_num 172200
2024-10-30 15:34:20,268 - INFO - Sent ACK for last received packet with seq_num 182000
2024-10-30 15:34:20,269 - INFO - Received duplicate packet with seq_num 173600
2024-10-30 15:34:20,269 - INFO - Sent ACK for last received packet with seq_num 182000
2024-10-30 15:34:20,270 - INFO - Received duplicate packet with seq_num 176400
2024-10-30 15:34:20,270 - INFO - Sent ACK for last received packet with seq_num 182000
2024-10-30 15:34:20,270 - INFO - Received duplicate packet with seq_num 177800
2024-10-30 15:34:20,270 - INFO - Sent ACK for last received packet with seq_num 182000
2024-10-30 15:34:20,270 - INFO - Received duplicate packet with seq_num 179200
2024-10-30 15:34:20,270 - INFO - Sent ACK for last received packet with seq_num 182000
2024-10-30 15:34:20,271 - INFO - Received duplicate packet with seq_num 180600
2024-10-30 15:34:20,271 - INFO - Sent ACK for last received packet with seq_num 182000
2024-10-30 15:34:20,271 - INFO - Received duplicate packet with seq_num 182000
2024-10-30 15:34:20,271 - INFO - Sent ACK for last received packet with seq_num 182000
2024-10-30 15:34:20,302 - INFO - Received FIN from server.
2024-10-30 15:34:20,342 - INFO - Connection closed successfully.
2024-10-30 15:34:20,343 - INFO - File received successfully.
