2024-10-30 15:41:24,090 - INFO - Server is ready to receive.
2024-10-30 15:41:24,159 - INFO - Received SYN from ('10.0.0.2', 57608)
2024-10-30 15:41:26,113 - INFO - Received SYN from ('10.0.0.2', 57608)
2024-10-30 15:41:27,115 - INFO - Connection established with client. halfway
2024-10-30 15:41:27,115 - INFO - Sent PING for RTT measurement.
2024-10-30 15:41:29,119 - INFO - Sent packet with seq_num 0
2024-10-30 15:41:29,119 - INFO - Sent packet with seq_num 1400
2024-10-30 15:41:29,120 - INFO - Sent packet with seq_num 2800
2024-10-30 15:41:29,120 - INFO - Sent packet with seq_num 4200
2024-10-30 15:41:29,120 - INFO - Sent packet with seq_num 5600
2024-10-30 15:41:29,120 - INFO - Sent packet with seq_num 7000
2024-10-30 15:41:29,121 - INFO - Sent packet with seq_num 8400
2024-10-30 15:41:29,121 - INFO - Sent packet with seq_num 9800
2024-10-30 15:41:29,121 - INFO - Sent packet with seq_num 11200
2024-10-30 15:41:29,121 - INFO - Sent packet with seq_num 12600
2024-10-30 15:41:29,160 - INFO - Received ACK for seq_num -1
2024-10-30 15:41:29,161 - INFO - Received duplicate ACK for seq_num -1
2024-10-30 15:41:29,161 - INFO - Received ACK for seq_num -1
2024-10-30 15:41:29,162 - INFO - Received duplicate ACK for seq_num -1
2024-10-30 15:41:29,162 - INFO - Received ACK for seq_num -1
2024-10-30 15:41:29,162 - INFO - Received duplicate ACK for seq_num -1
2024-10-30 15:41:29,162 - INFO - Fast recovery triggered
2024-10-30 15:41:29,162 - WARNING - Packet with seq_num 1399 not found in packet_map. Cannot resend.
2024-10-30 15:41:29,163 - INFO - Received ACK for seq_num -1
2024-10-30 15:41:29,163 - INFO - Received duplicate ACK for seq_num -1
2024-10-30 15:41:29,163 - INFO - Fast recovery triggered
2024-10-30 15:41:29,163 - WARNING - Packet with seq_num 1399 not found in packet_map. Cannot resend.
2024-10-30 15:41:29,163 - INFO - Received ACK for seq_num -1
2024-10-30 15:41:29,163 - INFO - Received duplicate ACK for seq_num -1
2024-10-30 15:41:29,163 - INFO - Fast recovery triggered
2024-10-30 15:41:29,164 - WARNING - Packet with seq_num 1399 not found in packet_map. Cannot resend.
2024-10-30 15:41:29,164 - INFO - Received ACK for seq_num -1
2024-10-30 15:41:29,164 - INFO - Received duplicate ACK for seq_num -1
2024-10-30 15:41:29,164 - INFO - Fast recovery triggered
2024-10-30 15:41:29,164 - WARNING - Packet with seq_num 1399 not found in packet_map. Cannot resend.
2024-10-30 15:41:29,164 - INFO - Received ACK for seq_num -1
2024-10-30 15:41:29,164 - INFO - Received duplicate ACK for seq_num -1
2024-10-30 15:41:29,165 - INFO - Fast recovery triggered
2024-10-30 15:41:29,165 - WARNING - Packet with seq_num 1399 not found in packet_map. Cannot resend.
2024-10-30 15:41:29,165 - INFO - Received ACK for seq_num -1
2024-10-30 15:41:29,165 - INFO - Received duplicate ACK for seq_num -1
2024-10-30 15:41:29,165 - INFO - Fast recovery triggered
2024-10-30 15:41:29,165 - WARNING - Packet with seq_num 1399 not found in packet_map. Cannot resend.
2024-10-30 15:41:30,120 - WARNING - Timeout occurred for seq_num 0
2024-10-30 15:41:30,120 - INFO - Resent packet with seq_num 0 (retransmission count: 1)
2024-10-30 15:41:30,121 - WARNING - Timeout occurred for seq_num 1400
2024-10-30 15:41:30,121 - INFO - Resent packet with seq_num 1400 (retransmission count: 1)
2024-10-30 15:41:30,122 - WARNING - Timeout occurred for seq_num 2800
2024-10-30 15:41:30,122 - INFO - Resent packet with seq_num 2800 (retransmission count: 1)
2024-10-30 15:41:30,123 - WARNING - Timeout occurred for seq_num 4200
2024-10-30 15:41:30,123 - INFO - Resent packet with seq_num 4200 (retransmission count: 1)
2024-10-30 15:41:30,124 - WARNING - Timeout occurred for seq_num 5600
2024-10-30 15:41:30,124 - INFO - Resent packet with seq_num 5600 (retransmission count: 1)
2024-10-30 15:41:30,125 - WARNING - Timeout occurred for seq_num 7000
2024-10-30 15:41:30,125 - INFO - Resent packet with seq_num 7000 (retransmission count: 1)
2024-10-30 15:41:30,126 - WARNING - Timeout occurred for seq_num 8400
2024-10-30 15:41:30,126 - INFO - Resent packet with seq_num 8400 (retransmission count: 1)
2024-10-30 15:41:30,127 - WARNING - Timeout occurred for seq_num 9800
2024-10-30 15:41:30,127 - INFO - Resent packet with seq_num 9800 (retransmission count: 1)
2024-10-30 15:41:30,128 - WARNING - Timeout occurred for seq_num 11200
2024-10-30 15:41:30,128 - INFO - Resent packet with seq_num 11200 (retransmission count: 1)
2024-10-30 15:41:30,129 - WARNING - Timeout occurred for seq_num 12600
2024-10-30 15:41:30,129 - INFO - Resent packet with seq_num 12600 (retransmission count: 1)
2024-10-30 15:41:30,161 - INFO - Received ACK for seq_num 12600
2024-10-30 15:41:30,162 - INFO - Received new ACK for seq_num 12600
2024-10-30 15:41:30,162 - INFO - Removed packet with seq_num 0 from packet_map
2024-10-30 15:41:30,163 - INFO - Removed packet with seq_num 1400 from packet_map
2024-10-30 15:41:30,163 - INFO - Removed packet with seq_num 2800 from packet_map
2024-10-30 15:41:30,163 - INFO - Removed packet with seq_num 4200 from packet_map
2024-10-30 15:41:30,164 - INFO - Removed packet with seq_num 5600 from packet_map
2024-10-30 15:41:30,164 - INFO - Removed packet with seq_num 7000 from packet_map
2024-10-30 15:41:30,164 - INFO - Removed packet with seq_num 8400 from packet_map
2024-10-30 15:41:30,165 - INFO - Removed packet with seq_num 9800 from packet_map
2024-10-30 15:41:30,165 - INFO - Removed packet with seq_num 11200 from packet_map
2024-10-30 15:41:30,166 - INFO - Removed packet with seq_num 12600 from packet_map
2024-10-30 15:41:30,166 - INFO - Sent packet with seq_num 14000
2024-10-30 15:41:30,167 - INFO - Sent packet with seq_num 15400
2024-10-30 15:41:30,167 - INFO - Sent packet with seq_num 16800
2024-10-30 15:41:30,168 - INFO - Sent packet with seq_num 18200
2024-10-30 15:41:30,168 - INFO - Sent packet with seq_num 19600
2024-10-30 15:41:30,169 - INFO - Sent packet with seq_num 21000
2024-10-30 15:41:30,170 - INFO - Sent packet with seq_num 22400
2024-10-30 15:41:30,170 - INFO - Sent packet with seq_num 23800
2024-10-30 15:41:30,171 - INFO - Sent packet with seq_num 25200
2024-10-30 15:41:30,171 - INFO - Sent packet with seq_num 26600
2024-10-30 15:41:30,172 - INFO - Received ACK for seq_num 12600
2024-10-30 15:41:30,172 - INFO - Received duplicate ACK for seq_num 12600
2024-10-30 15:41:30,173 - INFO - Received ACK for seq_num 12600
2024-10-30 15:41:30,173 - INFO - Received duplicate ACK for seq_num 12600
2024-10-30 15:41:30,173 - INFO - Received ACK for seq_num 12600
2024-10-30 15:41:30,174 - INFO - Received duplicate ACK for seq_num 12600
2024-10-30 15:41:30,174 - INFO - Fast recovery triggered
2024-10-30 15:41:30,175 - INFO - Resent packet with seq_num 14000 (retransmission count: 1)
2024-10-30 15:41:30,175 - INFO - Received ACK for seq_num 12600
2024-10-30 15:41:30,176 - INFO - Received duplicate ACK for seq_num 12600
2024-10-30 15:41:30,176 - INFO - Fast recovery triggered
2024-10-30 15:41:30,176 - INFO - Resent packet with seq_num 14000 (retransmission count: 2)
2024-10-30 15:41:30,177 - INFO - Received ACK for seq_num 12600
2024-10-30 15:41:30,177 - INFO - Received duplicate ACK for seq_num 12600
2024-10-30 15:41:30,178 - INFO - Fast recovery triggered
2024-10-30 15:41:30,178 - INFO - Resent packet with seq_num 14000 (retransmission count: 3)
2024-10-30 15:41:30,179 - INFO - Received ACK for seq_num 12600
2024-10-30 15:41:30,179 - INFO - Received duplicate ACK for seq_num 12600
2024-10-30 15:41:30,179 - INFO - Fast recovery triggered
2024-10-30 15:41:30,180 - INFO - Resent packet with seq_num 14000 (retransmission count: 4)
2024-10-30 15:41:30,180 - INFO - Received ACK for seq_num 12600
2024-10-30 15:41:30,181 - INFO - Received duplicate ACK for seq_num 12600
2024-10-30 15:41:30,181 - INFO - Fast recovery triggered
2024-10-30 15:41:30,182 - INFO - Resent packet with seq_num 14000 (retransmission count: 5)
2024-10-30 15:41:30,182 - INFO - Received ACK for seq_num 12600
2024-10-30 15:41:30,183 - INFO - Received duplicate ACK for seq_num 12600
2024-10-30 15:41:30,183 - INFO - Fast recovery triggered
2024-10-30 15:41:30,183 - INFO - Resent packet with seq_num 14000 (retransmission count: 6)
2024-10-30 15:41:30,207 - INFO - Received ACK for seq_num 14000
2024-10-30 15:41:30,207 - INFO - Received new ACK for seq_num 14000
2024-10-30 15:41:30,207 - INFO - Removed packet with seq_num 14000 from packet_map
2024-10-30 15:41:30,208 - INFO - Sent packet with seq_num 28000
2024-10-30 15:41:30,208 - INFO - Received ACK for seq_num 15400
2024-10-30 15:41:30,208 - INFO - Received new ACK for seq_num 15400
2024-10-30 15:41:30,208 - INFO - Removed packet with seq_num 15400 from packet_map
2024-10-30 15:41:30,209 - INFO - Sent packet with seq_num 29400
2024-10-30 15:41:30,209 - INFO - Received ACK for seq_num 16800
2024-10-30 15:41:30,209 - INFO - Received new ACK for seq_num 16800
2024-10-30 15:41:30,210 - INFO - Removed packet with seq_num 16800 from packet_map
2024-10-30 15:41:30,210 - INFO - Sent packet with seq_num 30800
2024-10-30 15:41:30,210 - INFO - Received ACK for seq_num 18200
2024-10-30 15:41:30,210 - INFO - Received new ACK for seq_num 18200
2024-10-30 15:41:30,210 - INFO - Removed packet with seq_num 18200 from packet_map
2024-10-30 15:41:30,211 - INFO - Sent packet with seq_num 32200
2024-10-30 15:41:30,211 - INFO - Received ACK for seq_num 18200
2024-10-30 15:41:30,211 - INFO - Received duplicate ACK for seq_num 18200
2024-10-30 15:41:30,211 - INFO - Received ACK for seq_num 18200
2024-10-30 15:41:30,211 - INFO - Received duplicate ACK for seq_num 18200
2024-10-30 15:41:30,212 - INFO - Received ACK for seq_num 18200
2024-10-30 15:41:30,212 - INFO - Received duplicate ACK for seq_num 18200
2024-10-30 15:41:30,212 - INFO - Fast recovery triggered
2024-10-30 15:41:30,212 - INFO - Resent packet with seq_num 19600 (retransmission count: 1)
2024-10-30 15:41:30,212 - INFO - Received ACK for seq_num 18200
2024-10-30 15:41:30,212 - INFO - Received duplicate ACK for seq_num 18200
2024-10-30 15:41:30,212 - INFO - Fast recovery triggered
2024-10-30 15:41:30,213 - INFO - Resent packet with seq_num 19600 (retransmission count: 2)
2024-10-30 15:41:30,215 - INFO - Received ACK for seq_num 18200
2024-10-30 15:41:30,215 - INFO - Received duplicate ACK for seq_num 18200
2024-10-30 15:41:30,215 - INFO - Fast recovery triggered
2024-10-30 15:41:30,216 - INFO - Resent packet with seq_num 19600 (retransmission count: 3)
2024-10-30 15:41:30,217 - INFO - Received ACK for seq_num 18200
2024-10-30 15:41:30,217 - INFO - Received duplicate ACK for seq_num 18200
2024-10-30 15:41:30,217 - INFO - Fast recovery triggered
2024-10-30 15:41:30,217 - INFO - Resent packet with seq_num 19600 (retransmission count: 4)
2024-10-30 15:41:30,219 - INFO - Received ACK for seq_num 18200
2024-10-30 15:41:30,219 - INFO - Received duplicate ACK for seq_num 18200
2024-10-30 15:41:30,219 - INFO - Fast recovery triggered
2024-10-30 15:41:30,219 - INFO - Resent packet with seq_num 19600 (retransmission count: 5)
2024-10-30 15:41:30,220 - INFO - Received ACK for seq_num 18200
2024-10-30 15:41:30,221 - INFO - Received duplicate ACK for seq_num 18200
2024-10-30 15:41:30,221 - INFO - Fast recovery triggered
2024-10-30 15:41:30,221 - INFO - Resent packet with seq_num 19600 (retransmission count: 6)
2024-10-30 15:41:30,222 - INFO - Received ACK for seq_num 18200
2024-10-30 15:41:30,222 - INFO - Received duplicate ACK for seq_num 18200
2024-10-30 15:41:30,222 - INFO - Fast recovery triggered
2024-10-30 15:41:30,222 - INFO - Resent packet with seq_num 19600 (retransmission count: 7)
2024-10-30 15:41:30,224 - INFO - Received ACK for seq_num 18200
2024-10-30 15:41:30,224 - INFO - Received duplicate ACK for seq_num 18200
2024-10-30 15:41:30,224 - INFO - Fast recovery triggered
2024-10-30 15:41:30,224 - INFO - Resent packet with seq_num 19600 (retransmission count: 8)
2024-10-30 15:41:30,248 - INFO - Received ACK for seq_num 18200
2024-10-30 15:41:30,248 - INFO - Received duplicate ACK for seq_num 18200
2024-10-30 15:41:30,248 - INFO - Fast recovery triggered
2024-10-30 15:41:30,249 - INFO - Resent packet with seq_num 19600 (retransmission count: 9)
2024-10-30 15:41:30,249 - INFO - Received ACK for seq_num 18200
2024-10-30 15:41:30,249 - INFO - Received duplicate ACK for seq_num 18200
2024-10-30 15:41:30,250 - INFO - Fast recovery triggered
2024-10-30 15:41:30,250 - INFO - Resent packet with seq_num 19600 (retransmission count: 10)
2024-10-30 15:41:30,250 - INFO - Received ACK for seq_num 18200
2024-10-30 15:41:30,250 - INFO - Received duplicate ACK for seq_num 18200
2024-10-30 15:41:30,250 - INFO - Fast recovery triggered
2024-10-30 15:41:30,251 - INFO - Resent packet with seq_num 19600 (retransmission count: 11)
2024-10-30 15:41:30,251 - INFO - Received ACK for seq_num 18200
2024-10-30 15:41:30,251 - INFO - Received duplicate ACK for seq_num 18200
2024-10-30 15:41:30,251 - INFO - Fast recovery triggered
2024-10-30 15:41:30,252 - INFO - Resent packet with seq_num 19600 (retransmission count: 12)
2024-10-30 15:41:30,253 - INFO - Received ACK for seq_num 21000
2024-10-30 15:41:30,253 - INFO - Received new ACK for seq_num 21000
2024-10-30 15:41:30,253 - INFO - Removed packet with seq_num 19600 from packet_map
2024-10-30 15:41:30,253 - INFO - Removed packet with seq_num 21000 from packet_map
2024-10-30 15:41:30,253 - INFO - Sent packet with seq_num 33600
2024-10-30 15:41:30,253 - INFO - Sent packet with seq_num 35000
2024-10-30 15:41:30,254 - INFO - Received ACK for seq_num 21000
2024-10-30 15:41:30,254 - INFO - Received duplicate ACK for seq_num 21000
2024-10-30 15:41:30,256 - INFO - Received ACK for seq_num 21000
2024-10-30 15:41:30,256 - INFO - Received duplicate ACK for seq_num 21000
2024-10-30 15:41:30,258 - INFO - Received ACK for seq_num 21000
2024-10-30 15:41:30,258 - INFO - Received duplicate ACK for seq_num 21000
2024-10-30 15:41:30,258 - INFO - Fast recovery triggered
2024-10-30 15:41:30,258 - INFO - Resent packet with seq_num 22400 (retransmission count: 1)
2024-10-30 15:41:30,259 - INFO - Received ACK for seq_num 21000
2024-10-30 15:41:30,260 - INFO - Received duplicate ACK for seq_num 21000
2024-10-30 15:41:30,260 - INFO - Fast recovery triggered
2024-10-30 15:41:30,260 - INFO - Resent packet with seq_num 22400 (retransmission count: 2)
2024-10-30 15:41:30,263 - INFO - Received ACK for seq_num 21000
2024-10-30 15:41:30,263 - INFO - Received duplicate ACK for seq_num 21000
2024-10-30 15:41:30,263 - INFO - Fast recovery triggered
2024-10-30 15:41:30,263 - INFO - Resent packet with seq_num 22400 (retransmission count: 3)
2024-10-30 15:41:30,265 - INFO - Received ACK for seq_num 21000
2024-10-30 15:41:30,265 - INFO - Received duplicate ACK for seq_num 21000
2024-10-30 15:41:30,265 - INFO - Fast recovery triggered
2024-10-30 15:41:30,265 - INFO - Resent packet with seq_num 22400 (retransmission count: 4)
2024-10-30 15:41:30,289 - INFO - Received ACK for seq_num 21000
2024-10-30 15:41:30,289 - INFO - Received duplicate ACK for seq_num 21000
2024-10-30 15:41:30,289 - INFO - Fast recovery triggered
2024-10-30 15:41:30,290 - INFO - Resent packet with seq_num 22400 (retransmission count: 5)
2024-10-30 15:41:30,290 - INFO - Received ACK for seq_num 21000
2024-10-30 15:41:30,290 - INFO - Received duplicate ACK for seq_num 21000
2024-10-30 15:41:30,290 - INFO - Fast recovery triggered
2024-10-30 15:41:30,291 - INFO - Resent packet with seq_num 22400 (retransmission count: 6)
2024-10-30 15:41:30,291 - INFO - Received ACK for seq_num 21000
2024-10-30 15:41:30,291 - INFO - Received duplicate ACK for seq_num 21000
2024-10-30 15:41:30,291 - INFO - Fast recovery triggered
2024-10-30 15:41:30,292 - INFO - Resent packet with seq_num 22400 (retransmission count: 7)
2024-10-30 15:41:30,293 - INFO - Received ACK for seq_num 21000
2024-10-30 15:41:30,294 - INFO - Received duplicate ACK for seq_num 21000
2024-10-30 15:41:30,294 - INFO - Fast recovery triggered
2024-10-30 15:41:30,294 - INFO - Resent packet with seq_num 22400 (retransmission count: 8)
2024-10-30 15:41:30,294 - INFO - Received ACK for seq_num 21000
2024-10-30 15:41:30,294 - INFO - Received duplicate ACK for seq_num 21000
2024-10-30 15:41:30,294 - INFO - Fast recovery triggered
2024-10-30 15:41:30,294 - INFO - Resent packet with seq_num 22400 (retransmission count: 9)
2024-10-30 15:41:30,299 - INFO - Received ACK for seq_num 35000
2024-10-30 15:41:30,299 - INFO - Received new ACK for seq_num 35000
2024-10-30 15:41:30,299 - INFO - Removed packet with seq_num 22400 from packet_map
2024-10-30 15:41:30,299 - INFO - Removed packet with seq_num 23800 from packet_map
2024-10-30 15:41:30,299 - INFO - Removed packet with seq_num 25200 from packet_map
2024-10-30 15:41:30,299 - INFO - Removed packet with seq_num 26600 from packet_map
2024-10-30 15:41:30,299 - INFO - Removed packet with seq_num 28000 from packet_map
2024-10-30 15:41:30,300 - INFO - Removed packet with seq_num 29400 from packet_map
2024-10-30 15:41:30,300 - INFO - Removed packet with seq_num 30800 from packet_map
2024-10-30 15:41:30,300 - INFO - Removed packet with seq_num 32200 from packet_map
2024-10-30 15:41:30,300 - INFO - Removed packet with seq_num 33600 from packet_map
2024-10-30 15:41:30,300 - INFO - Removed packet with seq_num 35000 from packet_map
2024-10-30 15:41:30,300 - INFO - Sent packet with seq_num 36400
2024-10-30 15:41:30,300 - INFO - Sent packet with seq_num 37800
2024-10-30 15:41:30,301 - INFO - Sent packet with seq_num 39200
2024-10-30 15:41:30,301 - INFO - Sent packet with seq_num 40600
2024-10-30 15:41:30,301 - INFO - Sent packet with seq_num 42000
2024-10-30 15:41:30,302 - INFO - Sent packet with seq_num 43400
2024-10-30 15:41:30,302 - INFO - Sent packet with seq_num 44800
2024-10-30 15:41:30,302 - INFO - Sent packet with seq_num 46200
2024-10-30 15:41:30,303 - INFO - Sent packet with seq_num 47600
2024-10-30 15:41:30,303 - INFO - Sent packet with seq_num 49000
2024-10-30 15:41:30,305 - INFO - Received ACK for seq_num 35000
2024-10-30 15:41:30,306 - INFO - Received duplicate ACK for seq_num 35000
2024-10-30 15:41:30,330 - INFO - Received ACK for seq_num 35000
2024-10-30 15:41:30,330 - INFO - Received duplicate ACK for seq_num 35000
2024-10-30 15:41:30,331 - INFO - Received ACK for seq_num 35000
2024-10-30 15:41:30,331 - INFO - Received duplicate ACK for seq_num 35000
2024-10-30 15:41:30,331 - INFO - Fast recovery triggered
2024-10-30 15:41:30,331 - INFO - Resent packet with seq_num 36400 (retransmission count: 1)
2024-10-30 15:41:30,332 - INFO - Received ACK for seq_num 35000
2024-10-30 15:41:30,332 - INFO - Received duplicate ACK for seq_num 35000
2024-10-30 15:41:30,332 - INFO - Fast recovery triggered
2024-10-30 15:41:30,332 - INFO - Resent packet with seq_num 36400 (retransmission count: 2)
2024-10-30 15:41:30,334 - INFO - Received ACK for seq_num 35000
2024-10-30 15:41:30,334 - INFO - Received duplicate ACK for seq_num 35000
2024-10-30 15:41:30,335 - INFO - Fast recovery triggered
2024-10-30 15:41:30,335 - INFO - Resent packet with seq_num 36400 (retransmission count: 3)
2024-10-30 15:41:30,335 - INFO - Received ACK for seq_num 35000
2024-10-30 15:41:30,335 - INFO - Received duplicate ACK for seq_num 35000
2024-10-30 15:41:30,335 - INFO - Fast recovery triggered
2024-10-30 15:41:30,335 - INFO - Resent packet with seq_num 36400 (retransmission count: 4)
2024-10-30 15:41:30,341 - INFO - Received ACK for seq_num 36400
2024-10-30 15:41:30,341 - INFO - Received new ACK for seq_num 36400
2024-10-30 15:41:30,341 - INFO - Removed packet with seq_num 36400 from packet_map
2024-10-30 15:41:30,341 - INFO - Sent packet with seq_num 50400
2024-10-30 15:41:30,341 - INFO - Received ACK for seq_num 37800
2024-10-30 15:41:30,342 - INFO - Received new ACK for seq_num 37800
2024-10-30 15:41:30,342 - INFO - Removed packet with seq_num 37800 from packet_map
2024-10-30 15:41:30,342 - INFO - Sent packet with seq_num 51800
2024-10-30 15:41:30,342 - INFO - Received ACK for seq_num 39200
2024-10-30 15:41:30,342 - INFO - Received new ACK for seq_num 39200
2024-10-30 15:41:30,342 - INFO - Removed packet with seq_num 39200 from packet_map
2024-10-30 15:41:30,343 - INFO - Sent packet with seq_num 53200
2024-10-30 15:41:30,343 - INFO - Received ACK for seq_num 40600
2024-10-30 15:41:30,343 - INFO - Received new ACK for seq_num 40600
2024-10-30 15:41:30,343 - INFO - Removed packet with seq_num 40600 from packet_map
2024-10-30 15:41:30,343 - INFO - Sent packet with seq_num 54600
2024-10-30 15:41:30,343 - INFO - Received ACK for seq_num 42000
2024-10-30 15:41:30,343 - INFO - Received new ACK for seq_num 42000
2024-10-30 15:41:30,344 - INFO - Removed packet with seq_num 42000 from packet_map
2024-10-30 15:41:30,344 - INFO - Sent packet with seq_num 56000
2024-10-30 15:41:30,344 - INFO - Received ACK for seq_num 43400
2024-10-30 15:41:30,344 - INFO - Received new ACK for seq_num 43400
2024-10-30 15:41:30,344 - INFO - Removed packet with seq_num 43400 from packet_map
2024-10-30 15:41:30,345 - INFO - Sent packet with seq_num 57400
2024-10-30 15:41:30,345 - INFO - Received ACK for seq_num 44800
2024-10-30 15:41:30,345 - INFO - Received new ACK for seq_num 44800
2024-10-30 15:41:30,345 - INFO - Removed packet with seq_num 44800 from packet_map
2024-10-30 15:41:30,345 - INFO - Sent packet with seq_num 58800
2024-10-30 15:41:30,345 - INFO - Received ACK for seq_num 46200
2024-10-30 15:41:30,346 - INFO - Received new ACK for seq_num 46200
2024-10-30 15:41:30,346 - INFO - Removed packet with seq_num 46200 from packet_map
2024-10-30 15:41:30,346 - INFO - Sent packet with seq_num 60200
2024-10-30 15:41:30,346 - INFO - Received ACK for seq_num 46200
2024-10-30 15:41:30,346 - INFO - Received duplicate ACK for seq_num 46200
2024-10-30 15:41:30,372 - INFO - Received ACK for seq_num 46200
2024-10-30 15:41:30,372 - INFO - Received duplicate ACK for seq_num 46200
2024-10-30 15:41:30,373 - INFO - Received ACK for seq_num 46200
2024-10-30 15:41:30,373 - INFO - Received duplicate ACK for seq_num 46200
2024-10-30 15:41:30,373 - INFO - Fast recovery triggered
2024-10-30 15:41:30,373 - INFO - Resent packet with seq_num 47600 (retransmission count: 1)
2024-10-30 15:41:30,375 - INFO - Received ACK for seq_num 46200
2024-10-30 15:41:30,375 - INFO - Received duplicate ACK for seq_num 46200
2024-10-30 15:41:30,375 - INFO - Fast recovery triggered
2024-10-30 15:41:30,376 - INFO - Resent packet with seq_num 47600 (retransmission count: 2)
2024-10-30 15:41:30,382 - INFO - Received ACK for seq_num 46200
2024-10-30 15:41:30,382 - INFO - Received duplicate ACK for seq_num 46200
2024-10-30 15:41:30,382 - INFO - Fast recovery triggered
2024-10-30 15:41:30,382 - INFO - Resent packet with seq_num 47600 (retransmission count: 3)
2024-10-30 15:41:30,382 - INFO - Received ACK for seq_num 46200
2024-10-30 15:41:30,382 - INFO - Received duplicate ACK for seq_num 46200
2024-10-30 15:41:30,382 - INFO - Fast recovery triggered
2024-10-30 15:41:30,383 - INFO - Resent packet with seq_num 47600 (retransmission count: 4)
2024-10-30 15:41:30,383 - INFO - Received ACK for seq_num 46200
2024-10-30 15:41:30,383 - INFO - Received duplicate ACK for seq_num 46200
2024-10-30 15:41:30,383 - INFO - Fast recovery triggered
2024-10-30 15:41:30,383 - INFO - Resent packet with seq_num 47600 (retransmission count: 5)
2024-10-30 15:41:30,384 - INFO - Received ACK for seq_num 46200
2024-10-30 15:41:30,384 - INFO - Received duplicate ACK for seq_num 46200
2024-10-30 15:41:30,384 - INFO - Fast recovery triggered
2024-10-30 15:41:30,384 - INFO - Resent packet with seq_num 47600 (retransmission count: 6)
2024-10-30 15:41:30,384 - INFO - Received ACK for seq_num 46200
2024-10-30 15:41:30,384 - INFO - Received duplicate ACK for seq_num 46200
2024-10-30 15:41:30,384 - INFO - Fast recovery triggered
2024-10-30 15:41:30,385 - INFO - Resent packet with seq_num 47600 (retransmission count: 7)
2024-10-30 15:41:30,385 - INFO - Received ACK for seq_num 46200
2024-10-30 15:41:30,385 - INFO - Received duplicate ACK for seq_num 46200
2024-10-30 15:41:30,385 - INFO - Fast recovery triggered
2024-10-30 15:41:30,385 - INFO - Resent packet with seq_num 47600 (retransmission count: 8)
2024-10-30 15:41:30,386 - INFO - Received ACK for seq_num 46200
2024-10-30 15:41:30,386 - INFO - Received duplicate ACK for seq_num 46200
2024-10-30 15:41:30,386 - INFO - Fast recovery triggered
2024-10-30 15:41:30,386 - INFO - Resent packet with seq_num 47600 (retransmission count: 9)
2024-10-30 15:41:30,386 - INFO - Received ACK for seq_num 46200
2024-10-30 15:41:30,386 - INFO - Received duplicate ACK for seq_num 46200
2024-10-30 15:41:30,386 - INFO - Fast recovery triggered
2024-10-30 15:41:30,387 - INFO - Resent packet with seq_num 47600 (retransmission count: 10)
2024-10-30 15:41:30,414 - INFO - Received ACK for seq_num 60200
2024-10-30 15:41:30,414 - INFO - Received new ACK for seq_num 60200
2024-10-30 15:41:30,414 - INFO - Removed packet with seq_num 47600 from packet_map
2024-10-30 15:41:30,414 - INFO - Removed packet with seq_num 49000 from packet_map
2024-10-30 15:41:30,414 - INFO - Removed packet with seq_num 50400 from packet_map
2024-10-30 15:41:30,414 - INFO - Removed packet with seq_num 51800 from packet_map
2024-10-30 15:41:30,414 - INFO - Removed packet with seq_num 53200 from packet_map
2024-10-30 15:41:30,415 - INFO - Removed packet with seq_num 54600 from packet_map
2024-10-30 15:41:30,415 - INFO - Removed packet with seq_num 56000 from packet_map
2024-10-30 15:41:30,415 - INFO - Removed packet with seq_num 57400 from packet_map
2024-10-30 15:41:30,415 - INFO - Removed packet with seq_num 58800 from packet_map
2024-10-30 15:41:30,415 - INFO - Removed packet with seq_num 60200 from packet_map
2024-10-30 15:41:30,415 - INFO - Sent packet with seq_num 61600
2024-10-30 15:41:30,415 - INFO - Sent packet with seq_num 63000
2024-10-30 15:41:30,416 - INFO - Sent packet with seq_num 64400
2024-10-30 15:41:30,416 - INFO - Sent packet with seq_num 65800
2024-10-30 15:41:30,416 - INFO - Sent packet with seq_num 67200
2024-10-30 15:41:30,416 - INFO - Sent packet with seq_num 68600
2024-10-30 15:41:30,417 - INFO - Sent packet with seq_num 70000
2024-10-30 15:41:30,417 - INFO - Sent packet with seq_num 71400
2024-10-30 15:41:30,417 - INFO - Sent packet with seq_num 72800
2024-10-30 15:41:30,417 - INFO - Sent packet with seq_num 74200
2024-10-30 15:41:30,417 - INFO - Received ACK for seq_num 60200
2024-10-30 15:41:30,418 - INFO - Received duplicate ACK for seq_num 60200
2024-10-30 15:41:30,422 - INFO - Received ACK for seq_num 60200
2024-10-30 15:41:30,423 - INFO - Received duplicate ACK for seq_num 60200
2024-10-30 15:41:30,423 - INFO - Received ACK for seq_num 60200
2024-10-30 15:41:30,423 - INFO - Received duplicate ACK for seq_num 60200
2024-10-30 15:41:30,423 - INFO - Fast recovery triggered
2024-10-30 15:41:30,423 - INFO - Resent packet with seq_num 61600 (retransmission count: 1)
2024-10-30 15:41:30,424 - INFO - Received ACK for seq_num 60200
2024-10-30 15:41:30,424 - INFO - Received duplicate ACK for seq_num 60200
2024-10-30 15:41:30,424 - INFO - Fast recovery triggered
2024-10-30 15:41:30,424 - INFO - Resent packet with seq_num 61600 (retransmission count: 2)
2024-10-30 15:41:30,424 - INFO - Received ACK for seq_num 60200
2024-10-30 15:41:30,424 - INFO - Received duplicate ACK for seq_num 60200
2024-10-30 15:41:30,425 - INFO - Fast recovery triggered
2024-10-30 15:41:30,425 - INFO - Resent packet with seq_num 61600 (retransmission count: 3)
2024-10-30 15:41:30,425 - INFO - Received ACK for seq_num 60200
2024-10-30 15:41:30,425 - INFO - Received duplicate ACK for seq_num 60200
2024-10-30 15:41:30,425 - INFO - Fast recovery triggered
2024-10-30 15:41:30,425 - INFO - Resent packet with seq_num 61600 (retransmission count: 4)
2024-10-30 15:41:30,426 - INFO - Received ACK for seq_num 60200
2024-10-30 15:41:30,426 - INFO - Received duplicate ACK for seq_num 60200
2024-10-30 15:41:30,426 - INFO - Fast recovery triggered
2024-10-30 15:41:30,426 - INFO - Resent packet with seq_num 61600 (retransmission count: 5)
2024-10-30 15:41:30,426 - INFO - Received ACK for seq_num 60200
2024-10-30 15:41:30,426 - INFO - Received duplicate ACK for seq_num 60200
2024-10-30 15:41:30,426 - INFO - Fast recovery triggered
2024-10-30 15:41:30,427 - INFO - Resent packet with seq_num 61600 (retransmission count: 6)
2024-10-30 15:41:30,427 - INFO - Received ACK for seq_num 60200
2024-10-30 15:41:30,427 - INFO - Received duplicate ACK for seq_num 60200
2024-10-30 15:41:30,427 - INFO - Fast recovery triggered
2024-10-30 15:41:30,427 - INFO - Resent packet with seq_num 61600 (retransmission count: 7)
2024-10-30 15:41:30,456 - INFO - Received ACK for seq_num 61600
2024-10-30 15:41:30,456 - INFO - Received new ACK for seq_num 61600
2024-10-30 15:41:30,456 - INFO - Removed packet with seq_num 61600 from packet_map
2024-10-30 15:41:30,456 - INFO - Sent packet with seq_num 75600
2024-10-30 15:41:30,457 - INFO - Received ACK for seq_num 63000
2024-10-30 15:41:30,457 - INFO - Received new ACK for seq_num 63000
2024-10-30 15:41:30,457 - INFO - Removed packet with seq_num 63000 from packet_map
2024-10-30 15:41:30,457 - INFO - Sent packet with seq_num 77000
2024-10-30 15:41:30,458 - INFO - Received ACK for seq_num 64400
2024-10-30 15:41:30,458 - INFO - Received new ACK for seq_num 64400
2024-10-30 15:41:30,458 - INFO - Removed packet with seq_num 64400 from packet_map
2024-10-30 15:41:30,458 - INFO - Sent packet with seq_num 78400
2024-10-30 15:41:30,458 - INFO - Received ACK for seq_num 65800
2024-10-30 15:41:30,458 - INFO - Received new ACK for seq_num 65800
2024-10-30 15:41:30,458 - INFO - Removed packet with seq_num 65800 from packet_map
2024-10-30 15:41:30,459 - INFO - Sent packet with seq_num 79800
2024-10-30 15:41:30,459 - INFO - Received ACK for seq_num 65800
2024-10-30 15:41:30,459 - INFO - Received duplicate ACK for seq_num 65800
2024-10-30 15:41:30,459 - INFO - Received ACK for seq_num 65800
2024-10-30 15:41:30,459 - INFO - Received duplicate ACK for seq_num 65800
2024-10-30 15:41:30,464 - INFO - Received ACK for seq_num 65800
2024-10-30 15:41:30,464 - INFO - Received duplicate ACK for seq_num 65800
2024-10-30 15:41:30,464 - INFO - Fast recovery triggered
2024-10-30 15:41:30,464 - INFO - Resent packet with seq_num 67200 (retransmission count: 1)
2024-10-30 15:41:30,464 - INFO - Received ACK for seq_num 65800
2024-10-30 15:41:30,465 - INFO - Received duplicate ACK for seq_num 65800
2024-10-30 15:41:30,465 - INFO - Fast recovery triggered
2024-10-30 15:41:30,465 - INFO - Resent packet with seq_num 67200 (retransmission count: 2)
2024-10-30 15:41:30,466 - INFO - Received ACK for seq_num 65800
2024-10-30 15:41:30,466 - INFO - Received duplicate ACK for seq_num 65800
2024-10-30 15:41:30,466 - INFO - Fast recovery triggered
2024-10-30 15:41:30,466 - INFO - Resent packet with seq_num 67200 (retransmission count: 3)
2024-10-30 15:41:30,467 - INFO - Received ACK for seq_num 65800
2024-10-30 15:41:30,467 - INFO - Received duplicate ACK for seq_num 65800
2024-10-30 15:41:30,467 - INFO - Fast recovery triggered
2024-10-30 15:41:30,467 - INFO - Resent packet with seq_num 67200 (retransmission count: 4)
2024-10-30 15:41:30,468 - INFO - Received ACK for seq_num 65800
2024-10-30 15:41:30,468 - INFO - Received duplicate ACK for seq_num 65800
2024-10-30 15:41:30,468 - INFO - Fast recovery triggered
2024-10-30 15:41:30,468 - INFO - Resent packet with seq_num 67200 (retransmission count: 5)
2024-10-30 15:41:30,497 - INFO - Received ACK for seq_num 65800
2024-10-30 15:41:30,497 - INFO - Received duplicate ACK for seq_num 65800
2024-10-30 15:41:30,497 - INFO - Fast recovery triggered
2024-10-30 15:41:30,498 - INFO - Resent packet with seq_num 67200 (retransmission count: 6)
2024-10-30 15:41:30,498 - INFO - Received ACK for seq_num 65800
2024-10-30 15:41:30,498 - INFO - Received duplicate ACK for seq_num 65800
2024-10-30 15:41:30,498 - INFO - Fast recovery triggered
2024-10-30 15:41:30,499 - INFO - Resent packet with seq_num 67200 (retransmission count: 7)
2024-10-30 15:41:30,499 - INFO - Received ACK for seq_num 65800
2024-10-30 15:41:30,499 - INFO - Received duplicate ACK for seq_num 65800
2024-10-30 15:41:30,500 - INFO - Fast recovery triggered
2024-10-30 15:41:30,500 - INFO - Resent packet with seq_num 67200 (retransmission count: 8)
2024-10-30 15:41:30,505 - INFO - Received ACK for seq_num 67200
2024-10-30 15:41:30,505 - INFO - Received new ACK for seq_num 67200
2024-10-30 15:41:30,505 - INFO - Removed packet with seq_num 67200 from packet_map
2024-10-30 15:41:30,506 - INFO - Sent packet with seq_num 81200
2024-10-30 15:41:30,506 - INFO - Received ACK for seq_num 67200
2024-10-30 15:41:30,506 - INFO - Received duplicate ACK for seq_num 67200
2024-10-30 15:41:30,507 - INFO - Received ACK for seq_num 67200
2024-10-30 15:41:30,507 - INFO - Received duplicate ACK for seq_num 67200
2024-10-30 15:41:30,508 - INFO - Received ACK for seq_num 67200
2024-10-30 15:41:30,508 - INFO - Received duplicate ACK for seq_num 67200
2024-10-30 15:41:30,508 - INFO - Fast recovery triggered
2024-10-30 15:41:30,508 - INFO - Resent packet with seq_num 68600 (retransmission count: 1)
2024-10-30 15:41:30,509 - INFO - Received ACK for seq_num 67200
2024-10-30 15:41:30,509 - INFO - Received duplicate ACK for seq_num 67200
2024-10-30 15:41:30,509 - INFO - Fast recovery triggered
2024-10-30 15:41:30,509 - INFO - Resent packet with seq_num 68600 (retransmission count: 2)
2024-10-30 15:41:30,539 - INFO - Received ACK for seq_num 67200
2024-10-30 15:41:30,539 - INFO - Received duplicate ACK for seq_num 67200
2024-10-30 15:41:30,539 - INFO - Fast recovery triggered
2024-10-30 15:41:30,539 - INFO - Resent packet with seq_num 68600 (retransmission count: 3)
2024-10-30 15:41:30,540 - INFO - Received ACK for seq_num 67200
2024-10-30 15:41:30,540 - INFO - Received duplicate ACK for seq_num 67200
2024-10-30 15:41:30,541 - INFO - Fast recovery triggered
2024-10-30 15:41:30,541 - INFO - Resent packet with seq_num 68600 (retransmission count: 4)
2024-10-30 15:41:30,546 - INFO - Received ACK for seq_num 67200
2024-10-30 15:41:30,546 - INFO - Received duplicate ACK for seq_num 67200
2024-10-30 15:41:30,546 - INFO - Fast recovery triggered
2024-10-30 15:41:30,547 - INFO - Resent packet with seq_num 68600 (retransmission count: 5)
2024-10-30 15:41:30,549 - INFO - Received ACK for seq_num 71400
2024-10-30 15:41:30,549 - INFO - Received new ACK for seq_num 71400
2024-10-30 15:41:30,549 - INFO - Removed packet with seq_num 68600 from packet_map
2024-10-30 15:41:30,550 - INFO - Removed packet with seq_num 70000 from packet_map
2024-10-30 15:41:30,550 - INFO - Removed packet with seq_num 71400 from packet_map
2024-10-30 15:41:30,550 - INFO - Sent packet with seq_num 82600
2024-10-30 15:41:30,550 - INFO - Sent packet with seq_num 84000
2024-10-30 15:41:30,550 - INFO - Sent packet with seq_num 85400
2024-10-30 15:41:30,551 - INFO - Received ACK for seq_num 71400
2024-10-30 15:41:30,551 - INFO - Received duplicate ACK for seq_num 71400
2024-10-30 15:41:30,580 - INFO - Received ACK for seq_num 71400
2024-10-30 15:41:30,580 - INFO - Received duplicate ACK for seq_num 71400
2024-10-30 15:41:30,581 - INFO - Received ACK for seq_num 71400
2024-10-30 15:41:30,581 - INFO - Received duplicate ACK for seq_num 71400
2024-10-30 15:41:30,582 - INFO - Fast recovery triggered
2024-10-30 15:41:30,582 - INFO - Resent packet with seq_num 72800 (retransmission count: 1)
2024-10-30 15:41:30,587 - INFO - Received ACK for seq_num 71400
2024-10-30 15:41:30,587 - INFO - Received duplicate ACK for seq_num 71400
2024-10-30 15:41:30,587 - INFO - Fast recovery triggered
2024-10-30 15:41:30,587 - INFO - Resent packet with seq_num 72800 (retransmission count: 2)
2024-10-30 15:41:30,591 - INFO - Received ACK for seq_num 71400
2024-10-30 15:41:30,591 - INFO - Received duplicate ACK for seq_num 71400
2024-10-30 15:41:30,591 - INFO - Fast recovery triggered
2024-10-30 15:41:30,591 - INFO - Resent packet with seq_num 72800 (retransmission count: 3)
2024-10-30 15:41:30,591 - INFO - Received ACK for seq_num 71400
2024-10-30 15:41:30,591 - INFO - Received duplicate ACK for seq_num 71400
2024-10-30 15:41:30,592 - INFO - Fast recovery triggered
2024-10-30 15:41:30,592 - INFO - Resent packet with seq_num 72800 (retransmission count: 4)
2024-10-30 15:41:30,622 - INFO - Received ACK for seq_num 77000
2024-10-30 15:41:30,623 - INFO - Received new ACK for seq_num 77000
2024-10-30 15:41:30,623 - INFO - Removed packet with seq_num 72800 from packet_map
2024-10-30 15:41:30,623 - INFO - Removed packet with seq_num 74200 from packet_map
2024-10-30 15:41:30,623 - INFO - Removed packet with seq_num 75600 from packet_map
2024-10-30 15:41:30,623 - INFO - Removed packet with seq_num 77000 from packet_map
2024-10-30 15:41:30,624 - INFO - Sent packet with seq_num 86800
2024-10-30 15:41:30,624 - INFO - Sent packet with seq_num 88200
2024-10-30 15:41:30,624 - INFO - Sent packet with seq_num 89600
2024-10-30 15:41:30,624 - INFO - Sent packet with seq_num 91000
2024-10-30 15:41:30,631 - INFO - Received ACK for seq_num 77000
2024-10-30 15:41:30,632 - INFO - Received duplicate ACK for seq_num 77000
2024-10-30 15:41:30,632 - INFO - Received ACK for seq_num 77000
2024-10-30 15:41:30,632 - INFO - Received duplicate ACK for seq_num 77000
2024-10-30 15:41:30,664 - INFO - Received ACK for seq_num 77000
2024-10-30 15:41:30,664 - INFO - Received duplicate ACK for seq_num 77000
2024-10-30 15:41:30,664 - INFO - Fast recovery triggered
2024-10-30 15:41:30,665 - INFO - Resent packet with seq_num 78400 (retransmission count: 1)
2024-10-30 15:41:30,665 - INFO - Received ACK for seq_num 77000
2024-10-30 15:41:30,665 - INFO - Received duplicate ACK for seq_num 77000
2024-10-30 15:41:30,665 - INFO - Fast recovery triggered
2024-10-30 15:41:30,665 - INFO - Resent packet with seq_num 78400 (retransmission count: 2)
2024-10-30 15:41:30,665 - INFO - Received ACK for seq_num 77000
2024-10-30 15:41:30,666 - INFO - Received duplicate ACK for seq_num 77000
2024-10-30 15:41:30,666 - INFO - Fast recovery triggered
2024-10-30 15:41:30,666 - INFO - Resent packet with seq_num 78400 (retransmission count: 3)
2024-10-30 15:41:30,666 - INFO - Received ACK for seq_num 77000
2024-10-30 15:41:30,666 - INFO - Received duplicate ACK for seq_num 77000
2024-10-30 15:41:30,666 - INFO - Fast recovery triggered
2024-10-30 15:41:30,666 - INFO - Resent packet with seq_num 78400 (retransmission count: 4)
2024-10-30 15:41:30,706 - INFO - Received ACK for seq_num 81200
2024-10-30 15:41:30,707 - INFO - Received new ACK for seq_num 81200
2024-10-30 15:41:30,707 - INFO - Removed packet with seq_num 78400 from packet_map
2024-10-30 15:41:30,707 - INFO - Removed packet with seq_num 79800 from packet_map
2024-10-30 15:41:30,707 - INFO - Removed packet with seq_num 81200 from packet_map
2024-10-30 15:41:30,707 - INFO - Sent packet with seq_num 92400
2024-10-30 15:41:30,708 - INFO - Sent packet with seq_num 93800
2024-10-30 15:41:30,708 - INFO - Sent packet with seq_num 95200
2024-10-30 15:41:30,708 - INFO - Received ACK for seq_num 81200
2024-10-30 15:41:30,708 - INFO - Received duplicate ACK for seq_num 81200
2024-10-30 15:41:30,748 - INFO - Received ACK for seq_num 81200
2024-10-30 15:41:30,748 - INFO - Received duplicate ACK for seq_num 81200
2024-10-30 15:41:30,749 - INFO - Received ACK for seq_num 81200
2024-10-30 15:41:30,749 - INFO - Received duplicate ACK for seq_num 81200
2024-10-30 15:41:30,749 - INFO - Fast recovery triggered
2024-10-30 15:41:30,749 - INFO - Resent packet with seq_num 82600 (retransmission count: 1)
2024-10-30 15:41:30,749 - INFO - Received ACK for seq_num 81200
2024-10-30 15:41:30,749 - INFO - Received duplicate ACK for seq_num 81200
2024-10-30 15:41:30,749 - INFO - Fast recovery triggered
2024-10-30 15:41:30,750 - INFO - Resent packet with seq_num 82600 (retransmission count: 2)
2024-10-30 15:41:30,790 - INFO - Received ACK for seq_num 95200
2024-10-30 15:41:30,790 - INFO - Received new ACK for seq_num 95200
2024-10-30 15:41:30,790 - INFO - Removed packet with seq_num 82600 from packet_map
2024-10-30 15:41:30,790 - INFO - Removed packet with seq_num 84000 from packet_map
2024-10-30 15:41:30,790 - INFO - Removed packet with seq_num 85400 from packet_map
2024-10-30 15:41:30,790 - INFO - Removed packet with seq_num 86800 from packet_map
2024-10-30 15:41:30,791 - INFO - Removed packet with seq_num 88200 from packet_map
2024-10-30 15:41:30,791 - INFO - Removed packet with seq_num 89600 from packet_map
2024-10-30 15:41:30,791 - INFO - Removed packet with seq_num 91000 from packet_map
2024-10-30 15:41:30,791 - INFO - Removed packet with seq_num 92400 from packet_map
2024-10-30 15:41:30,791 - INFO - Removed packet with seq_num 93800 from packet_map
2024-10-30 15:41:30,791 - INFO - Removed packet with seq_num 95200 from packet_map
2024-10-30 15:41:30,791 - INFO - Sent packet with seq_num 96600
2024-10-30 15:41:30,792 - INFO - Sent packet with seq_num 98000
2024-10-30 15:41:30,792 - INFO - Sent packet with seq_num 99400
2024-10-30 15:41:30,792 - INFO - Sent packet with seq_num 100800
2024-10-30 15:41:30,792 - INFO - Sent packet with seq_num 102200
2024-10-30 15:41:30,793 - INFO - Sent packet with seq_num 103600
2024-10-30 15:41:30,793 - INFO - Sent packet with seq_num 105000
2024-10-30 15:41:30,793 - INFO - Sent packet with seq_num 106400
2024-10-30 15:41:30,793 - INFO - Sent packet with seq_num 107800
2024-10-30 15:41:30,794 - INFO - Sent packet with seq_num 109200
2024-10-30 15:41:30,794 - INFO - Received ACK for seq_num 95200
2024-10-30 15:41:30,794 - INFO - Received duplicate ACK for seq_num 95200
2024-10-30 15:41:30,832 - INFO - Received ACK for seq_num 96600
2024-10-30 15:41:30,833 - INFO - Received new ACK for seq_num 96600
2024-10-30 15:41:30,833 - INFO - Removed packet with seq_num 96600 from packet_map
2024-10-30 15:41:30,833 - INFO - Sent packet with seq_num 110600
2024-10-30 15:41:30,834 - INFO - Received ACK for seq_num 98000
2024-10-30 15:41:30,834 - INFO - Received new ACK for seq_num 98000
2024-10-30 15:41:30,834 - INFO - Removed packet with seq_num 98000 from packet_map
2024-10-30 15:41:30,835 - INFO - Sent packet with seq_num 112000
2024-10-30 15:41:30,836 - INFO - Received ACK for seq_num 99400
2024-10-30 15:41:30,836 - INFO - Received new ACK for seq_num 99400
2024-10-30 15:41:30,836 - INFO - Removed packet with seq_num 99400 from packet_map
2024-10-30 15:41:30,837 - INFO - Sent packet with seq_num 113400
2024-10-30 15:41:30,837 - INFO - Received ACK for seq_num 100800
2024-10-30 15:41:30,837 - INFO - Received new ACK for seq_num 100800
2024-10-30 15:41:30,838 - INFO - Removed packet with seq_num 100800 from packet_map
2024-10-30 15:41:30,838 - INFO - Sent packet with seq_num 114800
2024-10-30 15:41:30,838 - INFO - Received ACK for seq_num 102200
2024-10-30 15:41:30,838 - INFO - Received new ACK for seq_num 102200
2024-10-30 15:41:30,839 - INFO - Removed packet with seq_num 102200 from packet_map
2024-10-30 15:41:30,839 - INFO - Sent packet with seq_num 116200
2024-10-30 15:41:30,839 - INFO - Received ACK for seq_num 103600
2024-10-30 15:41:30,839 - INFO - Received new ACK for seq_num 103600
2024-10-30 15:41:30,839 - INFO - Removed packet with seq_num 103600 from packet_map
2024-10-30 15:41:30,840 - INFO - Sent packet with seq_num 117600
2024-10-30 15:41:30,840 - INFO - Received ACK for seq_num 105000
2024-10-30 15:41:30,840 - INFO - Received new ACK for seq_num 105000
2024-10-30 15:41:30,840 - INFO - Removed packet with seq_num 105000 from packet_map
2024-10-30 15:41:30,841 - INFO - Sent packet with seq_num 119000
2024-10-30 15:41:30,841 - INFO - Received ACK for seq_num 106400
2024-10-30 15:41:30,841 - INFO - Received new ACK for seq_num 106400
2024-10-30 15:41:30,841 - INFO - Removed packet with seq_num 106400 from packet_map
2024-10-30 15:41:30,841 - INFO - Sent packet with seq_num 120400
2024-10-30 15:41:30,842 - INFO - Received ACK for seq_num 106400
2024-10-30 15:41:30,842 - INFO - Received duplicate ACK for seq_num 106400
2024-10-30 15:41:30,874 - INFO - Received ACK for seq_num 106400
2024-10-30 15:41:30,874 - INFO - Received duplicate ACK for seq_num 106400
2024-10-30 15:41:30,876 - INFO - Received ACK for seq_num 106400
2024-10-30 15:41:30,876 - INFO - Received duplicate ACK for seq_num 106400
2024-10-30 15:41:30,876 - INFO - Fast recovery triggered
2024-10-30 15:41:30,876 - INFO - Resent packet with seq_num 107800 (retransmission count: 1)
2024-10-30 15:41:30,877 - INFO - Received ACK for seq_num 106400
2024-10-30 15:41:30,877 - INFO - Received duplicate ACK for seq_num 106400
2024-10-30 15:41:30,878 - INFO - Fast recovery triggered
2024-10-30 15:41:30,878 - INFO - Resent packet with seq_num 107800 (retransmission count: 2)
2024-10-30 15:41:30,878 - INFO - Received ACK for seq_num 106400
2024-10-30 15:41:30,879 - INFO - Received duplicate ACK for seq_num 106400
2024-10-30 15:41:30,879 - INFO - Fast recovery triggered
2024-10-30 15:41:30,879 - INFO - Resent packet with seq_num 107800 (retransmission count: 3)
2024-10-30 15:41:30,879 - INFO - Received ACK for seq_num 106400
2024-10-30 15:41:30,880 - INFO - Received duplicate ACK for seq_num 106400
2024-10-30 15:41:30,880 - INFO - Fast recovery triggered
2024-10-30 15:41:30,880 - INFO - Resent packet with seq_num 107800 (retransmission count: 4)
2024-10-30 15:41:30,880 - INFO - Received ACK for seq_num 106400
2024-10-30 15:41:30,881 - INFO - Received duplicate ACK for seq_num 106400
2024-10-30 15:41:30,881 - INFO - Fast recovery triggered
2024-10-30 15:41:30,881 - INFO - Resent packet with seq_num 107800 (retransmission count: 5)
2024-10-30 15:41:30,881 - INFO - Received ACK for seq_num 106400
2024-10-30 15:41:30,882 - INFO - Received duplicate ACK for seq_num 106400
2024-10-30 15:41:30,882 - INFO - Fast recovery triggered
2024-10-30 15:41:30,882 - INFO - Resent packet with seq_num 107800 (retransmission count: 6)
2024-10-30 15:41:30,882 - INFO - Received ACK for seq_num 106400
2024-10-30 15:41:30,882 - INFO - Received duplicate ACK for seq_num 106400
2024-10-30 15:41:30,882 - INFO - Fast recovery triggered
2024-10-30 15:41:30,882 - INFO - Resent packet with seq_num 107800 (retransmission count: 7)
2024-10-30 15:41:30,917 - INFO - Received ACK for seq_num 120400
2024-10-30 15:41:30,917 - INFO - Received new ACK for seq_num 120400
2024-10-30 15:41:30,917 - INFO - Removed packet with seq_num 107800 from packet_map
2024-10-30 15:41:30,917 - INFO - Removed packet with seq_num 109200 from packet_map
2024-10-30 15:41:30,918 - INFO - Removed packet with seq_num 110600 from packet_map
2024-10-30 15:41:30,918 - INFO - Removed packet with seq_num 112000 from packet_map
2024-10-30 15:41:30,918 - INFO - Removed packet with seq_num 113400 from packet_map
2024-10-30 15:41:30,918 - INFO - Removed packet with seq_num 114800 from packet_map
2024-10-30 15:41:30,918 - INFO - Removed packet with seq_num 116200 from packet_map
2024-10-30 15:41:30,918 - INFO - Removed packet with seq_num 117600 from packet_map
2024-10-30 15:41:30,918 - INFO - Removed packet with seq_num 119000 from packet_map
2024-10-30 15:41:30,919 - INFO - Removed packet with seq_num 120400 from packet_map
2024-10-30 15:41:30,919 - INFO - Sent packet with seq_num 121800
2024-10-30 15:41:30,919 - INFO - Sent packet with seq_num 123200
2024-10-30 15:41:30,920 - INFO - Sent packet with seq_num 124600
2024-10-30 15:41:30,920 - INFO - Sent packet with seq_num 126000
2024-10-30 15:41:30,920 - INFO - Sent packet with seq_num 127400
2024-10-30 15:41:30,921 - INFO - Sent packet with seq_num 128800
2024-10-30 15:41:30,921 - INFO - Sent packet with seq_num 130200
2024-10-30 15:41:30,921 - INFO - Sent packet with seq_num 131600
2024-10-30 15:41:30,922 - INFO - Sent packet with seq_num 133000
2024-10-30 15:41:30,922 - INFO - Sent packet with seq_num 134400
2024-10-30 15:41:30,922 - INFO - Received ACK for seq_num 120400
2024-10-30 15:41:30,923 - INFO - Received duplicate ACK for seq_num 120400
2024-10-30 15:41:30,923 - INFO - Received ACK for seq_num 120400
2024-10-30 15:41:30,923 - INFO - Received duplicate ACK for seq_num 120400
2024-10-30 15:41:30,923 - INFO - Received ACK for seq_num 120400
2024-10-30 15:41:30,923 - INFO - Received duplicate ACK for seq_num 120400
2024-10-30 15:41:30,924 - INFO - Fast recovery triggered
2024-10-30 15:41:30,924 - INFO - Resent packet with seq_num 121800 (retransmission count: 1)
2024-10-30 15:41:30,924 - INFO - Received ACK for seq_num 120400
2024-10-30 15:41:30,924 - INFO - Received duplicate ACK for seq_num 120400
2024-10-30 15:41:30,924 - INFO - Fast recovery triggered
2024-10-30 15:41:30,925 - INFO - Resent packet with seq_num 121800 (retransmission count: 2)
2024-10-30 15:41:30,925 - INFO - Received ACK for seq_num 120400
2024-10-30 15:41:30,925 - INFO - Received duplicate ACK for seq_num 120400
2024-10-30 15:41:30,925 - INFO - Fast recovery triggered
2024-10-30 15:41:30,925 - INFO - Resent packet with seq_num 121800 (retransmission count: 3)
2024-10-30 15:41:30,926 - INFO - Received ACK for seq_num 120400
2024-10-30 15:41:30,926 - INFO - Received duplicate ACK for seq_num 120400
2024-10-30 15:41:30,926 - INFO - Fast recovery triggered
2024-10-30 15:41:30,926 - INFO - Resent packet with seq_num 121800 (retransmission count: 4)
2024-10-30 15:41:30,959 - INFO - Received ACK for seq_num 121800
2024-10-30 15:41:30,960 - INFO - Received new ACK for seq_num 121800
2024-10-30 15:41:30,960 - INFO - Removed packet with seq_num 121800 from packet_map
2024-10-30 15:41:30,960 - INFO - Sent packet with seq_num 135800
2024-10-30 15:41:30,960 - INFO - Received ACK for seq_num 123200
2024-10-30 15:41:30,960 - INFO - Received new ACK for seq_num 123200
2024-10-30 15:41:30,961 - INFO - Removed packet with seq_num 123200 from packet_map
2024-10-30 15:41:30,961 - INFO - Sent packet with seq_num 137200
2024-10-30 15:41:30,961 - INFO - Received ACK for seq_num 124600
2024-10-30 15:41:30,961 - INFO - Received new ACK for seq_num 124600
2024-10-30 15:41:30,961 - INFO - Removed packet with seq_num 124600 from packet_map
2024-10-30 15:41:30,962 - INFO - Sent packet with seq_num 138600
2024-10-30 15:41:30,962 - INFO - Received ACK for seq_num 126000
2024-10-30 15:41:30,962 - INFO - Received new ACK for seq_num 126000
2024-10-30 15:41:30,962 - INFO - Removed packet with seq_num 126000 from packet_map
2024-10-30 15:41:30,963 - INFO - Sent packet with seq_num 140000
2024-10-30 15:41:30,963 - INFO - Received ACK for seq_num 126000
2024-10-30 15:41:30,963 - INFO - Received duplicate ACK for seq_num 126000
2024-10-30 15:41:30,963 - INFO - Received ACK for seq_num 126000
2024-10-30 15:41:30,963 - INFO - Received duplicate ACK for seq_num 126000
2024-10-30 15:41:30,963 - INFO - Received ACK for seq_num 126000
2024-10-30 15:41:30,963 - INFO - Received duplicate ACK for seq_num 126000
2024-10-30 15:41:30,964 - INFO - Fast recovery triggered
2024-10-30 15:41:30,964 - INFO - Resent packet with seq_num 127400 (retransmission count: 1)
2024-10-30 15:41:30,964 - INFO - Received ACK for seq_num 126000
2024-10-30 15:41:30,964 - INFO - Received duplicate ACK for seq_num 126000
2024-10-30 15:41:30,964 - INFO - Fast recovery triggered
2024-10-30 15:41:30,964 - INFO - Resent packet with seq_num 127400 (retransmission count: 2)
2024-10-30 15:41:30,964 - INFO - Received ACK for seq_num 126000
2024-10-30 15:41:30,965 - INFO - Received duplicate ACK for seq_num 126000
2024-10-30 15:41:30,965 - INFO - Fast recovery triggered
2024-10-30 15:41:30,965 - INFO - Resent packet with seq_num 127400 (retransmission count: 3)
2024-10-30 15:41:30,965 - INFO - Received ACK for seq_num 126000
2024-10-30 15:41:30,965 - INFO - Received duplicate ACK for seq_num 126000
2024-10-30 15:41:30,965 - INFO - Fast recovery triggered
2024-10-30 15:41:30,966 - INFO - Resent packet with seq_num 127400 (retransmission count: 4)
2024-10-30 15:41:30,966 - INFO - Received ACK for seq_num 126000
2024-10-30 15:41:30,966 - INFO - Received duplicate ACK for seq_num 126000
2024-10-30 15:41:30,966 - INFO - Fast recovery triggered
2024-10-30 15:41:30,966 - INFO - Resent packet with seq_num 127400 (retransmission count: 5)
2024-10-30 15:41:30,967 - INFO - Received ACK for seq_num 126000
2024-10-30 15:41:30,967 - INFO - Received duplicate ACK for seq_num 126000
2024-10-30 15:41:30,967 - INFO - Fast recovery triggered
2024-10-30 15:41:30,967 - INFO - Resent packet with seq_num 127400 (retransmission count: 6)
2024-10-30 15:41:31,001 - INFO - Received ACK for seq_num 126000
2024-10-30 15:41:31,001 - INFO - Received duplicate ACK for seq_num 126000
2024-10-30 15:41:31,001 - INFO - Fast recovery triggered
2024-10-30 15:41:31,001 - INFO - Resent packet with seq_num 127400 (retransmission count: 7)
2024-10-30 15:41:31,001 - INFO - Received ACK for seq_num 126000
2024-10-30 15:41:31,002 - INFO - Received duplicate ACK for seq_num 126000
2024-10-30 15:41:31,002 - INFO - Fast recovery triggered
2024-10-30 15:41:31,002 - INFO - Resent packet with seq_num 127400 (retransmission count: 8)
2024-10-30 15:41:31,002 - INFO - Received ACK for seq_num 126000
2024-10-30 15:41:31,002 - INFO - Received duplicate ACK for seq_num 126000
2024-10-30 15:41:31,003 - INFO - Fast recovery triggered
2024-10-30 15:41:31,003 - INFO - Resent packet with seq_num 127400 (retransmission count: 9)
2024-10-30 15:41:31,003 - INFO - Received ACK for seq_num 126000
2024-10-30 15:41:31,003 - INFO - Received duplicate ACK for seq_num 126000
2024-10-30 15:41:31,003 - INFO - Fast recovery triggered
2024-10-30 15:41:31,003 - INFO - Resent packet with seq_num 127400 (retransmission count: 10)
2024-10-30 15:41:31,005 - INFO - Received ACK for seq_num 128800
2024-10-30 15:41:31,005 - INFO - Received new ACK for seq_num 128800
2024-10-30 15:41:31,005 - INFO - Removed packet with seq_num 127400 from packet_map
2024-10-30 15:41:31,005 - INFO - Removed packet with seq_num 128800 from packet_map
2024-10-30 15:41:31,006 - INFO - Sent packet with seq_num 141400
2024-10-30 15:41:31,006 - INFO - Sent packet with seq_num 142800
2024-10-30 15:41:31,006 - INFO - Received ACK for seq_num 128800
2024-10-30 15:41:31,006 - INFO - Received duplicate ACK for seq_num 128800
2024-10-30 15:41:31,007 - INFO - Received ACK for seq_num 128800
2024-10-30 15:41:31,007 - INFO - Received duplicate ACK for seq_num 128800
2024-10-30 15:41:31,007 - INFO - Received ACK for seq_num 128800
2024-10-30 15:41:31,007 - INFO - Received duplicate ACK for seq_num 128800
2024-10-30 15:41:31,007 - INFO - Fast recovery triggered
2024-10-30 15:41:31,007 - INFO - Resent packet with seq_num 130200 (retransmission count: 1)
2024-10-30 15:41:31,007 - INFO - Received ACK for seq_num 128800
2024-10-30 15:41:31,008 - INFO - Received duplicate ACK for seq_num 128800
2024-10-30 15:41:31,008 - INFO - Fast recovery triggered
2024-10-30 15:41:31,008 - INFO - Resent packet with seq_num 130200 (retransmission count: 2)
2024-10-30 15:41:31,042 - INFO - Received ACK for seq_num 128800
2024-10-30 15:41:31,042 - INFO - Received duplicate ACK for seq_num 128800
2024-10-30 15:41:31,042 - INFO - Fast recovery triggered
2024-10-30 15:41:31,042 - INFO - Resent packet with seq_num 130200 (retransmission count: 3)
2024-10-30 15:41:31,044 - INFO - Received ACK for seq_num 128800
2024-10-30 15:41:31,044 - INFO - Received duplicate ACK for seq_num 128800
2024-10-30 15:41:31,044 - INFO - Fast recovery triggered
2024-10-30 15:41:31,044 - INFO - Resent packet with seq_num 130200 (retransmission count: 4)
2024-10-30 15:41:31,046 - INFO - Received ACK for seq_num 128800
2024-10-30 15:41:31,046 - INFO - Received duplicate ACK for seq_num 128800
2024-10-30 15:41:31,046 - INFO - Fast recovery triggered
2024-10-30 15:41:31,047 - INFO - Resent packet with seq_num 130200 (retransmission count: 5)
2024-10-30 15:41:31,047 - INFO - Received ACK for seq_num 128800
2024-10-30 15:41:31,047 - INFO - Received duplicate ACK for seq_num 128800
2024-10-30 15:41:31,047 - INFO - Fast recovery triggered
2024-10-30 15:41:31,047 - INFO - Resent packet with seq_num 130200 (retransmission count: 6)
2024-10-30 15:41:31,048 - INFO - Received ACK for seq_num 142800
2024-10-30 15:41:31,048 - INFO - Received new ACK for seq_num 142800
2024-10-30 15:41:31,048 - INFO - Removed packet with seq_num 130200 from packet_map
2024-10-30 15:41:31,048 - INFO - Removed packet with seq_num 131600 from packet_map
2024-10-30 15:41:31,049 - INFO - Removed packet with seq_num 133000 from packet_map
2024-10-30 15:41:31,049 - INFO - Removed packet with seq_num 134400 from packet_map
2024-10-30 15:41:31,049 - INFO - Removed packet with seq_num 135800 from packet_map
2024-10-30 15:41:31,049 - INFO - Removed packet with seq_num 137200 from packet_map
2024-10-30 15:41:31,049 - INFO - Removed packet with seq_num 138600 from packet_map
2024-10-30 15:41:31,049 - INFO - Removed packet with seq_num 140000 from packet_map
2024-10-30 15:41:31,049 - INFO - Removed packet with seq_num 141400 from packet_map
2024-10-30 15:41:31,049 - INFO - Removed packet with seq_num 142800 from packet_map
2024-10-30 15:41:31,049 - INFO - Sent packet with seq_num 144200
2024-10-30 15:41:31,050 - INFO - Sent packet with seq_num 145600
2024-10-30 15:41:31,050 - INFO - Sent packet with seq_num 147000
2024-10-30 15:41:31,050 - INFO - Sent packet with seq_num 148400
2024-10-30 15:41:31,050 - INFO - Sent packet with seq_num 149800
2024-10-30 15:41:31,051 - INFO - Sent packet with seq_num 151200
2024-10-30 15:41:31,051 - INFO - Sent packet with seq_num 152600
2024-10-30 15:41:31,051 - INFO - Sent packet with seq_num 154000
2024-10-30 15:41:31,051 - INFO - Sent packet with seq_num 155400
2024-10-30 15:41:31,052 - INFO - Sent packet with seq_num 156800
2024-10-30 15:41:31,052 - INFO - Received ACK for seq_num 142800
2024-10-30 15:41:31,052 - INFO - Received duplicate ACK for seq_num 142800
2024-10-30 15:41:31,083 - INFO - Received ACK for seq_num 142800
2024-10-30 15:41:31,083 - INFO - Received duplicate ACK for seq_num 142800
2024-10-30 15:41:31,085 - INFO - Received ACK for seq_num 142800
2024-10-30 15:41:31,085 - INFO - Received duplicate ACK for seq_num 142800
2024-10-30 15:41:31,085 - INFO - Fast recovery triggered
2024-10-30 15:41:31,085 - INFO - Resent packet with seq_num 144200 (retransmission count: 1)
2024-10-30 15:41:31,087 - INFO - Received ACK for seq_num 142800
2024-10-30 15:41:31,087 - INFO - Received duplicate ACK for seq_num 142800
2024-10-30 15:41:31,087 - INFO - Fast recovery triggered
2024-10-30 15:41:31,088 - INFO - Resent packet with seq_num 144200 (retransmission count: 2)
2024-10-30 15:41:31,088 - INFO - Received ACK for seq_num 142800
2024-10-30 15:41:31,088 - INFO - Received duplicate ACK for seq_num 142800
2024-10-30 15:41:31,088 - INFO - Fast recovery triggered
2024-10-30 15:41:31,088 - INFO - Resent packet with seq_num 144200 (retransmission count: 3)
2024-10-30 15:41:31,090 - INFO - Received ACK for seq_num 144200
2024-10-30 15:41:31,090 - INFO - Received new ACK for seq_num 144200
2024-10-30 15:41:31,090 - INFO - Removed packet with seq_num 144200 from packet_map
2024-10-30 15:41:31,090 - INFO - Sent packet with seq_num 158200
2024-10-30 15:41:31,091 - INFO - Received ACK for seq_num 145600
2024-10-30 15:41:31,091 - INFO - Received new ACK for seq_num 145600
2024-10-30 15:41:31,091 - INFO - Removed packet with seq_num 145600 from packet_map
2024-10-30 15:41:31,091 - INFO - Sent packet with seq_num 159600
2024-10-30 15:41:31,091 - INFO - Received ACK for seq_num 147000
2024-10-30 15:41:31,092 - INFO - Received new ACK for seq_num 147000
2024-10-30 15:41:31,092 - INFO - Removed packet with seq_num 147000 from packet_map
2024-10-30 15:41:31,092 - INFO - Sent packet with seq_num 161000
2024-10-30 15:41:31,092 - INFO - Received ACK for seq_num 148400
2024-10-30 15:41:31,092 - INFO - Received new ACK for seq_num 148400
2024-10-30 15:41:31,092 - INFO - Removed packet with seq_num 148400 from packet_map
2024-10-30 15:41:31,092 - INFO - Sent packet with seq_num 162400
2024-10-30 15:41:31,093 - INFO - Received ACK for seq_num 149800
2024-10-30 15:41:31,093 - INFO - Received new ACK for seq_num 149800
2024-10-30 15:41:31,093 - INFO - Removed packet with seq_num 149800 from packet_map
2024-10-30 15:41:31,093 - INFO - Sent packet with seq_num 163800
2024-10-30 15:41:31,094 - INFO - Received ACK for seq_num 151200
2024-10-30 15:41:31,094 - INFO - Received new ACK for seq_num 151200
2024-10-30 15:41:31,094 - INFO - Removed packet with seq_num 151200 from packet_map
2024-10-30 15:41:31,094 - INFO - Sent packet with seq_num 165200
2024-10-30 15:41:31,094 - INFO - Received ACK for seq_num 152600
2024-10-30 15:41:31,094 - INFO - Received new ACK for seq_num 152600
2024-10-30 15:41:31,095 - INFO - Removed packet with seq_num 152600 from packet_map
2024-10-30 15:41:31,095 - INFO - Sent packet with seq_num 166600
2024-10-30 15:41:31,095 - INFO - Received ACK for seq_num 152600
2024-10-30 15:41:31,095 - INFO - Received duplicate ACK for seq_num 152600
2024-10-30 15:41:31,095 - INFO - Received ACK for seq_num 152600
2024-10-30 15:41:31,095 - INFO - Received duplicate ACK for seq_num 152600
2024-10-30 15:41:31,126 - INFO - Received ACK for seq_num 152600
2024-10-30 15:41:31,126 - INFO - Received duplicate ACK for seq_num 152600
2024-10-30 15:41:31,126 - INFO - Fast recovery triggered
2024-10-30 15:41:31,126 - INFO - Resent packet with seq_num 154000 (retransmission count: 1)
2024-10-30 15:41:31,128 - INFO - Received ACK for seq_num 152600
2024-10-30 15:41:31,128 - INFO - Received duplicate ACK for seq_num 152600
2024-10-30 15:41:31,128 - INFO - Fast recovery triggered
2024-10-30 15:41:31,129 - INFO - Resent packet with seq_num 154000 (retransmission count: 2)
2024-10-30 15:41:31,129 - INFO - Received ACK for seq_num 152600
2024-10-30 15:41:31,129 - INFO - Received duplicate ACK for seq_num 152600
2024-10-30 15:41:31,129 - INFO - Fast recovery triggered
2024-10-30 15:41:31,129 - INFO - Resent packet with seq_num 154000 (retransmission count: 3)
2024-10-30 15:41:31,131 - INFO - Received ACK for seq_num 152600
2024-10-30 15:41:31,131 - INFO - Received duplicate ACK for seq_num 152600
2024-10-30 15:41:31,131 - INFO - Fast recovery triggered
2024-10-30 15:41:31,131 - INFO - Resent packet with seq_num 154000 (retransmission count: 4)
2024-10-30 15:41:31,132 - INFO - Received ACK for seq_num 152600
2024-10-30 15:41:31,132 - INFO - Received duplicate ACK for seq_num 152600
2024-10-30 15:41:31,132 - INFO - Fast recovery triggered
2024-10-30 15:41:31,132 - INFO - Resent packet with seq_num 154000 (retransmission count: 5)
2024-10-30 15:41:31,132 - INFO - Received ACK for seq_num 152600
2024-10-30 15:41:31,132 - INFO - Received duplicate ACK for seq_num 152600
2024-10-30 15:41:31,133 - INFO - Fast recovery triggered
2024-10-30 15:41:31,133 - INFO - Resent packet with seq_num 154000 (retransmission count: 6)
2024-10-30 15:41:31,133 - INFO - Received ACK for seq_num 152600
2024-10-30 15:41:31,133 - INFO - Received duplicate ACK for seq_num 152600
2024-10-30 15:41:31,133 - INFO - Fast recovery triggered
2024-10-30 15:41:31,133 - INFO - Resent packet with seq_num 154000 (retransmission count: 7)
2024-10-30 15:41:31,135 - INFO - Received ACK for seq_num 152600
2024-10-30 15:41:31,135 - INFO - Received duplicate ACK for seq_num 152600
2024-10-30 15:41:31,135 - INFO - Fast recovery triggered
2024-10-30 15:41:31,135 - INFO - Resent packet with seq_num 154000 (retransmission count: 8)
2024-10-30 15:41:31,136 - INFO - Received ACK for seq_num 152600
2024-10-30 15:41:31,136 - INFO - Received duplicate ACK for seq_num 152600
2024-10-30 15:41:31,136 - INFO - Fast recovery triggered
2024-10-30 15:41:31,136 - INFO - Resent packet with seq_num 154000 (retransmission count: 9)
2024-10-30 15:41:31,136 - INFO - Received ACK for seq_num 152600
2024-10-30 15:41:31,136 - INFO - Received duplicate ACK for seq_num 152600
2024-10-30 15:41:31,136 - INFO - Fast recovery triggered
2024-10-30 15:41:31,137 - INFO - Resent packet with seq_num 154000 (retransmission count: 10)
2024-10-30 15:41:31,167 - INFO - Received ACK for seq_num 166600
2024-10-30 15:41:31,167 - INFO - Received new ACK for seq_num 166600
2024-10-30 15:41:31,167 - INFO - Removed packet with seq_num 154000 from packet_map
2024-10-30 15:41:31,168 - INFO - Removed packet with seq_num 155400 from packet_map
2024-10-30 15:41:31,168 - INFO - Removed packet with seq_num 156800 from packet_map
2024-10-30 15:41:31,168 - INFO - Removed packet with seq_num 158200 from packet_map
2024-10-30 15:41:31,168 - INFO - Removed packet with seq_num 159600 from packet_map
2024-10-30 15:41:31,168 - INFO - Removed packet with seq_num 161000 from packet_map
2024-10-30 15:41:31,168 - INFO - Removed packet with seq_num 162400 from packet_map
2024-10-30 15:41:31,168 - INFO - Removed packet with seq_num 163800 from packet_map
2024-10-30 15:41:31,168 - INFO - Removed packet with seq_num 165200 from packet_map
2024-10-30 15:41:31,168 - INFO - Removed packet with seq_num 166600 from packet_map
2024-10-30 15:41:31,169 - INFO - Sent packet with seq_num 168000
2024-10-30 15:41:31,169 - INFO - Sent packet with seq_num 169400
2024-10-30 15:41:31,169 - INFO - Sent packet with seq_num 170800
2024-10-30 15:41:31,169 - INFO - Sent packet with seq_num 172200
2024-10-30 15:41:31,170 - INFO - Sent packet with seq_num 173600
2024-10-30 15:41:31,170 - INFO - Sent packet with seq_num 175000
2024-10-30 15:41:31,170 - INFO - Sent packet with seq_num 176400
2024-10-30 15:41:31,170 - INFO - Sent packet with seq_num 177800
2024-10-30 15:41:31,171 - INFO - Sent packet with seq_num 179200
2024-10-30 15:41:31,171 - INFO - Sent packet with seq_num 180600
2024-10-30 15:41:31,171 - INFO - Received ACK for seq_num 166600
2024-10-30 15:41:31,171 - INFO - Received duplicate ACK for seq_num 166600
2024-10-30 15:41:31,171 - INFO - Received ACK for seq_num 166600
2024-10-30 15:41:31,172 - INFO - Received duplicate ACK for seq_num 166600
2024-10-30 15:41:31,172 - INFO - Received ACK for seq_num 166600
2024-10-30 15:41:31,172 - INFO - Received duplicate ACK for seq_num 166600
2024-10-30 15:41:31,172 - INFO - Fast recovery triggered
2024-10-30 15:41:31,172 - INFO - Resent packet with seq_num 168000 (retransmission count: 1)
2024-10-30 15:41:31,173 - INFO - Received ACK for seq_num 166600
2024-10-30 15:41:31,173 - INFO - Received duplicate ACK for seq_num 166600
2024-10-30 15:41:31,173 - INFO - Fast recovery triggered
2024-10-30 15:41:31,174 - INFO - Resent packet with seq_num 168000 (retransmission count: 2)
2024-10-30 15:41:31,174 - INFO - Received ACK for seq_num 166600
2024-10-30 15:41:31,174 - INFO - Received duplicate ACK for seq_num 166600
2024-10-30 15:41:31,174 - INFO - Fast recovery triggered
2024-10-30 15:41:31,174 - INFO - Resent packet with seq_num 168000 (retransmission count: 3)
2024-10-30 15:41:31,176 - INFO - Received ACK for seq_num 166600
2024-10-30 15:41:31,176 - INFO - Received duplicate ACK for seq_num 166600
2024-10-30 15:41:31,176 - INFO - Fast recovery triggered
2024-10-30 15:41:31,176 - INFO - Resent packet with seq_num 168000 (retransmission count: 4)
2024-10-30 15:41:31,177 - INFO - Received ACK for seq_num 166600
2024-10-30 15:41:31,177 - INFO - Received duplicate ACK for seq_num 166600
2024-10-30 15:41:31,177 - INFO - Fast recovery triggered
2024-10-30 15:41:31,177 - INFO - Resent packet with seq_num 168000 (retransmission count: 5)
2024-10-30 15:41:31,177 - INFO - Received ACK for seq_num 166600
2024-10-30 15:41:31,177 - INFO - Received duplicate ACK for seq_num 166600
2024-10-30 15:41:31,177 - INFO - Fast recovery triggered
2024-10-30 15:41:31,178 - INFO - Resent packet with seq_num 168000 (retransmission count: 6)
2024-10-30 15:41:31,209 - INFO - Received ACK for seq_num 168000
2024-10-30 15:41:31,209 - INFO - Received new ACK for seq_num 168000
2024-10-30 15:41:31,210 - INFO - Removed packet with seq_num 168000 from packet_map
2024-10-30 15:41:31,210 - INFO - Sent packet with seq_num 182000
2024-10-30 15:41:31,210 - INFO - File Read complete.
2024-10-30 15:41:31,210 - INFO - Received ACK for seq_num 169400
2024-10-30 15:41:31,210 - INFO - Received new ACK for seq_num 169400
2024-10-30 15:41:31,210 - INFO - Removed packet with seq_num 169400 from packet_map
2024-10-30 15:41:31,210 - INFO - Received ACK for seq_num 170800
2024-10-30 15:41:31,211 - INFO - Received new ACK for seq_num 170800
2024-10-30 15:41:31,211 - INFO - Removed packet with seq_num 170800 from packet_map
2024-10-30 15:41:31,211 - INFO - Received ACK for seq_num 172200
2024-10-30 15:41:31,211 - INFO - Received new ACK for seq_num 172200
2024-10-30 15:41:31,211 - INFO - Removed packet with seq_num 172200 from packet_map
2024-10-30 15:41:31,211 - INFO - Received ACK for seq_num 173600
2024-10-30 15:41:31,211 - INFO - Received new ACK for seq_num 173600
2024-10-30 15:41:31,211 - INFO - Removed packet with seq_num 173600 from packet_map
2024-10-30 15:41:31,212 - INFO - Received ACK for seq_num 175000
2024-10-30 15:41:31,212 - INFO - Received new ACK for seq_num 175000
2024-10-30 15:41:31,212 - INFO - Removed packet with seq_num 175000 from packet_map
2024-10-30 15:41:31,212 - INFO - Received ACK for seq_num 176400
2024-10-30 15:41:31,212 - INFO - Received new ACK for seq_num 176400
2024-10-30 15:41:31,212 - INFO - Removed packet with seq_num 176400 from packet_map
2024-10-30 15:41:31,212 - INFO - Received ACK for seq_num 177800
2024-10-30 15:41:31,212 - INFO - Received new ACK for seq_num 177800
2024-10-30 15:41:31,212 - INFO - Removed packet with seq_num 177800 from packet_map
2024-10-30 15:41:31,213 - INFO - Received ACK for seq_num 179200
2024-10-30 15:41:31,213 - INFO - Received new ACK for seq_num 179200
2024-10-30 15:41:31,213 - INFO - Removed packet with seq_num 179200 from packet_map
2024-10-30 15:41:31,213 - INFO - Received ACK for seq_num 180600
2024-10-30 15:41:31,213 - INFO - Received new ACK for seq_num 180600
2024-10-30 15:41:31,213 - INFO - Removed packet with seq_num 180600 from packet_map
2024-10-30 15:41:31,213 - INFO - Received ACK for seq_num 180600
2024-10-30 15:41:31,213 - INFO - Received duplicate ACK for seq_num 180600
2024-10-30 15:41:31,214 - INFO - Received ACK for seq_num 180600
2024-10-30 15:41:31,214 - INFO - Received duplicate ACK for seq_num 180600
2024-10-30 15:41:31,217 - INFO - Received ACK for seq_num 180600
2024-10-30 15:41:31,217 - INFO - Received duplicate ACK for seq_num 180600
2024-10-30 15:41:31,217 - INFO - Fast recovery triggered
2024-10-30 15:41:31,217 - INFO - Resent packet with seq_num 182000 (retransmission count: 1)
2024-10-30 15:41:31,218 - INFO - Received ACK for seq_num 180600
2024-10-30 15:41:31,218 - INFO - Received duplicate ACK for seq_num 180600
2024-10-30 15:41:31,218 - INFO - Fast recovery triggered
2024-10-30 15:41:31,218 - INFO - Resent packet with seq_num 182000 (retransmission count: 2)
2024-10-30 15:41:31,250 - INFO - Received ACK for seq_num 182000
2024-10-30 15:41:31,250 - INFO - Received new ACK for seq_num 182000
2024-10-30 15:41:31,251 - INFO - Removed packet with seq_num 182000 from packet_map
2024-10-30 15:41:31,251 - INFO - Sent FIN to client.
2024-10-30 15:41:31,291 - INFO - Received ACK for FIN from client.
2024-10-30 15:41:31,291 - INFO - Received FIN from client.
2024-10-30 15:41:31,292 - INFO - Connection closed successfully.
