2024-10-30 15:41:43,405 - INFO - Server is ready to receive.
2024-10-30 15:41:43,473 - INFO - Received SYN from ('10.0.0.2', 58694)
2024-10-30 15:41:43,514 - INFO - Connection established with client.
2024-10-30 15:41:43,515 - INFO - Sent PING for RTT measurement.
2024-10-30 15:41:43,556 - INFO - RTT measured: 0.04076790809631348 seconds
2024-10-30 15:41:43,556 - INFO - Window size set to 190 segments.
2024-10-30 15:41:43,557 - INFO - Sent packet with seq_num 0
2024-10-30 15:41:43,558 - INFO - Sent packet with seq_num 1400
2024-10-30 15:41:43,558 - INFO - Sent packet with seq_num 2800
2024-10-30 15:41:43,559 - INFO - Sent packet with seq_num 4200
2024-10-30 15:41:43,559 - INFO - Sent packet with seq_num 5600
2024-10-30 15:41:43,560 - INFO - Sent packet with seq_num 7000
2024-10-30 15:41:43,560 - INFO - Sent packet with seq_num 8400
2024-10-30 15:41:43,561 - INFO - Sent packet with seq_num 9800
2024-10-30 15:41:43,561 - INFO - Sent packet with seq_num 11200
2024-10-30 15:41:43,562 - INFO - Sent packet with seq_num 12600
2024-10-30 15:41:43,562 - INFO - Sent packet with seq_num 14000
2024-10-30 15:41:43,563 - INFO - Sent packet with seq_num 15400
2024-10-30 15:41:43,563 - INFO - Sent packet with seq_num 16800
2024-10-30 15:41:43,564 - INFO - Sent packet with seq_num 18200
2024-10-30 15:41:43,564 - INFO - Sent packet with seq_num 19600
2024-10-30 15:41:43,565 - INFO - Sent packet with seq_num 21000
2024-10-30 15:41:43,565 - INFO - Sent packet with seq_num 22400
2024-10-30 15:41:43,566 - INFO - Sent packet with seq_num 23800
2024-10-30 15:41:43,566 - INFO - Sent packet with seq_num 25200
2024-10-30 15:41:43,567 - INFO - Sent packet with seq_num 26600
2024-10-30 15:41:43,567 - INFO - Sent packet with seq_num 28000
2024-10-30 15:41:43,568 - INFO - Sent packet with seq_num 29400
2024-10-30 15:41:43,568 - INFO - Sent packet with seq_num 30800
2024-10-30 15:41:43,569 - INFO - Sent packet with seq_num 32200
2024-10-30 15:41:43,569 - INFO - Sent packet with seq_num 33600
2024-10-30 15:41:43,570 - INFO - Sent packet with seq_num 35000
2024-10-30 15:41:43,570 - INFO - Sent packet with seq_num 36400
2024-10-30 15:41:43,571 - INFO - Sent packet with seq_num 37800
2024-10-30 15:41:43,571 - INFO - Sent packet with seq_num 39200
2024-10-30 15:41:43,572 - INFO - Sent packet with seq_num 40600
2024-10-30 15:41:43,572 - INFO - Sent packet with seq_num 42000
2024-10-30 15:41:43,573 - INFO - Sent packet with seq_num 43400
2024-10-30 15:41:43,573 - INFO - Sent packet with seq_num 44800
2024-10-30 15:41:43,574 - INFO - Sent packet with seq_num 46200
2024-10-30 15:41:43,574 - INFO - Sent packet with seq_num 47600
2024-10-30 15:41:43,574 - INFO - Sent packet with seq_num 49000
2024-10-30 15:41:43,575 - INFO - Sent packet with seq_num 50400
2024-10-30 15:41:43,575 - INFO - Sent packet with seq_num 51800
2024-10-30 15:41:43,575 - INFO - Sent packet with seq_num 53200
2024-10-30 15:41:43,575 - INFO - Sent packet with seq_num 54600
2024-10-30 15:41:43,575 - INFO - Sent packet with seq_num 56000
2024-10-30 15:41:43,576 - INFO - Sent packet with seq_num 57400
2024-10-30 15:41:43,576 - INFO - Sent packet with seq_num 58800
2024-10-30 15:41:43,576 - INFO - Sent packet with seq_num 60200
2024-10-30 15:41:43,576 - INFO - Sent packet with seq_num 61600
2024-10-30 15:41:43,577 - INFO - Sent packet with seq_num 63000
2024-10-30 15:41:43,577 - INFO - Sent packet with seq_num 64400
2024-10-30 15:41:43,577 - INFO - Sent packet with seq_num 65800
2024-10-30 15:41:43,577 - INFO - Sent packet with seq_num 67200
2024-10-30 15:41:43,578 - INFO - Sent packet with seq_num 68600
2024-10-30 15:41:43,578 - INFO - Sent packet with seq_num 70000
2024-10-30 15:41:43,578 - INFO - Sent packet with seq_num 71400
2024-10-30 15:41:43,578 - INFO - Sent packet with seq_num 72800
2024-10-30 15:41:43,579 - INFO - Sent packet with seq_num 74200
2024-10-30 15:41:43,579 - INFO - Sent packet with seq_num 75600
2024-10-30 15:41:43,579 - INFO - Sent packet with seq_num 77000
2024-10-30 15:41:43,579 - INFO - Sent packet with seq_num 78400
2024-10-30 15:41:43,579 - INFO - Sent packet with seq_num 79800
2024-10-30 15:41:43,580 - INFO - Sent packet with seq_num 81200
2024-10-30 15:41:43,580 - INFO - Sent packet with seq_num 82600
2024-10-30 15:41:43,580 - INFO - Sent packet with seq_num 84000
2024-10-30 15:41:43,580 - INFO - Sent packet with seq_num 85400
2024-10-30 15:41:43,581 - INFO - Sent packet with seq_num 86800
2024-10-30 15:41:43,581 - INFO - Sent packet with seq_num 88200
2024-10-30 15:41:43,581 - INFO - Sent packet with seq_num 89600
2024-10-30 15:41:43,581 - INFO - Sent packet with seq_num 91000
2024-10-30 15:41:43,582 - INFO - Sent packet with seq_num 92400
2024-10-30 15:41:43,582 - INFO - Sent packet with seq_num 93800
2024-10-30 15:41:43,582 - INFO - Sent packet with seq_num 95200
2024-10-30 15:41:43,582 - INFO - Sent packet with seq_num 96600
2024-10-30 15:41:43,582 - INFO - Sent packet with seq_num 98000
2024-10-30 15:41:43,583 - INFO - Sent packet with seq_num 99400
2024-10-30 15:41:43,583 - INFO - Sent packet with seq_num 100800
2024-10-30 15:41:43,583 - INFO - Sent packet with seq_num 102200
2024-10-30 15:41:43,583 - INFO - Sent packet with seq_num 103600
2024-10-30 15:41:43,583 - INFO - Sent packet with seq_num 105000
2024-10-30 15:41:43,584 - INFO - Sent packet with seq_num 106400
2024-10-30 15:41:43,584 - INFO - Sent packet with seq_num 107800
2024-10-30 15:41:43,584 - INFO - Sent packet with seq_num 109200
2024-10-30 15:41:43,585 - INFO - Sent packet with seq_num 110600
2024-10-30 15:41:43,585 - INFO - Sent packet with seq_num 112000
2024-10-30 15:41:43,586 - INFO - Sent packet with seq_num 113400
2024-10-30 15:41:43,586 - INFO - Sent packet with seq_num 114800
2024-10-30 15:41:43,586 - INFO - Sent packet with seq_num 116200
2024-10-30 15:41:43,586 - INFO - Sent packet with seq_num 117600
2024-10-30 15:41:43,587 - INFO - Sent packet with seq_num 119000
2024-10-30 15:41:43,587 - INFO - Sent packet with seq_num 120400
2024-10-30 15:41:43,587 - INFO - Sent packet with seq_num 121800
2024-10-30 15:41:43,588 - INFO - Sent packet with seq_num 123200
2024-10-30 15:41:43,588 - INFO - Sent packet with seq_num 124600
2024-10-30 15:41:43,588 - INFO - Sent packet with seq_num 126000
2024-10-30 15:41:43,589 - INFO - Sent packet with seq_num 127400
2024-10-30 15:41:43,589 - INFO - Sent packet with seq_num 128800
2024-10-30 15:41:43,589 - INFO - Sent packet with seq_num 130200
2024-10-30 15:41:43,590 - INFO - Sent packet with seq_num 131600
2024-10-30 15:41:43,590 - INFO - Sent packet with seq_num 133000
2024-10-30 15:41:43,590 - INFO - Sent packet with seq_num 134400
2024-10-30 15:41:43,590 - INFO - Sent packet with seq_num 135800
2024-10-30 15:41:43,591 - INFO - Sent packet with seq_num 137200
2024-10-30 15:41:43,591 - INFO - Sent packet with seq_num 138600
2024-10-30 15:41:43,591 - INFO - Sent packet with seq_num 140000
2024-10-30 15:41:43,592 - INFO - Sent packet with seq_num 141400
2024-10-30 15:41:43,592 - INFO - Sent packet with seq_num 142800
2024-10-30 15:41:43,592 - INFO - Sent packet with seq_num 144200
2024-10-30 15:41:43,593 - INFO - Sent packet with seq_num 145600
2024-10-30 15:41:43,593 - INFO - Sent packet with seq_num 147000
2024-10-30 15:41:43,593 - INFO - Sent packet with seq_num 148400
2024-10-30 15:41:43,594 - INFO - Sent packet with seq_num 149800
2024-10-30 15:41:43,594 - INFO - Sent packet with seq_num 151200
2024-10-30 15:41:43,594 - INFO - Sent packet with seq_num 152600
2024-10-30 15:41:43,595 - INFO - Sent packet with seq_num 154000
2024-10-30 15:41:43,595 - INFO - Sent packet with seq_num 155400
2024-10-30 15:41:43,595 - INFO - Sent packet with seq_num 156800
2024-10-30 15:41:43,595 - INFO - Sent packet with seq_num 158200
2024-10-30 15:41:43,596 - INFO - Sent packet with seq_num 159600
2024-10-30 15:41:43,596 - INFO - Sent packet with seq_num 161000
2024-10-30 15:41:43,596 - INFO - Sent packet with seq_num 162400
2024-10-30 15:41:43,597 - INFO - Sent packet with seq_num 163800
2024-10-30 15:41:43,597 - INFO - Sent packet with seq_num 165200
2024-10-30 15:41:43,598 - INFO - Sent packet with seq_num 166600
2024-10-30 15:41:43,598 - INFO - Sent packet with seq_num 168000
2024-10-30 15:41:43,598 - INFO - Sent packet with seq_num 169400
2024-10-30 15:41:43,598 - INFO - Sent packet with seq_num 170800
2024-10-30 15:41:43,599 - INFO - Sent packet with seq_num 172200
2024-10-30 15:41:43,599 - INFO - Sent packet with seq_num 173600
2024-10-30 15:41:43,600 - INFO - Sent packet with seq_num 175000
2024-10-30 15:41:43,600 - INFO - Sent packet with seq_num 176400
2024-10-30 15:41:43,600 - INFO - Sent packet with seq_num 177800
2024-10-30 15:41:43,601 - INFO - Sent packet with seq_num 179200
2024-10-30 15:41:43,601 - INFO - Sent packet with seq_num 180600
2024-10-30 15:41:43,601 - INFO - Sent packet with seq_num 182000
2024-10-30 15:41:43,602 - INFO - File Read complete.
2024-10-30 15:41:43,602 - INFO - Received ACK for seq_num 0
2024-10-30 15:41:43,602 - INFO - Received new ACK for seq_num 0
2024-10-30 15:41:43,602 - INFO - Removed packet with seq_num 0 from packet_map
2024-10-30 15:41:43,603 - INFO - Received ACK for seq_num 1400
2024-10-30 15:41:43,603 - INFO - Received new ACK for seq_num 1400
2024-10-30 15:41:43,603 - INFO - Removed packet with seq_num 1400 from packet_map
2024-10-30 15:41:43,603 - INFO - Received ACK for seq_num 1400
2024-10-30 15:41:43,604 - INFO - Received duplicate ACK for seq_num 1400
2024-10-30 15:41:43,604 - INFO - Received ACK for seq_num 1400
2024-10-30 15:41:43,604 - INFO - Received duplicate ACK for seq_num 1400
2024-10-30 15:41:43,604 - INFO - Received ACK for seq_num 1400
2024-10-30 15:41:43,605 - INFO - Received duplicate ACK for seq_num 1400
2024-10-30 15:41:43,605 - INFO - Received ACK for seq_num 1400
2024-10-30 15:41:43,605 - INFO - Received duplicate ACK for seq_num 1400
2024-10-30 15:41:43,605 - INFO - Received ACK for seq_num 1400
2024-10-30 15:41:43,606 - INFO - Received duplicate ACK for seq_num 1400
2024-10-30 15:41:43,606 - INFO - Received ACK for seq_num 1400
2024-10-30 15:41:43,607 - INFO - Received duplicate ACK for seq_num 1400
2024-10-30 15:41:43,607 - INFO - Received ACK for seq_num 1400
2024-10-30 15:41:43,608 - INFO - Received duplicate ACK for seq_num 1400
2024-10-30 15:41:43,608 - INFO - Received ACK for seq_num 1400
2024-10-30 15:41:43,609 - INFO - Received duplicate ACK for seq_num 1400
2024-10-30 15:41:43,610 - INFO - Received ACK for seq_num 1400
2024-10-30 15:41:43,610 - INFO - Received duplicate ACK for seq_num 1400
2024-10-30 15:41:43,610 - INFO - Received ACK for seq_num 1400
2024-10-30 15:41:43,611 - INFO - Received duplicate ACK for seq_num 1400
2024-10-30 15:41:43,611 - INFO - Received ACK for seq_num 1400
2024-10-30 15:41:43,612 - INFO - Received duplicate ACK for seq_num 1400
2024-10-30 15:41:43,612 - INFO - Received ACK for seq_num 1400
2024-10-30 15:41:43,612 - INFO - Received duplicate ACK for seq_num 1400
2024-10-30 15:41:43,613 - INFO - Received ACK for seq_num 1400
2024-10-30 15:41:43,614 - INFO - Received duplicate ACK for seq_num 1400
2024-10-30 15:41:43,614 - INFO - Received ACK for seq_num 1400
2024-10-30 15:41:43,615 - INFO - Received duplicate ACK for seq_num 1400
2024-10-30 15:41:43,615 - INFO - Received ACK for seq_num 1400
2024-10-30 15:41:43,615 - INFO - Received duplicate ACK for seq_num 1400
2024-10-30 15:41:43,616 - INFO - Received ACK for seq_num 1400
2024-10-30 15:41:43,616 - INFO - Received duplicate ACK for seq_num 1400
2024-10-30 15:41:43,616 - INFO - Received ACK for seq_num 1400
2024-10-30 15:41:43,616 - INFO - Received duplicate ACK for seq_num 1400
2024-10-30 15:41:43,616 - INFO - Received ACK for seq_num 1400
2024-10-30 15:41:43,617 - INFO - Received duplicate ACK for seq_num 1400
2024-10-30 15:41:43,617 - INFO - Received ACK for seq_num 1400
2024-10-30 15:41:43,617 - INFO - Received duplicate ACK for seq_num 1400
2024-10-30 15:41:43,617 - INFO - Received ACK for seq_num 1400
2024-10-30 15:41:43,617 - INFO - Received duplicate ACK for seq_num 1400
2024-10-30 15:41:43,618 - INFO - Received ACK for seq_num 1400
2024-10-30 15:41:43,618 - INFO - Received duplicate ACK for seq_num 1400
2024-10-30 15:41:43,618 - INFO - Received ACK for seq_num 1400
2024-10-30 15:41:43,618 - INFO - Received duplicate ACK for seq_num 1400
2024-10-30 15:41:43,618 - INFO - Received ACK for seq_num 1400
2024-10-30 15:41:43,619 - INFO - Received duplicate ACK for seq_num 1400
2024-10-30 15:41:43,619 - INFO - Received ACK for seq_num 1400
2024-10-30 15:41:43,619 - INFO - Received duplicate ACK for seq_num 1400
2024-10-30 15:41:43,619 - INFO - Received ACK for seq_num 1400
2024-10-30 15:41:43,619 - INFO - Received duplicate ACK for seq_num 1400
2024-10-30 15:41:43,619 - INFO - Received ACK for seq_num 1400
2024-10-30 15:41:43,620 - INFO - Received duplicate ACK for seq_num 1400
2024-10-30 15:41:43,620 - INFO - Received ACK for seq_num 1400
2024-10-30 15:41:43,620 - INFO - Received duplicate ACK for seq_num 1400
2024-10-30 15:41:43,620 - INFO - Received ACK for seq_num 1400
2024-10-30 15:41:43,621 - INFO - Received duplicate ACK for seq_num 1400
2024-10-30 15:41:43,621 - INFO - Received ACK for seq_num 1400
2024-10-30 15:41:43,621 - INFO - Received duplicate ACK for seq_num 1400
2024-10-30 15:41:43,621 - INFO - Received ACK for seq_num 1400
2024-10-30 15:41:43,622 - INFO - Received duplicate ACK for seq_num 1400
2024-10-30 15:41:43,622 - INFO - Received ACK for seq_num 1400
2024-10-30 15:41:43,622 - INFO - Received duplicate ACK for seq_num 1400
2024-10-30 15:41:43,622 - INFO - Received ACK for seq_num 1400
2024-10-30 15:41:43,622 - INFO - Received duplicate ACK for seq_num 1400
2024-10-30 15:41:43,623 - INFO - Received ACK for seq_num 1400
2024-10-30 15:41:43,623 - INFO - Received duplicate ACK for seq_num 1400
2024-10-30 15:41:43,623 - INFO - Received ACK for seq_num 1400
2024-10-30 15:41:43,623 - INFO - Received duplicate ACK for seq_num 1400
2024-10-30 15:41:43,623 - INFO - Received ACK for seq_num 1400
2024-10-30 15:41:43,623 - INFO - Received duplicate ACK for seq_num 1400
2024-10-30 15:41:43,623 - INFO - Received ACK for seq_num 1400
2024-10-30 15:41:43,624 - INFO - Received duplicate ACK for seq_num 1400
2024-10-30 15:41:43,624 - INFO - Received ACK for seq_num 1400
2024-10-30 15:41:43,624 - INFO - Received duplicate ACK for seq_num 1400
2024-10-30 15:41:43,624 - INFO - Received ACK for seq_num 1400
2024-10-30 15:41:43,624 - INFO - Received duplicate ACK for seq_num 1400
2024-10-30 15:41:43,624 - INFO - Received ACK for seq_num 1400
2024-10-30 15:41:43,624 - INFO - Received duplicate ACK for seq_num 1400
2024-10-30 15:41:43,625 - INFO - Received ACK for seq_num 1400
2024-10-30 15:41:43,625 - INFO - Received duplicate ACK for seq_num 1400
2024-10-30 15:41:43,625 - INFO - Received ACK for seq_num 1400
2024-10-30 15:41:43,625 - INFO - Received duplicate ACK for seq_num 1400
2024-10-30 15:41:43,625 - INFO - Received ACK for seq_num 1400
2024-10-30 15:41:43,625 - INFO - Received duplicate ACK for seq_num 1400
2024-10-30 15:41:43,626 - INFO - Received ACK for seq_num 1400
2024-10-30 15:41:43,626 - INFO - Received duplicate ACK for seq_num 1400
2024-10-30 15:41:43,626 - INFO - Received ACK for seq_num 1400
2024-10-30 15:41:43,626 - INFO - Received duplicate ACK for seq_num 1400
2024-10-30 15:41:43,626 - INFO - Received ACK for seq_num 1400
2024-10-30 15:41:43,626 - INFO - Received duplicate ACK for seq_num 1400
2024-10-30 15:41:43,627 - INFO - Received ACK for seq_num 1400
2024-10-30 15:41:43,627 - INFO - Received duplicate ACK for seq_num 1400
2024-10-30 15:41:43,627 - INFO - Received ACK for seq_num 1400
2024-10-30 15:41:43,627 - INFO - Received duplicate ACK for seq_num 1400
2024-10-30 15:41:43,628 - INFO - Received ACK for seq_num 1400
2024-10-30 15:41:43,628 - INFO - Received duplicate ACK for seq_num 1400
2024-10-30 15:41:43,629 - INFO - Received ACK for seq_num 1400
2024-10-30 15:41:43,629 - INFO - Received duplicate ACK for seq_num 1400
2024-10-30 15:41:43,629 - INFO - Received ACK for seq_num 1400
2024-10-30 15:41:43,629 - INFO - Received duplicate ACK for seq_num 1400
2024-10-30 15:41:43,630 - INFO - Received ACK for seq_num 1400
2024-10-30 15:41:43,630 - INFO - Received duplicate ACK for seq_num 1400
2024-10-30 15:41:43,631 - INFO - Received ACK for seq_num 1400
2024-10-30 15:41:43,631 - INFO - Received duplicate ACK for seq_num 1400
2024-10-30 15:41:43,631 - INFO - Received ACK for seq_num 1400
2024-10-30 15:41:43,631 - INFO - Received duplicate ACK for seq_num 1400
2024-10-30 15:41:43,631 - INFO - Received ACK for seq_num 1400
2024-10-30 15:41:43,631 - INFO - Received duplicate ACK for seq_num 1400
2024-10-30 15:41:43,632 - INFO - Received ACK for seq_num 1400
2024-10-30 15:41:43,632 - INFO - Received duplicate ACK for seq_num 1400
2024-10-30 15:41:43,633 - INFO - Received ACK for seq_num 1400
2024-10-30 15:41:43,633 - INFO - Received duplicate ACK for seq_num 1400
2024-10-30 15:41:43,633 - INFO - Received ACK for seq_num 1400
2024-10-30 15:41:43,633 - INFO - Received duplicate ACK for seq_num 1400
2024-10-30 15:41:43,634 - INFO - Received ACK for seq_num 1400
2024-10-30 15:41:43,634 - INFO - Received duplicate ACK for seq_num 1400
2024-10-30 15:41:43,635 - INFO - Received ACK for seq_num 1400
2024-10-30 15:41:43,635 - INFO - Received duplicate ACK for seq_num 1400
2024-10-30 15:41:43,635 - INFO - Received ACK for seq_num 1400
2024-10-30 15:41:43,635 - INFO - Received duplicate ACK for seq_num 1400
2024-10-30 15:41:43,635 - INFO - Received ACK for seq_num 1400
2024-10-30 15:41:43,636 - INFO - Received duplicate ACK for seq_num 1400
2024-10-30 15:41:43,636 - INFO - Received ACK for seq_num 1400
2024-10-30 15:41:43,636 - INFO - Received duplicate ACK for seq_num 1400
2024-10-30 15:41:43,636 - INFO - Received ACK for seq_num 1400
2024-10-30 15:41:43,636 - INFO - Received duplicate ACK for seq_num 1400
2024-10-30 15:41:43,637 - INFO - Received ACK for seq_num 1400
2024-10-30 15:41:43,637 - INFO - Received duplicate ACK for seq_num 1400
2024-10-30 15:41:43,637 - INFO - Received ACK for seq_num 1400
2024-10-30 15:41:43,637 - INFO - Received duplicate ACK for seq_num 1400
2024-10-30 15:41:43,638 - INFO - Received ACK for seq_num 1400
2024-10-30 15:41:43,638 - INFO - Received duplicate ACK for seq_num 1400
2024-10-30 15:41:43,638 - INFO - Received ACK for seq_num 1400
2024-10-30 15:41:43,638 - INFO - Received duplicate ACK for seq_num 1400
2024-10-30 15:41:43,638 - INFO - Received ACK for seq_num 1400
2024-10-30 15:41:43,638 - INFO - Received duplicate ACK for seq_num 1400
2024-10-30 15:41:43,639 - INFO - Received ACK for seq_num 1400
2024-10-30 15:41:43,639 - INFO - Received duplicate ACK for seq_num 1400
2024-10-30 15:41:43,639 - INFO - Received ACK for seq_num 1400
2024-10-30 15:41:43,639 - INFO - Received duplicate ACK for seq_num 1400
2024-10-30 15:41:43,639 - INFO - Received ACK for seq_num 1400
2024-10-30 15:41:43,639 - INFO - Received duplicate ACK for seq_num 1400
2024-10-30 15:41:43,640 - INFO - Received ACK for seq_num 1400
2024-10-30 15:41:43,640 - INFO - Received duplicate ACK for seq_num 1400
2024-10-30 15:41:43,640 - INFO - Received ACK for seq_num 1400
2024-10-30 15:41:43,640 - INFO - Received duplicate ACK for seq_num 1400
2024-10-30 15:41:43,640 - INFO - Received ACK for seq_num 1400
2024-10-30 15:41:43,640 - INFO - Received duplicate ACK for seq_num 1400
2024-10-30 15:41:43,641 - INFO - Received ACK for seq_num 1400
2024-10-30 15:41:43,641 - INFO - Received duplicate ACK for seq_num 1400
2024-10-30 15:41:43,641 - INFO - Received ACK for seq_num 1400
2024-10-30 15:41:43,641 - INFO - Received duplicate ACK for seq_num 1400
2024-10-30 15:41:43,641 - INFO - Received ACK for seq_num 1400
2024-10-30 15:41:43,641 - INFO - Received duplicate ACK for seq_num 1400
2024-10-30 15:41:43,642 - INFO - Received ACK for seq_num 1400
2024-10-30 15:41:43,642 - INFO - Received duplicate ACK for seq_num 1400
2024-10-30 15:41:43,642 - INFO - Received ACK for seq_num 1400
2024-10-30 15:41:43,642 - INFO - Received duplicate ACK for seq_num 1400
2024-10-30 15:41:43,642 - INFO - Received ACK for seq_num 1400
2024-10-30 15:41:43,642 - INFO - Received duplicate ACK for seq_num 1400
2024-10-30 15:41:43,643 - INFO - Received ACK for seq_num 1400
2024-10-30 15:41:43,643 - INFO - Received duplicate ACK for seq_num 1400
2024-10-30 15:41:43,643 - INFO - Received ACK for seq_num 1400
2024-10-30 15:41:43,643 - INFO - Received duplicate ACK for seq_num 1400
2024-10-30 15:41:43,643 - INFO - Received ACK for seq_num 1400
2024-10-30 15:41:43,643 - INFO - Received duplicate ACK for seq_num 1400
2024-10-30 15:41:43,644 - INFO - Received ACK for seq_num 1400
2024-10-30 15:41:43,644 - INFO - Received duplicate ACK for seq_num 1400
2024-10-30 15:41:43,644 - INFO - Received ACK for seq_num 1400
2024-10-30 15:41:43,644 - INFO - Received duplicate ACK for seq_num 1400
2024-10-30 15:41:43,644 - INFO - Received ACK for seq_num 1400
2024-10-30 15:41:43,644 - INFO - Received duplicate ACK for seq_num 1400
2024-10-30 15:41:43,645 - INFO - Received ACK for seq_num 1400
2024-10-30 15:41:43,645 - INFO - Received duplicate ACK for seq_num 1400
2024-10-30 15:41:43,645 - INFO - Received ACK for seq_num 1400
2024-10-30 15:41:43,645 - INFO - Received duplicate ACK for seq_num 1400
2024-10-30 15:41:43,645 - INFO - Received ACK for seq_num 1400
2024-10-30 15:41:43,645 - INFO - Received duplicate ACK for seq_num 1400
2024-10-30 15:41:43,646 - INFO - Received ACK for seq_num 1400
2024-10-30 15:41:43,646 - INFO - Received duplicate ACK for seq_num 1400
2024-10-30 15:41:43,646 - INFO - Received ACK for seq_num 1400
2024-10-30 15:41:43,646 - INFO - Received duplicate ACK for seq_num 1400
2024-10-30 15:41:43,646 - INFO - Received ACK for seq_num 1400
2024-10-30 15:41:43,646 - INFO - Received duplicate ACK for seq_num 1400
2024-10-30 15:41:43,647 - INFO - Received ACK for seq_num 1400
2024-10-30 15:41:43,647 - INFO - Received duplicate ACK for seq_num 1400
2024-10-30 15:41:43,647 - INFO - Received ACK for seq_num 1400
2024-10-30 15:41:43,647 - INFO - Received duplicate ACK for seq_num 1400
2024-10-30 15:41:43,647 - INFO - Received ACK for seq_num 1400
2024-10-30 15:41:43,648 - INFO - Received duplicate ACK for seq_num 1400
2024-10-30 15:41:43,648 - INFO - Received ACK for seq_num 1400
2024-10-30 15:41:43,648 - INFO - Received duplicate ACK for seq_num 1400
2024-10-30 15:41:43,648 - INFO - Received ACK for seq_num 1400
2024-10-30 15:41:43,648 - INFO - Received duplicate ACK for seq_num 1400
2024-10-30 15:41:43,648 - INFO - Received ACK for seq_num 1400
2024-10-30 15:41:43,648 - INFO - Received duplicate ACK for seq_num 1400
2024-10-30 15:41:43,648 - INFO - Received ACK for seq_num 1400
2024-10-30 15:41:43,649 - INFO - Received duplicate ACK for seq_num 1400
2024-10-30 15:41:43,649 - INFO - Received ACK for seq_num 1400
2024-10-30 15:41:43,649 - INFO - Received duplicate ACK for seq_num 1400
2024-10-30 15:41:43,649 - INFO - Received ACK for seq_num 1400
2024-10-30 15:41:43,649 - INFO - Received duplicate ACK for seq_num 1400
2024-10-30 15:41:43,649 - INFO - Received ACK for seq_num 1400
2024-10-30 15:41:43,649 - INFO - Received duplicate ACK for seq_num 1400
2024-10-30 15:41:43,650 - INFO - Received ACK for seq_num 1400
2024-10-30 15:41:43,650 - INFO - Received duplicate ACK for seq_num 1400
2024-10-30 15:41:43,650 - INFO - Received ACK for seq_num 1400
2024-10-30 15:41:43,650 - INFO - Received duplicate ACK for seq_num 1400
2024-10-30 15:41:43,650 - INFO - Received ACK for seq_num 1400
2024-10-30 15:41:43,650 - INFO - Received duplicate ACK for seq_num 1400
2024-10-30 15:41:43,650 - INFO - Received ACK for seq_num 1400
2024-10-30 15:41:43,650 - INFO - Received duplicate ACK for seq_num 1400
2024-10-30 15:41:43,651 - INFO - Received ACK for seq_num 1400
2024-10-30 15:41:43,651 - INFO - Received duplicate ACK for seq_num 1400
2024-10-30 15:41:43,651 - INFO - Received ACK for seq_num 1400
2024-10-30 15:41:43,651 - INFO - Received duplicate ACK for seq_num 1400
2024-10-30 15:41:43,651 - INFO - Received ACK for seq_num 1400
2024-10-30 15:41:43,651 - INFO - Received duplicate ACK for seq_num 1400
2024-10-30 15:41:43,652 - INFO - Received ACK for seq_num 1400
2024-10-30 15:41:43,652 - INFO - Received duplicate ACK for seq_num 1400
2024-10-30 15:41:43,652 - INFO - Received ACK for seq_num 1400
2024-10-30 15:41:43,652 - INFO - Received duplicate ACK for seq_num 1400
2024-10-30 15:41:44,558 - WARNING - Timeout occurred for seq_num 2800
2024-10-30 15:41:44,559 - INFO - Resent packet with seq_num 2800 (retransmission count: 1)
2024-10-30 15:41:44,559 - WARNING - Timeout occurred for seq_num 4200
2024-10-30 15:41:44,559 - INFO - Resent packet with seq_num 4200 (retransmission count: 1)
2024-10-30 15:41:44,559 - WARNING - Timeout occurred for seq_num 5600
2024-10-30 15:41:44,559 - INFO - Resent packet with seq_num 5600 (retransmission count: 1)
2024-10-30 15:41:44,561 - WARNING - Timeout occurred for seq_num 7000
2024-10-30 15:41:44,561 - INFO - Resent packet with seq_num 7000 (retransmission count: 1)
2024-10-30 15:41:44,561 - WARNING - Timeout occurred for seq_num 8400
2024-10-30 15:41:44,561 - INFO - Resent packet with seq_num 8400 (retransmission count: 1)
2024-10-30 15:41:44,562 - WARNING - Timeout occurred for seq_num 9800
2024-10-30 15:41:44,562 - INFO - Resent packet with seq_num 9800 (retransmission count: 1)
2024-10-30 15:41:44,562 - WARNING - Timeout occurred for seq_num 11200
2024-10-30 15:41:44,562 - INFO - Resent packet with seq_num 11200 (retransmission count: 1)
2024-10-30 15:41:44,562 - WARNING - Timeout occurred for seq_num 12600
2024-10-30 15:41:44,562 - INFO - Resent packet with seq_num 12600 (retransmission count: 1)
2024-10-30 15:41:44,564 - WARNING - Timeout occurred for seq_num 14000
2024-10-30 15:41:44,564 - INFO - Resent packet with seq_num 14000 (retransmission count: 1)
2024-10-30 15:41:44,564 - WARNING - Timeout occurred for seq_num 15400
2024-10-30 15:41:44,564 - INFO - Resent packet with seq_num 15400 (retransmission count: 1)
2024-10-30 15:41:44,564 - WARNING - Timeout occurred for seq_num 16800
2024-10-30 15:41:44,564 - INFO - Resent packet with seq_num 16800 (retransmission count: 1)
2024-10-30 15:41:44,564 - WARNING - Timeout occurred for seq_num 18200
2024-10-30 15:41:44,565 - INFO - Resent packet with seq_num 18200 (retransmission count: 1)
2024-10-30 15:41:44,565 - WARNING - Timeout occurred for seq_num 19600
2024-10-30 15:41:44,565 - INFO - Resent packet with seq_num 19600 (retransmission count: 1)
2024-10-30 15:41:44,565 - WARNING - Timeout occurred for seq_num 21000
2024-10-30 15:41:44,565 - INFO - Resent packet with seq_num 21000 (retransmission count: 1)
2024-10-30 15:41:44,566 - WARNING - Timeout occurred for seq_num 22400
2024-10-30 15:41:44,567 - INFO - Resent packet with seq_num 22400 (retransmission count: 1)
2024-10-30 15:41:44,567 - WARNING - Timeout occurred for seq_num 23800
2024-10-30 15:41:44,567 - INFO - Resent packet with seq_num 23800 (retransmission count: 1)
2024-10-30 15:41:44,567 - WARNING - Timeout occurred for seq_num 25200
2024-10-30 15:41:44,567 - INFO - Resent packet with seq_num 25200 (retransmission count: 1)
2024-10-30 15:41:44,567 - WARNING - Timeout occurred for seq_num 26600
2024-10-30 15:41:44,568 - INFO - Resent packet with seq_num 26600 (retransmission count: 1)
2024-10-30 15:41:44,568 - WARNING - Timeout occurred for seq_num 28000
2024-10-30 15:41:44,568 - INFO - Resent packet with seq_num 28000 (retransmission count: 1)
2024-10-30 15:41:44,568 - WARNING - Timeout occurred for seq_num 29400
2024-10-30 15:41:44,568 - INFO - Resent packet with seq_num 29400 (retransmission count: 1)
2024-10-30 15:41:44,569 - WARNING - Timeout occurred for seq_num 30800
2024-10-30 15:41:44,570 - INFO - Resent packet with seq_num 30800 (retransmission count: 1)
2024-10-30 15:41:44,570 - WARNING - Timeout occurred for seq_num 32200
2024-10-30 15:41:44,570 - INFO - Resent packet with seq_num 32200 (retransmission count: 1)
2024-10-30 15:41:44,570 - WARNING - Timeout occurred for seq_num 33600
2024-10-30 15:41:44,570 - INFO - Resent packet with seq_num 33600 (retransmission count: 1)
2024-10-30 15:41:44,570 - WARNING - Timeout occurred for seq_num 35000
2024-10-30 15:41:44,570 - INFO - Resent packet with seq_num 35000 (retransmission count: 1)
2024-10-30 15:41:44,570 - WARNING - Timeout occurred for seq_num 36400
2024-10-30 15:41:44,571 - INFO - Resent packet with seq_num 36400 (retransmission count: 1)
2024-10-30 15:41:44,572 - WARNING - Timeout occurred for seq_num 37800
2024-10-30 15:41:44,572 - INFO - Resent packet with seq_num 37800 (retransmission count: 1)
2024-10-30 15:41:44,572 - WARNING - Timeout occurred for seq_num 39200
2024-10-30 15:41:44,573 - INFO - Resent packet with seq_num 39200 (retransmission count: 1)
2024-10-30 15:41:44,573 - WARNING - Timeout occurred for seq_num 40600
2024-10-30 15:41:44,573 - INFO - Resent packet with seq_num 40600 (retransmission count: 1)
2024-10-30 15:41:44,573 - WARNING - Timeout occurred for seq_num 42000
2024-10-30 15:41:44,573 - INFO - Resent packet with seq_num 42000 (retransmission count: 1)
2024-10-30 15:41:44,573 - WARNING - Timeout occurred for seq_num 43400
2024-10-30 15:41:44,573 - INFO - Resent packet with seq_num 43400 (retransmission count: 1)
2024-10-30 15:41:44,575 - WARNING - Timeout occurred for seq_num 44800
2024-10-30 15:41:44,575 - INFO - Resent packet with seq_num 44800 (retransmission count: 1)
2024-10-30 15:41:44,575 - WARNING - Timeout occurred for seq_num 46200
2024-10-30 15:41:44,575 - INFO - Resent packet with seq_num 46200 (retransmission count: 1)
2024-10-30 15:41:44,575 - WARNING - Timeout occurred for seq_num 47600
2024-10-30 15:41:44,576 - INFO - Resent packet with seq_num 47600 (retransmission count: 1)
2024-10-30 15:41:44,576 - WARNING - Timeout occurred for seq_num 49000
2024-10-30 15:41:44,576 - INFO - Resent packet with seq_num 49000 (retransmission count: 1)
2024-10-30 15:41:44,576 - WARNING - Timeout occurred for seq_num 50400
2024-10-30 15:41:44,576 - INFO - Resent packet with seq_num 50400 (retransmission count: 1)
2024-10-30 15:41:44,576 - WARNING - Timeout occurred for seq_num 51800
2024-10-30 15:41:44,576 - INFO - Resent packet with seq_num 51800 (retransmission count: 1)
2024-10-30 15:41:44,576 - WARNING - Timeout occurred for seq_num 53200
2024-10-30 15:41:44,577 - INFO - Resent packet with seq_num 53200 (retransmission count: 1)
2024-10-30 15:41:44,577 - WARNING - Timeout occurred for seq_num 54600
2024-10-30 15:41:44,577 - INFO - Resent packet with seq_num 54600 (retransmission count: 1)
2024-10-30 15:41:44,577 - WARNING - Timeout occurred for seq_num 56000
2024-10-30 15:41:44,577 - INFO - Resent packet with seq_num 56000 (retransmission count: 1)
2024-10-30 15:41:44,577 - WARNING - Timeout occurred for seq_num 57400
2024-10-30 15:41:44,577 - INFO - Resent packet with seq_num 57400 (retransmission count: 1)
2024-10-30 15:41:44,577 - WARNING - Timeout occurred for seq_num 58800
2024-10-30 15:41:44,578 - INFO - Resent packet with seq_num 58800 (retransmission count: 1)
2024-10-30 15:41:44,578 - WARNING - Timeout occurred for seq_num 60200
2024-10-30 15:41:44,578 - INFO - Resent packet with seq_num 60200 (retransmission count: 1)
2024-10-30 15:41:44,578 - WARNING - Timeout occurred for seq_num 61600
2024-10-30 15:41:44,578 - INFO - Resent packet with seq_num 61600 (retransmission count: 1)
2024-10-30 15:41:44,578 - WARNING - Timeout occurred for seq_num 63000
2024-10-30 15:41:44,578 - INFO - Resent packet with seq_num 63000 (retransmission count: 1)
2024-10-30 15:41:44,578 - WARNING - Timeout occurred for seq_num 64400
2024-10-30 15:41:44,579 - INFO - Resent packet with seq_num 64400 (retransmission count: 1)
2024-10-30 15:41:44,579 - WARNING - Timeout occurred for seq_num 65800
2024-10-30 15:41:44,579 - INFO - Resent packet with seq_num 65800 (retransmission count: 1)
2024-10-30 15:41:44,579 - WARNING - Timeout occurred for seq_num 67200
2024-10-30 15:41:44,579 - INFO - Resent packet with seq_num 67200 (retransmission count: 1)
2024-10-30 15:41:44,579 - WARNING - Timeout occurred for seq_num 68600
2024-10-30 15:41:44,580 - INFO - Resent packet with seq_num 68600 (retransmission count: 1)
2024-10-30 15:41:44,580 - WARNING - Timeout occurred for seq_num 70000
2024-10-30 15:41:44,580 - INFO - Resent packet with seq_num 70000 (retransmission count: 1)
2024-10-30 15:41:44,580 - WARNING - Timeout occurred for seq_num 71400
2024-10-30 15:41:44,580 - INFO - Resent packet with seq_num 71400 (retransmission count: 1)
2024-10-30 15:41:44,580 - WARNING - Timeout occurred for seq_num 72800
2024-10-30 15:41:44,580 - INFO - Resent packet with seq_num 72800 (retransmission count: 1)
2024-10-30 15:41:44,581 - WARNING - Timeout occurred for seq_num 74200
2024-10-30 15:41:44,581 - INFO - Resent packet with seq_num 74200 (retransmission count: 1)
2024-10-30 15:41:44,581 - WARNING - Timeout occurred for seq_num 75600
2024-10-30 15:41:44,581 - INFO - Resent packet with seq_num 75600 (retransmission count: 1)
2024-10-30 15:41:44,581 - WARNING - Timeout occurred for seq_num 77000
2024-10-30 15:41:44,581 - INFO - Resent packet with seq_num 77000 (retransmission count: 1)
2024-10-30 15:41:44,582 - WARNING - Timeout occurred for seq_num 78400
2024-10-30 15:41:44,582 - INFO - Resent packet with seq_num 78400 (retransmission count: 1)
2024-10-30 15:41:44,582 - WARNING - Timeout occurred for seq_num 79800
2024-10-30 15:41:44,582 - INFO - Resent packet with seq_num 79800 (retransmission count: 1)
2024-10-30 15:41:44,582 - WARNING - Timeout occurred for seq_num 81200
2024-10-30 15:41:44,582 - INFO - Resent packet with seq_num 81200 (retransmission count: 1)
2024-10-30 15:41:44,583 - WARNING - Timeout occurred for seq_num 82600
2024-10-30 15:41:44,583 - INFO - Resent packet with seq_num 82600 (retransmission count: 1)
2024-10-30 15:41:44,583 - WARNING - Timeout occurred for seq_num 84000
2024-10-30 15:41:44,583 - INFO - Resent packet with seq_num 84000 (retransmission count: 1)
2024-10-30 15:41:44,583 - WARNING - Timeout occurred for seq_num 85400
2024-10-30 15:41:44,583 - INFO - Resent packet with seq_num 85400 (retransmission count: 1)
2024-10-30 15:41:44,583 - WARNING - Timeout occurred for seq_num 86800
2024-10-30 15:41:44,583 - INFO - Resent packet with seq_num 86800 (retransmission count: 1)
2024-10-30 15:41:44,584 - WARNING - Timeout occurred for seq_num 88200
2024-10-30 15:41:44,584 - INFO - Resent packet with seq_num 88200 (retransmission count: 1)
2024-10-30 15:41:44,584 - WARNING - Timeout occurred for seq_num 89600
2024-10-30 15:41:44,584 - INFO - Resent packet with seq_num 89600 (retransmission count: 1)
2024-10-30 15:41:44,584 - WARNING - Timeout occurred for seq_num 91000
2024-10-30 15:41:44,585 - INFO - Resent packet with seq_num 91000 (retransmission count: 1)
2024-10-30 15:41:44,585 - WARNING - Timeout occurred for seq_num 92400
2024-10-30 15:41:44,585 - INFO - Resent packet with seq_num 92400 (retransmission count: 1)
2024-10-30 15:41:44,585 - WARNING - Timeout occurred for seq_num 93800
2024-10-30 15:41:44,585 - INFO - Resent packet with seq_num 93800 (retransmission count: 1)
2024-10-30 15:41:44,585 - WARNING - Timeout occurred for seq_num 95200
2024-10-30 15:41:44,586 - INFO - Resent packet with seq_num 95200 (retransmission count: 1)
2024-10-30 15:41:44,586 - WARNING - Timeout occurred for seq_num 96600
2024-10-30 15:41:44,586 - INFO - Resent packet with seq_num 96600 (retransmission count: 1)
2024-10-30 15:41:44,586 - WARNING - Timeout occurred for seq_num 98000
2024-10-30 15:41:44,586 - INFO - Resent packet with seq_num 98000 (retransmission count: 1)
2024-10-30 15:41:44,586 - WARNING - Timeout occurred for seq_num 99400
2024-10-30 15:41:44,586 - INFO - Resent packet with seq_num 99400 (retransmission count: 1)
2024-10-30 15:41:44,586 - WARNING - Timeout occurred for seq_num 100800
2024-10-30 15:41:44,587 - INFO - Resent packet with seq_num 100800 (retransmission count: 1)
2024-10-30 15:41:44,587 - WARNING - Timeout occurred for seq_num 102200
2024-10-30 15:41:44,587 - INFO - Resent packet with seq_num 102200 (retransmission count: 1)
2024-10-30 15:41:44,587 - WARNING - Timeout occurred for seq_num 103600
2024-10-30 15:41:44,587 - INFO - Resent packet with seq_num 103600 (retransmission count: 1)
2024-10-30 15:41:44,588 - WARNING - Timeout occurred for seq_num 105000
2024-10-30 15:41:44,588 - INFO - Resent packet with seq_num 105000 (retransmission count: 1)
2024-10-30 15:41:44,588 - WARNING - Timeout occurred for seq_num 106400
2024-10-30 15:41:44,588 - INFO - Resent packet with seq_num 106400 (retransmission count: 1)
2024-10-30 15:41:44,588 - WARNING - Timeout occurred for seq_num 107800
2024-10-30 15:41:44,589 - INFO - Resent packet with seq_num 107800 (retransmission count: 1)
2024-10-30 15:41:44,589 - WARNING - Timeout occurred for seq_num 109200
2024-10-30 15:41:44,589 - INFO - Resent packet with seq_num 109200 (retransmission count: 1)
2024-10-30 15:41:44,589 - WARNING - Timeout occurred for seq_num 110600
2024-10-30 15:41:44,589 - INFO - Resent packet with seq_num 110600 (retransmission count: 1)
2024-10-30 15:41:44,589 - WARNING - Timeout occurred for seq_num 112000
2024-10-30 15:41:44,589 - INFO - Resent packet with seq_num 112000 (retransmission count: 1)
2024-10-30 15:41:44,590 - WARNING - Timeout occurred for seq_num 113400
2024-10-30 15:41:44,590 - INFO - Resent packet with seq_num 113400 (retransmission count: 1)
2024-10-30 15:41:44,590 - WARNING - Timeout occurred for seq_num 114800
2024-10-30 15:41:44,590 - INFO - Resent packet with seq_num 114800 (retransmission count: 1)
2024-10-30 15:41:44,590 - WARNING - Timeout occurred for seq_num 116200
2024-10-30 15:41:44,591 - INFO - Resent packet with seq_num 116200 (retransmission count: 1)
2024-10-30 15:41:44,591 - WARNING - Timeout occurred for seq_num 117600
2024-10-30 15:41:44,591 - INFO - Resent packet with seq_num 117600 (retransmission count: 1)
2024-10-30 15:41:44,591 - WARNING - Timeout occurred for seq_num 119000
2024-10-30 15:41:44,591 - INFO - Resent packet with seq_num 119000 (retransmission count: 1)
2024-10-30 15:41:44,591 - WARNING - Timeout occurred for seq_num 120400
2024-10-30 15:41:44,591 - INFO - Resent packet with seq_num 120400 (retransmission count: 1)
2024-10-30 15:41:44,591 - WARNING - Timeout occurred for seq_num 121800
2024-10-30 15:41:44,592 - INFO - Resent packet with seq_num 121800 (retransmission count: 1)
2024-10-30 15:41:44,592 - WARNING - Timeout occurred for seq_num 123200
2024-10-30 15:41:44,592 - INFO - Resent packet with seq_num 123200 (retransmission count: 1)
2024-10-30 15:41:44,592 - WARNING - Timeout occurred for seq_num 124600
2024-10-30 15:41:44,592 - INFO - Resent packet with seq_num 124600 (retransmission count: 1)
2024-10-30 15:41:44,592 - WARNING - Timeout occurred for seq_num 126000
2024-10-30 15:41:44,592 - INFO - Resent packet with seq_num 126000 (retransmission count: 1)
2024-10-30 15:41:44,593 - WARNING - Timeout occurred for seq_num 127400
2024-10-30 15:41:44,593 - INFO - Resent packet with seq_num 127400 (retransmission count: 1)
2024-10-30 15:41:44,593 - WARNING - Timeout occurred for seq_num 128800
2024-10-30 15:41:44,593 - INFO - Resent packet with seq_num 128800 (retransmission count: 1)
2024-10-30 15:41:44,594 - WARNING - Timeout occurred for seq_num 130200
2024-10-30 15:41:44,594 - INFO - Resent packet with seq_num 130200 (retransmission count: 1)
2024-10-30 15:41:44,594 - WARNING - Timeout occurred for seq_num 131600
2024-10-30 15:41:44,594 - INFO - Resent packet with seq_num 131600 (retransmission count: 1)
2024-10-30 15:41:44,594 - WARNING - Timeout occurred for seq_num 133000
2024-10-30 15:41:44,594 - INFO - Resent packet with seq_num 133000 (retransmission count: 1)
2024-10-30 15:41:44,594 - WARNING - Timeout occurred for seq_num 134400
2024-10-30 15:41:44,594 - INFO - Resent packet with seq_num 134400 (retransmission count: 1)
2024-10-30 15:41:44,595 - WARNING - Timeout occurred for seq_num 135800
2024-10-30 15:41:44,595 - INFO - Resent packet with seq_num 135800 (retransmission count: 1)
2024-10-30 15:41:44,595 - WARNING - Timeout occurred for seq_num 137200
2024-10-30 15:41:44,595 - INFO - Resent packet with seq_num 137200 (retransmission count: 1)
2024-10-30 15:41:44,595 - WARNING - Timeout occurred for seq_num 138600
2024-10-30 15:41:44,596 - INFO - Resent packet with seq_num 138600 (retransmission count: 1)
2024-10-30 15:41:44,596 - WARNING - Timeout occurred for seq_num 140000
2024-10-30 15:41:44,596 - INFO - Resent packet with seq_num 140000 (retransmission count: 1)
2024-10-30 15:41:44,596 - WARNING - Timeout occurred for seq_num 141400
2024-10-30 15:41:44,596 - INFO - Resent packet with seq_num 141400 (retransmission count: 1)
2024-10-30 15:41:44,596 - WARNING - Timeout occurred for seq_num 142800
2024-10-30 15:41:44,597 - INFO - Resent packet with seq_num 142800 (retransmission count: 1)
2024-10-30 15:41:44,597 - WARNING - Timeout occurred for seq_num 144200
2024-10-30 15:41:44,597 - INFO - Resent packet with seq_num 144200 (retransmission count: 1)
2024-10-30 15:41:44,597 - WARNING - Timeout occurred for seq_num 145600
2024-10-30 15:41:44,598 - INFO - Resent packet with seq_num 145600 (retransmission count: 1)
2024-10-30 15:41:44,598 - WARNING - Timeout occurred for seq_num 147000
2024-10-30 15:41:44,598 - INFO - Resent packet with seq_num 147000 (retransmission count: 1)
2024-10-30 15:41:44,598 - WARNING - Timeout occurred for seq_num 148400
2024-10-30 15:41:44,599 - INFO - Resent packet with seq_num 148400 (retransmission count: 1)
2024-10-30 15:41:44,599 - WARNING - Timeout occurred for seq_num 149800
2024-10-30 15:41:44,599 - INFO - Resent packet with seq_num 149800 (retransmission count: 1)
2024-10-30 15:41:44,599 - WARNING - Timeout occurred for seq_num 151200
2024-10-30 15:41:44,599 - INFO - Resent packet with seq_num 151200 (retransmission count: 1)
2024-10-30 15:41:44,599 - WARNING - Timeout occurred for seq_num 152600
2024-10-30 15:41:44,600 - INFO - Resent packet with seq_num 152600 (retransmission count: 1)
2024-10-30 15:41:44,600 - WARNING - Timeout occurred for seq_num 154000
2024-10-30 15:41:44,600 - INFO - Resent packet with seq_num 154000 (retransmission count: 1)
2024-10-30 15:41:44,600 - WARNING - Timeout occurred for seq_num 155400
2024-10-30 15:41:44,600 - INFO - Resent packet with seq_num 155400 (retransmission count: 1)
2024-10-30 15:41:44,601 - WARNING - Timeout occurred for seq_num 156800
2024-10-30 15:41:44,601 - INFO - Resent packet with seq_num 156800 (retransmission count: 1)
2024-10-30 15:41:44,601 - WARNING - Timeout occurred for seq_num 158200
2024-10-30 15:41:44,601 - INFO - Resent packet with seq_num 158200 (retransmission count: 1)
2024-10-30 15:41:44,602 - WARNING - Timeout occurred for seq_num 159600
2024-10-30 15:41:44,602 - INFO - Resent packet with seq_num 159600 (retransmission count: 1)
2024-10-30 15:41:44,602 - WARNING - Timeout occurred for seq_num 161000
2024-10-30 15:41:44,602 - INFO - Resent packet with seq_num 161000 (retransmission count: 1)
2024-10-30 15:41:44,602 - WARNING - Timeout occurred for seq_num 162400
2024-10-30 15:41:44,602 - INFO - Resent packet with seq_num 162400 (retransmission count: 1)
2024-10-30 15:41:44,603 - WARNING - Timeout occurred for seq_num 163800
2024-10-30 15:41:44,603 - INFO - Resent packet with seq_num 163800 (retransmission count: 1)
2024-10-30 15:41:44,603 - WARNING - Timeout occurred for seq_num 165200
2024-10-30 15:41:44,603 - INFO - Resent packet with seq_num 165200 (retransmission count: 1)
2024-10-30 15:41:44,604 - WARNING - Timeout occurred for seq_num 166600
2024-10-30 15:41:44,604 - INFO - Resent packet with seq_num 166600 (retransmission count: 1)
2024-10-30 15:41:44,604 - WARNING - Timeout occurred for seq_num 168000
2024-10-30 15:41:44,604 - INFO - Resent packet with seq_num 168000 (retransmission count: 1)
2024-10-30 15:41:44,604 - WARNING - Timeout occurred for seq_num 169400
2024-10-30 15:41:44,605 - INFO - Resent packet with seq_num 169400 (retransmission count: 1)
2024-10-30 15:41:44,605 - WARNING - Timeout occurred for seq_num 170800
2024-10-30 15:41:44,605 - INFO - Resent packet with seq_num 170800 (retransmission count: 1)
2024-10-30 15:41:44,605 - WARNING - Timeout occurred for seq_num 172200
2024-10-30 15:41:44,605 - INFO - Resent packet with seq_num 172200 (retransmission count: 1)
2024-10-30 15:41:44,606 - WARNING - Timeout occurred for seq_num 173600
2024-10-30 15:41:44,606 - INFO - Resent packet with seq_num 173600 (retransmission count: 1)
2024-10-30 15:41:44,606 - WARNING - Timeout occurred for seq_num 175000
2024-10-30 15:41:44,606 - INFO - Resent packet with seq_num 175000 (retransmission count: 1)
2024-10-30 15:41:44,606 - WARNING - Timeout occurred for seq_num 176400
2024-10-30 15:41:44,606 - INFO - Resent packet with seq_num 176400 (retransmission count: 1)
2024-10-30 15:41:44,607 - WARNING - Timeout occurred for seq_num 177800
2024-10-30 15:41:44,607 - INFO - Resent packet with seq_num 177800 (retransmission count: 1)
2024-10-30 15:41:44,607 - WARNING - Timeout occurred for seq_num 179200
2024-10-30 15:41:44,607 - INFO - Resent packet with seq_num 179200 (retransmission count: 1)
2024-10-30 15:41:44,608 - WARNING - Timeout occurred for seq_num 180600
2024-10-30 15:41:44,608 - INFO - Resent packet with seq_num 180600 (retransmission count: 1)
2024-10-30 15:41:44,608 - WARNING - Timeout occurred for seq_num 182000
2024-10-30 15:41:44,608 - INFO - Resent packet with seq_num 182000 (retransmission count: 1)
2024-10-30 15:41:44,608 - INFO - Received ACK for seq_num 9800
2024-10-30 15:41:44,608 - INFO - Received new ACK for seq_num 9800
2024-10-30 15:41:44,609 - INFO - Removed packet with seq_num 2800 from packet_map
2024-10-30 15:41:44,609 - INFO - Removed packet with seq_num 4200 from packet_map
2024-10-30 15:41:44,609 - INFO - Removed packet with seq_num 5600 from packet_map
2024-10-30 15:41:44,609 - INFO - Removed packet with seq_num 7000 from packet_map
2024-10-30 15:41:44,609 - INFO - Removed packet with seq_num 8400 from packet_map
2024-10-30 15:41:44,609 - INFO - Removed packet with seq_num 9800 from packet_map
2024-10-30 15:41:44,610 - INFO - Received ACK for seq_num 9800
2024-10-30 15:41:44,610 - INFO - Received duplicate ACK for seq_num 9800
2024-10-30 15:41:44,610 - INFO - Received ACK for seq_num 9800
2024-10-30 15:41:44,610 - INFO - Received duplicate ACK for seq_num 9800
2024-10-30 15:41:44,611 - INFO - Received ACK for seq_num 9800
2024-10-30 15:41:44,611 - INFO - Received duplicate ACK for seq_num 9800
2024-10-30 15:41:44,611 - INFO - Received ACK for seq_num 12600
2024-10-30 15:41:44,611 - INFO - Received new ACK for seq_num 12600
2024-10-30 15:41:44,611 - INFO - Removed packet with seq_num 11200 from packet_map
2024-10-30 15:41:44,611 - INFO - Removed packet with seq_num 12600 from packet_map
2024-10-30 15:41:44,612 - INFO - Received ACK for seq_num 12600
2024-10-30 15:41:44,612 - INFO - Received duplicate ACK for seq_num 12600
2024-10-30 15:41:44,612 - INFO - Received ACK for seq_num 40600
2024-10-30 15:41:44,612 - INFO - Received new ACK for seq_num 40600
2024-10-30 15:41:44,613 - INFO - Removed packet with seq_num 14000 from packet_map
2024-10-30 15:41:44,613 - INFO - Removed packet with seq_num 15400 from packet_map
2024-10-30 15:41:44,613 - INFO - Removed packet with seq_num 16800 from packet_map
2024-10-30 15:41:44,613 - INFO - Removed packet with seq_num 18200 from packet_map
2024-10-30 15:41:44,613 - INFO - Removed packet with seq_num 19600 from packet_map
2024-10-30 15:41:44,613 - INFO - Removed packet with seq_num 21000 from packet_map
2024-10-30 15:41:44,613 - INFO - Removed packet with seq_num 22400 from packet_map
2024-10-30 15:41:44,613 - INFO - Removed packet with seq_num 23800 from packet_map
2024-10-30 15:41:44,613 - INFO - Removed packet with seq_num 25200 from packet_map
2024-10-30 15:41:44,613 - INFO - Removed packet with seq_num 26600 from packet_map
2024-10-30 15:41:44,614 - INFO - Removed packet with seq_num 28000 from packet_map
2024-10-30 15:41:44,614 - INFO - Removed packet with seq_num 29400 from packet_map
2024-10-30 15:41:44,614 - INFO - Removed packet with seq_num 30800 from packet_map
2024-10-30 15:41:44,614 - INFO - Removed packet with seq_num 32200 from packet_map
2024-10-30 15:41:44,614 - INFO - Removed packet with seq_num 33600 from packet_map
2024-10-30 15:41:44,614 - INFO - Removed packet with seq_num 35000 from packet_map
2024-10-30 15:41:44,614 - INFO - Removed packet with seq_num 36400 from packet_map
2024-10-30 15:41:44,614 - INFO - Removed packet with seq_num 37800 from packet_map
2024-10-30 15:41:44,614 - INFO - Removed packet with seq_num 39200 from packet_map
2024-10-30 15:41:44,615 - INFO - Removed packet with seq_num 40600 from packet_map
2024-10-30 15:41:44,615 - INFO - Received ACK for seq_num 40600
2024-10-30 15:41:44,615 - INFO - Received duplicate ACK for seq_num 40600
2024-10-30 15:41:44,615 - INFO - Received ACK for seq_num 40600
2024-10-30 15:41:44,615 - INFO - Received duplicate ACK for seq_num 40600
2024-10-30 15:41:44,615 - INFO - Received ACK for seq_num 40600
2024-10-30 15:41:44,616 - INFO - Received duplicate ACK for seq_num 40600
2024-10-30 15:41:44,616 - INFO - Received ACK for seq_num 40600
2024-10-30 15:41:44,616 - INFO - Received duplicate ACK for seq_num 40600
2024-10-30 15:41:44,616 - INFO - Received ACK for seq_num 40600
2024-10-30 15:41:44,616 - INFO - Received duplicate ACK for seq_num 40600
2024-10-30 15:41:44,617 - INFO - Received ACK for seq_num 40600
2024-10-30 15:41:44,617 - INFO - Received duplicate ACK for seq_num 40600
2024-10-30 15:41:44,617 - INFO - Received ACK for seq_num 40600
2024-10-30 15:41:44,617 - INFO - Received duplicate ACK for seq_num 40600
2024-10-30 15:41:44,617 - INFO - Received ACK for seq_num 40600
2024-10-30 15:41:44,617 - INFO - Received duplicate ACK for seq_num 40600
2024-10-30 15:41:44,618 - INFO - Received ACK for seq_num 40600
2024-10-30 15:41:44,618 - INFO - Received duplicate ACK for seq_num 40600
2024-10-30 15:41:44,618 - INFO - Received ACK for seq_num 40600
2024-10-30 15:41:44,618 - INFO - Received duplicate ACK for seq_num 40600
2024-10-30 15:41:44,618 - INFO - Received ACK for seq_num 40600
2024-10-30 15:41:44,618 - INFO - Received duplicate ACK for seq_num 40600
2024-10-30 15:41:44,619 - INFO - Received ACK for seq_num 40600
2024-10-30 15:41:44,619 - INFO - Received duplicate ACK for seq_num 40600
2024-10-30 15:41:44,619 - INFO - Received ACK for seq_num 40600
2024-10-30 15:41:44,619 - INFO - Received duplicate ACK for seq_num 40600
2024-10-30 15:41:44,619 - INFO - Received ACK for seq_num 40600
2024-10-30 15:41:44,619 - INFO - Received duplicate ACK for seq_num 40600
2024-10-30 15:41:44,620 - INFO - Received ACK for seq_num 40600
2024-10-30 15:41:44,620 - INFO - Received duplicate ACK for seq_num 40600
2024-10-30 15:41:44,620 - INFO - Received ACK for seq_num 40600
2024-10-30 15:41:44,620 - INFO - Received duplicate ACK for seq_num 40600
2024-10-30 15:41:44,620 - INFO - Received ACK for seq_num 40600
2024-10-30 15:41:44,621 - INFO - Received duplicate ACK for seq_num 40600
2024-10-30 15:41:44,621 - INFO - Received ACK for seq_num 40600
2024-10-30 15:41:44,621 - INFO - Received duplicate ACK for seq_num 40600
2024-10-30 15:41:44,621 - INFO - Received ACK for seq_num 40600
2024-10-30 15:41:44,621 - INFO - Received duplicate ACK for seq_num 40600
2024-10-30 15:41:44,621 - INFO - Received ACK for seq_num 40600
2024-10-30 15:41:44,622 - INFO - Received duplicate ACK for seq_num 40600
2024-10-30 15:41:44,622 - INFO - Received ACK for seq_num 40600
2024-10-30 15:41:44,622 - INFO - Received duplicate ACK for seq_num 40600
2024-10-30 15:41:44,622 - INFO - Received ACK for seq_num 40600
2024-10-30 15:41:44,622 - INFO - Received duplicate ACK for seq_num 40600
2024-10-30 15:41:44,622 - INFO - Received ACK for seq_num 40600
2024-10-30 15:41:44,623 - INFO - Received duplicate ACK for seq_num 40600
2024-10-30 15:41:44,623 - INFO - Received ACK for seq_num 40600
2024-10-30 15:41:44,623 - INFO - Received duplicate ACK for seq_num 40600
2024-10-30 15:41:44,623 - INFO - Received ACK for seq_num 40600
2024-10-30 15:41:44,623 - INFO - Received duplicate ACK for seq_num 40600
2024-10-30 15:41:44,623 - INFO - Received ACK for seq_num 40600
2024-10-30 15:41:44,623 - INFO - Received duplicate ACK for seq_num 40600
2024-10-30 15:41:44,624 - INFO - Received ACK for seq_num 40600
2024-10-30 15:41:44,624 - INFO - Received duplicate ACK for seq_num 40600
2024-10-30 15:41:44,624 - INFO - Received ACK for seq_num 40600
2024-10-30 15:41:44,624 - INFO - Received duplicate ACK for seq_num 40600
2024-10-30 15:41:44,624 - INFO - Received ACK for seq_num 40600
2024-10-30 15:41:44,624 - INFO - Received duplicate ACK for seq_num 40600
2024-10-30 15:41:44,625 - INFO - Received ACK for seq_num 40600
2024-10-30 15:41:44,625 - INFO - Received duplicate ACK for seq_num 40600
2024-10-30 15:41:44,625 - INFO - Received ACK for seq_num 40600
2024-10-30 15:41:44,625 - INFO - Received duplicate ACK for seq_num 40600
2024-10-30 15:41:44,625 - INFO - Received ACK for seq_num 40600
2024-10-30 15:41:44,625 - INFO - Received duplicate ACK for seq_num 40600
2024-10-30 15:41:44,626 - INFO - Received ACK for seq_num 40600
2024-10-30 15:41:44,626 - INFO - Received duplicate ACK for seq_num 40600
2024-10-30 15:41:44,626 - INFO - Received ACK for seq_num 40600
2024-10-30 15:41:44,626 - INFO - Received duplicate ACK for seq_num 40600
2024-10-30 15:41:44,626 - INFO - Received ACK for seq_num 40600
2024-10-30 15:41:44,626 - INFO - Received duplicate ACK for seq_num 40600
2024-10-30 15:41:44,627 - INFO - Received ACK for seq_num 40600
2024-10-30 15:41:44,627 - INFO - Received duplicate ACK for seq_num 40600
2024-10-30 15:41:44,627 - INFO - Received ACK for seq_num 40600
2024-10-30 15:41:44,627 - INFO - Received duplicate ACK for seq_num 40600
2024-10-30 15:41:44,627 - INFO - Received ACK for seq_num 40600
2024-10-30 15:41:44,627 - INFO - Received duplicate ACK for seq_num 40600
2024-10-30 15:41:44,628 - INFO - Received ACK for seq_num 40600
2024-10-30 15:41:44,628 - INFO - Received duplicate ACK for seq_num 40600
2024-10-30 15:41:44,628 - INFO - Received ACK for seq_num 40600
2024-10-30 15:41:44,628 - INFO - Received duplicate ACK for seq_num 40600
2024-10-30 15:41:44,628 - INFO - Received ACK for seq_num 40600
2024-10-30 15:41:44,628 - INFO - Received duplicate ACK for seq_num 40600
2024-10-30 15:41:44,628 - INFO - Received ACK for seq_num 40600
2024-10-30 15:41:44,629 - INFO - Received duplicate ACK for seq_num 40600
2024-10-30 15:41:44,629 - INFO - Received ACK for seq_num 40600
2024-10-30 15:41:44,629 - INFO - Received duplicate ACK for seq_num 40600
2024-10-30 15:41:44,629 - INFO - Received ACK for seq_num 40600
2024-10-30 15:41:44,629 - INFO - Received duplicate ACK for seq_num 40600
2024-10-30 15:41:44,629 - INFO - Received ACK for seq_num 40600
2024-10-30 15:41:44,629 - INFO - Received duplicate ACK for seq_num 40600
2024-10-30 15:41:44,629 - INFO - Received ACK for seq_num 40600
2024-10-30 15:41:44,630 - INFO - Received duplicate ACK for seq_num 40600
2024-10-30 15:41:44,630 - INFO - Received ACK for seq_num 40600
2024-10-30 15:41:44,630 - INFO - Received duplicate ACK for seq_num 40600
2024-10-30 15:41:44,630 - INFO - Received ACK for seq_num 40600
2024-10-30 15:41:44,630 - INFO - Received duplicate ACK for seq_num 40600
2024-10-30 15:41:44,631 - INFO - Received ACK for seq_num 40600
2024-10-30 15:41:44,631 - INFO - Received duplicate ACK for seq_num 40600
2024-10-30 15:41:44,631 - INFO - Received ACK for seq_num 40600
2024-10-30 15:41:44,631 - INFO - Received duplicate ACK for seq_num 40600
2024-10-30 15:41:44,632 - INFO - Received ACK for seq_num 40600
2024-10-30 15:41:44,632 - INFO - Received duplicate ACK for seq_num 40600
2024-10-30 15:41:44,632 - INFO - Received ACK for seq_num 40600
2024-10-30 15:41:44,632 - INFO - Received duplicate ACK for seq_num 40600
2024-10-30 15:41:44,633 - INFO - Received ACK for seq_num 40600
2024-10-30 15:41:44,633 - INFO - Received duplicate ACK for seq_num 40600
2024-10-30 15:41:44,634 - INFO - Received ACK for seq_num 40600
2024-10-30 15:41:44,634 - INFO - Received duplicate ACK for seq_num 40600
2024-10-30 15:41:44,634 - INFO - Received ACK for seq_num 40600
2024-10-30 15:41:44,634 - INFO - Received duplicate ACK for seq_num 40600
2024-10-30 15:41:44,635 - INFO - Received ACK for seq_num 40600
2024-10-30 15:41:44,635 - INFO - Received duplicate ACK for seq_num 40600
2024-10-30 15:41:44,635 - INFO - Received ACK for seq_num 40600
2024-10-30 15:41:44,635 - INFO - Received duplicate ACK for seq_num 40600
2024-10-30 15:41:44,636 - INFO - Received ACK for seq_num 40600
2024-10-30 15:41:44,636 - INFO - Received duplicate ACK for seq_num 40600
2024-10-30 15:41:44,637 - INFO - Received ACK for seq_num 40600
2024-10-30 15:41:44,637 - INFO - Received duplicate ACK for seq_num 40600
2024-10-30 15:41:44,637 - INFO - Received ACK for seq_num 40600
2024-10-30 15:41:44,637 - INFO - Received duplicate ACK for seq_num 40600
2024-10-30 15:41:44,638 - INFO - Received ACK for seq_num 40600
2024-10-30 15:41:44,638 - INFO - Received duplicate ACK for seq_num 40600
2024-10-30 15:41:44,638 - INFO - Received ACK for seq_num 40600
2024-10-30 15:41:44,638 - INFO - Received duplicate ACK for seq_num 40600
2024-10-30 15:41:44,639 - INFO - Received ACK for seq_num 40600
2024-10-30 15:41:44,639 - INFO - Received duplicate ACK for seq_num 40600
2024-10-30 15:41:44,639 - INFO - Received ACK for seq_num 40600
2024-10-30 15:41:44,639 - INFO - Received duplicate ACK for seq_num 40600
2024-10-30 15:41:44,640 - INFO - Received ACK for seq_num 40600
2024-10-30 15:41:44,640 - INFO - Received duplicate ACK for seq_num 40600
2024-10-30 15:41:44,640 - INFO - Received ACK for seq_num 40600
2024-10-30 15:41:44,640 - INFO - Received duplicate ACK for seq_num 40600
2024-10-30 15:41:44,641 - INFO - Received ACK for seq_num 40600
2024-10-30 15:41:44,641 - INFO - Received duplicate ACK for seq_num 40600
2024-10-30 15:41:44,641 - INFO - Received ACK for seq_num 40600
2024-10-30 15:41:44,641 - INFO - Received duplicate ACK for seq_num 40600
2024-10-30 15:41:44,642 - INFO - Received ACK for seq_num 40600
2024-10-30 15:41:44,642 - INFO - Received duplicate ACK for seq_num 40600
2024-10-30 15:41:44,642 - INFO - Received ACK for seq_num 40600
2024-10-30 15:41:44,642 - INFO - Received duplicate ACK for seq_num 40600
2024-10-30 15:41:44,643 - INFO - Received ACK for seq_num 40600
2024-10-30 15:41:44,643 - INFO - Received duplicate ACK for seq_num 40600
2024-10-30 15:41:44,643 - INFO - Received ACK for seq_num 40600
2024-10-30 15:41:44,643 - INFO - Received duplicate ACK for seq_num 40600
2024-10-30 15:41:44,644 - INFO - Received ACK for seq_num 40600
2024-10-30 15:41:44,644 - INFO - Received duplicate ACK for seq_num 40600
2024-10-30 15:41:44,645 - INFO - Received ACK for seq_num 40600
2024-10-30 15:41:44,645 - INFO - Received duplicate ACK for seq_num 40600
2024-10-30 15:41:44,645 - INFO - Received ACK for seq_num 40600
2024-10-30 15:41:44,645 - INFO - Received duplicate ACK for seq_num 40600
2024-10-30 15:41:44,646 - INFO - Received ACK for seq_num 40600
2024-10-30 15:41:44,646 - INFO - Received duplicate ACK for seq_num 40600
2024-10-30 15:41:44,646 - INFO - Received ACK for seq_num 40600
2024-10-30 15:41:44,646 - INFO - Received duplicate ACK for seq_num 40600
2024-10-30 15:41:44,647 - INFO - Received ACK for seq_num 40600
2024-10-30 15:41:44,647 - INFO - Received duplicate ACK for seq_num 40600
2024-10-30 15:41:44,647 - INFO - Received ACK for seq_num 40600
2024-10-30 15:41:44,647 - INFO - Received duplicate ACK for seq_num 40600
2024-10-30 15:41:44,648 - INFO - Received ACK for seq_num 40600
2024-10-30 15:41:44,648 - INFO - Received duplicate ACK for seq_num 40600
2024-10-30 15:41:44,648 - INFO - Received ACK for seq_num 40600
2024-10-30 15:41:44,648 - INFO - Received duplicate ACK for seq_num 40600
2024-10-30 15:41:44,649 - INFO - Received ACK for seq_num 40600
2024-10-30 15:41:44,649 - INFO - Received duplicate ACK for seq_num 40600
2024-10-30 15:41:44,649 - INFO - Received ACK for seq_num 40600
2024-10-30 15:41:44,649 - INFO - Received duplicate ACK for seq_num 40600
2024-10-30 15:41:44,650 - INFO - Received ACK for seq_num 40600
2024-10-30 15:41:44,650 - INFO - Received duplicate ACK for seq_num 40600
2024-10-30 15:41:44,650 - INFO - Received ACK for seq_num 40600
2024-10-30 15:41:44,650 - INFO - Received duplicate ACK for seq_num 40600
2024-10-30 15:41:44,651 - INFO - Received ACK for seq_num 40600
2024-10-30 15:41:44,651 - INFO - Received duplicate ACK for seq_num 40600
2024-10-30 15:41:44,651 - INFO - Received ACK for seq_num 40600
2024-10-30 15:41:44,651 - INFO - Received duplicate ACK for seq_num 40600
2024-10-30 15:41:44,652 - INFO - Received ACK for seq_num 40600
2024-10-30 15:41:44,652 - INFO - Received duplicate ACK for seq_num 40600
2024-10-30 15:41:44,652 - INFO - Received ACK for seq_num 40600
2024-10-30 15:41:44,652 - INFO - Received duplicate ACK for seq_num 40600
2024-10-30 15:41:44,653 - INFO - Received ACK for seq_num 40600
2024-10-30 15:41:44,653 - INFO - Received duplicate ACK for seq_num 40600
2024-10-30 15:41:44,653 - INFO - Received ACK for seq_num 40600
2024-10-30 15:41:44,653 - INFO - Received duplicate ACK for seq_num 40600
2024-10-30 15:41:44,654 - INFO - Received ACK for seq_num 40600
2024-10-30 15:41:44,654 - INFO - Received duplicate ACK for seq_num 40600
2024-10-30 15:41:44,654 - INFO - Received ACK for seq_num 40600
2024-10-30 15:41:44,654 - INFO - Received duplicate ACK for seq_num 40600
2024-10-30 15:41:44,655 - INFO - Received ACK for seq_num 40600
2024-10-30 15:41:44,655 - INFO - Received duplicate ACK for seq_num 40600
2024-10-30 15:41:44,655 - INFO - Received ACK for seq_num 40600
2024-10-30 15:41:44,655 - INFO - Received duplicate ACK for seq_num 40600
2024-10-30 15:41:44,655 - INFO - Received ACK for seq_num 40600
2024-10-30 15:41:44,656 - INFO - Received duplicate ACK for seq_num 40600
2024-10-30 15:41:44,656 - INFO - Received ACK for seq_num 40600
2024-10-30 15:41:44,656 - INFO - Received duplicate ACK for seq_num 40600
2024-10-30 15:41:44,656 - INFO - Received ACK for seq_num 40600
2024-10-30 15:41:44,656 - INFO - Received duplicate ACK for seq_num 40600
2024-10-30 15:41:44,657 - INFO - Received ACK for seq_num 40600
2024-10-30 15:41:44,657 - INFO - Received duplicate ACK for seq_num 40600
2024-10-30 15:41:44,657 - INFO - Received ACK for seq_num 40600
2024-10-30 15:41:44,657 - INFO - Received duplicate ACK for seq_num 40600
2024-10-30 15:41:44,658 - INFO - Received ACK for seq_num 40600
2024-10-30 15:41:44,658 - INFO - Received duplicate ACK for seq_num 40600
2024-10-30 15:41:44,658 - INFO - Received ACK for seq_num 40600
2024-10-30 15:41:44,658 - INFO - Received duplicate ACK for seq_num 40600
2024-10-30 15:41:44,658 - INFO - Received ACK for seq_num 40600
2024-10-30 15:41:44,659 - INFO - Received duplicate ACK for seq_num 40600
2024-10-30 15:41:45,574 - WARNING - Timeout occurred for seq_num 42000
2024-10-30 15:41:45,574 - INFO - Resent packet with seq_num 42000 (retransmission count: 2)
2024-10-30 15:41:45,575 - WARNING - Timeout occurred for seq_num 43400
2024-10-30 15:41:45,575 - INFO - Resent packet with seq_num 43400 (retransmission count: 2)
2024-10-30 15:41:45,576 - WARNING - Timeout occurred for seq_num 44800
2024-10-30 15:41:45,576 - INFO - Resent packet with seq_num 44800 (retransmission count: 2)
2024-10-30 15:41:45,577 - WARNING - Timeout occurred for seq_num 46200
2024-10-30 15:41:45,577 - INFO - Resent packet with seq_num 46200 (retransmission count: 2)
2024-10-30 15:41:45,578 - WARNING - Timeout occurred for seq_num 47600
2024-10-30 15:41:45,578 - INFO - Resent packet with seq_num 47600 (retransmission count: 2)
2024-10-30 15:41:45,579 - WARNING - Timeout occurred for seq_num 49000
2024-10-30 15:41:45,579 - INFO - Resent packet with seq_num 49000 (retransmission count: 2)
2024-10-30 15:41:45,580 - WARNING - Timeout occurred for seq_num 50400
2024-10-30 15:41:45,580 - INFO - Resent packet with seq_num 50400 (retransmission count: 2)
2024-10-30 15:41:45,581 - WARNING - Timeout occurred for seq_num 51800
2024-10-30 15:41:45,582 - INFO - Resent packet with seq_num 51800 (retransmission count: 2)
2024-10-30 15:41:45,582 - WARNING - Timeout occurred for seq_num 53200
2024-10-30 15:41:45,583 - INFO - Resent packet with seq_num 53200 (retransmission count: 2)
2024-10-30 15:41:45,583 - WARNING - Timeout occurred for seq_num 54600
2024-10-30 15:41:45,583 - INFO - Resent packet with seq_num 54600 (retransmission count: 2)
2024-10-30 15:41:45,584 - WARNING - Timeout occurred for seq_num 56000
2024-10-30 15:41:45,584 - INFO - Resent packet with seq_num 56000 (retransmission count: 2)
2024-10-30 15:41:45,585 - WARNING - Timeout occurred for seq_num 57400
2024-10-30 15:41:45,585 - INFO - Resent packet with seq_num 57400 (retransmission count: 2)
2024-10-30 15:41:45,585 - WARNING - Timeout occurred for seq_num 58800
2024-10-30 15:41:45,586 - INFO - Resent packet with seq_num 58800 (retransmission count: 2)
2024-10-30 15:41:45,586 - WARNING - Timeout occurred for seq_num 60200
2024-10-30 15:41:45,586 - INFO - Resent packet with seq_num 60200 (retransmission count: 2)
2024-10-30 15:41:45,586 - WARNING - Timeout occurred for seq_num 61600
2024-10-30 15:41:45,586 - INFO - Resent packet with seq_num 61600 (retransmission count: 2)
2024-10-30 15:41:45,586 - WARNING - Timeout occurred for seq_num 63000
2024-10-30 15:41:45,586 - INFO - Resent packet with seq_num 63000 (retransmission count: 2)
2024-10-30 15:41:45,587 - WARNING - Timeout occurred for seq_num 64400
2024-10-30 15:41:45,587 - INFO - Resent packet with seq_num 64400 (retransmission count: 2)
2024-10-30 15:41:45,587 - WARNING - Timeout occurred for seq_num 65800
2024-10-30 15:41:45,587 - INFO - Resent packet with seq_num 65800 (retransmission count: 2)
2024-10-30 15:41:45,587 - WARNING - Timeout occurred for seq_num 67200
2024-10-30 15:41:45,587 - INFO - Resent packet with seq_num 67200 (retransmission count: 2)
2024-10-30 15:41:45,587 - WARNING - Timeout occurred for seq_num 68600
2024-10-30 15:41:45,587 - INFO - Resent packet with seq_num 68600 (retransmission count: 2)
2024-10-30 15:41:45,587 - WARNING - Timeout occurred for seq_num 70000
2024-10-30 15:41:45,588 - INFO - Resent packet with seq_num 70000 (retransmission count: 2)
2024-10-30 15:41:45,588 - WARNING - Timeout occurred for seq_num 71400
2024-10-30 15:41:45,588 - INFO - Resent packet with seq_num 71400 (retransmission count: 2)
2024-10-30 15:41:45,588 - WARNING - Timeout occurred for seq_num 72800
2024-10-30 15:41:45,588 - INFO - Resent packet with seq_num 72800 (retransmission count: 2)
2024-10-30 15:41:45,588 - WARNING - Timeout occurred for seq_num 74200
2024-10-30 15:41:45,588 - INFO - Resent packet with seq_num 74200 (retransmission count: 2)
2024-10-30 15:41:45,589 - WARNING - Timeout occurred for seq_num 75600
2024-10-30 15:41:45,589 - INFO - Resent packet with seq_num 75600 (retransmission count: 2)
2024-10-30 15:41:45,589 - WARNING - Timeout occurred for seq_num 77000
2024-10-30 15:41:45,589 - INFO - Resent packet with seq_num 77000 (retransmission count: 2)
2024-10-30 15:41:45,589 - WARNING - Timeout occurred for seq_num 78400
2024-10-30 15:41:45,589 - INFO - Resent packet with seq_num 78400 (retransmission count: 2)
2024-10-30 15:41:45,589 - WARNING - Timeout occurred for seq_num 79800
2024-10-30 15:41:45,589 - INFO - Resent packet with seq_num 79800 (retransmission count: 2)
2024-10-30 15:41:45,590 - WARNING - Timeout occurred for seq_num 81200
2024-10-30 15:41:45,590 - INFO - Resent packet with seq_num 81200 (retransmission count: 2)
2024-10-30 15:41:45,590 - WARNING - Timeout occurred for seq_num 82600
2024-10-30 15:41:45,590 - INFO - Resent packet with seq_num 82600 (retransmission count: 2)
2024-10-30 15:41:45,590 - WARNING - Timeout occurred for seq_num 84000
2024-10-30 15:41:45,590 - INFO - Resent packet with seq_num 84000 (retransmission count: 2)
2024-10-30 15:41:45,590 - WARNING - Timeout occurred for seq_num 85400
2024-10-30 15:41:45,590 - INFO - Resent packet with seq_num 85400 (retransmission count: 2)
2024-10-30 15:41:45,590 - WARNING - Timeout occurred for seq_num 86800
2024-10-30 15:41:45,591 - INFO - Resent packet with seq_num 86800 (retransmission count: 2)
2024-10-30 15:41:45,591 - WARNING - Timeout occurred for seq_num 88200
2024-10-30 15:41:45,591 - INFO - Resent packet with seq_num 88200 (retransmission count: 2)
2024-10-30 15:41:45,591 - WARNING - Timeout occurred for seq_num 89600
2024-10-30 15:41:45,591 - INFO - Resent packet with seq_num 89600 (retransmission count: 2)
2024-10-30 15:41:45,591 - WARNING - Timeout occurred for seq_num 91000
2024-10-30 15:41:45,591 - INFO - Resent packet with seq_num 91000 (retransmission count: 2)
2024-10-30 15:41:45,591 - WARNING - Timeout occurred for seq_num 92400
2024-10-30 15:41:45,591 - INFO - Resent packet with seq_num 92400 (retransmission count: 2)
2024-10-30 15:41:45,592 - WARNING - Timeout occurred for seq_num 93800
2024-10-30 15:41:45,592 - INFO - Resent packet with seq_num 93800 (retransmission count: 2)
2024-10-30 15:41:45,592 - WARNING - Timeout occurred for seq_num 95200
2024-10-30 15:41:45,592 - INFO - Resent packet with seq_num 95200 (retransmission count: 2)
2024-10-30 15:41:45,592 - WARNING - Timeout occurred for seq_num 96600
2024-10-30 15:41:45,592 - INFO - Resent packet with seq_num 96600 (retransmission count: 2)
2024-10-30 15:41:45,592 - WARNING - Timeout occurred for seq_num 98000
2024-10-30 15:41:45,593 - INFO - Resent packet with seq_num 98000 (retransmission count: 2)
2024-10-30 15:41:45,593 - WARNING - Timeout occurred for seq_num 99400
2024-10-30 15:41:45,593 - INFO - Resent packet with seq_num 99400 (retransmission count: 2)
2024-10-30 15:41:45,593 - WARNING - Timeout occurred for seq_num 100800
2024-10-30 15:41:45,593 - INFO - Resent packet with seq_num 100800 (retransmission count: 2)
2024-10-30 15:41:45,593 - WARNING - Timeout occurred for seq_num 102200
2024-10-30 15:41:45,593 - INFO - Resent packet with seq_num 102200 (retransmission count: 2)
2024-10-30 15:41:45,593 - WARNING - Timeout occurred for seq_num 103600
2024-10-30 15:41:45,594 - INFO - Resent packet with seq_num 103600 (retransmission count: 2)
2024-10-30 15:41:45,594 - WARNING - Timeout occurred for seq_num 105000
2024-10-30 15:41:45,594 - INFO - Resent packet with seq_num 105000 (retransmission count: 2)
2024-10-30 15:41:45,594 - WARNING - Timeout occurred for seq_num 106400
2024-10-30 15:41:45,594 - INFO - Resent packet with seq_num 106400 (retransmission count: 2)
2024-10-30 15:41:45,594 - WARNING - Timeout occurred for seq_num 107800
2024-10-30 15:41:45,594 - INFO - Resent packet with seq_num 107800 (retransmission count: 2)
2024-10-30 15:41:45,595 - WARNING - Timeout occurred for seq_num 109200
2024-10-30 15:41:45,595 - INFO - Resent packet with seq_num 109200 (retransmission count: 2)
2024-10-30 15:41:45,595 - WARNING - Timeout occurred for seq_num 110600
2024-10-30 15:41:45,595 - INFO - Resent packet with seq_num 110600 (retransmission count: 2)
2024-10-30 15:41:45,595 - WARNING - Timeout occurred for seq_num 112000
2024-10-30 15:41:45,595 - INFO - Resent packet with seq_num 112000 (retransmission count: 2)
2024-10-30 15:41:45,595 - WARNING - Timeout occurred for seq_num 113400
2024-10-30 15:41:45,595 - INFO - Resent packet with seq_num 113400 (retransmission count: 2)
2024-10-30 15:41:45,596 - WARNING - Timeout occurred for seq_num 114800
2024-10-30 15:41:45,596 - INFO - Resent packet with seq_num 114800 (retransmission count: 2)
2024-10-30 15:41:45,596 - WARNING - Timeout occurred for seq_num 116200
2024-10-30 15:41:45,596 - INFO - Resent packet with seq_num 116200 (retransmission count: 2)
2024-10-30 15:41:45,596 - WARNING - Timeout occurred for seq_num 117600
2024-10-30 15:41:45,596 - INFO - Resent packet with seq_num 117600 (retransmission count: 2)
2024-10-30 15:41:45,596 - WARNING - Timeout occurred for seq_num 119000
2024-10-30 15:41:45,596 - INFO - Resent packet with seq_num 119000 (retransmission count: 2)
2024-10-30 15:41:45,597 - WARNING - Timeout occurred for seq_num 120400
2024-10-30 15:41:45,597 - INFO - Resent packet with seq_num 120400 (retransmission count: 2)
2024-10-30 15:41:45,597 - WARNING - Timeout occurred for seq_num 121800
2024-10-30 15:41:45,597 - INFO - Resent packet with seq_num 121800 (retransmission count: 2)
2024-10-30 15:41:45,597 - WARNING - Timeout occurred for seq_num 123200
2024-10-30 15:41:45,597 - INFO - Resent packet with seq_num 123200 (retransmission count: 2)
2024-10-30 15:41:45,597 - WARNING - Timeout occurred for seq_num 124600
2024-10-30 15:41:45,598 - INFO - Resent packet with seq_num 124600 (retransmission count: 2)
2024-10-30 15:41:45,598 - WARNING - Timeout occurred for seq_num 126000
2024-10-30 15:41:45,598 - INFO - Resent packet with seq_num 126000 (retransmission count: 2)
2024-10-30 15:41:45,598 - WARNING - Timeout occurred for seq_num 127400
2024-10-30 15:41:45,598 - INFO - Resent packet with seq_num 127400 (retransmission count: 2)
2024-10-30 15:41:45,598 - WARNING - Timeout occurred for seq_num 128800
2024-10-30 15:41:45,598 - INFO - Resent packet with seq_num 128800 (retransmission count: 2)
2024-10-30 15:41:45,598 - WARNING - Timeout occurred for seq_num 130200
2024-10-30 15:41:45,599 - INFO - Resent packet with seq_num 130200 (retransmission count: 2)
2024-10-30 15:41:45,599 - WARNING - Timeout occurred for seq_num 131600
2024-10-30 15:41:45,599 - INFO - Resent packet with seq_num 131600 (retransmission count: 2)
2024-10-30 15:41:45,599 - WARNING - Timeout occurred for seq_num 133000
2024-10-30 15:41:45,599 - INFO - Resent packet with seq_num 133000 (retransmission count: 2)
2024-10-30 15:41:45,599 - WARNING - Timeout occurred for seq_num 134400
2024-10-30 15:41:45,599 - INFO - Resent packet with seq_num 134400 (retransmission count: 2)
2024-10-30 15:41:45,599 - WARNING - Timeout occurred for seq_num 135800
2024-10-30 15:41:45,600 - INFO - Resent packet with seq_num 135800 (retransmission count: 2)
2024-10-30 15:41:45,600 - WARNING - Timeout occurred for seq_num 137200
2024-10-30 15:41:45,600 - INFO - Resent packet with seq_num 137200 (retransmission count: 2)
2024-10-30 15:41:45,600 - WARNING - Timeout occurred for seq_num 138600
2024-10-30 15:41:45,600 - INFO - Resent packet with seq_num 138600 (retransmission count: 2)
2024-10-30 15:41:45,600 - WARNING - Timeout occurred for seq_num 140000
2024-10-30 15:41:45,600 - INFO - Resent packet with seq_num 140000 (retransmission count: 2)
2024-10-30 15:41:45,601 - WARNING - Timeout occurred for seq_num 141400
2024-10-30 15:41:45,601 - INFO - Resent packet with seq_num 141400 (retransmission count: 2)
2024-10-30 15:41:45,601 - WARNING - Timeout occurred for seq_num 142800
2024-10-30 15:41:45,601 - INFO - Resent packet with seq_num 142800 (retransmission count: 2)
2024-10-30 15:41:45,601 - WARNING - Timeout occurred for seq_num 144200
2024-10-30 15:41:45,601 - INFO - Resent packet with seq_num 144200 (retransmission count: 2)
2024-10-30 15:41:45,601 - WARNING - Timeout occurred for seq_num 145600
2024-10-30 15:41:45,601 - INFO - Resent packet with seq_num 145600 (retransmission count: 2)
2024-10-30 15:41:45,602 - WARNING - Timeout occurred for seq_num 147000
2024-10-30 15:41:45,602 - INFO - Resent packet with seq_num 147000 (retransmission count: 2)
2024-10-30 15:41:45,602 - WARNING - Timeout occurred for seq_num 148400
2024-10-30 15:41:45,602 - INFO - Resent packet with seq_num 148400 (retransmission count: 2)
2024-10-30 15:41:45,602 - WARNING - Timeout occurred for seq_num 149800
2024-10-30 15:41:45,602 - INFO - Resent packet with seq_num 149800 (retransmission count: 2)
2024-10-30 15:41:45,603 - WARNING - Timeout occurred for seq_num 151200
2024-10-30 15:41:45,603 - INFO - Resent packet with seq_num 151200 (retransmission count: 2)
2024-10-30 15:41:45,603 - WARNING - Timeout occurred for seq_num 152600
2024-10-30 15:41:45,603 - INFO - Resent packet with seq_num 152600 (retransmission count: 2)
2024-10-30 15:41:45,603 - WARNING - Timeout occurred for seq_num 154000
2024-10-30 15:41:45,603 - INFO - Resent packet with seq_num 154000 (retransmission count: 2)
2024-10-30 15:41:45,603 - WARNING - Timeout occurred for seq_num 155400
2024-10-30 15:41:45,604 - INFO - Resent packet with seq_num 155400 (retransmission count: 2)
2024-10-30 15:41:45,604 - WARNING - Timeout occurred for seq_num 156800
2024-10-30 15:41:45,604 - INFO - Resent packet with seq_num 156800 (retransmission count: 2)
2024-10-30 15:41:45,604 - WARNING - Timeout occurred for seq_num 158200
2024-10-30 15:41:45,604 - INFO - Resent packet with seq_num 158200 (retransmission count: 2)
2024-10-30 15:41:45,604 - WARNING - Timeout occurred for seq_num 159600
2024-10-30 15:41:45,604 - INFO - Resent packet with seq_num 159600 (retransmission count: 2)
2024-10-30 15:41:45,605 - WARNING - Timeout occurred for seq_num 161000
2024-10-30 15:41:45,605 - INFO - Resent packet with seq_num 161000 (retransmission count: 2)
2024-10-30 15:41:45,605 - WARNING - Timeout occurred for seq_num 162400
2024-10-30 15:41:45,605 - INFO - Resent packet with seq_num 162400 (retransmission count: 2)
2024-10-30 15:41:45,605 - WARNING - Timeout occurred for seq_num 163800
2024-10-30 15:41:45,605 - INFO - Resent packet with seq_num 163800 (retransmission count: 2)
2024-10-30 15:41:45,605 - WARNING - Timeout occurred for seq_num 165200
2024-10-30 15:41:45,606 - INFO - Resent packet with seq_num 165200 (retransmission count: 2)
2024-10-30 15:41:45,606 - WARNING - Timeout occurred for seq_num 166600
2024-10-30 15:41:45,606 - INFO - Resent packet with seq_num 166600 (retransmission count: 2)
2024-10-30 15:41:45,606 - WARNING - Timeout occurred for seq_num 168000
2024-10-30 15:41:45,606 - INFO - Resent packet with seq_num 168000 (retransmission count: 2)
2024-10-30 15:41:45,607 - WARNING - Timeout occurred for seq_num 169400
2024-10-30 15:41:45,607 - INFO - Resent packet with seq_num 169400 (retransmission count: 2)
2024-10-30 15:41:45,607 - WARNING - Timeout occurred for seq_num 170800
2024-10-30 15:41:45,607 - INFO - Resent packet with seq_num 170800 (retransmission count: 2)
2024-10-30 15:41:45,607 - WARNING - Timeout occurred for seq_num 172200
2024-10-30 15:41:45,607 - INFO - Resent packet with seq_num 172200 (retransmission count: 2)
2024-10-30 15:41:45,608 - WARNING - Timeout occurred for seq_num 173600
2024-10-30 15:41:45,608 - INFO - Resent packet with seq_num 173600 (retransmission count: 2)
2024-10-30 15:41:45,608 - WARNING - Timeout occurred for seq_num 175000
2024-10-30 15:41:45,608 - INFO - Resent packet with seq_num 175000 (retransmission count: 2)
2024-10-30 15:41:45,608 - WARNING - Timeout occurred for seq_num 176400
2024-10-30 15:41:45,608 - INFO - Resent packet with seq_num 176400 (retransmission count: 2)
2024-10-30 15:41:45,609 - WARNING - Timeout occurred for seq_num 177800
2024-10-30 15:41:45,609 - INFO - Resent packet with seq_num 177800 (retransmission count: 2)
2024-10-30 15:41:45,609 - WARNING - Timeout occurred for seq_num 179200
2024-10-30 15:41:45,609 - INFO - Resent packet with seq_num 179200 (retransmission count: 2)
2024-10-30 15:41:45,609 - WARNING - Timeout occurred for seq_num 180600
2024-10-30 15:41:45,609 - INFO - Resent packet with seq_num 180600 (retransmission count: 2)
2024-10-30 15:41:45,610 - WARNING - Timeout occurred for seq_num 182000
2024-10-30 15:41:45,610 - INFO - Resent packet with seq_num 182000 (retransmission count: 2)
2024-10-30 15:41:45,616 - INFO - Received ACK for seq_num 92400
2024-10-30 15:41:45,616 - INFO - Received new ACK for seq_num 92400
2024-10-30 15:41:45,616 - INFO - Removed packet with seq_num 42000 from packet_map
2024-10-30 15:41:45,616 - INFO - Removed packet with seq_num 43400 from packet_map
2024-10-30 15:41:45,616 - INFO - Removed packet with seq_num 44800 from packet_map
2024-10-30 15:41:45,617 - INFO - Removed packet with seq_num 46200 from packet_map
2024-10-30 15:41:45,617 - INFO - Removed packet with seq_num 47600 from packet_map
2024-10-30 15:41:45,617 - INFO - Removed packet with seq_num 49000 from packet_map
2024-10-30 15:41:45,617 - INFO - Removed packet with seq_num 50400 from packet_map
2024-10-30 15:41:45,617 - INFO - Removed packet with seq_num 51800 from packet_map
2024-10-30 15:41:45,617 - INFO - Removed packet with seq_num 53200 from packet_map
2024-10-30 15:41:45,617 - INFO - Removed packet with seq_num 54600 from packet_map
2024-10-30 15:41:45,617 - INFO - Removed packet with seq_num 56000 from packet_map
2024-10-30 15:41:45,617 - INFO - Removed packet with seq_num 57400 from packet_map
2024-10-30 15:41:45,618 - INFO - Removed packet with seq_num 58800 from packet_map
2024-10-30 15:41:45,618 - INFO - Removed packet with seq_num 60200 from packet_map
2024-10-30 15:41:45,618 - INFO - Removed packet with seq_num 61600 from packet_map
2024-10-30 15:41:45,618 - INFO - Removed packet with seq_num 63000 from packet_map
2024-10-30 15:41:45,618 - INFO - Removed packet with seq_num 64400 from packet_map
2024-10-30 15:41:45,618 - INFO - Removed packet with seq_num 65800 from packet_map
2024-10-30 15:41:45,618 - INFO - Removed packet with seq_num 67200 from packet_map
2024-10-30 15:41:45,618 - INFO - Removed packet with seq_num 68600 from packet_map
2024-10-30 15:41:45,619 - INFO - Removed packet with seq_num 70000 from packet_map
2024-10-30 15:41:45,619 - INFO - Removed packet with seq_num 71400 from packet_map
2024-10-30 15:41:45,619 - INFO - Removed packet with seq_num 72800 from packet_map
2024-10-30 15:41:45,619 - INFO - Removed packet with seq_num 74200 from packet_map
2024-10-30 15:41:45,619 - INFO - Removed packet with seq_num 75600 from packet_map
2024-10-30 15:41:45,619 - INFO - Removed packet with seq_num 77000 from packet_map
2024-10-30 15:41:45,619 - INFO - Removed packet with seq_num 78400 from packet_map
2024-10-30 15:41:45,619 - INFO - Removed packet with seq_num 79800 from packet_map
2024-10-30 15:41:45,619 - INFO - Removed packet with seq_num 81200 from packet_map
2024-10-30 15:41:45,620 - INFO - Removed packet with seq_num 82600 from packet_map
2024-10-30 15:41:45,620 - INFO - Removed packet with seq_num 84000 from packet_map
2024-10-30 15:41:45,620 - INFO - Removed packet with seq_num 85400 from packet_map
2024-10-30 15:41:45,620 - INFO - Removed packet with seq_num 86800 from packet_map
2024-10-30 15:41:45,620 - INFO - Removed packet with seq_num 88200 from packet_map
2024-10-30 15:41:45,620 - INFO - Removed packet with seq_num 89600 from packet_map
2024-10-30 15:41:45,620 - INFO - Removed packet with seq_num 91000 from packet_map
2024-10-30 15:41:45,620 - INFO - Removed packet with seq_num 92400 from packet_map
2024-10-30 15:41:45,621 - INFO - Received ACK for seq_num 92400
2024-10-30 15:41:45,621 - INFO - Received duplicate ACK for seq_num 92400
2024-10-30 15:41:45,621 - INFO - Received ACK for seq_num 92400
2024-10-30 15:41:45,621 - INFO - Received duplicate ACK for seq_num 92400
2024-10-30 15:41:45,622 - INFO - Received ACK for seq_num 92400
2024-10-30 15:41:45,622 - INFO - Received duplicate ACK for seq_num 92400
2024-10-30 15:41:45,622 - INFO - Received ACK for seq_num 92400
2024-10-30 15:41:45,622 - INFO - Received duplicate ACK for seq_num 92400
2024-10-30 15:41:45,622 - INFO - Received ACK for seq_num 92400
2024-10-30 15:41:45,623 - INFO - Received duplicate ACK for seq_num 92400
2024-10-30 15:41:45,623 - INFO - Received ACK for seq_num 92400
2024-10-30 15:41:45,623 - INFO - Received duplicate ACK for seq_num 92400
2024-10-30 15:41:45,623 - INFO - Received ACK for seq_num 92400
2024-10-30 15:41:45,623 - INFO - Received duplicate ACK for seq_num 92400
2024-10-30 15:41:45,624 - INFO - Received ACK for seq_num 92400
2024-10-30 15:41:45,624 - INFO - Received duplicate ACK for seq_num 92400
2024-10-30 15:41:45,625 - INFO - Received ACK for seq_num 92400
2024-10-30 15:41:45,625 - INFO - Received duplicate ACK for seq_num 92400
2024-10-30 15:41:45,626 - INFO - Received ACK for seq_num 92400
2024-10-30 15:41:45,626 - INFO - Received duplicate ACK for seq_num 92400
2024-10-30 15:41:45,626 - INFO - Received ACK for seq_num 92400
2024-10-30 15:41:45,626 - INFO - Received duplicate ACK for seq_num 92400
2024-10-30 15:41:45,626 - INFO - Received ACK for seq_num 92400
2024-10-30 15:41:45,627 - INFO - Received duplicate ACK for seq_num 92400
2024-10-30 15:41:45,627 - INFO - Received ACK for seq_num 92400
2024-10-30 15:41:45,627 - INFO - Received duplicate ACK for seq_num 92400
2024-10-30 15:41:45,627 - INFO - Received ACK for seq_num 92400
2024-10-30 15:41:45,627 - INFO - Received duplicate ACK for seq_num 92400
2024-10-30 15:41:45,628 - INFO - Received ACK for seq_num 92400
2024-10-30 15:41:45,628 - INFO - Received duplicate ACK for seq_num 92400
2024-10-30 15:41:45,628 - INFO - Received ACK for seq_num 92400
2024-10-30 15:41:45,628 - INFO - Received duplicate ACK for seq_num 92400
2024-10-30 15:41:45,629 - INFO - Received ACK for seq_num 92400
2024-10-30 15:41:45,629 - INFO - Received duplicate ACK for seq_num 92400
2024-10-30 15:41:45,629 - INFO - Received ACK for seq_num 92400
2024-10-30 15:41:45,630 - INFO - Received duplicate ACK for seq_num 92400
2024-10-30 15:41:45,630 - INFO - Received ACK for seq_num 92400
2024-10-30 15:41:45,631 - INFO - Received duplicate ACK for seq_num 92400
2024-10-30 15:41:45,631 - INFO - Received ACK for seq_num 92400
2024-10-30 15:41:45,631 - INFO - Received duplicate ACK for seq_num 92400
2024-10-30 15:41:45,631 - INFO - Received ACK for seq_num 92400
2024-10-30 15:41:45,631 - INFO - Received duplicate ACK for seq_num 92400
2024-10-30 15:41:45,632 - INFO - Received ACK for seq_num 92400
2024-10-30 15:41:45,632 - INFO - Received duplicate ACK for seq_num 92400
2024-10-30 15:41:45,632 - INFO - Received ACK for seq_num 92400
2024-10-30 15:41:45,632 - INFO - Received duplicate ACK for seq_num 92400
2024-10-30 15:41:45,632 - INFO - Received ACK for seq_num 92400
2024-10-30 15:41:45,632 - INFO - Received duplicate ACK for seq_num 92400
2024-10-30 15:41:45,633 - INFO - Received ACK for seq_num 92400
2024-10-30 15:41:45,633 - INFO - Received duplicate ACK for seq_num 92400
2024-10-30 15:41:45,633 - INFO - Received ACK for seq_num 92400
2024-10-30 15:41:45,633 - INFO - Received duplicate ACK for seq_num 92400
2024-10-30 15:41:45,633 - INFO - Received ACK for seq_num 92400
2024-10-30 15:41:45,634 - INFO - Received duplicate ACK for seq_num 92400
2024-10-30 15:41:45,634 - INFO - Received ACK for seq_num 92400
2024-10-30 15:41:45,634 - INFO - Received duplicate ACK for seq_num 92400
2024-10-30 15:41:45,634 - INFO - Received ACK for seq_num 92400
2024-10-30 15:41:45,634 - INFO - Received duplicate ACK for seq_num 92400
2024-10-30 15:41:45,635 - INFO - Received ACK for seq_num 92400
2024-10-30 15:41:45,635 - INFO - Received duplicate ACK for seq_num 92400
2024-10-30 15:41:45,635 - INFO - Received ACK for seq_num 92400
2024-10-30 15:41:45,635 - INFO - Received duplicate ACK for seq_num 92400
2024-10-30 15:41:45,635 - INFO - Received ACK for seq_num 92400
2024-10-30 15:41:45,636 - INFO - Received duplicate ACK for seq_num 92400
2024-10-30 15:41:45,636 - INFO - Received ACK for seq_num 92400
2024-10-30 15:41:45,636 - INFO - Received duplicate ACK for seq_num 92400
2024-10-30 15:41:45,637 - INFO - Received ACK for seq_num 92400
2024-10-30 15:41:45,637 - INFO - Received duplicate ACK for seq_num 92400
2024-10-30 15:41:45,638 - INFO - Received ACK for seq_num 163800
2024-10-30 15:41:45,638 - INFO - Received new ACK for seq_num 163800
2024-10-30 15:41:45,638 - INFO - Removed packet with seq_num 93800 from packet_map
2024-10-30 15:41:45,638 - INFO - Removed packet with seq_num 95200 from packet_map
2024-10-30 15:41:45,638 - INFO - Removed packet with seq_num 96600 from packet_map
2024-10-30 15:41:45,638 - INFO - Removed packet with seq_num 98000 from packet_map
2024-10-30 15:41:45,638 - INFO - Removed packet with seq_num 99400 from packet_map
2024-10-30 15:41:45,638 - INFO - Removed packet with seq_num 100800 from packet_map
2024-10-30 15:41:45,638 - INFO - Removed packet with seq_num 102200 from packet_map
2024-10-30 15:41:45,639 - INFO - Removed packet with seq_num 103600 from packet_map
2024-10-30 15:41:45,639 - INFO - Removed packet with seq_num 105000 from packet_map
2024-10-30 15:41:45,639 - INFO - Removed packet with seq_num 106400 from packet_map
2024-10-30 15:41:45,639 - INFO - Removed packet with seq_num 107800 from packet_map
2024-10-30 15:41:45,639 - INFO - Removed packet with seq_num 109200 from packet_map
2024-10-30 15:41:45,639 - INFO - Removed packet with seq_num 110600 from packet_map
2024-10-30 15:41:45,639 - INFO - Removed packet with seq_num 112000 from packet_map
2024-10-30 15:41:45,639 - INFO - Removed packet with seq_num 113400 from packet_map
2024-10-30 15:41:45,639 - INFO - Removed packet with seq_num 114800 from packet_map
2024-10-30 15:41:45,639 - INFO - Removed packet with seq_num 116200 from packet_map
2024-10-30 15:41:45,639 - INFO - Removed packet with seq_num 117600 from packet_map
2024-10-30 15:41:45,639 - INFO - Removed packet with seq_num 119000 from packet_map
2024-10-30 15:41:45,640 - INFO - Removed packet with seq_num 120400 from packet_map
2024-10-30 15:41:45,640 - INFO - Removed packet with seq_num 121800 from packet_map
2024-10-30 15:41:45,640 - INFO - Removed packet with seq_num 123200 from packet_map
2024-10-30 15:41:45,640 - INFO - Removed packet with seq_num 124600 from packet_map
2024-10-30 15:41:45,640 - INFO - Removed packet with seq_num 126000 from packet_map
2024-10-30 15:41:45,640 - INFO - Removed packet with seq_num 127400 from packet_map
2024-10-30 15:41:45,640 - INFO - Removed packet with seq_num 128800 from packet_map
2024-10-30 15:41:45,640 - INFO - Removed packet with seq_num 130200 from packet_map
2024-10-30 15:41:45,640 - INFO - Removed packet with seq_num 131600 from packet_map
2024-10-30 15:41:45,640 - INFO - Removed packet with seq_num 133000 from packet_map
2024-10-30 15:41:45,640 - INFO - Removed packet with seq_num 134400 from packet_map
2024-10-30 15:41:45,640 - INFO - Removed packet with seq_num 135800 from packet_map
2024-10-30 15:41:45,641 - INFO - Removed packet with seq_num 137200 from packet_map
2024-10-30 15:41:45,641 - INFO - Removed packet with seq_num 138600 from packet_map
2024-10-30 15:41:45,641 - INFO - Removed packet with seq_num 140000 from packet_map
2024-10-30 15:41:45,641 - INFO - Removed packet with seq_num 141400 from packet_map
2024-10-30 15:41:45,641 - INFO - Removed packet with seq_num 142800 from packet_map
2024-10-30 15:41:45,641 - INFO - Removed packet with seq_num 144200 from packet_map
2024-10-30 15:41:45,641 - INFO - Removed packet with seq_num 145600 from packet_map
2024-10-30 15:41:45,641 - INFO - Removed packet with seq_num 147000 from packet_map
2024-10-30 15:41:45,641 - INFO - Removed packet with seq_num 148400 from packet_map
2024-10-30 15:41:45,642 - INFO - Removed packet with seq_num 149800 from packet_map
2024-10-30 15:41:45,642 - INFO - Removed packet with seq_num 151200 from packet_map
2024-10-30 15:41:45,642 - INFO - Removed packet with seq_num 152600 from packet_map
2024-10-30 15:41:45,642 - INFO - Removed packet with seq_num 154000 from packet_map
2024-10-30 15:41:45,642 - INFO - Removed packet with seq_num 155400 from packet_map
2024-10-30 15:41:45,642 - INFO - Removed packet with seq_num 156800 from packet_map
2024-10-30 15:41:45,642 - INFO - Removed packet with seq_num 158200 from packet_map
2024-10-30 15:41:45,642 - INFO - Removed packet with seq_num 159600 from packet_map
2024-10-30 15:41:45,642 - INFO - Removed packet with seq_num 161000 from packet_map
2024-10-30 15:41:45,642 - INFO - Removed packet with seq_num 162400 from packet_map
2024-10-30 15:41:45,642 - INFO - Removed packet with seq_num 163800 from packet_map
2024-10-30 15:41:45,642 - INFO - Received ACK for seq_num 163800
2024-10-30 15:41:45,643 - INFO - Received duplicate ACK for seq_num 163800
2024-10-30 15:41:45,643 - INFO - Received ACK for seq_num 163800
2024-10-30 15:41:45,643 - INFO - Received duplicate ACK for seq_num 163800
2024-10-30 15:41:45,643 - INFO - Received ACK for seq_num 163800
2024-10-30 15:41:45,643 - INFO - Received duplicate ACK for seq_num 163800
2024-10-30 15:41:45,643 - INFO - Received ACK for seq_num 163800
2024-10-30 15:41:45,643 - INFO - Received duplicate ACK for seq_num 163800
2024-10-30 15:41:45,643 - INFO - Received ACK for seq_num 163800
2024-10-30 15:41:45,644 - INFO - Received duplicate ACK for seq_num 163800
2024-10-30 15:41:45,644 - INFO - Received ACK for seq_num 163800
2024-10-30 15:41:45,644 - INFO - Received duplicate ACK for seq_num 163800
2024-10-30 15:41:45,644 - INFO - Received ACK for seq_num 163800
2024-10-30 15:41:45,644 - INFO - Received duplicate ACK for seq_num 163800
2024-10-30 15:41:45,644 - INFO - Received ACK for seq_num 163800
2024-10-30 15:41:45,645 - INFO - Received duplicate ACK for seq_num 163800
2024-10-30 15:41:45,645 - INFO - Received ACK for seq_num 163800
2024-10-30 15:41:45,645 - INFO - Received duplicate ACK for seq_num 163800
2024-10-30 15:41:45,645 - INFO - Received ACK for seq_num 163800
2024-10-30 15:41:45,645 - INFO - Received duplicate ACK for seq_num 163800
2024-10-30 15:41:45,645 - INFO - Received ACK for seq_num 163800
2024-10-30 15:41:45,645 - INFO - Received duplicate ACK for seq_num 163800
2024-10-30 15:41:45,645 - INFO - Received ACK for seq_num 163800
2024-10-30 15:41:45,646 - INFO - Received duplicate ACK for seq_num 163800
2024-10-30 15:41:45,646 - INFO - Received ACK for seq_num 163800
2024-10-30 15:41:45,646 - INFO - Received duplicate ACK for seq_num 163800
2024-10-30 15:41:45,646 - INFO - Received ACK for seq_num 163800
2024-10-30 15:41:45,646 - INFO - Received duplicate ACK for seq_num 163800
2024-10-30 15:41:45,646 - INFO - Received ACK for seq_num 163800
2024-10-30 15:41:45,646 - INFO - Received duplicate ACK for seq_num 163800
2024-10-30 15:41:45,646 - INFO - Received ACK for seq_num 163800
2024-10-30 15:41:45,647 - INFO - Received duplicate ACK for seq_num 163800
2024-10-30 15:41:45,647 - INFO - Received ACK for seq_num 163800
2024-10-30 15:41:45,647 - INFO - Received duplicate ACK for seq_num 163800
2024-10-30 15:41:45,647 - INFO - Received ACK for seq_num 163800
2024-10-30 15:41:45,647 - INFO - Received duplicate ACK for seq_num 163800
2024-10-30 15:41:45,647 - INFO - Received ACK for seq_num 163800
2024-10-30 15:41:45,648 - INFO - Received duplicate ACK for seq_num 163800
2024-10-30 15:41:45,648 - INFO - Received ACK for seq_num 163800
2024-10-30 15:41:45,648 - INFO - Received duplicate ACK for seq_num 163800
2024-10-30 15:41:45,649 - INFO - Received ACK for seq_num 163800
2024-10-30 15:41:45,649 - INFO - Received duplicate ACK for seq_num 163800
2024-10-30 15:41:45,649 - INFO - Received ACK for seq_num 163800
2024-10-30 15:41:45,649 - INFO - Received duplicate ACK for seq_num 163800
2024-10-30 15:41:45,650 - INFO - Received ACK for seq_num 163800
2024-10-30 15:41:45,650 - INFO - Received duplicate ACK for seq_num 163800
2024-10-30 15:41:45,651 - INFO - Received ACK for seq_num 163800
2024-10-30 15:41:45,651 - INFO - Received duplicate ACK for seq_num 163800
2024-10-30 15:41:45,651 - INFO - Received ACK for seq_num 163800
2024-10-30 15:41:45,651 - INFO - Received duplicate ACK for seq_num 163800
2024-10-30 15:41:45,652 - INFO - Received ACK for seq_num 163800
2024-10-30 15:41:45,652 - INFO - Received duplicate ACK for seq_num 163800
2024-10-30 15:41:45,652 - INFO - Received ACK for seq_num 163800
2024-10-30 15:41:45,652 - INFO - Received duplicate ACK for seq_num 163800
2024-10-30 15:41:45,653 - INFO - Received ACK for seq_num 163800
2024-10-30 15:41:45,653 - INFO - Received duplicate ACK for seq_num 163800
2024-10-30 15:41:45,653 - INFO - Received ACK for seq_num 163800
2024-10-30 15:41:45,653 - INFO - Received duplicate ACK for seq_num 163800
2024-10-30 15:41:45,654 - INFO - Received ACK for seq_num 163800
2024-10-30 15:41:45,654 - INFO - Received duplicate ACK for seq_num 163800
2024-10-30 15:41:45,654 - INFO - Received ACK for seq_num 163800
2024-10-30 15:41:45,654 - INFO - Received duplicate ACK for seq_num 163800
2024-10-30 15:41:45,655 - INFO - Received ACK for seq_num 163800
2024-10-30 15:41:45,655 - INFO - Received duplicate ACK for seq_num 163800
2024-10-30 15:41:45,655 - INFO - Received ACK for seq_num 163800
2024-10-30 15:41:45,655 - INFO - Received duplicate ACK for seq_num 163800
2024-10-30 15:41:45,656 - INFO - Received ACK for seq_num 163800
2024-10-30 15:41:45,656 - INFO - Received duplicate ACK for seq_num 163800
2024-10-30 15:41:45,656 - INFO - Received ACK for seq_num 163800
2024-10-30 15:41:45,657 - INFO - Received duplicate ACK for seq_num 163800
2024-10-30 15:41:45,657 - INFO - Received ACK for seq_num 163800
2024-10-30 15:41:45,657 - INFO - Received duplicate ACK for seq_num 163800
2024-10-30 15:41:45,658 - INFO - Received ACK for seq_num 163800
2024-10-30 15:41:45,658 - INFO - Received duplicate ACK for seq_num 163800
2024-10-30 15:41:45,658 - INFO - Received ACK for seq_num 163800
2024-10-30 15:41:45,659 - INFO - Received duplicate ACK for seq_num 163800
2024-10-30 15:41:45,659 - INFO - Received ACK for seq_num 163800
2024-10-30 15:41:45,659 - INFO - Received duplicate ACK for seq_num 163800
2024-10-30 15:41:45,660 - INFO - Received ACK for seq_num 182000
2024-10-30 15:41:45,660 - INFO - Received new ACK for seq_num 182000
2024-10-30 15:41:45,660 - INFO - Removed packet with seq_num 165200 from packet_map
2024-10-30 15:41:45,660 - INFO - Removed packet with seq_num 166600 from packet_map
2024-10-30 15:41:45,660 - INFO - Removed packet with seq_num 168000 from packet_map
2024-10-30 15:41:45,660 - INFO - Removed packet with seq_num 169400 from packet_map
2024-10-30 15:41:45,660 - INFO - Removed packet with seq_num 170800 from packet_map
2024-10-30 15:41:45,660 - INFO - Removed packet with seq_num 172200 from packet_map
2024-10-30 15:41:45,660 - INFO - Removed packet with seq_num 173600 from packet_map
2024-10-30 15:41:45,661 - INFO - Removed packet with seq_num 175000 from packet_map
2024-10-30 15:41:45,661 - INFO - Removed packet with seq_num 176400 from packet_map
2024-10-30 15:41:45,661 - INFO - Removed packet with seq_num 177800 from packet_map
2024-10-30 15:41:45,661 - INFO - Removed packet with seq_num 179200 from packet_map
2024-10-30 15:41:45,661 - INFO - Removed packet with seq_num 180600 from packet_map
2024-10-30 15:41:45,661 - INFO - Removed packet with seq_num 182000 from packet_map
2024-10-30 15:41:45,661 - INFO - Sent FIN to client.
2024-10-30 15:41:45,702 - INFO - Received ACK for FIN from client.
2024-10-30 15:41:45,702 - INFO - Received FIN from client.
2024-10-30 15:41:45,702 - INFO - Connection closed successfully.
