2024-10-30 15:34:37,631 - INFO - Server is ready to receive.
2024-10-30 15:34:37,694 - INFO - Received SYN from ('10.0.0.2', 45701)
2024-10-30 15:34:37,735 - INFO - Connection established with client.
2024-10-30 15:34:37,735 - INFO - Sent PING for RTT measurement.
2024-10-30 15:34:37,776 - INFO - RTT measured: 0.040717363357543945 seconds
2024-10-30 15:34:37,776 - INFO - Window size set to 190 segments.
2024-10-30 15:34:37,776 - INFO - Sent packet with seq_num 0
2024-10-30 15:34:37,777 - INFO - Sent packet with seq_num 1400
2024-10-30 15:34:37,777 - INFO - Sent packet with seq_num 2800
2024-10-30 15:34:37,777 - INFO - Sent packet with seq_num 4200
2024-10-30 15:34:37,778 - INFO - Sent packet with seq_num 5600
2024-10-30 15:34:37,778 - INFO - Sent packet with seq_num 7000
2024-10-30 15:34:37,778 - INFO - Sent packet with seq_num 8400
2024-10-30 15:34:37,778 - INFO - Sent packet with seq_num 9800
2024-10-30 15:34:37,778 - INFO - Sent packet with seq_num 11200
2024-10-30 15:34:37,779 - INFO - Sent packet with seq_num 12600
2024-10-30 15:34:37,779 - INFO - Sent packet with seq_num 14000
2024-10-30 15:34:37,779 - INFO - Sent packet with seq_num 15400
2024-10-30 15:34:37,779 - INFO - Sent packet with seq_num 16800
2024-10-30 15:34:37,780 - INFO - Sent packet with seq_num 18200
2024-10-30 15:34:37,780 - INFO - Sent packet with seq_num 19600
2024-10-30 15:34:37,780 - INFO - Sent packet with seq_num 21000
2024-10-30 15:34:37,780 - INFO - Sent packet with seq_num 22400
2024-10-30 15:34:37,781 - INFO - Sent packet with seq_num 23800
2024-10-30 15:34:37,781 - INFO - Sent packet with seq_num 25200
2024-10-30 15:34:37,781 - INFO - Sent packet with seq_num 26600
2024-10-30 15:34:37,781 - INFO - Sent packet with seq_num 28000
2024-10-30 15:34:37,782 - INFO - Sent packet with seq_num 29400
2024-10-30 15:34:37,782 - INFO - Sent packet with seq_num 30800
2024-10-30 15:34:37,782 - INFO - Sent packet with seq_num 32200
2024-10-30 15:34:37,782 - INFO - Sent packet with seq_num 33600
2024-10-30 15:34:37,783 - INFO - Sent packet with seq_num 35000
2024-10-30 15:34:37,783 - INFO - Sent packet with seq_num 36400
2024-10-30 15:34:37,783 - INFO - Sent packet with seq_num 37800
2024-10-30 15:34:37,783 - INFO - Sent packet with seq_num 39200
2024-10-30 15:34:37,784 - INFO - Sent packet with seq_num 40600
2024-10-30 15:34:37,784 - INFO - Sent packet with seq_num 42000
2024-10-30 15:34:37,784 - INFO - Sent packet with seq_num 43400
2024-10-30 15:34:37,784 - INFO - Sent packet with seq_num 44800
2024-10-30 15:34:37,785 - INFO - Sent packet with seq_num 46200
2024-10-30 15:34:37,785 - INFO - Sent packet with seq_num 47600
2024-10-30 15:34:37,785 - INFO - Sent packet with seq_num 49000
2024-10-30 15:34:37,785 - INFO - Sent packet with seq_num 50400
2024-10-30 15:34:37,786 - INFO - Sent packet with seq_num 51800
2024-10-30 15:34:37,786 - INFO - Sent packet with seq_num 53200
2024-10-30 15:34:37,786 - INFO - Sent packet with seq_num 54600
2024-10-30 15:34:37,786 - INFO - Sent packet with seq_num 56000
2024-10-30 15:34:37,787 - INFO - Sent packet with seq_num 57400
2024-10-30 15:34:37,787 - INFO - Sent packet with seq_num 58800
2024-10-30 15:34:37,787 - INFO - Sent packet with seq_num 60200
2024-10-30 15:34:37,787 - INFO - Sent packet with seq_num 61600
2024-10-30 15:34:37,788 - INFO - Sent packet with seq_num 63000
2024-10-30 15:34:37,788 - INFO - Sent packet with seq_num 64400
2024-10-30 15:34:37,788 - INFO - Sent packet with seq_num 65800
2024-10-30 15:34:37,788 - INFO - Sent packet with seq_num 67200
2024-10-30 15:34:37,789 - INFO - Sent packet with seq_num 68600
2024-10-30 15:34:37,789 - INFO - Sent packet with seq_num 70000
2024-10-30 15:34:37,789 - INFO - Sent packet with seq_num 71400
2024-10-30 15:34:37,789 - INFO - Sent packet with seq_num 72800
2024-10-30 15:34:37,790 - INFO - Sent packet with seq_num 74200
2024-10-30 15:34:37,790 - INFO - Sent packet with seq_num 75600
2024-10-30 15:34:37,790 - INFO - Sent packet with seq_num 77000
2024-10-30 15:34:37,790 - INFO - Sent packet with seq_num 78400
2024-10-30 15:34:37,791 - INFO - Sent packet with seq_num 79800
2024-10-30 15:34:37,791 - INFO - Sent packet with seq_num 81200
2024-10-30 15:34:37,791 - INFO - Sent packet with seq_num 82600
2024-10-30 15:34:37,791 - INFO - Sent packet with seq_num 84000
2024-10-30 15:34:37,792 - INFO - Sent packet with seq_num 85400
2024-10-30 15:34:37,792 - INFO - Sent packet with seq_num 86800
2024-10-30 15:34:37,792 - INFO - Sent packet with seq_num 88200
2024-10-30 15:34:37,792 - INFO - Sent packet with seq_num 89600
2024-10-30 15:34:37,793 - INFO - Sent packet with seq_num 91000
2024-10-30 15:34:37,793 - INFO - Sent packet with seq_num 92400
2024-10-30 15:34:37,793 - INFO - Sent packet with seq_num 93800
2024-10-30 15:34:37,793 - INFO - Sent packet with seq_num 95200
2024-10-30 15:34:37,794 - INFO - Sent packet with seq_num 96600
2024-10-30 15:34:37,794 - INFO - Sent packet with seq_num 98000
2024-10-30 15:34:37,794 - INFO - Sent packet with seq_num 99400
2024-10-30 15:34:37,794 - INFO - Sent packet with seq_num 100800
2024-10-30 15:34:37,795 - INFO - Sent packet with seq_num 102200
2024-10-30 15:34:37,795 - INFO - Sent packet with seq_num 103600
2024-10-30 15:34:37,795 - INFO - Sent packet with seq_num 105000
2024-10-30 15:34:37,795 - INFO - Sent packet with seq_num 106400
2024-10-30 15:34:37,796 - INFO - Sent packet with seq_num 107800
2024-10-30 15:34:37,796 - INFO - Sent packet with seq_num 109200
2024-10-30 15:34:37,796 - INFO - Sent packet with seq_num 110600
2024-10-30 15:34:37,797 - INFO - Sent packet with seq_num 112000
2024-10-30 15:34:37,798 - INFO - Sent packet with seq_num 113400
2024-10-30 15:34:37,798 - INFO - Sent packet with seq_num 114800
2024-10-30 15:34:37,799 - INFO - Sent packet with seq_num 116200
2024-10-30 15:34:37,799 - INFO - Sent packet with seq_num 117600
2024-10-30 15:34:37,799 - INFO - Sent packet with seq_num 119000
2024-10-30 15:34:37,800 - INFO - Sent packet with seq_num 120400
2024-10-30 15:34:37,800 - INFO - Sent packet with seq_num 121800
2024-10-30 15:34:37,800 - INFO - Sent packet with seq_num 123200
2024-10-30 15:34:37,801 - INFO - Sent packet with seq_num 124600
2024-10-30 15:34:37,801 - INFO - Sent packet with seq_num 126000
2024-10-30 15:34:37,801 - INFO - Sent packet with seq_num 127400
2024-10-30 15:34:37,802 - INFO - Sent packet with seq_num 128800
2024-10-30 15:34:37,802 - INFO - Sent packet with seq_num 130200
2024-10-30 15:34:37,803 - INFO - Sent packet with seq_num 131600
2024-10-30 15:34:37,803 - INFO - Sent packet with seq_num 133000
2024-10-30 15:34:37,803 - INFO - Sent packet with seq_num 134400
2024-10-30 15:34:37,804 - INFO - Sent packet with seq_num 135800
2024-10-30 15:34:37,804 - INFO - Sent packet with seq_num 137200
2024-10-30 15:34:37,804 - INFO - Sent packet with seq_num 138600
2024-10-30 15:34:37,805 - INFO - Sent packet with seq_num 140000
2024-10-30 15:34:37,805 - INFO - Sent packet with seq_num 141400
2024-10-30 15:34:37,806 - INFO - Sent packet with seq_num 142800
2024-10-30 15:34:37,806 - INFO - Sent packet with seq_num 144200
2024-10-30 15:34:37,806 - INFO - Sent packet with seq_num 145600
2024-10-30 15:34:37,807 - INFO - Sent packet with seq_num 147000
2024-10-30 15:34:37,807 - INFO - Sent packet with seq_num 148400
2024-10-30 15:34:37,807 - INFO - Sent packet with seq_num 149800
2024-10-30 15:34:37,808 - INFO - Sent packet with seq_num 151200
2024-10-30 15:34:37,808 - INFO - Sent packet with seq_num 152600
2024-10-30 15:34:37,808 - INFO - Sent packet with seq_num 154000
2024-10-30 15:34:37,809 - INFO - Sent packet with seq_num 155400
2024-10-30 15:34:37,809 - INFO - Sent packet with seq_num 156800
2024-10-30 15:34:37,809 - INFO - Sent packet with seq_num 158200
2024-10-30 15:34:37,810 - INFO - Sent packet with seq_num 159600
2024-10-30 15:34:37,810 - INFO - Sent packet with seq_num 161000
2024-10-30 15:34:37,811 - INFO - Sent packet with seq_num 162400
2024-10-30 15:34:37,811 - INFO - Sent packet with seq_num 163800
2024-10-30 15:34:37,812 - INFO - Sent packet with seq_num 165200
2024-10-30 15:34:37,812 - INFO - Sent packet with seq_num 166600
2024-10-30 15:34:37,812 - INFO - Sent packet with seq_num 168000
2024-10-30 15:34:37,813 - INFO - Sent packet with seq_num 169400
2024-10-30 15:34:37,813 - INFO - Sent packet with seq_num 170800
2024-10-30 15:34:37,814 - INFO - Sent packet with seq_num 172200
2024-10-30 15:34:37,814 - INFO - Sent packet with seq_num 173600
2024-10-30 15:34:37,814 - INFO - Sent packet with seq_num 175000
2024-10-30 15:34:37,815 - INFO - Sent packet with seq_num 176400
2024-10-30 15:34:37,815 - INFO - Sent packet with seq_num 177800
2024-10-30 15:34:37,815 - INFO - Sent packet with seq_num 179200
2024-10-30 15:34:37,816 - INFO - Sent packet with seq_num 180600
2024-10-30 15:34:37,816 - INFO - Sent packet with seq_num 182000
2024-10-30 15:34:37,816 - INFO - File Read complete.
2024-10-30 15:34:37,817 - INFO - Received ACK for seq_num 0
2024-10-30 15:34:37,817 - INFO - Received new ACK for seq_num 0
2024-10-30 15:34:37,818 - INFO - Removed packet with seq_num 0 from packet_map
2024-10-30 15:34:37,818 - INFO - Received ACK for seq_num 0
2024-10-30 15:34:37,818 - INFO - Received duplicate ACK for seq_num 0
2024-10-30 15:34:37,818 - INFO - Received ACK for seq_num 4200
2024-10-30 15:34:37,819 - INFO - Received new ACK for seq_num 4200
2024-10-30 15:34:37,819 - INFO - Removed packet with seq_num 1400 from packet_map
2024-10-30 15:34:37,819 - INFO - Removed packet with seq_num 2800 from packet_map
2024-10-30 15:34:37,819 - INFO - Removed packet with seq_num 4200 from packet_map
2024-10-30 15:34:37,819 - INFO - Received ACK for seq_num 5600
2024-10-30 15:34:37,819 - INFO - Received new ACK for seq_num 5600
2024-10-30 15:34:37,820 - INFO - Removed packet with seq_num 5600 from packet_map
2024-10-30 15:34:37,820 - INFO - Received ACK for seq_num 7000
2024-10-30 15:34:37,820 - INFO - Received new ACK for seq_num 7000
2024-10-30 15:34:37,820 - INFO - Removed packet with seq_num 7000 from packet_map
2024-10-30 15:34:37,821 - INFO - Received ACK for seq_num 8400
2024-10-30 15:34:37,821 - INFO - Received new ACK for seq_num 8400
2024-10-30 15:34:37,821 - INFO - Removed packet with seq_num 8400 from packet_map
2024-10-30 15:34:37,822 - INFO - Received ACK for seq_num 9800
2024-10-30 15:34:37,822 - INFO - Received new ACK for seq_num 9800
2024-10-30 15:34:37,822 - INFO - Removed packet with seq_num 9800 from packet_map
2024-10-30 15:34:37,822 - INFO - Received ACK for seq_num 9800
2024-10-30 15:34:37,823 - INFO - Received duplicate ACK for seq_num 9800
2024-10-30 15:34:37,823 - INFO - Received ACK for seq_num 9800
2024-10-30 15:34:37,823 - INFO - Received duplicate ACK for seq_num 9800
2024-10-30 15:34:37,824 - INFO - Received ACK for seq_num 9800
2024-10-30 15:34:37,824 - INFO - Received duplicate ACK for seq_num 9800
2024-10-30 15:34:37,824 - INFO - Received ACK for seq_num 9800
2024-10-30 15:34:37,824 - INFO - Received duplicate ACK for seq_num 9800
2024-10-30 15:34:37,824 - INFO - Received ACK for seq_num 9800
2024-10-30 15:34:37,825 - INFO - Received duplicate ACK for seq_num 9800
2024-10-30 15:34:37,825 - INFO - Received ACK for seq_num 9800
2024-10-30 15:34:37,825 - INFO - Received duplicate ACK for seq_num 9800
2024-10-30 15:34:37,825 - INFO - Received ACK for seq_num 9800
2024-10-30 15:34:37,825 - INFO - Received duplicate ACK for seq_num 9800
2024-10-30 15:34:37,826 - INFO - Received ACK for seq_num 9800
2024-10-30 15:34:37,826 - INFO - Received duplicate ACK for seq_num 9800
2024-10-30 15:34:37,826 - INFO - Received ACK for seq_num 9800
2024-10-30 15:34:37,826 - INFO - Received duplicate ACK for seq_num 9800
2024-10-30 15:34:37,827 - INFO - Received ACK for seq_num 9800
2024-10-30 15:34:37,827 - INFO - Received duplicate ACK for seq_num 9800
2024-10-30 15:34:37,827 - INFO - Received ACK for seq_num 9800
2024-10-30 15:34:37,827 - INFO - Received duplicate ACK for seq_num 9800
2024-10-30 15:34:37,827 - INFO - Received ACK for seq_num 9800
2024-10-30 15:34:37,828 - INFO - Received duplicate ACK for seq_num 9800
2024-10-30 15:34:37,828 - INFO - Received ACK for seq_num 9800
2024-10-30 15:34:37,828 - INFO - Received duplicate ACK for seq_num 9800
2024-10-30 15:34:37,828 - INFO - Received ACK for seq_num 9800
2024-10-30 15:34:37,828 - INFO - Received duplicate ACK for seq_num 9800
2024-10-30 15:34:37,829 - INFO - Received ACK for seq_num 9800
2024-10-30 15:34:37,829 - INFO - Received duplicate ACK for seq_num 9800
2024-10-30 15:34:37,829 - INFO - Received ACK for seq_num 9800
2024-10-30 15:34:37,829 - INFO - Received duplicate ACK for seq_num 9800
2024-10-30 15:34:37,830 - INFO - Received ACK for seq_num 9800
2024-10-30 15:34:37,830 - INFO - Received duplicate ACK for seq_num 9800
2024-10-30 15:34:37,830 - INFO - Received ACK for seq_num 9800
2024-10-30 15:34:37,830 - INFO - Received duplicate ACK for seq_num 9800
2024-10-30 15:34:37,830 - INFO - Received ACK for seq_num 9800
2024-10-30 15:34:37,831 - INFO - Received duplicate ACK for seq_num 9800
2024-10-30 15:34:37,831 - INFO - Received ACK for seq_num 9800
2024-10-30 15:34:37,831 - INFO - Received duplicate ACK for seq_num 9800
2024-10-30 15:34:37,831 - INFO - Received ACK for seq_num 9800
2024-10-30 15:34:37,832 - INFO - Received duplicate ACK for seq_num 9800
2024-10-30 15:34:37,832 - INFO - Received ACK for seq_num 9800
2024-10-30 15:34:37,832 - INFO - Received duplicate ACK for seq_num 9800
2024-10-30 15:34:37,832 - INFO - Received ACK for seq_num 9800
2024-10-30 15:34:37,833 - INFO - Received duplicate ACK for seq_num 9800
2024-10-30 15:34:37,833 - INFO - Received ACK for seq_num 9800
2024-10-30 15:34:37,833 - INFO - Received duplicate ACK for seq_num 9800
2024-10-30 15:34:37,833 - INFO - Received ACK for seq_num 9800
2024-10-30 15:34:37,833 - INFO - Received duplicate ACK for seq_num 9800
2024-10-30 15:34:37,834 - INFO - Received ACK for seq_num 9800
2024-10-30 15:34:37,834 - INFO - Received duplicate ACK for seq_num 9800
2024-10-30 15:34:37,834 - INFO - Received ACK for seq_num 9800
2024-10-30 15:34:37,834 - INFO - Received duplicate ACK for seq_num 9800
2024-10-30 15:34:37,834 - INFO - Received ACK for seq_num 9800
2024-10-30 15:34:37,835 - INFO - Received duplicate ACK for seq_num 9800
2024-10-30 15:34:37,835 - INFO - Received ACK for seq_num 9800
2024-10-30 15:34:37,835 - INFO - Received duplicate ACK for seq_num 9800
2024-10-30 15:34:37,835 - INFO - Received ACK for seq_num 9800
2024-10-30 15:34:37,836 - INFO - Received duplicate ACK for seq_num 9800
2024-10-30 15:34:37,836 - INFO - Received ACK for seq_num 9800
2024-10-30 15:34:37,836 - INFO - Received duplicate ACK for seq_num 9800
2024-10-30 15:34:37,836 - INFO - Received ACK for seq_num 9800
2024-10-30 15:34:37,836 - INFO - Received duplicate ACK for seq_num 9800
2024-10-30 15:34:37,837 - INFO - Received ACK for seq_num 9800
2024-10-30 15:34:37,837 - INFO - Received duplicate ACK for seq_num 9800
2024-10-30 15:34:37,837 - INFO - Received ACK for seq_num 9800
2024-10-30 15:34:37,837 - INFO - Received duplicate ACK for seq_num 9800
2024-10-30 15:34:37,837 - INFO - Received ACK for seq_num 9800
2024-10-30 15:34:37,837 - INFO - Received duplicate ACK for seq_num 9800
2024-10-30 15:34:37,838 - INFO - Received ACK for seq_num 9800
2024-10-30 15:34:37,838 - INFO - Received duplicate ACK for seq_num 9800
2024-10-30 15:34:37,838 - INFO - Received ACK for seq_num 9800
2024-10-30 15:34:37,838 - INFO - Received duplicate ACK for seq_num 9800
2024-10-30 15:34:37,838 - INFO - Received ACK for seq_num 9800
2024-10-30 15:34:37,838 - INFO - Received duplicate ACK for seq_num 9800
2024-10-30 15:34:37,838 - INFO - Received ACK for seq_num 9800
2024-10-30 15:34:37,839 - INFO - Received duplicate ACK for seq_num 9800
2024-10-30 15:34:37,839 - INFO - Received ACK for seq_num 9800
2024-10-30 15:34:37,839 - INFO - Received duplicate ACK for seq_num 9800
2024-10-30 15:34:37,839 - INFO - Received ACK for seq_num 9800
2024-10-30 15:34:37,839 - INFO - Received duplicate ACK for seq_num 9800
2024-10-30 15:34:37,839 - INFO - Received ACK for seq_num 9800
2024-10-30 15:34:37,839 - INFO - Received duplicate ACK for seq_num 9800
2024-10-30 15:34:37,840 - INFO - Received ACK for seq_num 9800
2024-10-30 15:34:37,840 - INFO - Received duplicate ACK for seq_num 9800
2024-10-30 15:34:37,840 - INFO - Received ACK for seq_num 9800
2024-10-30 15:34:37,840 - INFO - Received duplicate ACK for seq_num 9800
2024-10-30 15:34:37,840 - INFO - Received ACK for seq_num 9800
2024-10-30 15:34:37,840 - INFO - Received duplicate ACK for seq_num 9800
2024-10-30 15:34:37,841 - INFO - Received ACK for seq_num 9800
2024-10-30 15:34:37,841 - INFO - Received duplicate ACK for seq_num 9800
2024-10-30 15:34:37,841 - INFO - Received ACK for seq_num 9800
2024-10-30 15:34:37,841 - INFO - Received duplicate ACK for seq_num 9800
2024-10-30 15:34:37,841 - INFO - Received ACK for seq_num 9800
2024-10-30 15:34:37,841 - INFO - Received duplicate ACK for seq_num 9800
2024-10-30 15:34:37,842 - INFO - Received ACK for seq_num 9800
2024-10-30 15:34:37,842 - INFO - Received duplicate ACK for seq_num 9800
2024-10-30 15:34:37,842 - INFO - Received ACK for seq_num 9800
2024-10-30 15:34:37,843 - INFO - Received duplicate ACK for seq_num 9800
2024-10-30 15:34:37,843 - INFO - Received ACK for seq_num 9800
2024-10-30 15:34:37,843 - INFO - Received duplicate ACK for seq_num 9800
2024-10-30 15:34:37,844 - INFO - Received ACK for seq_num 9800
2024-10-30 15:34:37,844 - INFO - Received duplicate ACK for seq_num 9800
2024-10-30 15:34:37,844 - INFO - Received ACK for seq_num 9800
2024-10-30 15:34:37,845 - INFO - Received duplicate ACK for seq_num 9800
2024-10-30 15:34:37,845 - INFO - Received ACK for seq_num 9800
2024-10-30 15:34:37,845 - INFO - Received duplicate ACK for seq_num 9800
2024-10-30 15:34:37,845 - INFO - Received ACK for seq_num 9800
2024-10-30 15:34:37,846 - INFO - Received duplicate ACK for seq_num 9800
2024-10-30 15:34:37,846 - INFO - Received ACK for seq_num 9800
2024-10-30 15:34:37,846 - INFO - Received duplicate ACK for seq_num 9800
2024-10-30 15:34:37,846 - INFO - Received ACK for seq_num 9800
2024-10-30 15:34:37,846 - INFO - Received duplicate ACK for seq_num 9800
2024-10-30 15:34:37,847 - INFO - Received ACK for seq_num 9800
2024-10-30 15:34:37,847 - INFO - Received duplicate ACK for seq_num 9800
2024-10-30 15:34:37,847 - INFO - Received ACK for seq_num 9800
2024-10-30 15:34:37,847 - INFO - Received duplicate ACK for seq_num 9800
2024-10-30 15:34:37,847 - INFO - Received ACK for seq_num 9800
2024-10-30 15:34:37,848 - INFO - Received duplicate ACK for seq_num 9800
2024-10-30 15:34:37,848 - INFO - Received ACK for seq_num 9800
2024-10-30 15:34:37,848 - INFO - Received duplicate ACK for seq_num 9800
2024-10-30 15:34:37,849 - INFO - Received ACK for seq_num 9800
2024-10-30 15:34:37,850 - INFO - Received duplicate ACK for seq_num 9800
2024-10-30 15:34:37,850 - INFO - Received ACK for seq_num 9800
2024-10-30 15:34:37,850 - INFO - Received duplicate ACK for seq_num 9800
2024-10-30 15:34:37,850 - INFO - Received ACK for seq_num 9800
2024-10-30 15:34:37,850 - INFO - Received duplicate ACK for seq_num 9800
2024-10-30 15:34:37,850 - INFO - Received ACK for seq_num 9800
2024-10-30 15:34:37,850 - INFO - Received duplicate ACK for seq_num 9800
2024-10-30 15:34:37,851 - INFO - Received ACK for seq_num 9800
2024-10-30 15:34:37,851 - INFO - Received duplicate ACK for seq_num 9800
2024-10-30 15:34:37,851 - INFO - Received ACK for seq_num 9800
2024-10-30 15:34:37,851 - INFO - Received duplicate ACK for seq_num 9800
2024-10-30 15:34:37,851 - INFO - Received ACK for seq_num 9800
2024-10-30 15:34:37,852 - INFO - Received duplicate ACK for seq_num 9800
2024-10-30 15:34:37,852 - INFO - Received ACK for seq_num 9800
2024-10-30 15:34:37,852 - INFO - Received duplicate ACK for seq_num 9800
2024-10-30 15:34:37,853 - INFO - Received ACK for seq_num 9800
2024-10-30 15:34:37,853 - INFO - Received duplicate ACK for seq_num 9800
2024-10-30 15:34:37,853 - INFO - Received ACK for seq_num 9800
2024-10-30 15:34:37,853 - INFO - Received duplicate ACK for seq_num 9800
2024-10-30 15:34:37,853 - INFO - Received ACK for seq_num 9800
2024-10-30 15:34:37,853 - INFO - Received duplicate ACK for seq_num 9800
2024-10-30 15:34:37,854 - INFO - Received ACK for seq_num 9800
2024-10-30 15:34:37,854 - INFO - Received duplicate ACK for seq_num 9800
2024-10-30 15:34:37,854 - INFO - Received ACK for seq_num 9800
2024-10-30 15:34:37,854 - INFO - Received duplicate ACK for seq_num 9800
2024-10-30 15:34:37,855 - INFO - Received ACK for seq_num 9800
2024-10-30 15:34:37,855 - INFO - Received duplicate ACK for seq_num 9800
2024-10-30 15:34:37,855 - INFO - Received ACK for seq_num 9800
2024-10-30 15:34:37,855 - INFO - Received duplicate ACK for seq_num 9800
2024-10-30 15:34:37,856 - INFO - Received ACK for seq_num 9800
2024-10-30 15:34:37,856 - INFO - Received duplicate ACK for seq_num 9800
2024-10-30 15:34:37,856 - INFO - Received ACK for seq_num 9800
2024-10-30 15:34:37,856 - INFO - Received duplicate ACK for seq_num 9800
2024-10-30 15:34:37,856 - INFO - Received ACK for seq_num 9800
2024-10-30 15:34:37,857 - INFO - Received duplicate ACK for seq_num 9800
2024-10-30 15:34:37,857 - INFO - Received ACK for seq_num 9800
2024-10-30 15:34:37,857 - INFO - Received duplicate ACK for seq_num 9800
2024-10-30 15:34:37,857 - INFO - Received ACK for seq_num 9800
2024-10-30 15:34:37,857 - INFO - Received duplicate ACK for seq_num 9800
2024-10-30 15:34:37,858 - INFO - Received ACK for seq_num 9800
2024-10-30 15:34:37,858 - INFO - Received duplicate ACK for seq_num 9800
2024-10-30 15:34:37,858 - INFO - Received ACK for seq_num 9800
2024-10-30 15:34:37,858 - INFO - Received duplicate ACK for seq_num 9800
2024-10-30 15:34:37,858 - INFO - Received ACK for seq_num 9800
2024-10-30 15:34:37,859 - INFO - Received duplicate ACK for seq_num 9800
2024-10-30 15:34:37,859 - INFO - Received ACK for seq_num 9800
2024-10-30 15:34:37,859 - INFO - Received duplicate ACK for seq_num 9800
2024-10-30 15:34:37,859 - INFO - Received ACK for seq_num 9800
2024-10-30 15:34:37,859 - INFO - Received duplicate ACK for seq_num 9800
2024-10-30 15:34:37,860 - INFO - Received ACK for seq_num 9800
2024-10-30 15:34:37,860 - INFO - Received duplicate ACK for seq_num 9800
2024-10-30 15:34:37,860 - INFO - Received ACK for seq_num 9800
2024-10-30 15:34:37,860 - INFO - Received duplicate ACK for seq_num 9800
2024-10-30 15:34:37,860 - INFO - Received ACK for seq_num 9800
2024-10-30 15:34:37,861 - INFO - Received duplicate ACK for seq_num 9800
2024-10-30 15:34:37,861 - INFO - Received ACK for seq_num 9800
2024-10-30 15:34:37,861 - INFO - Received duplicate ACK for seq_num 9800
2024-10-30 15:34:37,861 - INFO - Received ACK for seq_num 9800
2024-10-30 15:34:37,861 - INFO - Received duplicate ACK for seq_num 9800
2024-10-30 15:34:37,862 - INFO - Received ACK for seq_num 9800
2024-10-30 15:34:37,862 - INFO - Received duplicate ACK for seq_num 9800
2024-10-30 15:34:37,862 - INFO - Received ACK for seq_num 9800
2024-10-30 15:34:37,862 - INFO - Received duplicate ACK for seq_num 9800
2024-10-30 15:34:37,862 - INFO - Received ACK for seq_num 9800
2024-10-30 15:34:37,862 - INFO - Received duplicate ACK for seq_num 9800
2024-10-30 15:34:37,863 - INFO - Received ACK for seq_num 9800
2024-10-30 15:34:37,863 - INFO - Received duplicate ACK for seq_num 9800
2024-10-30 15:34:37,863 - INFO - Received ACK for seq_num 9800
2024-10-30 15:34:37,863 - INFO - Received duplicate ACK for seq_num 9800
2024-10-30 15:34:37,863 - INFO - Received ACK for seq_num 9800
2024-10-30 15:34:37,863 - INFO - Received duplicate ACK for seq_num 9800
2024-10-30 15:34:37,864 - INFO - Received ACK for seq_num 9800
2024-10-30 15:34:37,864 - INFO - Received duplicate ACK for seq_num 9800
2024-10-30 15:34:37,864 - INFO - Received ACK for seq_num 9800
2024-10-30 15:34:37,864 - INFO - Received duplicate ACK for seq_num 9800
2024-10-30 15:34:37,865 - INFO - Received ACK for seq_num 9800
2024-10-30 15:34:37,865 - INFO - Received duplicate ACK for seq_num 9800
2024-10-30 15:34:37,865 - INFO - Received ACK for seq_num 9800
2024-10-30 15:34:37,865 - INFO - Received duplicate ACK for seq_num 9800
2024-10-30 15:34:37,866 - INFO - Received ACK for seq_num 9800
2024-10-30 15:34:37,866 - INFO - Received duplicate ACK for seq_num 9800
2024-10-30 15:34:37,866 - INFO - Received ACK for seq_num 9800
2024-10-30 15:34:37,866 - INFO - Received duplicate ACK for seq_num 9800
2024-10-30 15:34:37,866 - INFO - Received ACK for seq_num 9800
2024-10-30 15:34:37,866 - INFO - Received duplicate ACK for seq_num 9800
2024-10-30 15:34:38,779 - WARNING - Timeout occurred for seq_num 11200
2024-10-30 15:34:38,779 - INFO - Resent packet with seq_num 11200 (retransmission count: 1)
2024-10-30 15:34:38,779 - WARNING - Timeout occurred for seq_num 12600
2024-10-30 15:34:38,780 - INFO - Resent packet with seq_num 12600 (retransmission count: 1)
2024-10-30 15:34:38,780 - WARNING - Timeout occurred for seq_num 14000
2024-10-30 15:34:38,780 - INFO - Resent packet with seq_num 14000 (retransmission count: 1)
2024-10-30 15:34:38,780 - WARNING - Timeout occurred for seq_num 15400
2024-10-30 15:34:38,780 - INFO - Resent packet with seq_num 15400 (retransmission count: 1)
2024-10-30 15:34:38,780 - WARNING - Timeout occurred for seq_num 16800
2024-10-30 15:34:38,780 - INFO - Resent packet with seq_num 16800 (retransmission count: 1)
2024-10-30 15:34:38,781 - WARNING - Timeout occurred for seq_num 18200
2024-10-30 15:34:38,781 - INFO - Resent packet with seq_num 18200 (retransmission count: 1)
2024-10-30 15:34:38,781 - WARNING - Timeout occurred for seq_num 19600
2024-10-30 15:34:38,781 - INFO - Resent packet with seq_num 19600 (retransmission count: 1)
2024-10-30 15:34:38,781 - WARNING - Timeout occurred for seq_num 21000
2024-10-30 15:34:38,781 - INFO - Resent packet with seq_num 21000 (retransmission count: 1)
2024-10-30 15:34:38,781 - WARNING - Timeout occurred for seq_num 22400
2024-10-30 15:34:38,782 - INFO - Resent packet with seq_num 22400 (retransmission count: 1)
2024-10-30 15:34:38,782 - WARNING - Timeout occurred for seq_num 23800
2024-10-30 15:34:38,782 - INFO - Resent packet with seq_num 23800 (retransmission count: 1)
2024-10-30 15:34:38,782 - WARNING - Timeout occurred for seq_num 25200
2024-10-30 15:34:38,782 - INFO - Resent packet with seq_num 25200 (retransmission count: 1)
2024-10-30 15:34:38,782 - WARNING - Timeout occurred for seq_num 26600
2024-10-30 15:34:38,783 - INFO - Resent packet with seq_num 26600 (retransmission count: 1)
2024-10-30 15:34:38,783 - WARNING - Timeout occurred for seq_num 28000
2024-10-30 15:34:38,783 - INFO - Resent packet with seq_num 28000 (retransmission count: 1)
2024-10-30 15:34:38,783 - WARNING - Timeout occurred for seq_num 29400
2024-10-30 15:34:38,783 - INFO - Resent packet with seq_num 29400 (retransmission count: 1)
2024-10-30 15:34:38,783 - WARNING - Timeout occurred for seq_num 30800
2024-10-30 15:34:38,784 - INFO - Resent packet with seq_num 30800 (retransmission count: 1)
2024-10-30 15:34:38,784 - WARNING - Timeout occurred for seq_num 32200
2024-10-30 15:34:38,784 - INFO - Resent packet with seq_num 32200 (retransmission count: 1)
2024-10-30 15:34:38,784 - WARNING - Timeout occurred for seq_num 33600
2024-10-30 15:34:38,784 - INFO - Resent packet with seq_num 33600 (retransmission count: 1)
2024-10-30 15:34:38,784 - WARNING - Timeout occurred for seq_num 35000
2024-10-30 15:34:38,784 - INFO - Resent packet with seq_num 35000 (retransmission count: 1)
2024-10-30 15:34:38,784 - WARNING - Timeout occurred for seq_num 36400
2024-10-30 15:34:38,785 - INFO - Resent packet with seq_num 36400 (retransmission count: 1)
2024-10-30 15:34:38,785 - WARNING - Timeout occurred for seq_num 37800
2024-10-30 15:34:38,785 - INFO - Resent packet with seq_num 37800 (retransmission count: 1)
2024-10-30 15:34:38,785 - WARNING - Timeout occurred for seq_num 39200
2024-10-30 15:34:38,785 - INFO - Resent packet with seq_num 39200 (retransmission count: 1)
2024-10-30 15:34:38,785 - WARNING - Timeout occurred for seq_num 40600
2024-10-30 15:34:38,786 - INFO - Resent packet with seq_num 40600 (retransmission count: 1)
2024-10-30 15:34:38,786 - WARNING - Timeout occurred for seq_num 42000
2024-10-30 15:34:38,786 - INFO - Resent packet with seq_num 42000 (retransmission count: 1)
2024-10-30 15:34:38,786 - WARNING - Timeout occurred for seq_num 43400
2024-10-30 15:34:38,786 - INFO - Resent packet with seq_num 43400 (retransmission count: 1)
2024-10-30 15:34:38,786 - WARNING - Timeout occurred for seq_num 44800
2024-10-30 15:34:38,786 - INFO - Resent packet with seq_num 44800 (retransmission count: 1)
2024-10-30 15:34:38,786 - WARNING - Timeout occurred for seq_num 46200
2024-10-30 15:34:38,787 - INFO - Resent packet with seq_num 46200 (retransmission count: 1)
2024-10-30 15:34:38,787 - WARNING - Timeout occurred for seq_num 47600
2024-10-30 15:34:38,787 - INFO - Resent packet with seq_num 47600 (retransmission count: 1)
2024-10-30 15:34:38,787 - WARNING - Timeout occurred for seq_num 49000
2024-10-30 15:34:38,787 - INFO - Resent packet with seq_num 49000 (retransmission count: 1)
2024-10-30 15:34:38,787 - WARNING - Timeout occurred for seq_num 50400
2024-10-30 15:34:38,787 - INFO - Resent packet with seq_num 50400 (retransmission count: 1)
2024-10-30 15:34:38,788 - WARNING - Timeout occurred for seq_num 51800
2024-10-30 15:34:38,788 - INFO - Resent packet with seq_num 51800 (retransmission count: 1)
2024-10-30 15:34:38,788 - WARNING - Timeout occurred for seq_num 53200
2024-10-30 15:34:38,788 - INFO - Resent packet with seq_num 53200 (retransmission count: 1)
2024-10-30 15:34:38,788 - WARNING - Timeout occurred for seq_num 54600
2024-10-30 15:34:38,788 - INFO - Resent packet with seq_num 54600 (retransmission count: 1)
2024-10-30 15:34:38,788 - WARNING - Timeout occurred for seq_num 56000
2024-10-30 15:34:38,788 - INFO - Resent packet with seq_num 56000 (retransmission count: 1)
2024-10-30 15:34:38,789 - WARNING - Timeout occurred for seq_num 57400
2024-10-30 15:34:38,789 - INFO - Resent packet with seq_num 57400 (retransmission count: 1)
2024-10-30 15:34:38,789 - WARNING - Timeout occurred for seq_num 58800
2024-10-30 15:34:38,789 - INFO - Resent packet with seq_num 58800 (retransmission count: 1)
2024-10-30 15:34:38,789 - WARNING - Timeout occurred for seq_num 60200
2024-10-30 15:34:38,789 - INFO - Resent packet with seq_num 60200 (retransmission count: 1)
2024-10-30 15:34:38,789 - WARNING - Timeout occurred for seq_num 61600
2024-10-30 15:34:38,790 - INFO - Resent packet with seq_num 61600 (retransmission count: 1)
2024-10-30 15:34:38,790 - WARNING - Timeout occurred for seq_num 63000
2024-10-30 15:34:38,790 - INFO - Resent packet with seq_num 63000 (retransmission count: 1)
2024-10-30 15:34:38,790 - WARNING - Timeout occurred for seq_num 64400
2024-10-30 15:34:38,790 - INFO - Resent packet with seq_num 64400 (retransmission count: 1)
2024-10-30 15:34:38,790 - WARNING - Timeout occurred for seq_num 65800
2024-10-30 15:34:38,790 - INFO - Resent packet with seq_num 65800 (retransmission count: 1)
2024-10-30 15:34:38,791 - WARNING - Timeout occurred for seq_num 67200
2024-10-30 15:34:38,791 - INFO - Resent packet with seq_num 67200 (retransmission count: 1)
2024-10-30 15:34:38,791 - WARNING - Timeout occurred for seq_num 68600
2024-10-30 15:34:38,791 - INFO - Resent packet with seq_num 68600 (retransmission count: 1)
2024-10-30 15:34:38,791 - WARNING - Timeout occurred for seq_num 70000
2024-10-30 15:34:38,791 - INFO - Resent packet with seq_num 70000 (retransmission count: 1)
2024-10-30 15:34:38,791 - WARNING - Timeout occurred for seq_num 71400
2024-10-30 15:34:38,791 - INFO - Resent packet with seq_num 71400 (retransmission count: 1)
2024-10-30 15:34:38,792 - WARNING - Timeout occurred for seq_num 72800
2024-10-30 15:34:38,792 - INFO - Resent packet with seq_num 72800 (retransmission count: 1)
2024-10-30 15:34:38,792 - WARNING - Timeout occurred for seq_num 74200
2024-10-30 15:34:38,792 - INFO - Resent packet with seq_num 74200 (retransmission count: 1)
2024-10-30 15:34:38,792 - WARNING - Timeout occurred for seq_num 75600
2024-10-30 15:34:38,792 - INFO - Resent packet with seq_num 75600 (retransmission count: 1)
2024-10-30 15:34:38,792 - WARNING - Timeout occurred for seq_num 77000
2024-10-30 15:34:38,792 - INFO - Resent packet with seq_num 77000 (retransmission count: 1)
2024-10-30 15:34:38,793 - WARNING - Timeout occurred for seq_num 78400
2024-10-30 15:34:38,793 - INFO - Resent packet with seq_num 78400 (retransmission count: 1)
2024-10-30 15:34:38,793 - WARNING - Timeout occurred for seq_num 79800
2024-10-30 15:34:38,793 - INFO - Resent packet with seq_num 79800 (retransmission count: 1)
2024-10-30 15:34:38,793 - WARNING - Timeout occurred for seq_num 81200
2024-10-30 15:34:38,793 - INFO - Resent packet with seq_num 81200 (retransmission count: 1)
2024-10-30 15:34:38,793 - WARNING - Timeout occurred for seq_num 82600
2024-10-30 15:34:38,794 - INFO - Resent packet with seq_num 82600 (retransmission count: 1)
2024-10-30 15:34:38,794 - WARNING - Timeout occurred for seq_num 84000
2024-10-30 15:34:38,794 - INFO - Resent packet with seq_num 84000 (retransmission count: 1)
2024-10-30 15:34:38,794 - WARNING - Timeout occurred for seq_num 85400
2024-10-30 15:34:38,794 - INFO - Resent packet with seq_num 85400 (retransmission count: 1)
2024-10-30 15:34:38,794 - WARNING - Timeout occurred for seq_num 86800
2024-10-30 15:34:38,794 - INFO - Resent packet with seq_num 86800 (retransmission count: 1)
2024-10-30 15:34:38,794 - WARNING - Timeout occurred for seq_num 88200
2024-10-30 15:34:38,795 - INFO - Resent packet with seq_num 88200 (retransmission count: 1)
2024-10-30 15:34:38,795 - WARNING - Timeout occurred for seq_num 89600
2024-10-30 15:34:38,795 - INFO - Resent packet with seq_num 89600 (retransmission count: 1)
2024-10-30 15:34:38,795 - WARNING - Timeout occurred for seq_num 91000
2024-10-30 15:34:38,795 - INFO - Resent packet with seq_num 91000 (retransmission count: 1)
2024-10-30 15:34:38,795 - WARNING - Timeout occurred for seq_num 92400
2024-10-30 15:34:38,795 - INFO - Resent packet with seq_num 92400 (retransmission count: 1)
2024-10-30 15:34:38,795 - WARNING - Timeout occurred for seq_num 93800
2024-10-30 15:34:38,796 - INFO - Resent packet with seq_num 93800 (retransmission count: 1)
2024-10-30 15:34:38,796 - WARNING - Timeout occurred for seq_num 95200
2024-10-30 15:34:38,796 - INFO - Resent packet with seq_num 95200 (retransmission count: 1)
2024-10-30 15:34:38,796 - WARNING - Timeout occurred for seq_num 96600
2024-10-30 15:34:38,796 - INFO - Resent packet with seq_num 96600 (retransmission count: 1)
2024-10-30 15:34:38,796 - WARNING - Timeout occurred for seq_num 98000
2024-10-30 15:34:38,796 - INFO - Resent packet with seq_num 98000 (retransmission count: 1)
2024-10-30 15:34:38,796 - WARNING - Timeout occurred for seq_num 99400
2024-10-30 15:34:38,797 - INFO - Resent packet with seq_num 99400 (retransmission count: 1)
2024-10-30 15:34:38,797 - WARNING - Timeout occurred for seq_num 100800
2024-10-30 15:34:38,797 - INFO - Resent packet with seq_num 100800 (retransmission count: 1)
2024-10-30 15:34:38,797 - WARNING - Timeout occurred for seq_num 102200
2024-10-30 15:34:38,797 - INFO - Resent packet with seq_num 102200 (retransmission count: 1)
2024-10-30 15:34:38,797 - WARNING - Timeout occurred for seq_num 103600
2024-10-30 15:34:38,797 - INFO - Resent packet with seq_num 103600 (retransmission count: 1)
2024-10-30 15:34:38,797 - WARNING - Timeout occurred for seq_num 105000
2024-10-30 15:34:38,798 - INFO - Resent packet with seq_num 105000 (retransmission count: 1)
2024-10-30 15:34:38,798 - WARNING - Timeout occurred for seq_num 106400
2024-10-30 15:34:38,798 - INFO - Resent packet with seq_num 106400 (retransmission count: 1)
2024-10-30 15:34:38,798 - WARNING - Timeout occurred for seq_num 107800
2024-10-30 15:34:38,798 - INFO - Resent packet with seq_num 107800 (retransmission count: 1)
2024-10-30 15:34:38,798 - WARNING - Timeout occurred for seq_num 109200
2024-10-30 15:34:38,798 - INFO - Resent packet with seq_num 109200 (retransmission count: 1)
2024-10-30 15:34:38,798 - WARNING - Timeout occurred for seq_num 110600
2024-10-30 15:34:38,799 - INFO - Resent packet with seq_num 110600 (retransmission count: 1)
2024-10-30 15:34:38,799 - WARNING - Timeout occurred for seq_num 112000
2024-10-30 15:34:38,799 - INFO - Resent packet with seq_num 112000 (retransmission count: 1)
2024-10-30 15:34:38,799 - WARNING - Timeout occurred for seq_num 113400
2024-10-30 15:34:38,799 - INFO - Resent packet with seq_num 113400 (retransmission count: 1)
2024-10-30 15:34:38,799 - WARNING - Timeout occurred for seq_num 114800
2024-10-30 15:34:38,800 - INFO - Resent packet with seq_num 114800 (retransmission count: 1)
2024-10-30 15:34:38,800 - WARNING - Timeout occurred for seq_num 116200
2024-10-30 15:34:38,800 - INFO - Resent packet with seq_num 116200 (retransmission count: 1)
2024-10-30 15:34:38,800 - WARNING - Timeout occurred for seq_num 117600
2024-10-30 15:34:38,800 - INFO - Resent packet with seq_num 117600 (retransmission count: 1)
2024-10-30 15:34:38,801 - WARNING - Timeout occurred for seq_num 119000
2024-10-30 15:34:38,801 - INFO - Resent packet with seq_num 119000 (retransmission count: 1)
2024-10-30 15:34:38,801 - WARNING - Timeout occurred for seq_num 120400
2024-10-30 15:34:38,801 - INFO - Resent packet with seq_num 120400 (retransmission count: 1)
2024-10-30 15:34:38,801 - WARNING - Timeout occurred for seq_num 121800
2024-10-30 15:34:38,802 - INFO - Resent packet with seq_num 121800 (retransmission count: 1)
2024-10-30 15:34:38,802 - WARNING - Timeout occurred for seq_num 123200
2024-10-30 15:34:38,802 - INFO - Resent packet with seq_num 123200 (retransmission count: 1)
2024-10-30 15:34:38,802 - WARNING - Timeout occurred for seq_num 124600
2024-10-30 15:34:38,802 - INFO - Resent packet with seq_num 124600 (retransmission count: 1)
2024-10-30 15:34:38,803 - WARNING - Timeout occurred for seq_num 126000
2024-10-30 15:34:38,803 - INFO - Resent packet with seq_num 126000 (retransmission count: 1)
2024-10-30 15:34:38,803 - WARNING - Timeout occurred for seq_num 127400
2024-10-30 15:34:38,803 - INFO - Resent packet with seq_num 127400 (retransmission count: 1)
2024-10-30 15:34:38,803 - WARNING - Timeout occurred for seq_num 128800
2024-10-30 15:34:38,803 - INFO - Resent packet with seq_num 128800 (retransmission count: 1)
2024-10-30 15:34:38,804 - WARNING - Timeout occurred for seq_num 130200
2024-10-30 15:34:38,804 - INFO - Resent packet with seq_num 130200 (retransmission count: 1)
2024-10-30 15:34:38,804 - WARNING - Timeout occurred for seq_num 131600
2024-10-30 15:34:38,804 - INFO - Resent packet with seq_num 131600 (retransmission count: 1)
2024-10-30 15:34:38,804 - WARNING - Timeout occurred for seq_num 133000
2024-10-30 15:34:38,805 - INFO - Resent packet with seq_num 133000 (retransmission count: 1)
2024-10-30 15:34:38,805 - WARNING - Timeout occurred for seq_num 134400
2024-10-30 15:34:38,805 - INFO - Resent packet with seq_num 134400 (retransmission count: 1)
2024-10-30 15:34:38,805 - WARNING - Timeout occurred for seq_num 135800
2024-10-30 15:34:38,806 - INFO - Resent packet with seq_num 135800 (retransmission count: 1)
2024-10-30 15:34:38,806 - WARNING - Timeout occurred for seq_num 137200
2024-10-30 15:34:38,806 - INFO - Resent packet with seq_num 137200 (retransmission count: 1)
2024-10-30 15:34:38,806 - WARNING - Timeout occurred for seq_num 138600
2024-10-30 15:34:38,807 - INFO - Resent packet with seq_num 138600 (retransmission count: 1)
2024-10-30 15:34:38,807 - WARNING - Timeout occurred for seq_num 140000
2024-10-30 15:34:38,807 - INFO - Resent packet with seq_num 140000 (retransmission count: 1)
2024-10-30 15:34:38,807 - WARNING - Timeout occurred for seq_num 141400
2024-10-30 15:34:38,808 - INFO - Resent packet with seq_num 141400 (retransmission count: 1)
2024-10-30 15:34:38,808 - WARNING - Timeout occurred for seq_num 142800
2024-10-30 15:34:38,808 - INFO - Resent packet with seq_num 142800 (retransmission count: 1)
2024-10-30 15:34:38,808 - WARNING - Timeout occurred for seq_num 144200
2024-10-30 15:34:38,808 - INFO - Resent packet with seq_num 144200 (retransmission count: 1)
2024-10-30 15:34:38,809 - WARNING - Timeout occurred for seq_num 145600
2024-10-30 15:34:38,809 - INFO - Resent packet with seq_num 145600 (retransmission count: 1)
2024-10-30 15:34:38,809 - WARNING - Timeout occurred for seq_num 147000
2024-10-30 15:34:38,809 - INFO - Resent packet with seq_num 147000 (retransmission count: 1)
2024-10-30 15:34:38,809 - WARNING - Timeout occurred for seq_num 148400
2024-10-30 15:34:38,810 - INFO - Resent packet with seq_num 148400 (retransmission count: 1)
2024-10-30 15:34:38,810 - WARNING - Timeout occurred for seq_num 149800
2024-10-30 15:34:38,810 - INFO - Resent packet with seq_num 149800 (retransmission count: 1)
2024-10-30 15:34:38,810 - WARNING - Timeout occurred for seq_num 151200
2024-10-30 15:34:38,810 - INFO - Resent packet with seq_num 151200 (retransmission count: 1)
2024-10-30 15:34:38,811 - WARNING - Timeout occurred for seq_num 152600
2024-10-30 15:34:38,811 - INFO - Resent packet with seq_num 152600 (retransmission count: 1)
2024-10-30 15:34:38,811 - WARNING - Timeout occurred for seq_num 154000
2024-10-30 15:34:38,811 - INFO - Resent packet with seq_num 154000 (retransmission count: 1)
2024-10-30 15:34:38,811 - WARNING - Timeout occurred for seq_num 155400
2024-10-30 15:34:38,812 - INFO - Resent packet with seq_num 155400 (retransmission count: 1)
2024-10-30 15:34:38,812 - WARNING - Timeout occurred for seq_num 156800
2024-10-30 15:34:38,812 - INFO - Resent packet with seq_num 156800 (retransmission count: 1)
2024-10-30 15:34:38,813 - WARNING - Timeout occurred for seq_num 158200
2024-10-30 15:34:38,813 - INFO - Resent packet with seq_num 158200 (retransmission count: 1)
2024-10-30 15:34:38,813 - WARNING - Timeout occurred for seq_num 159600
2024-10-30 15:34:38,813 - INFO - Resent packet with seq_num 159600 (retransmission count: 1)
2024-10-30 15:34:38,813 - WARNING - Timeout occurred for seq_num 161000
2024-10-30 15:34:38,814 - INFO - Resent packet with seq_num 161000 (retransmission count: 1)
2024-10-30 15:34:38,814 - WARNING - Timeout occurred for seq_num 162400
2024-10-30 15:34:38,814 - INFO - Resent packet with seq_num 162400 (retransmission count: 1)
2024-10-30 15:34:38,814 - WARNING - Timeout occurred for seq_num 163800
2024-10-30 15:34:38,815 - INFO - Resent packet with seq_num 163800 (retransmission count: 1)
2024-10-30 15:34:38,815 - WARNING - Timeout occurred for seq_num 165200
2024-10-30 15:34:38,815 - INFO - Resent packet with seq_num 165200 (retransmission count: 1)
2024-10-30 15:34:38,815 - WARNING - Timeout occurred for seq_num 166600
2024-10-30 15:34:38,815 - INFO - Resent packet with seq_num 166600 (retransmission count: 1)
2024-10-30 15:34:38,816 - WARNING - Timeout occurred for seq_num 168000
2024-10-30 15:34:38,816 - INFO - Resent packet with seq_num 168000 (retransmission count: 1)
2024-10-30 15:34:38,816 - WARNING - Timeout occurred for seq_num 169400
2024-10-30 15:34:38,816 - INFO - Resent packet with seq_num 169400 (retransmission count: 1)
2024-10-30 15:34:38,816 - WARNING - Timeout occurred for seq_num 170800
2024-10-30 15:34:38,817 - INFO - Resent packet with seq_num 170800 (retransmission count: 1)
2024-10-30 15:34:38,817 - WARNING - Timeout occurred for seq_num 172200
2024-10-30 15:34:38,817 - INFO - Resent packet with seq_num 172200 (retransmission count: 1)
2024-10-30 15:34:38,817 - WARNING - Timeout occurred for seq_num 173600
2024-10-30 15:34:38,818 - INFO - Resent packet with seq_num 173600 (retransmission count: 1)
2024-10-30 15:34:38,818 - WARNING - Timeout occurred for seq_num 175000
2024-10-30 15:34:38,818 - INFO - Resent packet with seq_num 175000 (retransmission count: 1)
2024-10-30 15:34:38,818 - WARNING - Timeout occurred for seq_num 176400
2024-10-30 15:34:38,818 - INFO - Resent packet with seq_num 176400 (retransmission count: 1)
2024-10-30 15:34:38,819 - WARNING - Timeout occurred for seq_num 177800
2024-10-30 15:34:38,819 - INFO - Resent packet with seq_num 177800 (retransmission count: 1)
2024-10-30 15:34:38,819 - WARNING - Timeout occurred for seq_num 179200
2024-10-30 15:34:38,819 - INFO - Resent packet with seq_num 179200 (retransmission count: 1)
2024-10-30 15:34:38,819 - WARNING - Timeout occurred for seq_num 180600
2024-10-30 15:34:38,819 - INFO - Resent packet with seq_num 180600 (retransmission count: 1)
2024-10-30 15:34:38,820 - WARNING - Timeout occurred for seq_num 182000
2024-10-30 15:34:38,820 - INFO - Resent packet with seq_num 182000 (retransmission count: 1)
2024-10-30 15:34:38,820 - INFO - Received ACK for seq_num 12600
2024-10-30 15:34:38,820 - INFO - Received new ACK for seq_num 12600
2024-10-30 15:34:38,820 - INFO - Removed packet with seq_num 11200 from packet_map
2024-10-30 15:34:38,821 - INFO - Removed packet with seq_num 12600 from packet_map
2024-10-30 15:34:38,821 - INFO - Received ACK for seq_num 12600
2024-10-30 15:34:38,821 - INFO - Received duplicate ACK for seq_num 12600
2024-10-30 15:34:38,821 - INFO - Received ACK for seq_num 18200
2024-10-30 15:34:38,821 - INFO - Received new ACK for seq_num 18200
2024-10-30 15:34:38,822 - INFO - Removed packet with seq_num 14000 from packet_map
2024-10-30 15:34:38,822 - INFO - Removed packet with seq_num 15400 from packet_map
2024-10-30 15:34:38,822 - INFO - Removed packet with seq_num 16800 from packet_map
2024-10-30 15:34:38,822 - INFO - Removed packet with seq_num 18200 from packet_map
2024-10-30 15:34:38,822 - INFO - Received ACK for seq_num 18200
2024-10-30 15:34:38,822 - INFO - Received duplicate ACK for seq_num 18200
2024-10-30 15:34:38,823 - INFO - Received ACK for seq_num 18200
2024-10-30 15:34:38,823 - INFO - Received duplicate ACK for seq_num 18200
2024-10-30 15:34:38,823 - INFO - Received ACK for seq_num 18200
2024-10-30 15:34:38,823 - INFO - Received duplicate ACK for seq_num 18200
2024-10-30 15:34:38,824 - INFO - Received ACK for seq_num 26600
2024-10-30 15:34:38,824 - INFO - Received new ACK for seq_num 26600
2024-10-30 15:34:38,824 - INFO - Removed packet with seq_num 19600 from packet_map
2024-10-30 15:34:38,824 - INFO - Removed packet with seq_num 21000 from packet_map
2024-10-30 15:34:38,824 - INFO - Removed packet with seq_num 22400 from packet_map
2024-10-30 15:34:38,824 - INFO - Removed packet with seq_num 23800 from packet_map
2024-10-30 15:34:38,824 - INFO - Removed packet with seq_num 25200 from packet_map
2024-10-30 15:34:38,824 - INFO - Removed packet with seq_num 26600 from packet_map
2024-10-30 15:34:38,825 - INFO - Received ACK for seq_num 26600
2024-10-30 15:34:38,825 - INFO - Received duplicate ACK for seq_num 26600
2024-10-30 15:34:38,825 - INFO - Received ACK for seq_num 26600
2024-10-30 15:34:38,825 - INFO - Received duplicate ACK for seq_num 26600
2024-10-30 15:34:38,828 - INFO - Received ACK for seq_num 26600
2024-10-30 15:34:38,829 - INFO - Received duplicate ACK for seq_num 26600
2024-10-30 15:34:38,829 - INFO - Received ACK for seq_num 26600
2024-10-30 15:34:38,829 - INFO - Received duplicate ACK for seq_num 26600
2024-10-30 15:34:38,830 - INFO - Received ACK for seq_num 51800
2024-10-30 15:34:38,830 - INFO - Received new ACK for seq_num 51800
2024-10-30 15:34:38,830 - INFO - Removed packet with seq_num 28000 from packet_map
2024-10-30 15:34:38,831 - INFO - Removed packet with seq_num 29400 from packet_map
2024-10-30 15:34:38,831 - INFO - Removed packet with seq_num 30800 from packet_map
2024-10-30 15:34:38,831 - INFO - Removed packet with seq_num 32200 from packet_map
2024-10-30 15:34:38,831 - INFO - Removed packet with seq_num 33600 from packet_map
2024-10-30 15:34:38,832 - INFO - Removed packet with seq_num 35000 from packet_map
2024-10-30 15:34:38,832 - INFO - Removed packet with seq_num 36400 from packet_map
2024-10-30 15:34:38,832 - INFO - Removed packet with seq_num 37800 from packet_map
2024-10-30 15:34:38,832 - INFO - Removed packet with seq_num 39200 from packet_map
2024-10-30 15:34:38,832 - INFO - Removed packet with seq_num 40600 from packet_map
2024-10-30 15:34:38,832 - INFO - Removed packet with seq_num 42000 from packet_map
2024-10-30 15:34:38,832 - INFO - Removed packet with seq_num 43400 from packet_map
2024-10-30 15:34:38,832 - INFO - Removed packet with seq_num 44800 from packet_map
2024-10-30 15:34:38,832 - INFO - Removed packet with seq_num 46200 from packet_map
2024-10-30 15:34:38,832 - INFO - Removed packet with seq_num 47600 from packet_map
2024-10-30 15:34:38,833 - INFO - Removed packet with seq_num 49000 from packet_map
2024-10-30 15:34:38,833 - INFO - Removed packet with seq_num 50400 from packet_map
2024-10-30 15:34:38,833 - INFO - Removed packet with seq_num 51800 from packet_map
2024-10-30 15:34:38,833 - INFO - Received ACK for seq_num 51800
2024-10-30 15:34:38,833 - INFO - Received duplicate ACK for seq_num 51800
2024-10-30 15:34:38,833 - INFO - Received ACK for seq_num 51800
2024-10-30 15:34:38,833 - INFO - Received duplicate ACK for seq_num 51800
2024-10-30 15:34:38,834 - INFO - Received ACK for seq_num 51800
2024-10-30 15:34:38,834 - INFO - Received duplicate ACK for seq_num 51800
2024-10-30 15:34:38,834 - INFO - Received ACK for seq_num 51800
2024-10-30 15:34:38,834 - INFO - Received duplicate ACK for seq_num 51800
2024-10-30 15:34:38,834 - INFO - Received ACK for seq_num 51800
2024-10-30 15:34:38,834 - INFO - Received duplicate ACK for seq_num 51800
2024-10-30 15:34:38,835 - INFO - Received ACK for seq_num 51800
2024-10-30 15:34:38,835 - INFO - Received duplicate ACK for seq_num 51800
2024-10-30 15:34:38,835 - INFO - Received ACK for seq_num 51800
2024-10-30 15:34:38,835 - INFO - Received duplicate ACK for seq_num 51800
2024-10-30 15:34:38,835 - INFO - Received ACK for seq_num 51800
2024-10-30 15:34:38,835 - INFO - Received duplicate ACK for seq_num 51800
2024-10-30 15:34:38,836 - INFO - Received ACK for seq_num 51800
2024-10-30 15:34:38,836 - INFO - Received duplicate ACK for seq_num 51800
2024-10-30 15:34:38,836 - INFO - Received ACK for seq_num 51800
2024-10-30 15:34:38,836 - INFO - Received duplicate ACK for seq_num 51800
2024-10-30 15:34:38,837 - INFO - Received ACK for seq_num 51800
2024-10-30 15:34:38,837 - INFO - Received duplicate ACK for seq_num 51800
2024-10-30 15:34:38,837 - INFO - Received ACK for seq_num 51800
2024-10-30 15:34:38,837 - INFO - Received duplicate ACK for seq_num 51800
2024-10-30 15:34:38,838 - INFO - Received ACK for seq_num 53200
2024-10-30 15:34:38,838 - INFO - Received new ACK for seq_num 53200
2024-10-30 15:34:38,838 - INFO - Removed packet with seq_num 53200 from packet_map
2024-10-30 15:34:38,838 - INFO - Received ACK for seq_num 67200
2024-10-30 15:34:38,839 - INFO - Received new ACK for seq_num 67200
2024-10-30 15:34:38,839 - INFO - Removed packet with seq_num 54600 from packet_map
2024-10-30 15:34:38,839 - INFO - Removed packet with seq_num 56000 from packet_map
2024-10-30 15:34:38,839 - INFO - Removed packet with seq_num 57400 from packet_map
2024-10-30 15:34:38,839 - INFO - Removed packet with seq_num 58800 from packet_map
2024-10-30 15:34:38,839 - INFO - Removed packet with seq_num 60200 from packet_map
2024-10-30 15:34:38,839 - INFO - Removed packet with seq_num 61600 from packet_map
2024-10-30 15:34:38,839 - INFO - Removed packet with seq_num 63000 from packet_map
2024-10-30 15:34:38,840 - INFO - Removed packet with seq_num 64400 from packet_map
2024-10-30 15:34:38,840 - INFO - Removed packet with seq_num 65800 from packet_map
2024-10-30 15:34:38,840 - INFO - Removed packet with seq_num 67200 from packet_map
2024-10-30 15:34:38,840 - INFO - Received ACK for seq_num 67200
2024-10-30 15:34:38,840 - INFO - Received duplicate ACK for seq_num 67200
2024-10-30 15:34:38,840 - INFO - Received ACK for seq_num 67200
2024-10-30 15:34:38,840 - INFO - Received duplicate ACK for seq_num 67200
2024-10-30 15:34:38,841 - INFO - Received ACK for seq_num 67200
2024-10-30 15:34:38,841 - INFO - Received duplicate ACK for seq_num 67200
2024-10-30 15:34:38,841 - INFO - Received ACK for seq_num 67200
2024-10-30 15:34:38,841 - INFO - Received duplicate ACK for seq_num 67200
2024-10-30 15:34:38,841 - INFO - Received ACK for seq_num 67200
2024-10-30 15:34:38,841 - INFO - Received duplicate ACK for seq_num 67200
2024-10-30 15:34:38,841 - INFO - Received ACK for seq_num 67200
2024-10-30 15:34:38,841 - INFO - Received duplicate ACK for seq_num 67200
2024-10-30 15:34:38,842 - INFO - Received ACK for seq_num 82600
2024-10-30 15:34:38,842 - INFO - Received new ACK for seq_num 82600
2024-10-30 15:34:38,842 - INFO - Removed packet with seq_num 68600 from packet_map
2024-10-30 15:34:38,842 - INFO - Removed packet with seq_num 70000 from packet_map
2024-10-30 15:34:38,842 - INFO - Removed packet with seq_num 71400 from packet_map
2024-10-30 15:34:38,842 - INFO - Removed packet with seq_num 72800 from packet_map
2024-10-30 15:34:38,842 - INFO - Removed packet with seq_num 74200 from packet_map
2024-10-30 15:34:38,842 - INFO - Removed packet with seq_num 75600 from packet_map
2024-10-30 15:34:38,842 - INFO - Removed packet with seq_num 77000 from packet_map
2024-10-30 15:34:38,842 - INFO - Removed packet with seq_num 78400 from packet_map
2024-10-30 15:34:38,842 - INFO - Removed packet with seq_num 79800 from packet_map
2024-10-30 15:34:38,842 - INFO - Removed packet with seq_num 81200 from packet_map
2024-10-30 15:34:38,843 - INFO - Removed packet with seq_num 82600 from packet_map
2024-10-30 15:34:38,843 - INFO - Received ACK for seq_num 82600
2024-10-30 15:34:38,843 - INFO - Received duplicate ACK for seq_num 82600
2024-10-30 15:34:38,843 - INFO - Received ACK for seq_num 82600
2024-10-30 15:34:38,843 - INFO - Received duplicate ACK for seq_num 82600
2024-10-30 15:34:38,843 - INFO - Received ACK for seq_num 82600
2024-10-30 15:34:38,843 - INFO - Received duplicate ACK for seq_num 82600
2024-10-30 15:34:38,843 - INFO - Received ACK for seq_num 82600
2024-10-30 15:34:38,843 - INFO - Received duplicate ACK for seq_num 82600
2024-10-30 15:34:38,844 - INFO - Received ACK for seq_num 82600
2024-10-30 15:34:38,844 - INFO - Received duplicate ACK for seq_num 82600
2024-10-30 15:34:38,844 - INFO - Received ACK for seq_num 82600
2024-10-30 15:34:38,844 - INFO - Received duplicate ACK for seq_num 82600
2024-10-30 15:34:38,844 - INFO - Received ACK for seq_num 82600
2024-10-30 15:34:38,844 - INFO - Received duplicate ACK for seq_num 82600
2024-10-30 15:34:38,844 - INFO - Received ACK for seq_num 82600
2024-10-30 15:34:38,844 - INFO - Received duplicate ACK for seq_num 82600
2024-10-30 15:34:38,845 - INFO - Received ACK for seq_num 131600
2024-10-30 15:34:38,845 - INFO - Received new ACK for seq_num 131600
2024-10-30 15:34:38,845 - INFO - Removed packet with seq_num 84000 from packet_map
2024-10-30 15:34:38,845 - INFO - Removed packet with seq_num 85400 from packet_map
2024-10-30 15:34:38,845 - INFO - Removed packet with seq_num 86800 from packet_map
2024-10-30 15:34:38,845 - INFO - Removed packet with seq_num 88200 from packet_map
2024-10-30 15:34:38,845 - INFO - Removed packet with seq_num 89600 from packet_map
2024-10-30 15:34:38,845 - INFO - Removed packet with seq_num 91000 from packet_map
2024-10-30 15:34:38,845 - INFO - Removed packet with seq_num 92400 from packet_map
2024-10-30 15:34:38,845 - INFO - Removed packet with seq_num 93800 from packet_map
2024-10-30 15:34:38,845 - INFO - Removed packet with seq_num 95200 from packet_map
2024-10-30 15:34:38,845 - INFO - Removed packet with seq_num 96600 from packet_map
2024-10-30 15:34:38,846 - INFO - Removed packet with seq_num 98000 from packet_map
2024-10-30 15:34:38,846 - INFO - Removed packet with seq_num 99400 from packet_map
2024-10-30 15:34:38,846 - INFO - Removed packet with seq_num 100800 from packet_map
2024-10-30 15:34:38,846 - INFO - Removed packet with seq_num 102200 from packet_map
2024-10-30 15:34:38,846 - INFO - Removed packet with seq_num 103600 from packet_map
2024-10-30 15:34:38,846 - INFO - Removed packet with seq_num 105000 from packet_map
2024-10-30 15:34:38,846 - INFO - Removed packet with seq_num 106400 from packet_map
2024-10-30 15:34:38,846 - INFO - Removed packet with seq_num 107800 from packet_map
2024-10-30 15:34:38,846 - INFO - Removed packet with seq_num 109200 from packet_map
2024-10-30 15:34:38,846 - INFO - Removed packet with seq_num 110600 from packet_map
2024-10-30 15:34:38,846 - INFO - Removed packet with seq_num 112000 from packet_map
2024-10-30 15:34:38,846 - INFO - Removed packet with seq_num 113400 from packet_map
2024-10-30 15:34:38,846 - INFO - Removed packet with seq_num 114800 from packet_map
2024-10-30 15:34:38,846 - INFO - Removed packet with seq_num 116200 from packet_map
2024-10-30 15:34:38,846 - INFO - Removed packet with seq_num 117600 from packet_map
2024-10-30 15:34:38,847 - INFO - Removed packet with seq_num 119000 from packet_map
2024-10-30 15:34:38,847 - INFO - Removed packet with seq_num 120400 from packet_map
2024-10-30 15:34:38,847 - INFO - Removed packet with seq_num 121800 from packet_map
2024-10-30 15:34:38,847 - INFO - Removed packet with seq_num 123200 from packet_map
2024-10-30 15:34:38,847 - INFO - Removed packet with seq_num 124600 from packet_map
2024-10-30 15:34:38,847 - INFO - Removed packet with seq_num 126000 from packet_map
2024-10-30 15:34:38,847 - INFO - Removed packet with seq_num 127400 from packet_map
2024-10-30 15:34:38,847 - INFO - Removed packet with seq_num 128800 from packet_map
2024-10-30 15:34:38,847 - INFO - Removed packet with seq_num 130200 from packet_map
2024-10-30 15:34:38,847 - INFO - Removed packet with seq_num 131600 from packet_map
2024-10-30 15:34:38,847 - INFO - Received ACK for seq_num 131600
2024-10-30 15:34:38,847 - INFO - Received duplicate ACK for seq_num 131600
2024-10-30 15:34:38,848 - INFO - Received ACK for seq_num 131600
2024-10-30 15:34:38,848 - INFO - Received duplicate ACK for seq_num 131600
2024-10-30 15:34:38,848 - INFO - Received ACK for seq_num 131600
2024-10-30 15:34:38,848 - INFO - Received duplicate ACK for seq_num 131600
2024-10-30 15:34:38,848 - INFO - Received ACK for seq_num 131600
2024-10-30 15:34:38,848 - INFO - Received duplicate ACK for seq_num 131600
2024-10-30 15:34:38,848 - INFO - Received ACK for seq_num 131600
2024-10-30 15:34:38,848 - INFO - Received duplicate ACK for seq_num 131600
2024-10-30 15:34:38,849 - INFO - Received ACK for seq_num 131600
2024-10-30 15:34:38,849 - INFO - Received duplicate ACK for seq_num 131600
2024-10-30 15:34:38,849 - INFO - Received ACK for seq_num 131600
2024-10-30 15:34:38,849 - INFO - Received duplicate ACK for seq_num 131600
2024-10-30 15:34:38,849 - INFO - Received ACK for seq_num 131600
2024-10-30 15:34:38,849 - INFO - Received duplicate ACK for seq_num 131600
2024-10-30 15:34:38,849 - INFO - Received ACK for seq_num 131600
2024-10-30 15:34:38,849 - INFO - Received duplicate ACK for seq_num 131600
2024-10-30 15:34:38,850 - INFO - Received ACK for seq_num 131600
2024-10-30 15:34:38,850 - INFO - Received duplicate ACK for seq_num 131600
2024-10-30 15:34:38,850 - INFO - Received ACK for seq_num 131600
2024-10-30 15:34:38,850 - INFO - Received duplicate ACK for seq_num 131600
2024-10-30 15:34:38,850 - INFO - Received ACK for seq_num 131600
2024-10-30 15:34:38,850 - INFO - Received duplicate ACK for seq_num 131600
2024-10-30 15:34:38,850 - INFO - Received ACK for seq_num 131600
2024-10-30 15:34:38,850 - INFO - Received duplicate ACK for seq_num 131600
2024-10-30 15:34:38,850 - INFO - Received ACK for seq_num 131600
2024-10-30 15:34:38,851 - INFO - Received duplicate ACK for seq_num 131600
2024-10-30 15:34:38,851 - INFO - Received ACK for seq_num 131600
2024-10-30 15:34:38,851 - INFO - Received duplicate ACK for seq_num 131600
2024-10-30 15:34:38,851 - INFO - Received ACK for seq_num 131600
2024-10-30 15:34:38,851 - INFO - Received duplicate ACK for seq_num 131600
2024-10-30 15:34:38,851 - INFO - Received ACK for seq_num 131600
2024-10-30 15:34:38,851 - INFO - Received duplicate ACK for seq_num 131600
2024-10-30 15:34:38,851 - INFO - Received ACK for seq_num 131600
2024-10-30 15:34:38,851 - INFO - Received duplicate ACK for seq_num 131600
2024-10-30 15:34:38,852 - INFO - Received ACK for seq_num 131600
2024-10-30 15:34:38,852 - INFO - Received duplicate ACK for seq_num 131600
2024-10-30 15:34:38,852 - INFO - Received ACK for seq_num 131600
2024-10-30 15:34:38,852 - INFO - Received duplicate ACK for seq_num 131600
2024-10-30 15:34:38,852 - INFO - Received ACK for seq_num 131600
2024-10-30 15:34:38,852 - INFO - Received duplicate ACK for seq_num 131600
2024-10-30 15:34:38,852 - INFO - Received ACK for seq_num 131600
2024-10-30 15:34:38,852 - INFO - Received duplicate ACK for seq_num 131600
2024-10-30 15:34:38,852 - INFO - Received ACK for seq_num 131600
2024-10-30 15:34:38,853 - INFO - Received duplicate ACK for seq_num 131600
2024-10-30 15:34:38,853 - INFO - Received ACK for seq_num 131600
2024-10-30 15:34:38,853 - INFO - Received duplicate ACK for seq_num 131600
2024-10-30 15:34:38,853 - INFO - Received ACK for seq_num 131600
2024-10-30 15:34:38,853 - INFO - Received duplicate ACK for seq_num 131600
2024-10-30 15:34:38,853 - INFO - Received ACK for seq_num 131600
2024-10-30 15:34:38,853 - INFO - Received duplicate ACK for seq_num 131600
2024-10-30 15:34:38,853 - INFO - Received ACK for seq_num 131600
2024-10-30 15:34:38,853 - INFO - Received duplicate ACK for seq_num 131600
2024-10-30 15:34:38,854 - INFO - Received ACK for seq_num 131600
2024-10-30 15:34:38,854 - INFO - Received duplicate ACK for seq_num 131600
2024-10-30 15:34:38,854 - INFO - Received ACK for seq_num 131600
2024-10-30 15:34:38,854 - INFO - Received duplicate ACK for seq_num 131600
2024-10-30 15:34:38,854 - INFO - Received ACK for seq_num 131600
2024-10-30 15:34:38,854 - INFO - Received duplicate ACK for seq_num 131600
2024-10-30 15:34:38,854 - INFO - Received ACK for seq_num 131600
2024-10-30 15:34:38,854 - INFO - Received duplicate ACK for seq_num 131600
2024-10-30 15:34:38,854 - INFO - Received ACK for seq_num 131600
2024-10-30 15:34:38,855 - INFO - Received duplicate ACK for seq_num 131600
2024-10-30 15:34:38,855 - INFO - Received ACK for seq_num 131600
2024-10-30 15:34:38,855 - INFO - Received duplicate ACK for seq_num 131600
2024-10-30 15:34:38,855 - INFO - Received ACK for seq_num 133000
2024-10-30 15:34:38,855 - INFO - Received new ACK for seq_num 133000
2024-10-30 15:34:38,855 - INFO - Removed packet with seq_num 133000 from packet_map
2024-10-30 15:34:38,855 - INFO - Received ACK for seq_num 149800
2024-10-30 15:34:38,855 - INFO - Received new ACK for seq_num 149800
2024-10-30 15:34:38,855 - INFO - Removed packet with seq_num 134400 from packet_map
2024-10-30 15:34:38,855 - INFO - Removed packet with seq_num 135800 from packet_map
2024-10-30 15:34:38,855 - INFO - Removed packet with seq_num 137200 from packet_map
2024-10-30 15:34:38,856 - INFO - Removed packet with seq_num 138600 from packet_map
2024-10-30 15:34:38,856 - INFO - Removed packet with seq_num 140000 from packet_map
2024-10-30 15:34:38,856 - INFO - Removed packet with seq_num 141400 from packet_map
2024-10-30 15:34:38,856 - INFO - Removed packet with seq_num 142800 from packet_map
2024-10-30 15:34:38,856 - INFO - Removed packet with seq_num 144200 from packet_map
2024-10-30 15:34:38,856 - INFO - Removed packet with seq_num 145600 from packet_map
2024-10-30 15:34:38,856 - INFO - Removed packet with seq_num 147000 from packet_map
2024-10-30 15:34:38,856 - INFO - Removed packet with seq_num 148400 from packet_map
2024-10-30 15:34:38,856 - INFO - Removed packet with seq_num 149800 from packet_map
2024-10-30 15:34:38,857 - INFO - Received ACK for seq_num 149800
2024-10-30 15:34:38,857 - INFO - Received duplicate ACK for seq_num 149800
2024-10-30 15:34:38,857 - INFO - Received ACK for seq_num 149800
2024-10-30 15:34:38,857 - INFO - Received duplicate ACK for seq_num 149800
2024-10-30 15:34:38,857 - INFO - Received ACK for seq_num 149800
2024-10-30 15:34:38,857 - INFO - Received duplicate ACK for seq_num 149800
2024-10-30 15:34:38,857 - INFO - Received ACK for seq_num 149800
2024-10-30 15:34:38,858 - INFO - Received duplicate ACK for seq_num 149800
2024-10-30 15:34:38,858 - INFO - Received ACK for seq_num 149800
2024-10-30 15:34:38,858 - INFO - Received duplicate ACK for seq_num 149800
2024-10-30 15:34:38,858 - INFO - Received ACK for seq_num 149800
2024-10-30 15:34:38,858 - INFO - Received duplicate ACK for seq_num 149800
2024-10-30 15:34:38,859 - INFO - Received ACK for seq_num 158200
2024-10-30 15:34:38,859 - INFO - Received new ACK for seq_num 158200
2024-10-30 15:34:38,859 - INFO - Removed packet with seq_num 151200 from packet_map
2024-10-30 15:34:38,859 - INFO - Removed packet with seq_num 152600 from packet_map
2024-10-30 15:34:38,859 - INFO - Removed packet with seq_num 154000 from packet_map
2024-10-30 15:34:38,859 - INFO - Removed packet with seq_num 155400 from packet_map
2024-10-30 15:34:38,859 - INFO - Removed packet with seq_num 156800 from packet_map
2024-10-30 15:34:38,859 - INFO - Removed packet with seq_num 158200 from packet_map
2024-10-30 15:34:38,859 - INFO - Received ACK for seq_num 158200
2024-10-30 15:34:38,859 - INFO - Received duplicate ACK for seq_num 158200
2024-10-30 15:34:38,860 - INFO - Received ACK for seq_num 158200
2024-10-30 15:34:38,860 - INFO - Received duplicate ACK for seq_num 158200
2024-10-30 15:34:38,860 - INFO - Received ACK for seq_num 158200
2024-10-30 15:34:38,860 - INFO - Received duplicate ACK for seq_num 158200
2024-10-30 15:34:38,860 - INFO - Received ACK for seq_num 158200
2024-10-30 15:34:38,860 - INFO - Received duplicate ACK for seq_num 158200
2024-10-30 15:34:38,860 - INFO - Received ACK for seq_num 158200
2024-10-30 15:34:38,860 - INFO - Received duplicate ACK for seq_num 158200
2024-10-30 15:34:38,861 - INFO - Received ACK for seq_num 159600
2024-10-30 15:34:38,861 - INFO - Received new ACK for seq_num 159600
2024-10-30 15:34:38,861 - INFO - Removed packet with seq_num 159600 from packet_map
2024-10-30 15:34:38,861 - INFO - Received ACK for seq_num 170800
2024-10-30 15:34:38,861 - INFO - Received new ACK for seq_num 170800
2024-10-30 15:34:38,861 - INFO - Removed packet with seq_num 161000 from packet_map
2024-10-30 15:34:38,861 - INFO - Removed packet with seq_num 162400 from packet_map
2024-10-30 15:34:38,861 - INFO - Removed packet with seq_num 163800 from packet_map
2024-10-30 15:34:38,861 - INFO - Removed packet with seq_num 165200 from packet_map
2024-10-30 15:34:38,861 - INFO - Removed packet with seq_num 166600 from packet_map
2024-10-30 15:34:38,862 - INFO - Removed packet with seq_num 168000 from packet_map
2024-10-30 15:34:38,862 - INFO - Removed packet with seq_num 169400 from packet_map
2024-10-30 15:34:38,862 - INFO - Removed packet with seq_num 170800 from packet_map
2024-10-30 15:34:38,862 - INFO - Received ACK for seq_num 170800
2024-10-30 15:34:38,862 - INFO - Received duplicate ACK for seq_num 170800
2024-10-30 15:34:38,862 - INFO - Received ACK for seq_num 170800
2024-10-30 15:34:38,862 - INFO - Received duplicate ACK for seq_num 170800
2024-10-30 15:34:38,862 - INFO - Received ACK for seq_num 170800
2024-10-30 15:34:38,862 - INFO - Received duplicate ACK for seq_num 170800
2024-10-30 15:34:38,862 - INFO - Received ACK for seq_num 170800
2024-10-30 15:34:38,863 - INFO - Received duplicate ACK for seq_num 170800
2024-10-30 15:34:38,863 - INFO - Received ACK for seq_num 170800
2024-10-30 15:34:38,863 - INFO - Received duplicate ACK for seq_num 170800
2024-10-30 15:34:38,863 - INFO - Received ACK for seq_num 170800
2024-10-30 15:34:38,863 - INFO - Received duplicate ACK for seq_num 170800
2024-10-30 15:34:38,864 - INFO - Received ACK for seq_num 170800
2024-10-30 15:34:38,864 - INFO - Received duplicate ACK for seq_num 170800
2024-10-30 15:34:38,864 - INFO - Received ACK for seq_num 170800
2024-10-30 15:34:38,864 - INFO - Received duplicate ACK for seq_num 170800
2024-10-30 15:34:38,864 - INFO - Received ACK for seq_num 170800
2024-10-30 15:34:38,865 - INFO - Received duplicate ACK for seq_num 170800
2024-10-30 15:34:39,818 - WARNING - Timeout occurred for seq_num 172200
2024-10-30 15:34:39,818 - INFO - Resent packet with seq_num 172200 (retransmission count: 2)
2024-10-30 15:34:39,818 - WARNING - Timeout occurred for seq_num 173600
2024-10-30 15:34:39,819 - INFO - Resent packet with seq_num 173600 (retransmission count: 2)
2024-10-30 15:34:39,819 - WARNING - Timeout occurred for seq_num 175000
2024-10-30 15:34:39,819 - INFO - Resent packet with seq_num 175000 (retransmission count: 2)
2024-10-30 15:34:39,819 - WARNING - Timeout occurred for seq_num 176400
2024-10-30 15:34:39,819 - INFO - Resent packet with seq_num 176400 (retransmission count: 2)
2024-10-30 15:34:39,819 - WARNING - Timeout occurred for seq_num 177800
2024-10-30 15:34:39,819 - INFO - Resent packet with seq_num 177800 (retransmission count: 2)
2024-10-30 15:34:39,819 - WARNING - Timeout occurred for seq_num 179200
2024-10-30 15:34:39,820 - INFO - Resent packet with seq_num 179200 (retransmission count: 2)
2024-10-30 15:34:39,820 - WARNING - Timeout occurred for seq_num 180600
2024-10-30 15:34:39,820 - INFO - Resent packet with seq_num 180600 (retransmission count: 2)
2024-10-30 15:34:39,820 - WARNING - Timeout occurred for seq_num 182000
2024-10-30 15:34:39,820 - INFO - Resent packet with seq_num 182000 (retransmission count: 2)
2024-10-30 15:34:39,859 - INFO - Received ACK for seq_num 182000
2024-10-30 15:34:39,859 - INFO - Received new ACK for seq_num 182000
2024-10-30 15:34:39,860 - INFO - Removed packet with seq_num 172200 from packet_map
2024-10-30 15:34:39,860 - INFO - Removed packet with seq_num 173600 from packet_map
2024-10-30 15:34:39,860 - INFO - Removed packet with seq_num 175000 from packet_map
2024-10-30 15:34:39,860 - INFO - Removed packet with seq_num 176400 from packet_map
2024-10-30 15:34:39,860 - INFO - Removed packet with seq_num 177800 from packet_map
2024-10-30 15:34:39,860 - INFO - Removed packet with seq_num 179200 from packet_map
2024-10-30 15:34:39,860 - INFO - Removed packet with seq_num 180600 from packet_map
2024-10-30 15:34:39,860 - INFO - Removed packet with seq_num 182000 from packet_map
2024-10-30 15:34:39,860 - INFO - Sent FIN to client.
2024-10-30 15:34:39,901 - INFO - Received ACK for FIN from client.
2024-10-30 15:34:39,901 - INFO - Received FIN from client.
2024-10-30 15:34:39,902 - INFO - Connection closed successfully.
