2024-10-30 14:41:51,587 - INFO - Server is ready to receive.
2024-10-30 14:41:51,655 - INFO - Received SYN from ('10.0.0.2', 39714)
2024-10-30 14:41:51,696 - INFO - Connection established with client.
2024-10-30 14:41:51,696 - INFO - Sent PING for RTT measurement.
2024-10-30 14:41:51,736 - INFO - RTT measured: 0.04045510292053223 seconds
2024-10-30 14:41:51,736 - INFO - Window size set to 189 segments.
2024-10-30 14:41:51,737 - INFO - Sent packet with seq_num 0
2024-10-30 14:41:51,737 - INFO - Sent packet with seq_num 1400
2024-10-30 14:41:51,737 - INFO - Sent packet with seq_num 2800
2024-10-30 14:41:51,737 - INFO - Sent packet with seq_num 4200
2024-10-30 14:41:51,737 - INFO - Sent packet with seq_num 5600
2024-10-30 14:41:51,737 - INFO - Sent packet with seq_num 7000
2024-10-30 14:41:51,737 - INFO - Sent packet with seq_num 8400
2024-10-30 14:41:51,737 - INFO - Sent packet with seq_num 9800
2024-10-30 14:41:51,737 - INFO - Sent packet with seq_num 11200
2024-10-30 14:41:51,738 - INFO - Sent packet with seq_num 12600
2024-10-30 14:41:51,738 - INFO - Sent packet with seq_num 14000
2024-10-30 14:41:51,738 - INFO - Sent packet with seq_num 15400
2024-10-30 14:41:51,738 - INFO - Sent packet with seq_num 16800
2024-10-30 14:41:51,738 - INFO - Sent packet with seq_num 18200
2024-10-30 14:41:51,738 - INFO - Sent packet with seq_num 19600
2024-10-30 14:41:51,738 - INFO - Sent packet with seq_num 21000
2024-10-30 14:41:51,738 - INFO - Sent packet with seq_num 22400
2024-10-30 14:41:51,738 - INFO - Sent packet with seq_num 23800
2024-10-30 14:41:51,738 - INFO - Sent packet with seq_num 25200
2024-10-30 14:41:51,739 - INFO - Sent packet with seq_num 26600
2024-10-30 14:41:51,739 - INFO - Sent packet with seq_num 28000
2024-10-30 14:41:51,739 - INFO - Sent packet with seq_num 29400
2024-10-30 14:41:51,739 - INFO - Sent packet with seq_num 30800
2024-10-30 14:41:51,739 - INFO - Sent packet with seq_num 32200
2024-10-30 14:41:51,739 - INFO - Sent packet with seq_num 33600
2024-10-30 14:41:51,739 - INFO - Sent packet with seq_num 35000
2024-10-30 14:41:51,739 - INFO - Sent packet with seq_num 36400
2024-10-30 14:41:51,739 - INFO - Sent packet with seq_num 37800
2024-10-30 14:41:51,739 - INFO - Sent packet with seq_num 39200
2024-10-30 14:41:51,740 - INFO - Sent packet with seq_num 40600
2024-10-30 14:41:51,740 - INFO - Sent packet with seq_num 42000
2024-10-30 14:41:51,740 - INFO - Sent packet with seq_num 43400
2024-10-30 14:41:51,740 - INFO - Sent packet with seq_num 44800
2024-10-30 14:41:51,740 - INFO - Sent packet with seq_num 46200
2024-10-30 14:41:51,740 - INFO - Sent packet with seq_num 47600
2024-10-30 14:41:51,740 - INFO - Sent packet with seq_num 49000
2024-10-30 14:41:51,740 - INFO - Sent packet with seq_num 50400
2024-10-30 14:41:51,740 - INFO - Sent packet with seq_num 51800
2024-10-30 14:41:51,740 - INFO - Sent packet with seq_num 53200
2024-10-30 14:41:51,741 - INFO - Sent packet with seq_num 54600
2024-10-30 14:41:51,741 - INFO - Sent packet with seq_num 56000
2024-10-30 14:41:51,741 - INFO - Sent packet with seq_num 57400
2024-10-30 14:41:51,741 - INFO - Sent packet with seq_num 58800
2024-10-30 14:41:51,741 - INFO - Sent packet with seq_num 60200
2024-10-30 14:41:51,741 - INFO - Sent packet with seq_num 61600
2024-10-30 14:41:51,741 - INFO - Sent packet with seq_num 63000
2024-10-30 14:41:51,741 - INFO - Sent packet with seq_num 64400
2024-10-30 14:41:51,741 - INFO - Sent packet with seq_num 65800
2024-10-30 14:41:51,741 - INFO - Sent packet with seq_num 67200
2024-10-30 14:41:51,742 - INFO - Sent packet with seq_num 68600
2024-10-30 14:41:51,742 - INFO - Sent packet with seq_num 70000
2024-10-30 14:41:51,742 - INFO - Sent packet with seq_num 71400
2024-10-30 14:41:51,742 - INFO - Sent packet with seq_num 72800
2024-10-30 14:41:51,742 - INFO - Sent packet with seq_num 74200
2024-10-30 14:41:51,742 - INFO - Sent packet with seq_num 75600
2024-10-30 14:41:51,742 - INFO - Sent packet with seq_num 77000
2024-10-30 14:41:51,742 - INFO - Sent packet with seq_num 78400
2024-10-30 14:41:51,742 - INFO - Sent packet with seq_num 79800
2024-10-30 14:41:51,743 - INFO - Sent packet with seq_num 81200
2024-10-30 14:41:51,743 - INFO - Sent packet with seq_num 82600
2024-10-30 14:41:51,743 - INFO - Sent packet with seq_num 84000
2024-10-30 14:41:51,743 - INFO - Sent packet with seq_num 85400
2024-10-30 14:41:51,743 - INFO - Sent packet with seq_num 86800
2024-10-30 14:41:51,743 - INFO - Sent packet with seq_num 88200
2024-10-30 14:41:51,743 - INFO - Sent packet with seq_num 89600
2024-10-30 14:41:51,743 - INFO - Sent packet with seq_num 91000
2024-10-30 14:41:51,743 - INFO - Sent packet with seq_num 92400
2024-10-30 14:41:51,743 - INFO - Sent packet with seq_num 93800
2024-10-30 14:41:51,744 - INFO - Sent packet with seq_num 95200
2024-10-30 14:41:51,744 - INFO - Sent packet with seq_num 96600
2024-10-30 14:41:51,744 - INFO - Sent packet with seq_num 98000
2024-10-30 14:41:51,744 - INFO - Sent packet with seq_num 99400
2024-10-30 14:41:51,744 - INFO - Sent packet with seq_num 100800
2024-10-30 14:41:51,744 - INFO - Sent packet with seq_num 102200
2024-10-30 14:41:51,744 - INFO - Sent packet with seq_num 103600
2024-10-30 14:41:51,744 - INFO - Sent packet with seq_num 105000
2024-10-30 14:41:51,744 - INFO - Sent packet with seq_num 106400
2024-10-30 14:41:51,744 - INFO - Sent packet with seq_num 107800
2024-10-30 14:41:51,745 - INFO - Sent packet with seq_num 109200
2024-10-30 14:41:51,745 - INFO - Sent packet with seq_num 110600
2024-10-30 14:41:51,745 - INFO - Sent packet with seq_num 112000
2024-10-30 14:41:51,745 - INFO - Sent packet with seq_num 113400
2024-10-30 14:41:51,745 - INFO - Sent packet with seq_num 114800
2024-10-30 14:41:51,745 - INFO - Sent packet with seq_num 116200
2024-10-30 14:41:51,745 - INFO - Sent packet with seq_num 117600
2024-10-30 14:41:51,745 - INFO - Sent packet with seq_num 119000
2024-10-30 14:41:51,745 - INFO - Sent packet with seq_num 120400
2024-10-30 14:41:51,746 - INFO - Sent packet with seq_num 121800
2024-10-30 14:41:51,746 - INFO - Sent packet with seq_num 123200
2024-10-30 14:41:51,746 - INFO - Sent packet with seq_num 124600
2024-10-30 14:41:51,746 - INFO - Sent packet with seq_num 126000
2024-10-30 14:41:51,746 - INFO - Sent packet with seq_num 127400
2024-10-30 14:41:51,746 - INFO - Sent packet with seq_num 128800
2024-10-30 14:41:51,746 - INFO - Sent packet with seq_num 130200
2024-10-30 14:41:51,746 - INFO - Sent packet with seq_num 131600
2024-10-30 14:41:51,746 - INFO - Sent packet with seq_num 133000
2024-10-30 14:41:51,746 - INFO - Sent packet with seq_num 134400
2024-10-30 14:41:51,747 - INFO - Sent packet with seq_num 135800
2024-10-30 14:41:51,747 - INFO - Sent packet with seq_num 137200
2024-10-30 14:41:51,747 - INFO - Sent packet with seq_num 138600
2024-10-30 14:41:51,747 - INFO - Sent packet with seq_num 140000
2024-10-30 14:41:51,747 - INFO - Sent packet with seq_num 141400
2024-10-30 14:41:51,747 - INFO - Sent packet with seq_num 142800
2024-10-30 14:41:51,747 - INFO - Sent packet with seq_num 144200
2024-10-30 14:41:51,747 - INFO - Sent packet with seq_num 145600
2024-10-30 14:41:51,747 - INFO - Sent packet with seq_num 147000
2024-10-30 14:41:51,747 - INFO - Sent packet with seq_num 148400
2024-10-30 14:41:51,748 - INFO - Sent packet with seq_num 149800
2024-10-30 14:41:51,748 - INFO - Sent packet with seq_num 151200
2024-10-30 14:41:51,748 - INFO - Sent packet with seq_num 152600
2024-10-30 14:41:51,748 - INFO - Sent packet with seq_num 154000
2024-10-30 14:41:51,748 - INFO - Sent packet with seq_num 155400
2024-10-30 14:41:51,748 - INFO - Sent packet with seq_num 156800
2024-10-30 14:41:51,748 - INFO - Sent packet with seq_num 158200
2024-10-30 14:41:51,748 - INFO - Sent packet with seq_num 159600
2024-10-30 14:41:51,748 - INFO - Sent packet with seq_num 161000
2024-10-30 14:41:51,748 - INFO - Sent packet with seq_num 162400
2024-10-30 14:41:51,749 - INFO - Sent packet with seq_num 163800
2024-10-30 14:41:51,749 - INFO - Sent packet with seq_num 165200
2024-10-30 14:41:51,749 - INFO - Sent packet with seq_num 166600
2024-10-30 14:41:51,749 - INFO - Sent packet with seq_num 168000
2024-10-30 14:41:51,749 - INFO - Sent packet with seq_num 169400
2024-10-30 14:41:51,749 - INFO - Sent packet with seq_num 170800
2024-10-30 14:41:51,749 - INFO - Sent packet with seq_num 172200
2024-10-30 14:41:51,749 - INFO - Sent packet with seq_num 173600
2024-10-30 14:41:51,749 - INFO - Sent packet with seq_num 175000
2024-10-30 14:41:51,750 - INFO - Sent packet with seq_num 176400
2024-10-30 14:41:51,750 - INFO - Sent packet with seq_num 177800
2024-10-30 14:41:51,750 - INFO - Sent packet with seq_num 179200
2024-10-30 14:41:51,750 - INFO - Sent packet with seq_num 180600
2024-10-30 14:41:51,750 - INFO - Sent packet with seq_num 182000
2024-10-30 14:41:51,750 - INFO - Sent packet with seq_num 183400
2024-10-30 14:41:51,750 - INFO - Sent packet with seq_num 184800
2024-10-30 14:41:51,750 - INFO - Sent packet with seq_num 186200
2024-10-30 14:41:51,750 - INFO - Sent packet with seq_num 187600
2024-10-30 14:41:51,750 - INFO - Sent packet with seq_num 189000
2024-10-30 14:41:51,751 - INFO - Sent packet with seq_num 190400
2024-10-30 14:41:51,751 - INFO - Sent packet with seq_num 191800
2024-10-30 14:41:51,751 - INFO - Sent packet with seq_num 193200
2024-10-30 14:41:51,751 - INFO - Sent packet with seq_num 194600
2024-10-30 14:41:51,751 - INFO - Sent packet with seq_num 196000
2024-10-30 14:41:51,751 - INFO - Sent packet with seq_num 197400
2024-10-30 14:41:51,751 - INFO - Sent packet with seq_num 198800
2024-10-30 14:41:51,751 - INFO - Sent packet with seq_num 200200
2024-10-30 14:41:51,751 - INFO - Sent packet with seq_num 201600
2024-10-30 14:41:51,751 - INFO - Sent packet with seq_num 203000
2024-10-30 14:41:51,752 - INFO - Sent packet with seq_num 204400
2024-10-30 14:41:51,752 - INFO - Sent packet with seq_num 205800
2024-10-30 14:41:51,752 - INFO - Sent packet with seq_num 207200
2024-10-30 14:41:51,752 - INFO - Sent packet with seq_num 208600
2024-10-30 14:41:51,752 - INFO - Sent packet with seq_num 210000
2024-10-30 14:41:51,752 - INFO - Sent packet with seq_num 211400
2024-10-30 14:41:51,752 - INFO - Sent packet with seq_num 212800
2024-10-30 14:41:51,752 - INFO - Sent packet with seq_num 214200
2024-10-30 14:41:51,752 - INFO - Sent packet with seq_num 215600
2024-10-30 14:41:51,752 - INFO - Sent packet with seq_num 217000
2024-10-30 14:41:51,753 - INFO - Sent packet with seq_num 218400
2024-10-30 14:41:51,753 - INFO - Sent packet with seq_num 219800
2024-10-30 14:41:51,753 - INFO - Sent packet with seq_num 221200
2024-10-30 14:41:51,753 - INFO - Sent packet with seq_num 222600
2024-10-30 14:41:51,753 - INFO - Sent packet with seq_num 224000
2024-10-30 14:41:51,753 - INFO - Sent packet with seq_num 225400
2024-10-30 14:41:51,753 - INFO - Sent packet with seq_num 226800
2024-10-30 14:41:51,753 - INFO - Sent packet with seq_num 228200
2024-10-30 14:41:51,753 - INFO - Sent packet with seq_num 229600
2024-10-30 14:41:51,753 - INFO - Sent packet with seq_num 231000
2024-10-30 14:41:51,754 - INFO - Sent packet with seq_num 232400
2024-10-30 14:41:51,754 - INFO - Sent packet with seq_num 233800
2024-10-30 14:41:51,754 - INFO - Sent packet with seq_num 235200
2024-10-30 14:41:51,754 - INFO - Sent packet with seq_num 236600
2024-10-30 14:41:51,754 - INFO - Sent packet with seq_num 238000
2024-10-30 14:41:51,754 - INFO - Sent packet with seq_num 239400
2024-10-30 14:41:51,754 - INFO - Sent packet with seq_num 240800
2024-10-30 14:41:51,754 - INFO - Sent packet with seq_num 242200
2024-10-30 14:41:51,754 - INFO - Sent packet with seq_num 243600
2024-10-30 14:41:51,754 - INFO - Sent packet with seq_num 245000
2024-10-30 14:41:51,755 - INFO - Sent packet with seq_num 246400
2024-10-30 14:41:51,755 - INFO - Sent packet with seq_num 247800
2024-10-30 14:41:51,755 - INFO - Sent packet with seq_num 249200
2024-10-30 14:41:51,755 - INFO - Sent packet with seq_num 250600
2024-10-30 14:41:51,755 - INFO - Sent packet with seq_num 252000
2024-10-30 14:41:51,755 - INFO - Sent packet with seq_num 253400
2024-10-30 14:41:51,755 - INFO - Sent packet with seq_num 254800
2024-10-30 14:41:51,755 - INFO - Sent packet with seq_num 256200
2024-10-30 14:41:51,755 - INFO - Sent packet with seq_num 257600
2024-10-30 14:41:51,755 - INFO - Sent packet with seq_num 259000
2024-10-30 14:41:51,756 - INFO - Sent packet with seq_num 260400
2024-10-30 14:41:51,756 - INFO - Sent packet with seq_num 261800
2024-10-30 14:41:51,756 - INFO - Sent packet with seq_num 263200
2024-10-30 14:41:51,777 - INFO - Received ACK for seq_num 0
2024-10-30 14:41:51,777 - INFO - Received new ACK for seq_num 0
2024-10-30 14:41:51,777 - INFO - Removed packet with seq_num 0 from packet_map
2024-10-30 14:41:51,777 - INFO - Sent packet with seq_num 264600
2024-10-30 14:41:51,777 - INFO - Received ACK for seq_num 0
Traceback (most recent call last):
  File "/home/baadalvm/Networks-A4/Part_1/p1_server.py", line 210, in <module>
    server.run("example.txt", client_address)
  File "/home/baadalvm/Networks-A4/Part_1/p1_server.py", line 154, in run
    sample_rtt = time.time() - self.packet_map[ack_num]["sent_time"]
KeyError: 0
